2023-04-14 15:51:20,610 : INFO : root : Loading config.
2023-04-14 15:51:20,626 : INFO : YamlMultifileConfigLoader : Machine config file #1: config.yaml
2023-04-14 15:51:20,626 : INFO : ConfigProcessor : Loading config from cache: C:\Users\digidev\AppData\Local\Temp\02a419de2b33454b673806682c00b740.mpf_cache
2023-04-14 15:51:20,751 : INFO : ConfigProcessor : Loading config from cache: C:\Users\digidev\AppData\Local\Temp\e10c931dc18d80379143a09443f0855e.mpf_cache
2023-04-14 15:51:20,751 : INFO : ConfigProcessor : Loading config from cache: C:\Users\digidev\AppData\Local\Temp\dfc215c2101357f1268429d195cf05eb.mpf_cache
2023-04-14 15:51:20,751 : INFO : Machine : Mission Pinball Framework Core Engine v0.55.0
2023-04-14 15:51:20,751 : INFO : Machine : Command line arguments: {'no_load_cache': False, 'create_config_cache': True, 'bcp': True, 'configfile': ['config.yaml'], 'force_assets_load': False, 'jsonlogging': False, 'logfile': 'logs\\2023-04-14-15-51-20-mpf-DESKTOP-JGO3PQG.log', 'pause': False, 'production': False, 'text_ui': True, 'loglevel': 15, 'consoleloglevel': 20, 'force_platform': 'smart_virtual', 'syslog_address': None, 'mc_file_name': None, 'no_sound': False}
2023-04-14 15:51:20,751 : INFO : Machine : MPF path: c:\users\digidev\appdata\local\programs\python\python37\lib\site-packages\mpf
2023-04-14 15:51:20,751 : INFO : Machine : Machine path: C:\Users\digidev\source\Pinball_Three-Amigos
2023-04-14 15:51:20,751 : INFO : Machine : Platform: win32
2023-04-14 15:51:20,751 : INFO : Machine : Python executable location: c:\users\digidev\appdata\local\programs\python\python37\python.exe
2023-04-14 15:51:20,751 : INFO : Machine : Python version: 3.7.9 (64-bit)
2023-04-14 15:51:20,751 : INFO : Machine : Initialise MPF.
2023-04-14 15:51:20,782 : INFO : EventManager : Event: ======'machine_var_credits_string'====== Args={'value': 'FREE PLAY', 'prev_value': None, 'change': True}
2023-04-14 15:51:20,829 : INFO : EventManager : Event: ======'machine_var_master_volume'====== Args={'value': 0.5, 'prev_value': None, 'change': True}
2023-04-14 15:51:20,829 : INFO : EventManager : Event: ======'machine_var_mpf_version'====== Args={'value': 'MPF v0.55.0', 'prev_value': None, 'change': True}
2023-04-14 15:51:20,829 : INFO : EventManager : Event: ======'machine_var_mpf_extended_version'====== Args={'value': 'MPF v0.55.0, Config version:5, Show version: 5, BCP version:1.1', 'prev_value': None, 'change': True}
2023-04-14 15:51:20,829 : INFO : EventManager : Event: ======'machine_var_python_version'====== Args={'value': '3.7.9', 'prev_value': None, 'change': True}
2023-04-14 15:51:20,829 : INFO : EventManager : Event: ======'machine_var_platform'====== Args={'value': 'Windows-10-10.0.19041-SP0', 'prev_value': None, 'change': True}
2023-04-14 15:51:20,829 : INFO : EventManager : Event: ======'machine_var_platform_system'====== Args={'value': 'Windows', 'prev_value': None, 'change': True}
2023-04-14 15:51:20,829 : INFO : EventManager : Event: ======'machine_var_platform_release'====== Args={'value': '10', 'prev_value': None, 'change': True}
2023-04-14 15:51:20,829 : INFO : EventManager : Event: ======'machine_var_platform_version'====== Args={'value': '10.0.19041', 'prev_value': None, 'change': True}
2023-04-14 15:51:20,829 : INFO : EventManager : Event: ======'machine_var_platform_machine'====== Args={'value': 'AMD64', 'prev_value': None, 'change': True}
2023-04-14 15:51:20,829 : INFO : EventManager : Event: ======'init_phase_1'====== Args={}
2023-04-14 15:51:20,844 : INFO : EventManager : Event: ======'drop_target_bank_dt_bank_up'====== Args={}
2023-04-14 15:51:20,844 : INFO : EventManager : Event: ======'init_phase_2'====== Args={}
2023-04-14 15:51:20,860 : INFO : EventManager : Event: ======'bcp_connection_attempt'====== Args={'name': 'local_display', 'host': 'localhost', 'port': 5050}
2023-04-14 15:51:20,860 : INFO : BCPClientSocket : Connecting BCP to 'local_display' at localhost:5050...
2023-04-14 15:51:22,923 : INFO : BCPClientSocket : Connected BCP to 'local_display' localhost:5050
2023-04-14 15:51:22,926 : INFO : EventManager : Event: ======'bcp_clients_connected'====== Args={}
2023-04-14 15:51:22,928 : INFO : ball_device.bd_trough : BCH: Initial count: 0
2023-04-14 15:51:22,929 : INFO : ball_device.bd_trough : State: idle
2023-04-14 15:51:22,930 : INFO : ball_device.bd_plunger : BCH: Initial count: 0
2023-04-14 15:51:22,932 : INFO : ball_device.bd_plunger : State: idle
2023-04-14 15:51:22,955 : INFO : EventManager : Event: ======'init_phase_3'====== Args={}
2023-04-14 15:51:22,965 : INFO : EventManager : Event: ======'machine_var_mc_version'====== Args={'value': 'MPF-MC v0.55.0', 'prev_value': None, 'change': True}
2023-04-14 15:51:22,966 : INFO : EventManager : Event: ======'machine_var_mc_extended_version'====== Args={'value': 'MPF-MC v0.55.0 (config_version=5, BCP v1.1, Requires MPF v0.55.0-dev.49)', 'prev_value': None, 'change': True}
2023-04-14 15:51:22,972 : INFO : EventManager : Event: ======'init_phase_4'====== Args={}
2023-04-14 15:51:22,973 : INFO : EventManager : Event: ======'playfield_active'====== Args={}
2023-04-14 15:51:22,974 : INFO : EventManager : Event: ======'unexpected_ball_on_playfield'====== Args={}
2023-04-14 15:51:22,974 : INFO : EventManager : Event: ======'playfield_active'====== Args={}
2023-04-14 15:51:22,974 : INFO : EventManager : Event: ======'unexpected_ball_on_playfield'====== Args={}
2023-04-14 15:51:22,974 : INFO : EventManager : Event: ======'playfield_active'====== Args={}
2023-04-14 15:51:22,975 : INFO : EventManager : Event: ======'unexpected_ball_on_playfield'====== Args={}
2023-04-14 15:51:22,975 : INFO : BallController : Initial balls found: 0
2023-04-14 15:51:22,979 : INFO : EventManager : Event: ======'machine_var_audits_switches_s_left_flipper'====== Args={'value': 0, 'prev_value': None, 'change': True}
2023-04-14 15:51:22,981 : INFO : EventManager : Event: ======'machine_var_audits_switches_s_right_flipper'====== Args={'value': 0, 'prev_value': None, 'change': True}
2023-04-14 15:51:22,982 : INFO : EventManager : Event: ======'machine_var_audits_switches_s_trough1'====== Args={'value': 0, 'prev_value': None, 'change': True}
2023-04-14 15:51:22,983 : INFO : EventManager : Event: ======'machine_var_audits_switches_s_trough2'====== Args={'value': 0, 'prev_value': None, 'change': True}
2023-04-14 15:51:22,984 : INFO : EventManager : Event: ======'machine_var_audits_switches_s_trough3'====== Args={'value': 0, 'prev_value': None, 'change': True}
2023-04-14 15:51:22,986 : INFO : EventManager : Event: ======'machine_var_audits_switches_s_trough4'====== Args={'value': 0, 'prev_value': None, 'change': True}
2023-04-14 15:51:22,987 : INFO : EventManager : Event: ======'machine_var_audits_switches_s_trough_jam'====== Args={'value': 0, 'prev_value': None, 'change': True}
2023-04-14 15:51:22,988 : INFO : EventManager : Event: ======'machine_var_audits_switches_s_plunger_lane'====== Args={'value': 0, 'prev_value': None, 'change': True}
2023-04-14 15:51:22,989 : INFO : EventManager : Event: ======'machine_var_audits_switches_s_start'====== Args={'value': 0, 'prev_value': None, 'change': True}
2023-04-14 15:51:22,990 : INFO : EventManager : Event: ======'machine_var_audits_switches_s_left_slingshot'====== Args={'value': 0, 'prev_value': None, 'change': True}
2023-04-14 15:51:22,992 : INFO : EventManager : Event: ======'machine_var_audits_switches_s_right_slingshot'====== Args={'value': 0, 'prev_value': None, 'change': True}
2023-04-14 15:51:22,993 : INFO : EventManager : Event: ======'machine_var_audits_switches_s_drop_target_left'====== Args={'value': 0, 'prev_value': None, 'change': True}
2023-04-14 15:51:22,994 : INFO : EventManager : Event: ======'machine_var_audits_switches_s_drop_target_middle'====== Args={'value': 0, 'prev_value': None, 'change': True}
2023-04-14 15:51:22,995 : INFO : EventManager : Event: ======'machine_var_audits_switches_s_drop_target_right'====== Args={'value': 0, 'prev_value': None, 'change': True}
2023-04-14 15:51:22,997 : INFO : EventManager : Event: ======'machine_var_audits_switches_s_tilt'====== Args={'value': 0, 'prev_value': None, 'change': True}
2023-04-14 15:51:22,998 : INFO : EventManager : Event: ======'machine_var_audits_events_game_started'====== Args={'value': 0, 'prev_value': None, 'change': True}
2023-04-14 15:51:22,999 : INFO : EventManager : Event: ======'machine_var_audits_events_game_ended'====== Args={'value': 0, 'prev_value': None, 'change': True}
2023-04-14 15:51:23,000 : INFO : EventManager : Event: ======'machine_var_audits_player_score'====== Args={'value': {'top': [], 'average': 0, 'total': 0}, 'prev_value': None, 'change': True}
2023-04-14 15:51:23,001 : INFO : EventManager : Event: ======'init_phase_5'====== Args={}
2023-04-14 15:51:23,003 : INFO : EventManager : Event: ======'init_done'====== Args={}
2023-04-14 15:51:23,004 : INFO : EventManager : Event: ======'machine_reset_phase_1'====== Args={}
2023-04-14 15:51:23,016 : INFO : EventManager : Event: ======'slide_welcome_slide_removed'====== Args={'_from_bcp': True}
2023-04-14 15:51:23,017 : INFO : EventManager : Event: ======'slide_welcome_slide_created'====== Args={'_from_bcp': True}
2023-04-14 15:51:23,024 : INFO : EventManager : Event: ======'machine_reset_phase_2'====== Args={}
2023-04-14 15:51:23,026 : INFO : EventManager : Event: ======'machine_reset_phase_3'====== Args={}
2023-04-14 15:51:23,027 : INFO : EventManager : Event: ======'reset_complete'====== Args={}
2023-04-14 15:51:23,028 : INFO : EventManager : Event: ======'mode_attract_will_start'====== Args={}
2023-04-14 15:51:23,030 : INFO : EventManager : Event: ======'mode_attract_starting'====== Args={}
2023-04-14 15:51:23,030 : INFO : Mode.attract : Started. Priority: 10
2023-04-14 15:51:23,030 : INFO : EventManager : Event: ======'modes_active_modes_changed'====== Args={}
2023-04-14 15:51:23,030 : INFO : EventManager : Event: ======'mode_attract_started'====== Args={}
2023-04-14 15:51:23,031 : INFO : EventManager : Event: ======'collecting_balls_complete'====== Args={}
2023-04-14 15:51:23,032 : INFO : EventManager : Event: ======'slide_welcome_slide_active'====== Args={'_from_bcp': True}
2023-04-14 15:51:23,032 : INFO : Machine : Starting the main run loop.
2023-04-14 15:51:23,043 : INFO : EventManager : Event: ======'slide_attract_started_created'====== Args={'_from_bcp': True}
2023-04-14 15:51:23,045 : INFO : EventManager : Event: ======'slide_attract_started_active'====== Args={'_from_bcp': True}
2023-04-14 15:51:37,139 : INFO : Machine : Shutting down...
2023-04-14 15:51:37,139 : INFO : EventManager : Event: ======'shutdown'====== Args={}
2023-04-14 15:51:37,139 : INFO : root : MPF run loop ended.
