2023-03-28 11:29:13,448 : INFO : root : Loading config.
2023-03-28 11:29:13,454 : INFO : YamlMultifileConfigLoader : Machine config file #1: config.yaml
2023-03-28 11:29:13,455 : INFO : ConfigProcessor : Loading config from cache: C:\Users\digidev\AppData\Local\Temp\207a4012de915441e2519cedb288d8b5.mpf_cache
2023-03-28 11:29:13,456 : WARNING : ConfigProcessor : Config file in cache changed: C:\Users\digidev\source\Pinball_Three-Amigos\config\hardware.yaml
2023-03-28 11:29:13,457 : INFO : ConfigProcessor : Loading config from file C:\Users\digidev\.local\pipx\venvs\mpf\lib\site-packages\mpf\mpfconfig.yaml.
2023-03-28 11:29:13,541 : INFO : ConfigProcessor : Loading config: C:\Users\digidev\.local\pipx\venvs\mpf\lib\site-packages\mpf\mpfconfig.yaml
2023-03-28 11:29:13,541 : INFO : ConfigProcessor : Loading config from file C:\Users\digidev\source\Pinball_Three-Amigos\config\config.yaml.
2023-03-28 11:29:13,556 : INFO : ConfigProcessor : Loading config: C:\Users\digidev\source\Pinball_Three-Amigos\config\config.yaml
2023-03-28 11:29:13,603 : INFO : ConfigProcessor : Loading config: C:\Users\digidev\source\Pinball_Three-Amigos\config\hardware.yaml
2023-03-28 11:29:13,603 : INFO : ConfigProcessor : Loading config: C:\Users\digidev\source\Pinball_Three-Amigos\config\keyboard.yaml
2023-03-28 11:29:13,603 : INFO : ConfigProcessor : Config file cache created: C:\Users\digidev\AppData\Local\Temp\207a4012de915441e2519cedb288d8b5.mpf_cache
2023-03-28 11:29:13,712 : INFO : ConfigProcessor : Loading config from cache: C:\Users\digidev\AppData\Local\Temp\ae663e8f24481bd52f7f5e9610d87d3b.mpf_cache
2023-03-28 11:29:13,728 : INFO : ConfigProcessor : Loading config from cache: C:\Users\digidev\AppData\Local\Temp\d7dbd5ece0283f90787e254e6a383d33.mpf_cache
2023-03-28 11:29:13,728 : INFO : Machine : Mission Pinball Framework Core Engine v0.56.0
2023-03-28 11:29:13,728 : INFO : Machine : Command line arguments: {'no_load_cache': False, 'create_config_cache': True, 'bcp': True, 'configfile': ['config.yaml'], 'force_assets_load': False, 'jsonlogging': False, 'logfile': 'logs\\2023-03-28-11-29-13-mpf-DESKTOP-JGO3PQG.log', 'pause': False, 'production': False, 'text_ui': False, 'loglevel': 15, 'consoleloglevel': 20, 'force_platform': 'smart_virtual', 'syslog_address': None, 'mc_file_name': None, 'no_sound': False}
2023-03-28 11:29:13,728 : INFO : Machine : MPF path: C:\Users\digidev\.local\pipx\venvs\mpf\lib\site-packages\mpf
2023-03-28 11:29:13,728 : INFO : Machine : Machine path: C:\Users\digidev\source\Pinball_Three-Amigos
2023-03-28 11:29:13,728 : INFO : Machine : Platform: win32
2023-03-28 11:29:13,728 : INFO : Machine : Python executable location: C:\Users\digidev\.local\pipx\venvs\mpf\Scripts\python.exe
2023-03-28 11:29:13,728 : INFO : Machine : Python version: 3.9.13 (64-bit)
2023-03-28 11:29:13,728 : INFO : Machine : Initialise MPF.
2023-03-28 11:29:13,853 : INFO : EventManager : Event: ======'machine_var_credits_string'====== Args={'value': 'FREE PLAY', 'prev_value': None, 'change': True}
2023-03-28 11:29:13,916 : INFO : EventManager : Event: ======'machine_var_master_volume'====== Args={'value': 0.5, 'prev_value': None, 'change': True}
2023-03-28 11:29:13,916 : INFO : EventManager : Event: ======'machine_var_mpf_version'====== Args={'value': 'MPF v0.56.0', 'prev_value': None, 'change': True}
2023-03-28 11:29:13,916 : INFO : EventManager : Event: ======'machine_var_mpf_extended_version'====== Args={'value': 'MPF v0.56.0, Config version:5, Show version: 5, BCP version:1.1', 'prev_value': None, 'change': True}
2023-03-28 11:29:13,916 : INFO : EventManager : Event: ======'machine_var_python_version'====== Args={'value': '3.9.13', 'prev_value': None, 'change': True}
2023-03-28 11:29:13,931 : INFO : EventManager : Event: ======'machine_var_platform'====== Args={'value': 'Windows-10-10.0.19044-SP0', 'prev_value': None, 'change': True}
2023-03-28 11:29:13,931 : INFO : EventManager : Event: ======'machine_var_platform_system'====== Args={'value': 'Windows', 'prev_value': None, 'change': True}
2023-03-28 11:29:13,931 : INFO : EventManager : Event: ======'machine_var_platform_release'====== Args={'value': '10', 'prev_value': None, 'change': True}
2023-03-28 11:29:13,931 : INFO : EventManager : Event: ======'machine_var_platform_version'====== Args={'value': '10.0.19044', 'prev_value': None, 'change': True}
2023-03-28 11:29:13,931 : INFO : EventManager : Event: ======'machine_var_platform_machine'====== Args={'value': 'AMD64', 'prev_value': None, 'change': True}
2023-03-28 11:29:13,931 : INFO : EventManager : Event: ======'init_phase_1'====== Args={}
2023-03-28 11:29:13,962 : INFO : EventManager : Event: ======'drop_target_bank_dt_bank_up'====== Args={}
2023-03-28 11:29:13,962 : INFO : EventManager : Event: ======'init_phase_2'====== Args={}
2023-03-28 11:29:13,962 : INFO : EventManager : Event: ======'bcp_connection_attempt'====== Args={'name': 'local_display', 'host': 'localhost', 'port': 5050}
2023-03-28 11:29:13,962 : INFO : BCPClientSocket : Connecting BCP to 'local_display' at localhost:5050...
2023-03-28 11:29:16,042 : INFO : BCPClientSocket : Connected BCP to 'local_display' localhost:5050
2023-03-28 11:29:16,045 : INFO : EventManager : Event: ======'bcp_clients_connected'====== Args={}
2023-03-28 11:29:16,047 : INFO : ball_device.bd_trough : BCH: Initial count: 0
2023-03-28 11:29:16,048 : INFO : ball_device.bd_trough : State: idle
2023-03-28 11:29:16,050 : INFO : ball_device.bd_plunger : BCH: Initial count: 0
2023-03-28 11:29:16,051 : INFO : ball_device.bd_plunger : State: idle
2023-03-28 11:29:16,081 : INFO : EventManager : Event: ======'init_phase_3'====== Args={}
2023-03-28 11:29:16,086 : INFO : EventManager : Event: ======'machine_var_mc_version'====== Args={'value': 'MPF-MC v0.56.1', 'prev_value': None, 'change': True}
2023-03-28 11:29:16,086 : INFO : EventManager : Event: ======'machine_var_mc_extended_version'====== Args={'value': 'MPF-MC v0.56.1 (config_version=5, BCP v1.1,                      Requires MPF API compatibility v0.56.0 or newer)', 'prev_value': None, 'change': True}
2023-03-28 11:29:16,089 : INFO : EventManager : Event: ======'init_phase_4'====== Args={}
2023-03-28 11:29:16,090 : INFO : BallController : Initial balls found: 0
2023-03-28 11:29:16,094 : INFO : EventManager : Event: ======'machine_var_audits_switches_s_left_flipper'====== Args={'value': 0, 'prev_value': None, 'change': True}
2023-03-28 11:29:16,095 : INFO : EventManager : Event: ======'machine_var_audits_switches_s_right_flipper'====== Args={'value': 0, 'prev_value': None, 'change': True}
2023-03-28 11:29:16,095 : INFO : EventManager : Event: ======'machine_var_audits_switches_s_trough1'====== Args={'value': 0, 'prev_value': None, 'change': True}
2023-03-28 11:29:16,095 : INFO : EventManager : Event: ======'machine_var_audits_switches_s_trough2'====== Args={'value': 0, 'prev_value': None, 'change': True}
2023-03-28 11:29:16,096 : INFO : EventManager : Event: ======'machine_var_audits_switches_s_trough3'====== Args={'value': 0, 'prev_value': None, 'change': True}
2023-03-28 11:29:16,096 : INFO : EventManager : Event: ======'machine_var_audits_switches_s_trough4'====== Args={'value': 0, 'prev_value': None, 'change': True}
2023-03-28 11:29:16,096 : INFO : EventManager : Event: ======'machine_var_audits_switches_s_trough_jam'====== Args={'value': 0, 'prev_value': None, 'change': True}
2023-03-28 11:29:16,096 : INFO : EventManager : Event: ======'machine_var_audits_switches_s_plunger_lane'====== Args={'value': 0, 'prev_value': None, 'change': True}
2023-03-28 11:29:16,096 : INFO : EventManager : Event: ======'machine_var_audits_switches_s_start'====== Args={'value': 0, 'prev_value': None, 'change': True}
2023-03-28 11:29:16,096 : INFO : EventManager : Event: ======'machine_var_audits_switches_s_left_slingshot'====== Args={'value': 0, 'prev_value': None, 'change': True}
2023-03-28 11:29:16,097 : INFO : EventManager : Event: ======'machine_var_audits_switches_s_right_slingshot'====== Args={'value': 0, 'prev_value': None, 'change': True}
2023-03-28 11:29:16,097 : INFO : EventManager : Event: ======'machine_var_audits_switches_s_drop_target_left'====== Args={'value': 0, 'prev_value': None, 'change': True}
2023-03-28 11:29:16,097 : INFO : EventManager : Event: ======'machine_var_audits_switches_s_drop_target_middle'====== Args={'value': 0, 'prev_value': None, 'change': True}
2023-03-28 11:29:16,097 : INFO : EventManager : Event: ======'machine_var_audits_switches_s_drop_target_right'====== Args={'value': 0, 'prev_value': None, 'change': True}
2023-03-28 11:29:16,097 : INFO : EventManager : Event: ======'machine_var_audits_switches_s_tilt'====== Args={'value': 0, 'prev_value': None, 'change': True}
2023-03-28 11:29:16,097 : INFO : EventManager : Event: ======'machine_var_audits_events_game_started'====== Args={'value': 0, 'prev_value': None, 'change': True}
2023-03-28 11:29:16,097 : INFO : EventManager : Event: ======'machine_var_audits_events_game_ended'====== Args={'value': 0, 'prev_value': None, 'change': True}
2023-03-28 11:29:16,098 : INFO : EventManager : Event: ======'machine_var_audits_player_score'====== Args={'value': {'top': [], 'average': 0, 'total': 0}, 'prev_value': None, 'change': True}
2023-03-28 11:29:16,098 : INFO : EventManager : Event: ======'init_phase_5'====== Args={}
2023-03-28 11:29:16,100 : INFO : EventManager : Event: ======'init_done'====== Args={}
2023-03-28 11:29:16,101 : INFO : EventManager : Event: ======'machine_reset_phase_1'====== Args={}
2023-03-28 11:29:16,179 : INFO : EventManager : Event: ======'slide_welcome_slide_removed'====== Args={'_from_bcp': True}
2023-03-28 11:29:16,182 : INFO : EventManager : Event: ======'slide_welcome_slide_created'====== Args={'_from_bcp': True}
2023-03-28 11:29:16,193 : INFO : EventManager : Event: ======'slide_welcome_slide_active'====== Args={'_from_bcp': True}
2023-03-28 11:29:16,194 : INFO : EventManager : Event: ======'machine_reset_phase_2'====== Args={}
2023-03-28 11:29:16,194 : INFO : EventManager : Event: ======'machine_reset_phase_3'====== Args={}
2023-03-28 11:29:16,194 : INFO : EventManager : Event: ======'reset_complete'====== Args={}
2023-03-28 11:29:16,194 : INFO : EventManager : Event: ======'mode_attract_will_start'====== Args={}
2023-03-28 11:29:16,196 : INFO : EventManager : Event: ======'mode_attract_starting'====== Args={}
2023-03-28 11:29:16,196 : INFO : Mode.attract : Started. Priority: 10
2023-03-28 11:29:16,196 : INFO : EventManager : Event: ======'modes_active_modes_changed'====== Args={}
2023-03-28 11:29:16,196 : INFO : EventManager : Event: ======'mode_attract_started'====== Args={}
2023-03-28 11:29:16,197 : INFO : EventManager : Event: ======'collecting_balls_complete'====== Args={}
2023-03-28 11:29:16,200 : INFO : Machine : Starting the main run loop.
2023-03-28 11:29:16,223 : INFO : EventManager : Event: ======'slide_attract_started_created'====== Args={'_from_bcp': True}
2023-03-28 11:29:16,227 : INFO : EventManager : Event: ======'slide_attract_started_active'====== Args={'_from_bcp': True}
2023-03-28 11:29:27,362 : INFO : SwitchController : <<<<<<< 's_start' active >>>>>>>
2023-03-28 11:29:27,460 : INFO : SwitchController : <<<<<<< 's_start' inactive >>>>>>>
2023-03-28 11:29:27,461 : INFO : EventManager : Event: ======'request_to_start_game'====== Args={}
2023-03-28 11:29:27,461 : INFO : BallController : Known balls: 0
2023-03-28 11:29:27,462 : INFO : BallController : bd_trough contains 0 balls. Tags ['trough', 'home', 'drain']
2023-03-28 11:29:27,462 : INFO : BallController : bd_plunger contains 0 balls. Tags []
2023-03-28 11:29:27,462 : INFO : BallController : playfield contains 0 balls. Tags ['default']
2023-03-28 11:29:27,463 : WARNING : BallController : BallController denies game start. Not enough balls. 0 found. 1 required
2023-03-28 11:29:27,463 : INFO : BallController : Triggering ball search.
2023-03-28 11:29:27,463 : INFO : BallSearch.playfield : Starting ball search
2023-03-28 11:29:27,463 : INFO : EventManager : Event: ======'ball_search_started'====== Args={}
2023-03-28 11:29:27,463 : INFO : EventManager : Event: ======'ball_search_phase_1'====== Args={'iteration': 1}
2023-03-28 11:29:27,464 : INFO : coil.c_left_slingshot : Pulsing Driver for 5ms (1.0 pulse_power)
2023-03-28 11:29:27,737 : INFO : coil.c_right_slingshot : Pulsing Driver for 5ms (1.0 pulse_power)
2023-03-28 11:29:27,988 : INFO : coil.c_trough_eject : Pulsing Driver for 20ms (1.0 pulse_power)
2023-03-28 11:29:28,252 : INFO : coil.c_plunger : Pulsing Driver for 20ms (1.0 pulse_power)
2023-03-28 11:29:28,517 : INFO : EventManager : Event: ======'ball_search_phase_1'====== Args={'iteration': 2}
2023-03-28 11:29:28,517 : INFO : coil.c_left_slingshot : Pulsing Driver for 5ms (1.0 pulse_power)
2023-03-28 11:29:29,949 : INFO : SwitchController : <<<<<<< 's_right_slingshot' active >>>>>>>
2023-03-28 11:29:30,023 : INFO : SwitchController : <<<<<<< 's_right_slingshot' inactive >>>>>>>
2023-03-28 11:29:31,201 : INFO : SwitchController : <<<<<<< 's_right_slingshot' active >>>>>>>
2023-03-28 11:29:31,237 : INFO : SwitchController : <<<<<<< 's_right_slingshot' inactive >>>>>>>
2023-03-28 11:29:31,359 : INFO : SwitchController : <<<<<<< 's_right_slingshot' active >>>>>>>
2023-03-28 11:29:31,409 : INFO : SwitchController : <<<<<<< 's_right_slingshot' inactive >>>>>>>
2023-03-28 11:29:31,754 : INFO : SwitchController : <<<<<<< 's_right_slingshot' active >>>>>>>
2023-03-28 11:29:31,815 : INFO : SwitchController : <<<<<<< 's_right_slingshot' inactive >>>>>>>
2023-03-28 11:29:31,976 : INFO : SwitchController : <<<<<<< 's_right_slingshot' active >>>>>>>
2023-03-28 11:29:32,035 : INFO : SwitchController : <<<<<<< 's_right_slingshot' inactive >>>>>>>
2023-03-28 11:29:34,212 : INFO : Machine : Shutting down...
2023-03-28 11:29:34,213 : INFO : EventManager : Event: ======'shutdown'====== Args={}
2023-03-28 11:29:34,228 : INFO : root : MPF run loop ended.
