2023-04-14 11:05:23,115 : INFO : root : Loading config.
2023-04-14 11:05:23,122 : INFO : YamlMultifileConfigLoader : Machine config file #1: config.yaml
2023-04-14 11:05:23,123 : INFO : ConfigProcessor : Loading config from cache: C:\Users\digidev\AppData\Local\Temp\02a419de2b33454b673806682c00b740.mpf_cache
2023-04-14 11:05:23,264 : INFO : ConfigProcessor : Loading config from cache: C:\Users\digidev\AppData\Local\Temp\e10c931dc18d80379143a09443f0855e.mpf_cache
2023-04-14 11:05:23,265 : INFO : ConfigProcessor : Loading config from cache: C:\Users\digidev\AppData\Local\Temp\dfc215c2101357f1268429d195cf05eb.mpf_cache
2023-04-14 11:05:23,266 : INFO : Machine : Mission Pinball Framework Core Engine v0.55.0
2023-04-14 11:05:23,266 : INFO : Machine : Command line arguments: {'no_load_cache': False, 'create_config_cache': True, 'bcp': True, 'configfile': ['config.yaml'], 'force_assets_load': False, 'jsonlogging': False, 'logfile': 'logs\\2023-04-14-11-05-23-mpf-DESKTOP-JGO3PQG.log', 'pause': False, 'production': False, 'text_ui': True, 'loglevel': 15, 'consoleloglevel': 20, 'force_platform': 'virtual', 'syslog_address': None, 'mc_file_name': None, 'no_sound': False}
2023-04-14 11:05:23,266 : INFO : Machine : MPF path: c:\users\digidev\appdata\local\programs\python\python37\lib\site-packages\mpf
2023-04-14 11:05:23,266 : INFO : Machine : Machine path: C:\Users\digidev\source\Pinball_Three-Amigos
2023-04-14 11:05:23,266 : INFO : Machine : Platform: win32
2023-04-14 11:05:23,266 : INFO : Machine : Python executable location: c:\users\digidev\appdata\local\programs\python\python37\python.exe
2023-04-14 11:05:23,266 : INFO : Machine : Python version: 3.7.9 (64-bit)
2023-04-14 11:05:23,269 : INFO : Machine : Initialise MPF.
2023-04-14 11:05:23,291 : INFO : EventManager : Event: ======'machine_var_credits_string'====== Args={'value': 'FREE PLAY', 'prev_value': None, 'change': True}
2023-04-14 11:05:23,338 : INFO : EventManager : Event: ======'machine_var_master_volume'====== Args={'value': 0.5, 'prev_value': None, 'change': True}
2023-04-14 11:05:23,338 : INFO : EventManager : Event: ======'machine_var_mpf_version'====== Args={'value': 'MPF v0.55.0', 'prev_value': None, 'change': True}
2023-04-14 11:05:23,338 : INFO : EventManager : Event: ======'machine_var_mpf_extended_version'====== Args={'value': 'MPF v0.55.0, Config version:5, Show version: 5, BCP version:1.1', 'prev_value': None, 'change': True}
2023-04-14 11:05:23,338 : INFO : EventManager : Event: ======'machine_var_python_version'====== Args={'value': '3.7.9', 'prev_value': None, 'change': True}
2023-04-14 11:05:23,338 : INFO : EventManager : Event: ======'machine_var_platform'====== Args={'value': 'Windows-10-10.0.19041-SP0', 'prev_value': None, 'change': True}
2023-04-14 11:05:23,338 : INFO : EventManager : Event: ======'machine_var_platform_system'====== Args={'value': 'Windows', 'prev_value': None, 'change': True}
2023-04-14 11:05:23,338 : INFO : EventManager : Event: ======'machine_var_platform_release'====== Args={'value': '10', 'prev_value': None, 'change': True}
2023-04-14 11:05:23,338 : INFO : EventManager : Event: ======'machine_var_platform_version'====== Args={'value': '10.0.19041', 'prev_value': None, 'change': True}
2023-04-14 11:05:23,338 : INFO : EventManager : Event: ======'machine_var_platform_machine'====== Args={'value': 'AMD64', 'prev_value': None, 'change': True}
2023-04-14 11:05:23,338 : INFO : EventManager : Event: ======'init_phase_1'====== Args={}
2023-04-14 11:05:23,369 : INFO : EventManager : Event: ======'drop_target_bank_dt_bank_up'====== Args={}
2023-04-14 11:05:23,369 : INFO : EventManager : Event: ======'init_phase_2'====== Args={}
2023-04-14 11:05:23,369 : INFO : EventManager : Event: ======'bcp_connection_attempt'====== Args={'name': 'local_display', 'host': 'localhost', 'port': 5050}
2023-04-14 11:05:23,369 : INFO : BCPClientSocket : Connecting BCP to 'local_display' at localhost:5050...
2023-04-14 11:05:25,408 : INFO : BCPClientSocket : Connected BCP to 'local_display' localhost:5050
2023-04-14 11:05:25,410 : INFO : EventManager : Event: ======'bcp_clients_connected'====== Args={}
2023-04-14 11:05:25,411 : INFO : ball_device.bd_trough : BCH: Initial count: 0
2023-04-14 11:05:25,412 : INFO : ball_device.bd_trough : State: idle
2023-04-14 11:05:25,414 : INFO : ball_device.bd_plunger : BCH: Initial count: 0
2023-04-14 11:05:25,415 : INFO : EventManager : Event: ======'machine_var_mc_version'====== Args={'value': 'MPF-MC v0.55.0', 'prev_value': None, 'change': True}
2023-04-14 11:05:25,415 : INFO : EventManager : Event: ======'machine_var_mc_extended_version'====== Args={'value': 'MPF-MC v0.55.0 (config_version=5, BCP v1.1, Requires MPF v0.55.0-dev.49)', 'prev_value': None, 'change': True}
2023-04-14 11:05:25,420 : INFO : ball_device.bd_plunger : State: idle
2023-04-14 11:05:25,480 : INFO : EventManager : Event: ======'init_phase_3'====== Args={}
2023-04-14 11:05:25,485 : INFO : EventManager : Event: ======'init_phase_4'====== Args={}
2023-04-14 11:05:25,487 : INFO : EventManager : Event: ======'playfield_active'====== Args={}
2023-04-14 11:05:25,487 : INFO : EventManager : Event: ======'unexpected_ball_on_playfield'====== Args={}
2023-04-14 11:05:25,487 : INFO : EventManager : Event: ======'playfield_active'====== Args={}
2023-04-14 11:05:25,487 : INFO : EventManager : Event: ======'unexpected_ball_on_playfield'====== Args={}
2023-04-14 11:05:25,488 : INFO : EventManager : Event: ======'playfield_active'====== Args={}
2023-04-14 11:05:25,488 : INFO : EventManager : Event: ======'unexpected_ball_on_playfield'====== Args={}
2023-04-14 11:05:25,489 : INFO : BallController : Initial balls found: 0
2023-04-14 11:05:25,492 : INFO : EventManager : Event: ======'machine_var_audits_switches_s_left_flipper'====== Args={'value': 0, 'prev_value': None, 'change': True}
2023-04-14 11:05:25,493 : INFO : EventManager : Event: ======'machine_var_audits_switches_s_right_flipper'====== Args={'value': 0, 'prev_value': None, 'change': True}
2023-04-14 11:05:25,493 : INFO : EventManager : Event: ======'machine_var_audits_switches_s_trough1'====== Args={'value': 0, 'prev_value': None, 'change': True}
2023-04-14 11:05:25,494 : INFO : EventManager : Event: ======'machine_var_audits_switches_s_trough2'====== Args={'value': 0, 'prev_value': None, 'change': True}
2023-04-14 11:05:25,495 : INFO : EventManager : Event: ======'machine_var_audits_switches_s_trough3'====== Args={'value': 0, 'prev_value': None, 'change': True}
2023-04-14 11:05:25,496 : INFO : EventManager : Event: ======'machine_var_audits_switches_s_trough4'====== Args={'value': 0, 'prev_value': None, 'change': True}
2023-04-14 11:05:25,496 : INFO : EventManager : Event: ======'machine_var_audits_switches_s_trough_jam'====== Args={'value': 0, 'prev_value': None, 'change': True}
2023-04-14 11:05:25,497 : INFO : EventManager : Event: ======'machine_var_audits_switches_s_plunger_lane'====== Args={'value': 0, 'prev_value': None, 'change': True}
2023-04-14 11:05:25,498 : INFO : EventManager : Event: ======'machine_var_audits_switches_s_start'====== Args={'value': 0, 'prev_value': None, 'change': True}
2023-04-14 11:05:25,498 : INFO : EventManager : Event: ======'machine_var_audits_switches_s_left_slingshot'====== Args={'value': 0, 'prev_value': None, 'change': True}
2023-04-14 11:05:25,499 : INFO : EventManager : Event: ======'machine_var_audits_switches_s_right_slingshot'====== Args={'value': 0, 'prev_value': None, 'change': True}
2023-04-14 11:05:25,500 : INFO : EventManager : Event: ======'machine_var_audits_switches_s_drop_target_left'====== Args={'value': 0, 'prev_value': None, 'change': True}
2023-04-14 11:05:25,501 : INFO : EventManager : Event: ======'machine_var_audits_switches_s_drop_target_middle'====== Args={'value': 0, 'prev_value': None, 'change': True}
2023-04-14 11:05:25,501 : INFO : EventManager : Event: ======'machine_var_audits_switches_s_drop_target_right'====== Args={'value': 0, 'prev_value': None, 'change': True}
2023-04-14 11:05:25,502 : INFO : EventManager : Event: ======'machine_var_audits_switches_s_tilt'====== Args={'value': 0, 'prev_value': None, 'change': True}
2023-04-14 11:05:25,503 : INFO : EventManager : Event: ======'machine_var_audits_events_game_started'====== Args={'value': 0, 'prev_value': None, 'change': True}
2023-04-14 11:05:25,503 : INFO : EventManager : Event: ======'machine_var_audits_events_game_ended'====== Args={'value': 0, 'prev_value': None, 'change': True}
2023-04-14 11:05:25,504 : INFO : EventManager : Event: ======'machine_var_audits_player_score'====== Args={'value': {'top': [], 'average': 0, 'total': 0}, 'prev_value': None, 'change': True}
2023-04-14 11:05:25,506 : INFO : EventManager : Event: ======'init_phase_5'====== Args={}
2023-04-14 11:05:25,506 : INFO : EventManager : Event: ======'init_done'====== Args={}
2023-04-14 11:05:25,507 : INFO : EventManager : Event: ======'machine_reset_phase_1'====== Args={}
2023-04-14 11:05:25,522 : INFO : EventManager : Event: ======'slide_welcome_slide_removed'====== Args={'_from_bcp': True}
2023-04-14 11:05:25,523 : INFO : EventManager : Event: ======'slide_welcome_slide_created'====== Args={'_from_bcp': True}
2023-04-14 11:05:25,528 : INFO : EventManager : Event: ======'machine_reset_phase_2'====== Args={}
2023-04-14 11:05:25,529 : INFO : EventManager : Event: ======'machine_reset_phase_3'====== Args={}
2023-04-14 11:05:25,532 : INFO : EventManager : Event: ======'slide_welcome_slide_active'====== Args={'_from_bcp': True}
2023-04-14 11:05:25,533 : INFO : EventManager : Event: ======'reset_complete'====== Args={}
2023-04-14 11:05:25,534 : INFO : EventManager : Event: ======'mode_attract_will_start'====== Args={}
2023-04-14 11:05:25,537 : INFO : EventManager : Event: ======'mode_attract_starting'====== Args={}
2023-04-14 11:05:25,537 : INFO : Mode.attract : Started. Priority: 10
2023-04-14 11:05:25,537 : INFO : EventManager : Event: ======'modes_active_modes_changed'====== Args={}
2023-04-14 11:05:25,538 : INFO : EventManager : Event: ======'mode_attract_started'====== Args={}
2023-04-14 11:05:25,539 : INFO : EventManager : Event: ======'collecting_balls_complete'====== Args={}
2023-04-14 11:05:25,541 : INFO : Machine : Starting the main run loop.
2023-04-14 11:05:25,554 : INFO : EventManager : Event: ======'slide_attract_started_created'====== Args={'_from_bcp': True}
2023-04-14 11:05:25,556 : INFO : EventManager : Event: ======'slide_attract_started_active'====== Args={'_from_bcp': True}
2023-04-14 11:06:08,604 : INFO : SwitchController : <<<<<<< 's_trough1' active >>>>>>>
2023-04-14 11:06:08,679 : INFO : SwitchController : <<<<<<< 's_trough2' active >>>>>>>
2023-04-14 11:06:08,865 : INFO : SwitchController : <<<<<<< 's_trough3' active >>>>>>>
2023-04-14 11:06:08,866 : INFO : SwitchController : <<<<<<< 's_trough1' inactive >>>>>>>
2023-04-14 11:06:08,913 : INFO : SwitchController : <<<<<<< 's_trough2' inactive >>>>>>>
2023-04-14 11:06:08,950 : INFO : SwitchController : <<<<<<< 's_trough3' inactive >>>>>>>
2023-04-14 11:06:09,245 : INFO : SwitchController : <<<<<<< 's_trough3' active >>>>>>>
2023-04-14 11:06:09,419 : INFO : SwitchController : <<<<<<< 's_trough3' inactive >>>>>>>
2023-04-14 11:06:09,419 : INFO : SwitchController : <<<<<<< 's_trough2' active >>>>>>>
2023-04-14 11:06:09,419 : INFO : SwitchController : <<<<<<< 's_trough1' active >>>>>>>
2023-04-14 11:06:09,530 : INFO : SwitchController : <<<<<<< 's_trough2' inactive >>>>>>>
2023-04-14 11:06:09,641 : INFO : SwitchController : <<<<<<< 's_trough1' inactive >>>>>>>
2023-04-14 11:06:10,264 : INFO : SwitchController : <<<<<<< 's_start' active >>>>>>>
2023-04-14 11:06:10,351 : INFO : SwitchController : <<<<<<< 's_start' inactive >>>>>>>
2023-04-14 11:06:10,352 : INFO : EventManager : Event: ======'request_to_start_game'====== Args={}
2023-04-14 11:06:10,352 : INFO : BallController : Known balls: 0
2023-04-14 11:06:10,353 : INFO : BallController : bd_trough contains 0 balls. Tags ['trough', 'home', 'drain']
2023-04-14 11:06:10,353 : INFO : BallController : bd_plunger contains 0 balls. Tags []
2023-04-14 11:06:10,353 : INFO : BallController : playfield contains 0 balls. Tags ['default']
2023-04-14 11:06:10,354 : WARNING : BallController : BallController denies game start. Not enough balls. 0 found. 1 required
2023-04-14 11:06:10,354 : INFO : BallController : Triggering ball search.
2023-04-14 11:06:10,970 : INFO : SwitchController : <<<<<<< 's_start' active >>>>>>>
2023-04-14 11:06:11,045 : INFO : SwitchController : <<<<<<< 's_start' inactive >>>>>>>
2023-04-14 11:06:11,046 : INFO : EventManager : Event: ======'request_to_start_game'====== Args={}
2023-04-14 11:06:11,046 : INFO : BallController : Known balls: 0
2023-04-14 11:06:11,046 : INFO : BallController : bd_trough contains 0 balls. Tags ['trough', 'home', 'drain']
2023-04-14 11:06:11,046 : INFO : BallController : bd_plunger contains 0 balls. Tags []
2023-04-14 11:06:11,046 : INFO : BallController : playfield contains 0 balls. Tags ['default']
2023-04-14 11:06:11,047 : WARNING : BallController : BallController denies game start. Not enough balls. 0 found. 1 required
2023-04-14 11:06:11,047 : INFO : BallController : Triggering ball search.
2023-04-14 11:06:11,170 : INFO : SwitchController : <<<<<<< 's_start' active >>>>>>>
2023-04-14 11:06:11,221 : INFO : SwitchController : <<<<<<< 's_start' inactive >>>>>>>
2023-04-14 11:06:11,221 : INFO : EventManager : Event: ======'request_to_start_game'====== Args={}
2023-04-14 11:06:11,222 : INFO : BallController : Known balls: 0
2023-04-14 11:06:11,222 : INFO : BallController : bd_trough contains 0 balls. Tags ['trough', 'home', 'drain']
2023-04-14 11:06:11,222 : INFO : BallController : bd_plunger contains 0 balls. Tags []
2023-04-14 11:06:11,222 : INFO : BallController : playfield contains 0 balls. Tags ['default']
2023-04-14 11:06:11,222 : WARNING : BallController : BallController denies game start. Not enough balls. 0 found. 1 required
2023-04-14 11:06:11,222 : INFO : BallController : Triggering ball search.
2023-04-14 11:06:11,660 : INFO : SwitchController : <<<<<<< 's_start' active >>>>>>>
2023-04-14 11:06:11,722 : INFO : SwitchController : <<<<<<< 's_start' inactive >>>>>>>
2023-04-14 11:06:11,722 : INFO : EventManager : Event: ======'request_to_start_game'====== Args={}
2023-04-14 11:06:11,722 : INFO : BallController : Known balls: 0
2023-04-14 11:06:11,723 : INFO : BallController : bd_trough contains 0 balls. Tags ['trough', 'home', 'drain']
2023-04-14 11:06:11,723 : INFO : BallController : bd_plunger contains 0 balls. Tags []
2023-04-14 11:06:11,723 : INFO : BallController : playfield contains 0 balls. Tags ['default']
2023-04-14 11:06:11,723 : WARNING : BallController : BallController denies game start. Not enough balls. 0 found. 1 required
2023-04-14 11:06:11,723 : INFO : BallController : Triggering ball search.
2023-04-14 11:06:12,309 : INFO : SwitchController : <<<<<<< 's_plunger_lane' active >>>>>>>
2023-04-14 11:06:12,396 : INFO : SwitchController : <<<<<<< 's_plunger_lane' inactive >>>>>>>
2023-04-14 11:06:13,493 : INFO : SwitchController : <<<<<<< 's_start' active >>>>>>>
2023-04-14 11:06:13,645 : INFO : SwitchController : <<<<<<< 's_start' inactive >>>>>>>
2023-04-14 11:06:13,646 : INFO : EventManager : Event: ======'request_to_start_game'====== Args={}
2023-04-14 11:06:13,646 : INFO : BallController : Known balls: 0
2023-04-14 11:06:13,646 : INFO : BallController : bd_trough contains 0 balls. Tags ['trough', 'home', 'drain']
2023-04-14 11:06:13,646 : INFO : BallController : bd_plunger contains 0 balls. Tags []
2023-04-14 11:06:13,646 : INFO : BallController : playfield contains 0 balls. Tags ['default']
2023-04-14 11:06:13,646 : WARNING : BallController : BallController denies game start. Not enough balls. 0 found. 1 required
2023-04-14 11:06:13,647 : INFO : BallController : Triggering ball search.
2023-04-14 11:06:14,231 : INFO : SwitchController : <<<<<<< 's_plunger_lane' active >>>>>>>
2023-04-14 11:06:14,330 : INFO : SwitchController : <<<<<<< 's_plunger_lane' inactive >>>>>>>
2023-04-14 11:06:14,467 : INFO : SwitchController : <<<<<<< 's_plunger_lane' active >>>>>>>
2023-04-14 11:06:14,541 : INFO : SwitchController : <<<<<<< 's_plunger_lane' inactive >>>>>>>
2023-04-14 11:06:17,202 : INFO : SwitchController : <<<<<<< 's_right_flipper' active >>>>>>>
2023-04-14 11:06:17,227 : INFO : SwitchController : <<<<<<< 's_drop_target_left' active >>>>>>>
2023-04-14 11:06:17,228 : INFO : EventManager : Event: ======'playfield_active'====== Args={}
2023-04-14 11:06:17,228 : INFO : EventManager : Event: ======'unexpected_ball_on_playfield'====== Args={}
2023-04-14 11:06:17,228 : INFO : EventManager : Event: ======'drop_target_dt_1_left_down'====== Args={'device': <drop_target.dt_1_left>}
2023-04-14 11:06:17,229 : INFO : EventManager : Event: ======'drop_target_bank_dt_bank_mixed'====== Args={'prev_value': <DropTargetBankState.UP: 'up'>, 'down': 1}
2023-04-14 11:06:17,302 : INFO : SwitchController : <<<<<<< 's_drop_target_middle' active >>>>>>>
2023-04-14 11:06:17,303 : INFO : EventManager : Event: ======'playfield_active'====== Args={}
2023-04-14 11:06:17,303 : INFO : EventManager : Event: ======'unexpected_ball_on_playfield'====== Args={}
2023-04-14 11:06:17,303 : INFO : EventManager : Event: ======'drop_target_dt_2_middle_down'====== Args={'device': <drop_target.dt_2_middle>}
2023-04-14 11:06:17,303 : INFO : EventManager : Event: ======'drop_target_bank_dt_bank_mixed'====== Args={'prev_value': <DropTargetBankState.MIXED: 'mixed'>, 'down': 2}
2023-04-14 11:06:17,948 : INFO : SwitchController : <<<<<<< 's_drop_target_middle' inactive >>>>>>>
2023-04-14 11:06:17,948 : INFO : EventManager : Event: ======'playfield_active'====== Args={}
2023-04-14 11:06:17,948 : INFO : EventManager : Event: ======'unexpected_ball_on_playfield'====== Args={}
2023-04-14 11:06:17,948 : INFO : EventManager : Event: ======'drop_target_dt_2_middle_up'====== Args={'device': <drop_target.dt_2_middle>}
2023-04-14 11:06:17,948 : INFO : EventManager : Event: ======'drop_target_bank_dt_bank_mixed'====== Args={'prev_value': <DropTargetBankState.MIXED: 'mixed'>, 'down': 1}
2023-04-14 11:06:17,949 : INFO : SwitchController : <<<<<<< 's_drop_target_left' inactive >>>>>>>
2023-04-14 11:06:17,949 : INFO : EventManager : Event: ======'playfield_active'====== Args={}
2023-04-14 11:06:17,949 : INFO : EventManager : Event: ======'unexpected_ball_on_playfield'====== Args={}
2023-04-14 11:06:17,949 : INFO : EventManager : Event: ======'drop_target_dt_1_left_up'====== Args={'device': <drop_target.dt_1_left>}
2023-04-14 11:06:17,949 : INFO : EventManager : Event: ======'drop_target_bank_dt_bank_up'====== Args={}
2023-04-14 11:06:17,950 : INFO : SwitchController : <<<<<<< 's_right_flipper' inactive >>>>>>>
2023-04-14 11:06:18,158 : INFO : SwitchController : <<<<<<< 's_right_flipper' active >>>>>>>
2023-04-14 11:06:18,207 : INFO : SwitchController : <<<<<<< 's_drop_target_right' active >>>>>>>
2023-04-14 11:06:18,208 : INFO : EventManager : Event: ======'playfield_active'====== Args={}
2023-04-14 11:06:18,208 : INFO : EventManager : Event: ======'unexpected_ball_on_playfield'====== Args={}
2023-04-14 11:06:18,208 : INFO : EventManager : Event: ======'drop_target_dt_3_right_down'====== Args={'device': <drop_target.dt_3_right>}
2023-04-14 11:06:18,209 : INFO : EventManager : Event: ======'drop_target_bank_dt_bank_mixed'====== Args={'prev_value': <DropTargetBankState.UP: 'up'>, 'down': 1}
2023-04-14 11:06:18,211 : INFO : SwitchController : <<<<<<< 's_drop_target_middle' active >>>>>>>
2023-04-14 11:06:18,211 : INFO : EventManager : Event: ======'playfield_active'====== Args={}
2023-04-14 11:06:18,212 : INFO : EventManager : Event: ======'unexpected_ball_on_playfield'====== Args={}
2023-04-14 11:06:18,212 : INFO : EventManager : Event: ======'drop_target_dt_2_middle_down'====== Args={'device': <drop_target.dt_2_middle>}
2023-04-14 11:06:18,213 : INFO : EventManager : Event: ======'drop_target_bank_dt_bank_mixed'====== Args={'prev_value': <DropTargetBankState.MIXED: 'mixed'>, 'down': 2}
2023-04-14 11:06:18,213 : INFO : SwitchController : <<<<<<< 's_drop_target_left' active >>>>>>>
2023-04-14 11:06:18,213 : INFO : EventManager : Event: ======'playfield_active'====== Args={}
2023-04-14 11:06:18,214 : INFO : EventManager : Event: ======'unexpected_ball_on_playfield'====== Args={}
2023-04-14 11:06:18,214 : INFO : EventManager : Event: ======'drop_target_dt_1_left_down'====== Args={'device': <drop_target.dt_1_left>}
2023-04-14 11:06:18,215 : INFO : EventManager : Event: ======'drop_target_bank_dt_bank_down'====== Args={}
2023-04-14 11:06:18,344 : INFO : SwitchController : <<<<<<< 's_drop_target_right' inactive >>>>>>>
2023-04-14 11:06:18,344 : INFO : EventManager : Event: ======'playfield_active'====== Args={}
2023-04-14 11:06:18,345 : INFO : EventManager : Event: ======'unexpected_ball_on_playfield'====== Args={}
2023-04-14 11:06:18,345 : INFO : EventManager : Event: ======'drop_target_dt_3_right_up'====== Args={'device': <drop_target.dt_3_right>}
2023-04-14 11:06:18,346 : INFO : EventManager : Event: ======'drop_target_bank_dt_bank_mixed'====== Args={'prev_value': <DropTargetBankState.DOWN: 'down'>, 'down': 2}
2023-04-14 11:06:18,348 : INFO : SwitchController : <<<<<<< 's_drop_target_middle' inactive >>>>>>>
2023-04-14 11:06:18,349 : INFO : EventManager : Event: ======'playfield_active'====== Args={}
2023-04-14 11:06:18,349 : INFO : EventManager : Event: ======'unexpected_ball_on_playfield'====== Args={}
2023-04-14 11:06:18,350 : INFO : EventManager : Event: ======'drop_target_dt_2_middle_up'====== Args={'device': <drop_target.dt_2_middle>}
2023-04-14 11:06:18,351 : INFO : EventManager : Event: ======'drop_target_bank_dt_bank_mixed'====== Args={'prev_value': <DropTargetBankState.MIXED: 'mixed'>, 'down': 1}
2023-04-14 11:06:18,352 : INFO : SwitchController : <<<<<<< 's_drop_target_left' inactive >>>>>>>
2023-04-14 11:06:18,352 : INFO : EventManager : Event: ======'playfield_active'====== Args={}
2023-04-14 11:06:18,353 : INFO : EventManager : Event: ======'unexpected_ball_on_playfield'====== Args={}
2023-04-14 11:06:18,353 : INFO : EventManager : Event: ======'drop_target_dt_1_left_up'====== Args={'device': <drop_target.dt_1_left>}
2023-04-14 11:06:18,354 : INFO : EventManager : Event: ======'drop_target_bank_dt_bank_up'====== Args={}
2023-04-14 11:06:18,355 : INFO : SwitchController : <<<<<<< 's_right_flipper' inactive >>>>>>>
2023-04-14 11:06:19,225 : INFO : drop_target_bank.dt_bank : All targets are already up. Will not reset bank.
2023-04-14 11:06:19,342 : INFO : SwitchController : <<<<<<< 's_trough1' active >>>>>>>
2023-04-14 11:06:19,415 : INFO : SwitchController : <<<<<<< 's_trough3' active >>>>>>>
2023-04-14 11:06:19,416 : INFO : SwitchController : <<<<<<< 's_trough2' active >>>>>>>
2023-04-14 11:06:19,577 : INFO : SwitchController : <<<<<<< 's_trough4' active >>>>>>>
2023-04-14 11:06:19,892 : INFO : EventManager : Event: ======'balldevice_bd_trough_ball_count_changed'====== Args={'balls': 4}
2023-04-14 11:06:19,892 : INFO : ball_device.bd_trough : Received unexpected ball
2023-04-14 11:06:19,892 : INFO : EventManager : Event: ======'balldevice_captured_from_playfield'====== Args={'balls': 1}
2023-04-14 11:06:19,893 : INFO : EventManager : Event: ======'sw_playfield_active'====== Args={'balls': 1}
2023-04-14 11:06:19,893 : INFO : EventManager : Event: ======'playfield_active'====== Args={}
2023-04-14 11:06:19,894 : INFO : EventManager : Event: ======'unexpected_ball_on_playfield'====== Args={}
2023-04-14 11:06:19,894 : INFO : EventManager : Event: ======'playfield_ball_count_change'====== Args={'balls': -1, 'change': -1}
2023-04-14 11:06:19,895 : INFO : EventManager : Event: ======'balldevice_playfield_ball_enter'====== Args={'new_balls': 1, 'unclaimed_balls': 1, 'device': <playfield.playfield>}
2023-04-14 11:06:19,895 : INFO : EventManager : Event: ======'playfield_ball_count_change'====== Args={'balls': 0, 'change': 1}
2023-04-14 11:06:19,895 : INFO : BallController : Found a new ball which was captured from playfield. Known balls: 1
2023-04-14 11:06:19,895 : INFO : EventManager : Event: ======'found_new_ball'====== Args={}
2023-04-14 11:06:19,896 : INFO : EventManager : Event: ======'balldevice_bd_trough_ball_enter'====== Args={'new_balls': 1, 'unclaimed_balls': 1, 'new_available_balls': 1, 'device': <ball_device.bd_trough>}
2023-04-14 11:06:19,896 : INFO : EventManager : Event: ======'ball_drain'====== Args={'device': <ball_device.bd_trough>, 'balls': 1}
2023-04-14 11:06:19,897 : INFO : EventManager : Event: ======'balldevice_balls_available'====== Args={}
2023-04-14 11:06:19,897 : INFO : EventManager : Event: ======'balldevice_bd_trough_ball_entered'====== Args={'new_balls': 1, 'device': <ball_device.bd_trough>}
2023-04-14 11:06:19,897 : INFO : ball_device.bd_trough : Received unexpected ball
2023-04-14 11:06:19,897 : INFO : EventManager : Event: ======'balldevice_captured_from_playfield'====== Args={'balls': 1}
2023-04-14 11:06:19,898 : INFO : EventManager : Event: ======'sw_playfield_active'====== Args={'balls': 1}
2023-04-14 11:06:19,899 : INFO : EventManager : Event: ======'playfield_active'====== Args={}
2023-04-14 11:06:19,899 : INFO : EventManager : Event: ======'unexpected_ball_on_playfield'====== Args={}
2023-04-14 11:06:19,899 : INFO : EventManager : Event: ======'playfield_ball_count_change'====== Args={'balls': -1, 'change': -1}
2023-04-14 11:06:19,900 : INFO : EventManager : Event: ======'balldevice_playfield_ball_enter'====== Args={'new_balls': 1, 'unclaimed_balls': 1, 'device': <playfield.playfield>}
2023-04-14 11:06:19,901 : INFO : EventManager : Event: ======'playfield_ball_count_change'====== Args={'balls': 0, 'change': 1}
2023-04-14 11:06:19,901 : INFO : BallController : Found a new ball which was captured from playfield. Known balls: 2
2023-04-14 11:06:19,901 : INFO : EventManager : Event: ======'found_new_ball'====== Args={}
2023-04-14 11:06:19,901 : INFO : EventManager : Event: ======'balldevice_bd_trough_ball_enter'====== Args={'new_balls': 1, 'unclaimed_balls': 1, 'new_available_balls': 1, 'device': <ball_device.bd_trough>}
2023-04-14 11:06:19,902 : INFO : EventManager : Event: ======'ball_drain'====== Args={'device': <ball_device.bd_trough>, 'balls': 1}
2023-04-14 11:06:19,902 : INFO : EventManager : Event: ======'balldevice_balls_available'====== Args={}
2023-04-14 11:06:19,903 : INFO : EventManager : Event: ======'balldevice_bd_trough_ball_entered'====== Args={'new_balls': 1, 'device': <ball_device.bd_trough>}
2023-04-14 11:06:19,903 : INFO : ball_device.bd_trough : Received unexpected ball
2023-04-14 11:06:19,903 : INFO : EventManager : Event: ======'balldevice_captured_from_playfield'====== Args={'balls': 1}
2023-04-14 11:06:19,903 : INFO : EventManager : Event: ======'sw_playfield_active'====== Args={'balls': 1}
2023-04-14 11:06:19,904 : INFO : EventManager : Event: ======'playfield_active'====== Args={}
2023-04-14 11:06:19,904 : INFO : EventManager : Event: ======'unexpected_ball_on_playfield'====== Args={}
2023-04-14 11:06:19,904 : INFO : EventManager : Event: ======'playfield_ball_count_change'====== Args={'balls': -1, 'change': -1}
2023-04-14 11:06:19,905 : INFO : EventManager : Event: ======'balldevice_playfield_ball_enter'====== Args={'new_balls': 1, 'unclaimed_balls': 1, 'device': <playfield.playfield>}
2023-04-14 11:06:19,905 : INFO : EventManager : Event: ======'playfield_ball_count_change'====== Args={'balls': 0, 'change': 1}
2023-04-14 11:06:19,906 : INFO : BallController : Found a new ball which was captured from playfield. Known balls: 3
2023-04-14 11:06:19,906 : INFO : EventManager : Event: ======'found_new_ball'====== Args={}
2023-04-14 11:06:19,906 : INFO : EventManager : Event: ======'balldevice_bd_trough_ball_enter'====== Args={'new_balls': 1, 'unclaimed_balls': 1, 'new_available_balls': 1, 'device': <ball_device.bd_trough>}
2023-04-14 11:06:19,906 : INFO : EventManager : Event: ======'ball_drain'====== Args={'device': <ball_device.bd_trough>, 'balls': 1}
2023-04-14 11:06:19,907 : INFO : EventManager : Event: ======'balldevice_balls_available'====== Args={}
2023-04-14 11:06:19,907 : INFO : EventManager : Event: ======'balldevice_bd_trough_ball_entered'====== Args={'new_balls': 1, 'device': <ball_device.bd_trough>}
2023-04-14 11:06:19,907 : INFO : ball_device.bd_trough : Received unexpected ball
2023-04-14 11:06:19,908 : INFO : EventManager : Event: ======'balldevice_captured_from_playfield'====== Args={'balls': 1}
2023-04-14 11:06:19,909 : INFO : EventManager : Event: ======'sw_playfield_active'====== Args={'balls': 1}
2023-04-14 11:06:19,910 : INFO : EventManager : Event: ======'playfield_active'====== Args={}
2023-04-14 11:06:19,910 : INFO : EventManager : Event: ======'unexpected_ball_on_playfield'====== Args={}
2023-04-14 11:06:19,911 : INFO : EventManager : Event: ======'playfield_ball_count_change'====== Args={'balls': -1, 'change': -1}
2023-04-14 11:06:19,912 : INFO : EventManager : Event: ======'balldevice_playfield_ball_enter'====== Args={'new_balls': 1, 'unclaimed_balls': 1, 'device': <playfield.playfield>}
2023-04-14 11:06:19,912 : INFO : EventManager : Event: ======'playfield_ball_count_change'====== Args={'balls': 0, 'change': 1}
2023-04-14 11:06:19,912 : INFO : BallController : Found a new ball which was captured from playfield. Known balls: 4
2023-04-14 11:06:19,912 : INFO : EventManager : Event: ======'found_new_ball'====== Args={}
2023-04-14 11:06:19,913 : INFO : EventManager : Event: ======'balldevice_bd_trough_ball_enter'====== Args={'new_balls': 1, 'unclaimed_balls': 1, 'new_available_balls': 1, 'device': <ball_device.bd_trough>}
2023-04-14 11:06:19,913 : INFO : EventManager : Event: ======'ball_drain'====== Args={'device': <ball_device.bd_trough>, 'balls': 1}
2023-04-14 11:06:19,914 : INFO : EventManager : Event: ======'balldevice_balls_available'====== Args={}
2023-04-14 11:06:19,914 : INFO : EventManager : Event: ======'balldevice_bd_trough_ball_entered'====== Args={'new_balls': 1, 'device': <ball_device.bd_trough>}
2023-04-14 11:06:20,146 : INFO : SwitchController : <<<<<<< 's_plunger_lane' active >>>>>>>
2023-04-14 11:06:20,307 : INFO : SwitchController : <<<<<<< 's_plunger_lane' inactive >>>>>>>
2023-04-14 11:06:22,276 : INFO : SwitchController : <<<<<<< 's_trough4' inactive >>>>>>>
2023-04-14 11:06:22,525 : INFO : SwitchController : <<<<<<< 's_trough4' active >>>>>>>
2023-04-14 11:06:23,218 : INFO : SwitchController : <<<<<<< 's_trough4' inactive >>>>>>>
2023-04-14 11:06:23,280 : INFO : SwitchController : <<<<<<< 's_trough1' inactive >>>>>>>
2023-04-14 11:06:23,439 : INFO : SwitchController : <<<<<<< 's_trough3' inactive >>>>>>>
2023-04-14 11:06:23,439 : INFO : SwitchController : <<<<<<< 's_trough2' inactive >>>>>>>
2023-04-14 11:06:23,862 : INFO : SwitchController : <<<<<<< 's_start' active >>>>>>>
2023-04-14 11:06:23,975 : INFO : SwitchController : <<<<<<< 's_start' inactive >>>>>>>
2023-04-14 11:06:23,975 : INFO : EventManager : Event: ======'request_to_start_game'====== Args={}
2023-04-14 11:06:23,976 : INFO : BallController : Known balls: 4
2023-04-14 11:06:23,976 : INFO : BallController : bd_trough contains 4 balls. Tags ['trough', 'home', 'drain']
2023-04-14 11:06:23,976 : INFO : BallController : bd_plunger contains 0 balls. Tags []
2023-04-14 11:06:23,976 : INFO : BallController : playfield contains 0 balls. Tags ['default']
2023-04-14 11:06:23,977 : WARNING : BallController : BallController denies game start. Not enough balls. 0 found. 1 required
2023-04-14 11:06:23,977 : INFO : BallController : Triggering ball search.
2023-04-14 11:06:24,274 : INFO : SwitchController : <<<<<<< 's_start' active >>>>>>>
2023-04-14 11:06:24,350 : INFO : SwitchController : <<<<<<< 's_start' inactive >>>>>>>
2023-04-14 11:06:24,350 : INFO : EventManager : Event: ======'request_to_start_game'====== Args={}
2023-04-14 11:06:24,352 : INFO : BallController : Known balls: 4
2023-04-14 11:06:24,352 : INFO : BallController : bd_trough contains 4 balls. Tags ['trough', 'home', 'drain']
2023-04-14 11:06:24,352 : INFO : BallController : bd_plunger contains 0 balls. Tags []
2023-04-14 11:06:24,352 : INFO : BallController : playfield contains 0 balls. Tags ['default']
2023-04-14 11:06:24,352 : WARNING : BallController : BallController denies game start. Not enough balls. 0 found. 1 required
2023-04-14 11:06:24,353 : INFO : BallController : Triggering ball search.
2023-04-14 11:06:24,867 : INFO : SwitchController : <<<<<<< 's_trough1' active >>>>>>>
2023-04-14 11:06:24,955 : INFO : SwitchController : <<<<<<< 's_trough3' active >>>>>>>
2023-04-14 11:06:24,991 : INFO : SwitchController : <<<<<<< 's_trough2' active >>>>>>>
2023-04-14 11:06:26,080 : INFO : SwitchController : <<<<<<< 's_trough1' inactive >>>>>>>
2023-04-14 11:06:26,082 : INFO : SwitchController : <<<<<<< 's_trough2' inactive >>>>>>>
2023-04-14 11:06:26,085 : INFO : SwitchController : <<<<<<< 's_trough3' inactive >>>>>>>
2023-04-14 11:06:31,600 : INFO : EventManager : Event: ======'balldevice_bd_trough_ball_count_changed'====== Args={'balls': 0}
2023-04-14 11:06:31,601 : WARNING : ball_device.bd_trough : Ball disappeared while idle. This should not normally happen.
2023-04-14 11:06:31,601 : INFO : EventManager : Event: ======'balldevice_playfield_ball_enter'====== Args={'new_balls': 1, 'unclaimed_balls': 1, 'device': <playfield.playfield>}
2023-04-14 11:06:31,601 : INFO : EventManager : Event: ======'playfield_ball_count_change'====== Args={'balls': 1, 'change': 1}
2023-04-14 11:06:31,601 : INFO : ball_device.bd_trough : 1 ball(s) missing from device. Mechanical eject? False
2023-04-14 11:06:31,601 : INFO : EventManager : Event: ======'balldevice_bd_trough_ball_missing'====== Args={'balls': 1}
2023-04-14 11:06:31,602 : INFO : EventManager : Event: ======'balldevice_ball_missing'====== Args={'balls': 1, 'name': 'bd_trough'}
2023-04-14 11:06:31,602 : WARNING : ball_device.bd_trough : Ball disappeared while idle. This should not normally happen.
2023-04-14 11:06:31,603 : INFO : EventManager : Event: ======'balldevice_playfield_ball_enter'====== Args={'new_balls': 1, 'unclaimed_balls': 1, 'device': <playfield.playfield>}
2023-04-14 11:06:31,603 : INFO : EventManager : Event: ======'playfield_ball_count_change'====== Args={'balls': 2, 'change': 1}
2023-04-14 11:06:31,603 : INFO : ball_device.bd_trough : 1 ball(s) missing from device. Mechanical eject? False
2023-04-14 11:06:31,603 : INFO : EventManager : Event: ======'balldevice_bd_trough_ball_missing'====== Args={'balls': 1}
2023-04-14 11:06:31,603 : INFO : EventManager : Event: ======'balldevice_ball_missing'====== Args={'balls': 1, 'name': 'bd_trough'}
2023-04-14 11:06:31,605 : WARNING : ball_device.bd_trough : Ball disappeared while idle. This should not normally happen.
2023-04-14 11:06:31,605 : INFO : EventManager : Event: ======'balldevice_playfield_ball_enter'====== Args={'new_balls': 1, 'unclaimed_balls': 1, 'device': <playfield.playfield>}
2023-04-14 11:06:31,606 : INFO : EventManager : Event: ======'playfield_ball_count_change'====== Args={'balls': 3, 'change': 1}
2023-04-14 11:06:31,606 : INFO : ball_device.bd_trough : 1 ball(s) missing from device. Mechanical eject? False
2023-04-14 11:06:31,606 : INFO : EventManager : Event: ======'balldevice_bd_trough_ball_missing'====== Args={'balls': 1}
2023-04-14 11:06:31,607 : INFO : EventManager : Event: ======'balldevice_ball_missing'====== Args={'balls': 1, 'name': 'bd_trough'}
2023-04-14 11:06:31,607 : WARNING : ball_device.bd_trough : Ball disappeared while idle. This should not normally happen.
2023-04-14 11:06:31,607 : INFO : EventManager : Event: ======'balldevice_playfield_ball_enter'====== Args={'new_balls': 1, 'unclaimed_balls': 1, 'device': <playfield.playfield>}
2023-04-14 11:06:31,607 : INFO : EventManager : Event: ======'playfield_ball_count_change'====== Args={'balls': 4, 'change': 1}
2023-04-14 11:06:31,607 : INFO : ball_device.bd_trough : 1 ball(s) missing from device. Mechanical eject? False
2023-04-14 11:06:31,608 : INFO : EventManager : Event: ======'balldevice_bd_trough_ball_missing'====== Args={'balls': 1}
2023-04-14 11:06:31,608 : INFO : EventManager : Event: ======'balldevice_ball_missing'====== Args={'balls': 1, 'name': 'bd_trough'}
2023-04-14 11:06:56,667 : INFO : Machine : Shutting down...
2023-04-14 11:06:56,667 : INFO : EventManager : Event: ======'shutdown'====== Args={}
2023-04-14 11:06:56,670 : INFO : root : MPF run loop ended.
