2023-03-28 11:26:19,805 : kivy : Factory: 189 symbols loaded
2023-03-28 11:26:20,015 : kivy : ImageLoaderFFPy: Using ffpyplayer 4.3.5
2023-03-28 11:26:20,016 : kivy : Image: Providers: img_tex, img_dds, img_sdl2, img_pil, img_ffpyplayer 
2023-03-28 11:26:20,075 : kivy : VideoGstplayer: Using Gstreamer 1.18.5.0
2023-03-28 11:26:20,076 : kivy : Video: Provider: gstplayer
2023-03-28 11:26:20,248 : kivy : Loading MPF-MC controller
2023-03-28 11:26:20,253 : YamlMultifileConfigLoader : Machine config file #1: config
2023-03-28 11:26:20,255 : ConfigProcessor : Config file in cache changed: C:\Users\digidev\source\Pinball_Three-Amigos\config\config
2023-03-28 11:26:20,259 : ConfigProcessor : Loading config from file C:\Users\digidev\.local\pipx\venvs\mpf\lib\site-packages\mpfmc\mcconfig.yaml.
2023-03-28 11:26:20,299 : ConfigProcessor : Loading config: C:\Users\digidev\.local\pipx\venvs\mpf\lib\site-packages\mpfmc\mcconfig.yaml
2023-03-28 11:26:20,300 : ConfigProcessor : Loading config from file C:\Users\digidev\source\Pinball_Three-Amigos\config\config.
2023-03-28 11:26:20,305 : ConfigProcessor : Loading config: C:\Users\digidev\source\Pinball_Three-Amigos\config\config
2023-03-28 11:26:20,353 : ConfigProcessor : Loading config: C:\Users\digidev\source\Pinball_Three-Amigos\config\hardware.yaml
2023-03-28 11:26:20,359 : ConfigProcessor : Loading config: C:\Users\digidev\source\Pinball_Three-Amigos\config\keyboard.yaml
2023-03-28 11:26:20,362 : ConfigProcessor : Config file cache created: C:\Users\digidev\AppData\Local\Temp\cb5b51b22bd45492aca32735a8adc5f5.mpf_cache
2023-03-28 11:26:20,364 : ConfigProcessor : Loading config from cache: C:\Users\digidev\AppData\Local\Temp\ae663e8f24481bd52f7f5e9610d87d3b.mpf_cache
2023-03-28 11:26:20,365 : ConfigProcessor : Loading config from cache: C:\Users\digidev\AppData\Local\Temp\d7dbd5ece0283f90787e254e6a383d33.mpf_cache
2023-03-28 11:26:20,366 : mpfmc : Mission Pinball Framework Media Controller v0.56.1
2023-03-28 11:26:20,366 : mpfmc : Mission Pinball Framework Game Engine v0.56.0
2023-03-28 11:26:20,367 : mpfmc : Machine path: C:\Users\digidev\source\Pinball_Three-Amigos
2023-03-28 11:26:20,367 : mpfmc : Starting clock at 60.0Hz
2023-03-28 11:26:20,387 : kivy : Text: Provider: sdl2
2023-03-28 11:26:20,452 : kivy : Window: Provider: sdl2
2023-03-28 11:26:20,569 : kivy : GL: Using the "OpenGL" graphics system
2023-03-28 11:26:20,570 : kivy : GL: GLEW initialization succeeded
2023-03-28 11:26:20,571 : kivy : GL: Backend used <glew>
2023-03-28 11:26:20,577 : kivy : GL: OpenGL version <b'4.3.0 - Build 20.19.15.4531'>
2023-03-28 11:26:20,577 : kivy : GL: OpenGL vendor <b'Intel'>
2023-03-28 11:26:20,578 : kivy : GL: OpenGL renderer <b'Intel(R) HD Graphics 4600'>
2023-03-28 11:26:20,579 : kivy : GL: OpenGL parsed version: 4, 3
2023-03-28 11:26:20,581 : kivy : GL: Shading version <b'4.30 - Build 20.19.15.4531'>
2023-03-28 11:26:20,583 : kivy : GL: Texture max size <16384>
2023-03-28 11:26:20,583 : kivy : GL: Texture max units <32>
2023-03-28 11:26:20,619 : kivy : Window: auto add sdl2 input provider
2023-03-28 11:26:20,621 : kivy : Window: virtual keyboard not allowed, single mode, not docked
2023-03-28 11:26:20,639 : SoundSystem : SoundSystem: Using default 'sound_system' settings
2023-03-28 11:26:20,964 : AudioInterface : Initialized
2023-03-28 11:26:20,964 : AudioInterface : Loaded SDL 2.0.20
2023-03-28 11:26:20,966 : AudioInterface : Loaded SDL_Mixer 2.0.4
2023-03-28 11:26:20,972 : AudioInterface : Loaded GStreamer 1.18.5.0
2023-03-28 11:26:20,972 : AudioInterface : Loaded GLib 2.62.6
2023-03-28 11:26:20,973 : AudioInterface : Settings requested - rate: 44100, channels: 1, buffer: 2048 samples
2023-03-28 11:26:20,973 : AudioInterface : Settings in use - rate: 44100, channels: 1, buffer: 2048 samples (4096 bytes @ 2 bytes per sample)
2023-03-28 11:26:20,974 : SoundSystem : No audio tracks are specified in your machine config file. a track named 'default' has been created.
2023-03-28 11:26:20,974 : SoundSystem : Setting master volume to 0.0
2023-03-28 11:26:20,975 : SoundSystem : master_volume in sound_system is deprecated and will be removed in the future.
2023-03-28 11:26:20,975 : AudioInterface : Enabling audio playback
2023-03-28 11:26:20,983 : kivy : Base: Start application main loop
2023-03-28 11:26:20,984 : EventManager : Event: ======'display_window_initialized'====== Args={}
2023-03-28 11:26:21,008 : mpfmc : Display: Setting 'window' as default display
2023-03-28 11:26:21,018 : mpfmc : ASPECT RATIO MISMATCH: The on-screen window is not the same aspect ratio as the display called 'window'. The logical display will be scaled from 1366x768 to the window size 800x600, and a black bar will make up the difference
2023-03-28 11:26:21,021 : EventManager : Event: ======'displays_initialized'====== Args={}
2023-03-28 11:26:21,023 : EventManager : Event: ======'slide_window_blank_created'====== Args={}
2023-03-28 11:26:21,025 : EventManager : Event: ======'display_window_ready'====== Args={}
2023-03-28 11:26:21,047 : EventManager : Event: ======'init_phase_1'====== Args={}
2023-03-28 11:26:21,051 : EventManager : Event: ======'mc_ready'====== Args={}
2023-03-28 11:26:21,052 : EventManager : Event: ======'init_phase_2'====== Args={}
2023-03-28 11:26:21,054 : EventManager : Event: ======'init_phase_3'====== Args={}
2023-03-28 11:26:21,055 : EventManager : Event: ======'init_phase_4'====== Args={}
2023-03-28 11:26:21,055 : EventManager : Event: ======'init_phase_5'====== Args={}
2023-03-28 11:26:21,076 : kivy : GL: NPOT texture support is available
2023-03-28 11:26:21,086 : kivy : GL: Unpack subimage support is available
2023-03-28 11:26:21,093 : EventManager : Event: ======'loading_assets'====== Args={'total': 1, 'loaded': 1, 'remaining': 0, 'percent': 100}
2023-03-28 11:26:21,093 : AssetManager : Asset loading took: 0.1169285774230957
2023-03-28 11:26:21,094 : EventManager : Event: ======'asset_loading_complete'====== Args={}
2023-03-28 11:26:21,095 : AssetManager : Loading assets: 1/1 (100%)
2023-03-28 11:26:21,095 : EventManager : Event: ======'init_done'====== Args={}
2023-03-28 11:26:21,099 : MPF-MC BCP Server : Starting up on localhost port 5050
2023-03-28 11:26:21,106 : MPF-MC BCP Server : Waiting for a connection...
2023-03-28 11:26:21,107 : mpfmc : SlidePlayer: Play called with settings={'slides': {welcome_slide-None-None: {'priority': None, 'target': None, 'background_color': [0.0, 0.0, 0.0, 1.0], 'show': True, 'force': False, 'expire': None, 'slide': None, 'tokens': {}, 'action': 'play', 'transition': None, 'transition_out': None}}}
2023-03-28 11:26:21,114 : EventManager : Event: ======'slide_welcome_slide_created'====== Args={}
2023-03-28 11:26:21,114 : EventManager : Event: ======'slide_welcome_slide_active'====== Args={}
2023-03-28 11:26:21,118 : EventManager : Event: ======'client_disconnected'====== Args={'host': '127.0.0.1', 'port': 5050}
2023-03-28 11:26:21,871 : MPF-MC BCP Server : Received connection from: 127.0.0.1:59287
2023-03-28 11:26:21,875 : EventManager : Event: ======'client_connected'====== Args={'host': '127.0.0.1', 'port': 59287}
2023-03-28 11:26:21,922 : EventManager : Event: ======'machine_var_credits_string'====== Args={'value': 'FREE PLAY', 'prev_value': None, 'change': True}
2023-03-28 11:26:21,923 : EventManager : Event: ======'machine_var_master_volume'====== Args={'value': 0.5, 'prev_value': None, 'change': True}
2023-03-28 11:26:21,930 : EventManager : Event: ======'machine_var_mpf_version'====== Args={'value': 'MPF v0.56.0', 'prev_value': None, 'change': True}
2023-03-28 11:26:21,931 : EventManager : Event: ======'machine_var_mpf_extended_version'====== Args={'value': 'MPF v0.56.0, Config version:5, Show version: 5, BCP version:1.1', 'prev_value': None, 'change': True}
2023-03-28 11:26:21,933 : EventManager : Event: ======'machine_var_python_version'====== Args={'value': '3.9.13', 'prev_value': None, 'change': True}
2023-03-28 11:26:21,934 : EventManager : Event: ======'machine_var_platform'====== Args={'value': 'Windows-10-10.0.19044-SP0', 'prev_value': None, 'change': True}
2023-03-28 11:26:21,941 : EventManager : Event: ======'machine_var_platform_system'====== Args={'value': 'Windows', 'prev_value': None, 'change': True}
2023-03-28 11:26:21,943 : EventManager : Event: ======'machine_var_platform_release'====== Args={'value': '10', 'prev_value': None, 'change': True}
2023-03-28 11:26:21,944 : EventManager : Event: ======'machine_var_platform_version'====== Args={'value': '10.0.19044', 'prev_value': None, 'change': True}
2023-03-28 11:26:21,946 : EventManager : Event: ======'machine_var_platform_machine'====== Args={'value': 'AMD64', 'prev_value': None, 'change': True}
2023-03-28 11:26:21,947 : EventManager : Event: ======'machine_var_mc_version'====== Args={'value': 'MPF-MC v0.56.1', 'prev_value': None, 'change': True}
2023-03-28 11:26:21,948 : EventManager : Event: ======'machine_var_mc_extended_version'====== Args={'value': 'MPF-MC v0.56.1 (config_version=5, BCP v1.1,                      Requires MPF API compatibility v0.56.0 or newer)', 'prev_value': None, 'change': True}
2023-03-28 11:26:21,949 : EventManager : Event: ======'machine_var_audits_switches_s_left_flipper'====== Args={'value': 0, 'prev_value': None, 'change': True}
2023-03-28 11:26:21,957 : EventManager : Event: ======'machine_var_audits_switches_s_right_flipper'====== Args={'value': 0, 'prev_value': None, 'change': True}
2023-03-28 11:26:21,959 : EventManager : Event: ======'machine_var_audits_switches_s_trough1'====== Args={'value': 0, 'prev_value': None, 'change': True}
2023-03-28 11:26:21,960 : EventManager : Event: ======'machine_var_audits_switches_s_trough2'====== Args={'value': 0, 'prev_value': None, 'change': True}
2023-03-28 11:26:21,962 : EventManager : Event: ======'machine_var_audits_switches_s_trough3'====== Args={'value': 0, 'prev_value': None, 'change': True}
2023-03-28 11:26:21,963 : EventManager : Event: ======'machine_var_audits_switches_s_trough4'====== Args={'value': 0, 'prev_value': None, 'change': True}
2023-03-28 11:26:21,964 : EventManager : Event: ======'machine_var_audits_switches_s_trough_jam'====== Args={'value': 0, 'prev_value': None, 'change': True}
2023-03-28 11:26:21,965 : EventManager : Event: ======'machine_var_audits_switches_s_plunger_lane'====== Args={'value': 0, 'prev_value': None, 'change': True}
2023-03-28 11:26:21,974 : EventManager : Event: ======'machine_var_audits_switches_s_start'====== Args={'value': 0, 'prev_value': None, 'change': True}
2023-03-28 11:26:21,975 : EventManager : Event: ======'machine_var_audits_switches_s_left_slingshot'====== Args={'value': 0, 'prev_value': None, 'change': True}
2023-03-28 11:26:21,976 : EventManager : Event: ======'machine_var_audits_switches_s_right_slingshot'====== Args={'value': 0, 'prev_value': None, 'change': True}
2023-03-28 11:26:21,979 : EventManager : Event: ======'machine_var_audits_switches_s_drop_target_left'====== Args={'value': 0, 'prev_value': None, 'change': True}
2023-03-28 11:26:21,980 : EventManager : Event: ======'machine_var_audits_switches_s_drop_target_middle'====== Args={'value': 0, 'prev_value': None, 'change': True}
2023-03-28 11:26:21,981 : EventManager : Event: ======'machine_var_audits_switches_s_drop_target_right'====== Args={'value': 0, 'prev_value': None, 'change': True}
2023-03-28 11:26:21,981 : EventManager : Event: ======'machine_var_audits_switches_s_tilt'====== Args={'value': 0, 'prev_value': None, 'change': True}
2023-03-28 11:26:21,985 : EventManager : Event: ======'machine_var_audits_events_game_started'====== Args={'value': 0, 'prev_value': None, 'change': True}
2023-03-28 11:26:21,989 : EventManager : Event: ======'machine_var_audits_events_game_ended'====== Args={'value': 0, 'prev_value': None, 'change': True}
2023-03-28 11:26:21,990 : EventManager : Event: ======'machine_var_audits_player_score'====== Args={'value': {'top': [], 'average': 0, 'total': 0}, 'prev_value': None, 'change': True}
2023-03-28 11:26:21,991 : EventManager : Event: ======'slides_play'====== Args={'settings': {'welcome_slide': {'target': None, 'background_color': [0.0, 0.0, 0.0, 1.0], 'priority': None, 'show': True, 'force': False, 'expire': None, 'slide': None, 'tokens': {}, 'action': 'play'}}, 'context': '_global', 'calling_context': 'init_done', 'priority': 0}
2023-03-28 11:26:21,992 : EventManager : Event: ======'mc_reset_phase_1'====== Args={}
2023-03-28 11:26:21,992 : SoundSystem : Setting master volume to 0.5
2023-03-28 11:26:21,993 : mpfmc : SlidePlayer: Play called with settings={'welcome_slide': {'target': None, 'background_color': [0.0, 0.0, 0.0, 1.0], 'priority': None, 'show': True, 'force': False, 'expire': None, 'slide': None, 'tokens': {}, 'action': 'play'}}
2023-03-28 11:26:21,994 : EventManager : Event: ======'slide_welcome_slide_removed'====== Args={}
2023-03-28 11:26:21,998 : EventManager : Event: ======'slide_welcome_slide_created'====== Args={}
2023-03-28 11:26:22,002 : EventManager : Event: ======'mc_reset_phase_2'====== Args={}
2023-03-28 11:26:22,006 : EventManager : Event: ======'mc_reset_phase_3'====== Args={}
2023-03-28 11:26:22,007 : EventManager : Event: ======'mc_reset_complete'====== Args={}
2023-03-28 11:26:22,008 : EventManager : Event: ======'slide_welcome_slide_active'====== Args={}
2023-03-28 11:26:22,032 : EventManager : Event: ======'slides_play'====== Args={'settings': {'attract_started': {'target': None, 'background_color': [0.0, 0.0, 0.0, 1.0], 'priority': None, 'show': True, 'force': False, 'expire': None, 'slide': None, 'tokens': {}, 'action': 'play'}}, 'context': '_global', 'calling_context': 'mode_attract_started', 'priority': 0}
2023-03-28 11:26:22,033 : mpfmc : SlidePlayer: Play called with settings={'attract_started': {'target': None, 'background_color': [0.0, 0.0, 0.0, 1.0], 'priority': None, 'show': True, 'force': False, 'expire': None, 'slide': None, 'tokens': {}, 'action': 'play'}}
2023-03-28 11:26:22,045 : EventManager : Event: ======'slide_attract_started_created'====== Args={}
2023-03-28 11:26:22,047 : EventManager : Event: ======'slide_attract_started_active'====== Args={}
2023-03-28 11:27:50,682 : kivy : Base: Leaving application in progress...
2023-03-28 11:27:50,915 : mpfmc : Stopping...
2023-03-28 11:27:50,915 : EventManager : Event: ======'shutdown'====== Args={}
2023-03-28 11:27:50,917 : AudioInterface : Disabling audio playback
2023-03-28 11:27:50,917 : mpfmc : Loop rate 78.58 Hz
2023-03-28 11:27:50,923 : kivy : MC run loop ended.
2023-03-28 11:27:50,924 : kivy : Stopping child threads... (3 remaining)
2023-03-28 11:27:51,064 : mpfmc : Stopping...
2023-03-28 11:27:51,064 : EventManager : Event: ======'shutdown'====== Args={}
2023-03-28 11:27:51,069 : mpfmc : Loop rate 78.45 Hz
2023-03-28 11:27:51,130 : MPF-MC BCP Server : Stopping BCP sending thread
2023-03-28 11:27:51,226 : kivy : All child threads stopped.
