2023-04-13 22:08:54,149 : INFO : root : Loading config.
2023-04-13 22:08:54,602 : INFO : ConfigProcessor : Config spec file cache created: C:\Users\digidev\AppData\Local\Temp\config_spec.mpf_cache
2023-04-13 22:08:54,602 : INFO : YamlMultifileConfigLoader : Machine config file #1: config.yaml
2023-04-13 22:08:54,602 : INFO : ConfigProcessor : Loading config from file c:\users\digidev\appdata\local\programs\python\python37\lib\site-packages\mpf\mpfconfig.yaml.
2023-04-13 22:08:54,712 : INFO : ConfigProcessor : Loading config: c:\users\digidev\appdata\local\programs\python\python37\lib\site-packages\mpf\mpfconfig.yaml
2023-04-13 22:08:54,712 : INFO : ConfigProcessor : Loading config from file C:\Users\digidev\source\Pinball_Three-Amigos\config\config.yaml.
2023-04-13 22:08:54,712 : INFO : ConfigProcessor : Loading config: C:\Users\digidev\source\Pinball_Three-Amigos\config\config.yaml
2023-04-13 22:08:54,774 : INFO : ConfigProcessor : Loading config: C:\Users\digidev\source\Pinball_Three-Amigos\config\hardware.yaml
2023-04-13 22:08:54,805 : INFO : ConfigProcessor : Loading config: C:\Users\digidev\source\Pinball_Three-Amigos\config\keyboard.yaml
2023-04-13 22:08:54,805 : INFO : ConfigProcessor : Config file cache created: C:\Users\digidev\AppData\Local\Temp\02a419de2b33454b673806682c00b740.mpf_cache
2023-04-13 22:08:55,196 : INFO : ConfigProcessor : Loading config from file c:\users\digidev\appdata\local\programs\python\python37\lib\site-packages\mpf\modes\attract\config\attract.yaml.
2023-04-13 22:08:55,203 : INFO : ConfigProcessor : Loading config: c:\users\digidev\appdata\local\programs\python\python37\lib\site-packages\mpf\modes\attract\config\attract.yaml
2023-04-13 22:08:55,204 : INFO : ConfigProcessor : Config file cache created: C:\Users\digidev\AppData\Local\Temp\e10c931dc18d80379143a09443f0855e.mpf_cache
2023-04-13 22:08:55,204 : INFO : ConfigProcessor : Loading config from file c:\users\digidev\appdata\local\programs\python\python37\lib\site-packages\mpf\modes\game\config\game.yaml.
2023-04-13 22:08:55,212 : INFO : ConfigProcessor : Loading config: c:\users\digidev\appdata\local\programs\python\python37\lib\site-packages\mpf\modes\game\config\game.yaml
2023-04-13 22:08:55,213 : INFO : ConfigProcessor : Config file cache created: C:\Users\digidev\AppData\Local\Temp\dfc215c2101357f1268429d195cf05eb.mpf_cache
2023-04-13 22:08:55,214 : INFO : Machine : Mission Pinball Framework Core Engine v0.55.0
2023-04-13 22:08:55,214 : INFO : Machine : Command line arguments: {'no_load_cache': False, 'create_config_cache': True, 'bcp': True, 'configfile': ['config.yaml'], 'force_assets_load': False, 'jsonlogging': False, 'logfile': 'logs\\2023-04-13-22-08-54-mpf-DESKTOP-JGO3PQG.log', 'pause': False, 'production': False, 'text_ui': True, 'loglevel': 15, 'consoleloglevel': 20, 'force_platform': 'virtual', 'syslog_address': None, 'mc_file_name': None, 'no_sound': False}
2023-04-13 22:08:55,215 : INFO : Machine : MPF path: c:\users\digidev\appdata\local\programs\python\python37\lib\site-packages\mpf
2023-04-13 22:08:55,215 : INFO : Machine : Machine path: C:\Users\digidev\source\Pinball_Three-Amigos
2023-04-13 22:08:55,215 : INFO : Machine : Platform: win32
2023-04-13 22:08:55,215 : INFO : Machine : Python executable location: c:\users\digidev\appdata\local\programs\python\python37\python.exe
2023-04-13 22:08:55,215 : INFO : Machine : Python version: 3.7.9 (64-bit)
2023-04-13 22:08:55,217 : INFO : Machine : Initialise MPF.
2023-04-13 22:08:55,265 : INFO : EventManager : Event: ======'machine_var_credits_string'====== Args={'value': 'FREE PLAY', 'prev_value': None, 'change': True}
2023-04-13 22:08:55,348 : INFO : EventManager : Event: ======'machine_var_master_volume'====== Args={'value': 0.5, 'prev_value': None, 'change': True}
2023-04-13 22:08:55,348 : INFO : EventManager : Event: ======'machine_var_mpf_version'====== Args={'value': 'MPF v0.55.0', 'prev_value': None, 'change': True}
2023-04-13 22:08:55,348 : INFO : EventManager : Event: ======'machine_var_mpf_extended_version'====== Args={'value': 'MPF v0.55.0, Config version:5, Show version: 5, BCP version:1.1', 'prev_value': None, 'change': True}
2023-04-13 22:08:55,348 : INFO : EventManager : Event: ======'machine_var_python_version'====== Args={'value': '3.7.9', 'prev_value': None, 'change': True}
2023-04-13 22:08:55,349 : INFO : EventManager : Event: ======'machine_var_platform'====== Args={'value': 'Windows-10-10.0.19041-SP0', 'prev_value': None, 'change': True}
2023-04-13 22:08:55,349 : INFO : EventManager : Event: ======'machine_var_platform_system'====== Args={'value': 'Windows', 'prev_value': None, 'change': True}
2023-04-13 22:08:55,349 : INFO : EventManager : Event: ======'machine_var_platform_release'====== Args={'value': '10', 'prev_value': None, 'change': True}
2023-04-13 22:08:55,349 : INFO : EventManager : Event: ======'machine_var_platform_version'====== Args={'value': '10.0.19041', 'prev_value': None, 'change': True}
2023-04-13 22:08:55,350 : INFO : EventManager : Event: ======'machine_var_platform_machine'====== Args={'value': 'AMD64', 'prev_value': None, 'change': True}
2023-04-13 22:08:55,350 : INFO : EventManager : Event: ======'init_phase_1'====== Args={}
2023-04-13 22:08:55,382 : INFO : EventManager : Event: ======'drop_target_bank_dt_bank_up'====== Args={}
2023-04-13 22:08:55,383 : INFO : EventManager : Event: ======'init_phase_2'====== Args={}
2023-04-13 22:08:55,386 : INFO : EventManager : Event: ======'bcp_connection_attempt'====== Args={'name': 'local_display', 'host': 'localhost', 'port': 5050}
2023-04-13 22:08:55,388 : INFO : BCPClientSocket : Connecting BCP to 'local_display' at localhost:5050...
2023-04-13 22:09:02,143 : INFO : BCPClientSocket : Connected BCP to 'local_display' localhost:5050
2023-04-13 22:09:02,145 : INFO : EventManager : Event: ======'bcp_clients_connected'====== Args={}
2023-04-13 22:09:02,148 : INFO : ball_device.bd_trough : BCH: Initial count: 0
2023-04-13 22:09:02,149 : INFO : ball_device.bd_trough : State: idle
2023-04-13 22:09:02,150 : INFO : ball_device.bd_plunger : BCH: Initial count: 0
2023-04-13 22:09:02,151 : INFO : ball_device.bd_plunger : State: idle
2023-04-13 22:09:02,175 : INFO : EventManager : Event: ======'init_phase_3'====== Args={}
2023-04-13 22:09:02,177 : INFO : EventManager : Event: ======'machine_var_mc_version'====== Args={'value': 'MPF-MC v0.55.0', 'prev_value': None, 'change': True}
2023-04-13 22:09:02,178 : INFO : EventManager : Event: ======'machine_var_mc_extended_version'====== Args={'value': 'MPF-MC v0.55.0 (config_version=5, BCP v1.1, Requires MPF v0.55.0-dev.49)', 'prev_value': None, 'change': True}
2023-04-13 22:09:02,192 : INFO : EventManager : Event: ======'init_phase_4'====== Args={}
2023-04-13 22:09:02,192 : INFO : EventManager : Event: ======'playfield_active'====== Args={}
2023-04-13 22:09:02,193 : INFO : EventManager : Event: ======'unexpected_ball_on_playfield'====== Args={}
2023-04-13 22:09:02,193 : INFO : EventManager : Event: ======'playfield_active'====== Args={}
2023-04-13 22:09:02,193 : INFO : EventManager : Event: ======'unexpected_ball_on_playfield'====== Args={}
2023-04-13 22:09:02,194 : INFO : EventManager : Event: ======'playfield_active'====== Args={}
2023-04-13 22:09:02,194 : INFO : EventManager : Event: ======'unexpected_ball_on_playfield'====== Args={}
2023-04-13 22:09:02,195 : INFO : BallController : Initial balls found: 0
2023-04-13 22:09:02,197 : INFO : EventManager : Event: ======'machine_var_audits_switches_s_left_flipper'====== Args={'value': 0, 'prev_value': None, 'change': True}
2023-04-13 22:09:02,198 : INFO : EventManager : Event: ======'machine_var_audits_switches_s_right_flipper'====== Args={'value': 0, 'prev_value': None, 'change': True}
2023-04-13 22:09:02,198 : INFO : EventManager : Event: ======'machine_var_audits_switches_s_trough1'====== Args={'value': 0, 'prev_value': None, 'change': True}
2023-04-13 22:09:02,199 : INFO : EventManager : Event: ======'machine_var_audits_switches_s_trough2'====== Args={'value': 0, 'prev_value': None, 'change': True}
2023-04-13 22:09:02,200 : INFO : EventManager : Event: ======'machine_var_audits_switches_s_trough3'====== Args={'value': 0, 'prev_value': None, 'change': True}
2023-04-13 22:09:02,200 : INFO : EventManager : Event: ======'machine_var_audits_switches_s_trough4'====== Args={'value': 0, 'prev_value': None, 'change': True}
2023-04-13 22:09:02,201 : INFO : EventManager : Event: ======'machine_var_audits_switches_s_trough_jam'====== Args={'value': 0, 'prev_value': None, 'change': True}
2023-04-13 22:09:02,201 : INFO : EventManager : Event: ======'machine_var_audits_switches_s_plunger_lane'====== Args={'value': 0, 'prev_value': None, 'change': True}
2023-04-13 22:09:02,202 : INFO : EventManager : Event: ======'machine_var_audits_switches_s_start'====== Args={'value': 0, 'prev_value': None, 'change': True}
2023-04-13 22:09:02,203 : INFO : EventManager : Event: ======'machine_var_audits_switches_s_left_slingshot'====== Args={'value': 0, 'prev_value': None, 'change': True}
2023-04-13 22:09:02,203 : INFO : EventManager : Event: ======'machine_var_audits_switches_s_right_slingshot'====== Args={'value': 0, 'prev_value': None, 'change': True}
2023-04-13 22:09:02,204 : INFO : EventManager : Event: ======'machine_var_audits_switches_s_drop_target_left'====== Args={'value': 0, 'prev_value': None, 'change': True}
2023-04-13 22:09:02,204 : INFO : EventManager : Event: ======'machine_var_audits_switches_s_drop_target_middle'====== Args={'value': 0, 'prev_value': None, 'change': True}
2023-04-13 22:09:02,205 : INFO : EventManager : Event: ======'machine_var_audits_switches_s_drop_target_right'====== Args={'value': 0, 'prev_value': None, 'change': True}
2023-04-13 22:09:02,206 : INFO : EventManager : Event: ======'machine_var_audits_switches_s_tilt'====== Args={'value': 0, 'prev_value': None, 'change': True}
2023-04-13 22:09:02,206 : INFO : EventManager : Event: ======'machine_var_audits_events_game_started'====== Args={'value': 0, 'prev_value': None, 'change': True}
2023-04-13 22:09:02,207 : INFO : EventManager : Event: ======'machine_var_audits_events_game_ended'====== Args={'value': 0, 'prev_value': None, 'change': True}
2023-04-13 22:09:02,208 : INFO : EventManager : Event: ======'machine_var_audits_player_score'====== Args={'value': {'top': [], 'average': 0, 'total': 0}, 'prev_value': None, 'change': True}
2023-04-13 22:09:02,209 : INFO : EventManager : Event: ======'init_phase_5'====== Args={}
2023-04-13 22:09:02,209 : INFO : EventManager : Event: ======'init_done'====== Args={}
2023-04-13 22:09:02,210 : INFO : EventManager : Event: ======'machine_reset_phase_1'====== Args={}
2023-04-13 22:09:02,217 : INFO : EventManager : Event: ======'slide_welcome_slide_removed'====== Args={'_from_bcp': True}
2023-04-13 22:09:02,218 : INFO : EventManager : Event: ======'slide_welcome_slide_created'====== Args={'_from_bcp': True}
2023-04-13 22:09:02,224 : INFO : EventManager : Event: ======'slide_welcome_slide_active'====== Args={'_from_bcp': True}
2023-04-13 22:09:02,229 : INFO : EventManager : Event: ======'machine_reset_phase_2'====== Args={}
2023-04-13 22:09:02,230 : INFO : EventManager : Event: ======'machine_reset_phase_3'====== Args={}
2023-04-13 22:09:02,231 : INFO : EventManager : Event: ======'reset_complete'====== Args={}
2023-04-13 22:09:02,232 : INFO : EventManager : Event: ======'mode_attract_will_start'====== Args={}
2023-04-13 22:09:02,233 : INFO : EventManager : Event: ======'mode_attract_starting'====== Args={}
2023-04-13 22:09:02,233 : INFO : Mode.attract : Started. Priority: 10
2023-04-13 22:09:02,233 : INFO : EventManager : Event: ======'modes_active_modes_changed'====== Args={}
2023-04-13 22:09:02,233 : INFO : EventManager : Event: ======'mode_attract_started'====== Args={}
2023-04-13 22:09:02,235 : INFO : EventManager : Event: ======'collecting_balls_complete'====== Args={}
2023-04-13 22:09:02,235 : INFO : Machine : Starting the main run loop.
2023-04-13 22:09:02,257 : INFO : EventManager : Event: ======'slide_attract_started_created'====== Args={'_from_bcp': True}
2023-04-13 22:09:02,258 : INFO : EventManager : Event: ======'slide_attract_started_active'====== Args={'_from_bcp': True}
2023-04-13 22:09:19,248 : INFO : Machine : Shutting down...
2023-04-13 22:09:19,248 : INFO : EventManager : Event: ======'shutdown'====== Args={}
2023-04-13 22:09:19,248 : INFO : root : MPF run loop ended.
