2023-03-23 21:38:26,286 : INFO : root : Loading config.
2023-03-23 21:38:26,290 : INFO : YamlMultifileConfigLoader : Machine config file #1: config.yaml
2023-03-23 21:38:26,291 : INFO : ConfigProcessor : Loading config from file C:\Users\digidev\.local\pipx\venvs\mpf\lib\site-packages\mpf\mpfconfig.yaml.
2023-03-23 21:38:26,375 : INFO : ConfigProcessor : Loading config: C:\Users\digidev\.local\pipx\venvs\mpf\lib\site-packages\mpf\mpfconfig.yaml
2023-03-23 21:38:26,375 : INFO : ConfigProcessor : Loading config from file C:\Users\digidev\source\Pinball_Three-Amigos\config\config.yaml.
2023-03-23 21:38:26,378 : INFO : ConfigProcessor : Config file cache created: C:\Users\digidev\AppData\Local\Temp\207a4012de915441e2519cedb288d8b5.mpf_cache
2023-03-23 21:38:26,500 : INFO : ConfigProcessor : Loading config from cache: C:\Users\digidev\AppData\Local\Temp\ae663e8f24481bd52f7f5e9610d87d3b.mpf_cache
2023-03-23 21:38:26,501 : INFO : ConfigProcessor : Loading config from cache: C:\Users\digidev\AppData\Local\Temp\d7dbd5ece0283f90787e254e6a383d33.mpf_cache
2023-03-23 21:38:26,502 : INFO : Machine : Mission Pinball Framework Core Engine v0.56.0
2023-03-23 21:38:26,503 : INFO : Machine : Command line arguments: {'no_load_cache': False, 'create_config_cache': True, 'bcp': False, 'configfile': ['config.yaml'], 'force_assets_load': False, 'jsonlogging': False, 'logfile': 'logs\\2023-03-23-21-38-26-mpf-DESKTOP-JGO3PQG.log', 'pause': False, 'production': False, 'text_ui': True, 'loglevel': 15, 'consoleloglevel': 20, 'force_platform': None, 'syslog_address': None, 'mc_file_name': None, 'no_sound': False}
2023-03-23 21:38:26,503 : INFO : Machine : MPF path: C:\Users\digidev\.local\pipx\venvs\mpf\lib\site-packages\mpf
2023-03-23 21:38:26,503 : INFO : Machine : Machine path: C:\Users\digidev\source\Pinball_Three-Amigos
2023-03-23 21:38:26,503 : INFO : Machine : Platform: win32
2023-03-23 21:38:26,503 : INFO : Machine : Python executable location: C:\Users\digidev\.local\pipx\venvs\mpf\Scripts\python.exe
2023-03-23 21:38:26,503 : INFO : Machine : Python version: 3.9.13 (64-bit)
2023-03-23 21:38:26,505 : INFO : Machine : Initialise MPF.
2023-03-23 21:38:26,779 : INFO : EventManager : Event: ======'machine_var_credits_string'====== Args={'value': 'FREE PLAY', 'prev_value': None, 'change': True}
2023-03-23 21:38:26,868 : INFO : EventManager : Event: ======'machine_var_master_volume'====== Args={'value': 0.5, 'prev_value': None, 'change': True}
2023-03-23 21:38:26,869 : INFO : EventManager : Event: ======'machine_var_mpf_version'====== Args={'value': 'MPF v0.56.0', 'prev_value': None, 'change': True}
2023-03-23 21:38:26,869 : INFO : EventManager : Event: ======'machine_var_mpf_extended_version'====== Args={'value': 'MPF v0.56.0, Config version:5, Show version: 5, BCP version:1.1', 'prev_value': None, 'change': True}
2023-03-23 21:38:26,869 : INFO : EventManager : Event: ======'machine_var_python_version'====== Args={'value': '3.9.13', 'prev_value': None, 'change': True}
2023-03-23 21:38:26,884 : INFO : EventManager : Event: ======'machine_var_platform'====== Args={'value': 'Windows-10-10.0.19044-SP0', 'prev_value': None, 'change': True}
2023-03-23 21:38:26,884 : INFO : EventManager : Event: ======'machine_var_platform_system'====== Args={'value': 'Windows', 'prev_value': None, 'change': True}
2023-03-23 21:38:26,884 : INFO : EventManager : Event: ======'machine_var_platform_release'====== Args={'value': '10', 'prev_value': None, 'change': True}
2023-03-23 21:38:26,884 : INFO : EventManager : Event: ======'machine_var_platform_version'====== Args={'value': '10.0.19044', 'prev_value': None, 'change': True}
2023-03-23 21:38:26,884 : INFO : EventManager : Event: ======'machine_var_platform_machine'====== Args={'value': 'AMD64', 'prev_value': None, 'change': True}
2023-03-23 21:38:26,884 : INFO : EventManager : Event: ======'init_phase_1'====== Args={}
2023-03-23 21:38:26,896 : INFO : EventManager : Event: ======'init_phase_2'====== Args={}
2023-03-23 21:38:26,991 : INFO : EventManager : Event: ======'init_phase_3'====== Args={}
2023-03-23 21:38:26,999 : INFO : EventManager : Event: ======'init_phase_4'====== Args={}
2023-03-23 21:38:27,003 : INFO : EventManager : Event: ======'machine_var_audits_events_game_started'====== Args={'value': 0, 'prev_value': None, 'change': True}
2023-03-23 21:38:27,004 : INFO : EventManager : Event: ======'machine_var_audits_events_game_ended'====== Args={'value': 0, 'prev_value': None, 'change': True}
2023-03-23 21:38:27,004 : INFO : EventManager : Event: ======'machine_var_audits_player_score'====== Args={'value': {'top': [], 'average': 0, 'total': 0}, 'prev_value': None, 'change': True}
2023-03-23 21:38:27,005 : INFO : EventManager : Event: ======'init_phase_5'====== Args={}
2023-03-23 21:38:27,060 : INFO : EventManager : Event: ======'init_done'====== Args={}
2023-03-23 21:38:27,060 : INFO : EventManager : Event: ======'machine_reset_phase_1'====== Args={}
2023-03-23 21:38:27,060 : INFO : EventManager : Event: ======'machine_reset_phase_2'====== Args={}
2023-03-23 21:38:27,061 : INFO : EventManager : Event: ======'machine_reset_phase_3'====== Args={}
2023-03-23 21:38:27,061 : INFO : EventManager : Event: ======'reset_complete'====== Args={}
2023-03-23 21:38:27,061 : INFO : EventManager : Event: ======'mode_attract_will_start'====== Args={}
2023-03-23 21:38:27,061 : INFO : EventManager : Event: ======'mode_attract_starting'====== Args={}
2023-03-23 21:38:27,061 : INFO : Mode.attract : Started. Priority: 10
2023-03-23 21:38:27,062 : INFO : EventManager : Event: ======'modes_active_modes_changed'====== Args={}
2023-03-23 21:38:27,062 : INFO : EventManager : Event: ======'mode_attract_started'====== Args={}
2023-03-23 21:38:27,062 : INFO : EventManager : Event: ======'collecting_balls_complete'====== Args={}
2023-03-23 21:38:27,087 : INFO : Machine : Starting the main run loop.
