2023-03-26 14:51:10,265 : INFO : root : Loading config.
2023-03-26 14:51:10,265 : INFO : YamlMultifileConfigLoader : Machine config file #1: config.yaml
2023-03-26 14:51:10,265 : INFO : ConfigProcessor : Loading config from cache: C:\Users\digidev\AppData\Local\Temp\207a4012de915441e2519cedb288d8b5.mpf_cache
2023-03-26 14:51:10,390 : INFO : ConfigProcessor : Loading config from cache: C:\Users\digidev\AppData\Local\Temp\ae663e8f24481bd52f7f5e9610d87d3b.mpf_cache
2023-03-26 14:51:10,390 : INFO : ConfigProcessor : Loading config from cache: C:\Users\digidev\AppData\Local\Temp\d7dbd5ece0283f90787e254e6a383d33.mpf_cache
2023-03-26 14:51:10,390 : INFO : Machine : Mission Pinball Framework Core Engine v0.56.0
2023-03-26 14:51:10,390 : INFO : Machine : Command line arguments: {'no_load_cache': False, 'create_config_cache': True, 'bcp': True, 'configfile': ['config.yaml'], 'force_assets_load': False, 'jsonlogging': False, 'logfile': 'logs\\2023-03-26-14-51-10-mpf-DESKTOP-JGO3PQG.log', 'pause': False, 'production': False, 'text_ui': False, 'loglevel': 15, 'consoleloglevel': 20, 'force_platform': None, 'syslog_address': None, 'mc_file_name': None, 'no_sound': False}
2023-03-26 14:51:10,390 : INFO : Machine : MPF path: C:\Users\digidev\.local\pipx\venvs\mpf\lib\site-packages\mpf
2023-03-26 14:51:10,390 : INFO : Machine : Machine path: C:\Users\digidev\source\Pinball_Three-Amigos
2023-03-26 14:51:10,390 : INFO : Machine : Platform: win32
2023-03-26 14:51:10,390 : INFO : Machine : Python executable location: C:\Users\digidev\.local\pipx\venvs\mpf\Scripts\python.exe
2023-03-26 14:51:10,390 : INFO : Machine : Python version: 3.9.13 (64-bit)
2023-03-26 14:51:10,390 : INFO : Machine : Initialise MPF.
2023-03-26 14:51:10,531 : INFO : EventManager : Event: ======'machine_var_credits_string'====== Args={'value': 'FREE PLAY', 'prev_value': None, 'change': True}
2023-03-26 14:51:10,594 : INFO : EventManager : Event: ======'machine_var_master_volume'====== Args={'value': 0.5, 'prev_value': None, 'change': True}
2023-03-26 14:51:10,594 : INFO : EventManager : Event: ======'machine_var_mpf_version'====== Args={'value': 'MPF v0.56.0', 'prev_value': None, 'change': True}
2023-03-26 14:51:10,594 : INFO : EventManager : Event: ======'machine_var_mpf_extended_version'====== Args={'value': 'MPF v0.56.0, Config version:5, Show version: 5, BCP version:1.1', 'prev_value': None, 'change': True}
2023-03-26 14:51:10,594 : INFO : EventManager : Event: ======'machine_var_python_version'====== Args={'value': '3.9.13', 'prev_value': None, 'change': True}
2023-03-26 14:51:10,609 : INFO : EventManager : Event: ======'machine_var_platform'====== Args={'value': 'Windows-10-10.0.19044-SP0', 'prev_value': None, 'change': True}
2023-03-26 14:51:10,609 : INFO : EventManager : Event: ======'machine_var_platform_system'====== Args={'value': 'Windows', 'prev_value': None, 'change': True}
2023-03-26 14:51:10,609 : INFO : EventManager : Event: ======'machine_var_platform_release'====== Args={'value': '10', 'prev_value': None, 'change': True}
2023-03-26 14:51:10,609 : INFO : EventManager : Event: ======'machine_var_platform_version'====== Args={'value': '10.0.19044', 'prev_value': None, 'change': True}
2023-03-26 14:51:10,609 : INFO : EventManager : Event: ======'machine_var_platform_machine'====== Args={'value': 'AMD64', 'prev_value': None, 'change': True}
2023-03-26 14:51:10,609 : INFO : EventManager : Event: ======'init_phase_1'====== Args={}
2023-03-26 14:51:10,640 : INFO : EventManager : Event: ======'drop_target_bank_dt_bank_up'====== Args={}
2023-03-26 14:51:10,640 : INFO : EventManager : Event: ======'init_phase_2'====== Args={}
2023-03-26 14:51:10,640 : INFO : EventManager : Event: ======'bcp_connection_attempt'====== Args={'name': 'local_display', 'host': 'localhost', 'port': 5050}
2023-03-26 14:51:10,656 : INFO : BCPClientSocket : Connecting BCP to 'local_display' at localhost:5050...
2023-03-26 14:51:12,700 : INFO : BCPClientSocket : Connected BCP to 'local_display' localhost:5050
2023-03-26 14:51:12,704 : INFO : EventManager : Event: ======'bcp_clients_connected'====== Args={}
2023-03-26 14:51:12,706 : INFO : ball_device.bd_trough : BCH: Initial count: 0
2023-03-26 14:51:12,708 : INFO : ball_device.bd_trough : State: idle
2023-03-26 14:51:12,710 : INFO : ball_device.bd_plunger : BCH: Initial count: 0
2023-03-26 14:51:12,711 : INFO : ball_device.bd_plunger : State: idle
2023-03-26 14:51:12,747 : INFO : EventManager : Event: ======'init_phase_3'====== Args={}
2023-03-26 14:51:12,761 : INFO : EventManager : Event: ======'machine_var_mc_version'====== Args={'value': 'MPF-MC v0.56.1', 'prev_value': None, 'change': True}
2023-03-26 14:51:12,762 : INFO : EventManager : Event: ======'machine_var_mc_extended_version'====== Args={'value': 'MPF-MC v0.56.1 (config_version=5, BCP v1.1,                      Requires MPF API compatibility v0.56.0 or newer)', 'prev_value': None, 'change': True}
2023-03-26 14:51:12,769 : INFO : EventManager : Event: ======'init_phase_4'====== Args={}
2023-03-26 14:51:12,772 : INFO : BallController : Initial balls found: 0
2023-03-26 14:51:12,776 : INFO : EventManager : Event: ======'machine_var_audits_switches_s_left_flipper'====== Args={'value': 0, 'prev_value': None, 'change': True}
2023-03-26 14:51:12,778 : INFO : EventManager : Event: ======'machine_var_audits_switches_s_right_flipper'====== Args={'value': 0, 'prev_value': None, 'change': True}
2023-03-26 14:51:12,779 : INFO : EventManager : Event: ======'machine_var_audits_switches_s_trough1'====== Args={'value': 0, 'prev_value': None, 'change': True}
2023-03-26 14:51:12,779 : INFO : EventManager : Event: ======'machine_var_audits_switches_s_trough2'====== Args={'value': 0, 'prev_value': None, 'change': True}
2023-03-26 14:51:12,780 : INFO : EventManager : Event: ======'machine_var_audits_switches_s_trough3'====== Args={'value': 0, 'prev_value': None, 'change': True}
2023-03-26 14:51:12,781 : INFO : EventManager : Event: ======'machine_var_audits_switches_s_trough4'====== Args={'value': 0, 'prev_value': None, 'change': True}
2023-03-26 14:51:12,782 : INFO : EventManager : Event: ======'machine_var_audits_switches_s_trough_jam'====== Args={'value': 0, 'prev_value': None, 'change': True}
2023-03-26 14:51:12,783 : INFO : EventManager : Event: ======'machine_var_audits_switches_s_plunger_lane'====== Args={'value': 0, 'prev_value': None, 'change': True}
2023-03-26 14:51:12,784 : INFO : EventManager : Event: ======'machine_var_audits_switches_s_start'====== Args={'value': 0, 'prev_value': None, 'change': True}
2023-03-26 14:51:12,785 : INFO : EventManager : Event: ======'machine_var_audits_switches_s_left_slingshot'====== Args={'value': 0, 'prev_value': None, 'change': True}
2023-03-26 14:51:12,786 : INFO : EventManager : Event: ======'machine_var_audits_switches_s_right_slingshot'====== Args={'value': 0, 'prev_value': None, 'change': True}
2023-03-26 14:51:12,787 : INFO : EventManager : Event: ======'machine_var_audits_switches_s_drop_target_left'====== Args={'value': 0, 'prev_value': None, 'change': True}
2023-03-26 14:51:12,787 : INFO : EventManager : Event: ======'machine_var_audits_switches_s_drop_target_middle'====== Args={'value': 0, 'prev_value': None, 'change': True}
2023-03-26 14:51:12,788 : INFO : EventManager : Event: ======'machine_var_audits_switches_s_drop_target_right'====== Args={'value': 0, 'prev_value': None, 'change': True}
2023-03-26 14:51:12,789 : INFO : EventManager : Event: ======'machine_var_audits_switches_s_tilt'====== Args={'value': 0, 'prev_value': None, 'change': True}
2023-03-26 14:51:12,789 : INFO : EventManager : Event: ======'machine_var_audits_events_game_started'====== Args={'value': 0, 'prev_value': None, 'change': True}
2023-03-26 14:51:12,790 : INFO : EventManager : Event: ======'machine_var_audits_events_game_ended'====== Args={'value': 0, 'prev_value': None, 'change': True}
2023-03-26 14:51:12,791 : INFO : EventManager : Event: ======'machine_var_audits_player_score'====== Args={'value': {'top': [], 'average': 0, 'total': 0}, 'prev_value': None, 'change': True}
2023-03-26 14:51:12,794 : INFO : EventManager : Event: ======'init_phase_5'====== Args={}
2023-03-26 14:51:12,800 : INFO : EventManager : Event: ======'init_done'====== Args={}
2023-03-26 14:51:12,802 : INFO : EventManager : Event: ======'machine_reset_phase_1'====== Args={}
2023-03-26 14:51:12,924 : INFO : EventManager : Event: ======'machine_reset_phase_2'====== Args={}
2023-03-26 14:51:12,925 : INFO : EventManager : Event: ======'machine_reset_phase_3'====== Args={}
2023-03-26 14:51:12,927 : INFO : EventManager : Event: ======'reset_complete'====== Args={}
2023-03-26 14:51:12,928 : INFO : EventManager : Event: ======'mode_attract_will_start'====== Args={}
2023-03-26 14:51:12,929 : INFO : EventManager : Event: ======'mode_attract_starting'====== Args={}
2023-03-26 14:51:12,930 : INFO : Mode.attract : Started. Priority: 10
2023-03-26 14:51:12,930 : INFO : EventManager : Event: ======'modes_active_modes_changed'====== Args={}
2023-03-26 14:51:12,930 : INFO : EventManager : Event: ======'mode_attract_started'====== Args={}
2023-03-26 14:51:12,931 : INFO : EventManager : Event: ======'collecting_balls_complete'====== Args={}
2023-03-26 14:51:12,934 : INFO : Machine : Starting the main run loop.
2023-03-26 14:51:16,996 : INFO : SwitchController : <<<<<<< 's_left_flipper' active >>>>>>>
2023-03-26 14:51:17,092 : INFO : SwitchController : <<<<<<< 's_left_flipper' inactive >>>>>>>
2023-03-26 14:51:17,242 : INFO : SwitchController : <<<<<<< 's_left_flipper' active >>>>>>>
2023-03-26 14:51:17,353 : INFO : SwitchController : <<<<<<< 's_left_flipper' inactive >>>>>>>
2023-03-26 14:51:18,897 : INFO : SwitchController : <<<<<<< 's_left_flipper' active >>>>>>>
2023-03-26 14:51:18,933 : INFO : SwitchController : <<<<<<< 's_left_flipper' inactive >>>>>>>
2023-03-26 14:51:19,527 : INFO : SwitchController : <<<<<<< 's_left_flipper' active >>>>>>>
2023-03-26 14:51:19,577 : INFO : SwitchController : <<<<<<< 's_left_flipper' inactive >>>>>>>
2023-03-26 14:51:19,863 : INFO : SwitchController : <<<<<<< 's_right_flipper' active >>>>>>>
2023-03-26 14:51:19,961 : INFO : SwitchController : <<<<<<< 's_right_flipper' inactive >>>>>>>
2023-03-26 14:51:20,085 : INFO : SwitchController : <<<<<<< 's_right_flipper' active >>>>>>>
2023-03-26 14:51:20,109 : INFO : SwitchController : <<<<<<< 's_right_flipper' inactive >>>>>>>
2023-03-26 14:51:20,196 : INFO : SwitchController : <<<<<<< 's_right_flipper' active >>>>>>>
2023-03-26 14:51:20,269 : INFO : SwitchController : <<<<<<< 's_right_flipper' inactive >>>>>>>
2023-03-26 14:51:20,466 : INFO : SwitchController : <<<<<<< 's_right_flipper' active >>>>>>>
2023-03-26 14:51:23,468 : INFO : EventManager : Event: ======'flipper_cradle'====== Args={}
2023-03-26 14:51:27,695 : INFO : SwitchController : <<<<<<< 's_right_flipper' inactive >>>>>>>
2023-03-26 14:51:27,696 : INFO : EventManager : Event: ======'flipper_cradle_release'====== Args={}
2023-03-26 14:51:27,843 : INFO : SwitchController : <<<<<<< 's_right_flipper' active >>>>>>>
2023-03-26 14:51:28,004 : INFO : SwitchController : <<<<<<< 's_right_flipper' inactive >>>>>>>
2023-03-26 14:51:28,029 : INFO : SwitchController : <<<<<<< 's_right_flipper' active >>>>>>>
2023-03-26 14:51:28,277 : INFO : SwitchController : <<<<<<< 's_right_flipper' inactive >>>>>>>
2023-03-26 14:51:30,622 : INFO : SwitchController : <<<<<<< 's_left_flipper' active >>>>>>>
2023-03-26 14:51:33,635 : INFO : EventManager : Event: ======'flipper_cradle'====== Args={}
2023-03-26 14:51:36,802 : INFO : SwitchController : <<<<<<< 's_left_flipper' inactive >>>>>>>
2023-03-26 14:51:36,803 : INFO : EventManager : Event: ======'flipper_cradle_release'====== Args={}
2023-03-26 14:51:37,547 : INFO : SwitchController : <<<<<<< 's_start' active >>>>>>>
2023-03-26 14:51:37,620 : INFO : SwitchController : <<<<<<< 's_start' inactive >>>>>>>
2023-03-26 14:51:37,621 : INFO : EventManager : Event: ======'request_to_start_game'====== Args={}
2023-03-26 14:51:37,621 : INFO : BallController : Known balls: 0
2023-03-26 14:51:37,623 : INFO : BallController : bd_trough contains 0 balls. Tags ['trough', 'home', 'drain']
2023-03-26 14:51:37,623 : INFO : BallController : bd_plunger contains 0 balls. Tags []
2023-03-26 14:51:37,623 : INFO : BallController : playfield contains 0 balls. Tags ['default']
2023-03-26 14:51:37,623 : WARNING : BallController : BallController denies game start. Not enough balls. 0 found. 1 required
2023-03-26 14:51:37,623 : INFO : BallController : Triggering ball search.
2023-03-26 14:51:37,623 : INFO : BallSearch.playfield : Starting ball search
2023-03-26 14:51:37,623 : INFO : EventManager : Event: ======'ball_search_started'====== Args={}
2023-03-26 14:51:37,624 : INFO : EventManager : Event: ======'ball_search_phase_1'====== Args={'iteration': 1}
2023-03-26 14:51:37,624 : INFO : coil.c_left_slingshot : Pulsing Driver for 5ms (1.0 pulse_power)
2023-03-26 14:51:37,887 : INFO : coil.c_right_slingshot : Pulsing Driver for 5ms (1.0 pulse_power)
2023-03-26 14:51:38,153 : INFO : coil.c_trough_eject : Pulsing Driver for 20ms (1.0 pulse_power)
2023-03-26 14:51:38,418 : INFO : coil.c_plunger : Pulsing Driver for 20ms (1.0 pulse_power)
2023-03-26 14:51:38,683 : INFO : EventManager : Event: ======'ball_search_phase_1'====== Args={'iteration': 2}
2023-03-26 14:51:38,684 : INFO : coil.c_left_slingshot : Pulsing Driver for 5ms (1.0 pulse_power)
2023-03-26 14:51:48,695 : INFO : coil.c_right_slingshot : Pulsing Driver for 5ms (1.0 pulse_power)
2023-03-26 14:51:48,943 : INFO : coil.c_trough_eject : Pulsing Driver for 20ms (1.0 pulse_power)
2023-03-26 14:51:49,209 : INFO : coil.c_plunger : Pulsing Driver for 20ms (1.0 pulse_power)
2023-03-26 14:51:49,474 : INFO : EventManager : Event: ======'ball_search_phase_1'====== Args={'iteration': 3}
2023-03-26 14:51:49,474 : INFO : coil.c_left_slingshot : Pulsing Driver for 5ms (1.0 pulse_power)
2023-03-26 14:51:55,449 : INFO : SwitchController : <<<<<<< 's_plunger_lane' active >>>>>>>
2023-03-26 14:51:55,704 : INFO : EventManager : Event: ======'plunger_lane_checked'====== Args={}
2023-03-26 14:51:55,766 : INFO : EventManager : Event: ======'balldevice_bd_plunger_ball_count_changed'====== Args={'balls': 1}
2023-03-26 14:51:55,767 : INFO : ball_device.bd_plunger : Received unexpected ball
2023-03-26 14:51:55,767 : INFO : EventManager : Event: ======'balldevice_captured_from_playfield'====== Args={'balls': 1}
2023-03-26 14:51:55,768 : INFO : EventManager : Event: ======'sw_playfield_active'====== Args={'balls': 1}
2023-03-26 14:51:55,768 : INFO : EventManager : Event: ======'playfield_active'====== Args={}
2023-03-26 14:51:55,768 : INFO : EventManager : Event: ======'unexpected_ball_on_playfield'====== Args={}
2023-03-26 14:51:55,768 : INFO : BallSearch.playfield : Stopping ball search
2023-03-26 14:51:55,768 : INFO : EventManager : Event: ======'ball_search_stopped'====== Args={}
2023-03-26 14:51:55,769 : INFO : EventManager : Event: ======'playfield_ball_count_change'====== Args={'balls': -1, 'change': -1}
2023-03-26 14:51:55,769 : INFO : EventManager : Event: ======'balldevice_playfield_ball_enter'====== Args={'new_balls': 1, 'unclaimed_balls': 1, 'device': <playfield.playfield>}
2023-03-26 14:51:55,770 : INFO : EventManager : Event: ======'playfield_ball_count_change'====== Args={'balls': 0, 'change': 1}
2023-03-26 14:51:55,770 : INFO : BallController : Found a new ball which was captured from playfield. Known balls: 1
2023-03-26 14:51:55,770 : INFO : EventManager : Event: ======'found_new_ball'====== Args={}
2023-03-26 14:51:55,771 : INFO : EventManager : Event: ======'balldevice_bd_plunger_ball_enter'====== Args={'new_balls': 1, 'unclaimed_balls': 1, 'new_available_balls': 1, 'device': <ball_device.bd_plunger>}
2023-03-26 14:51:55,771 : INFO : ball_device.bd_plunger : Ejecting 1 unexpected balls using path deque([<ball_device.bd_plunger>, <playfield.playfield>])
2023-03-26 14:51:55,772 : INFO : EventManager : Event: ======'balldevice_balls_available'====== Args={}
2023-03-26 14:51:55,772 : INFO : EventManager : Event: ======'balldevice_balls_available'====== Args={}
2023-03-26 14:51:55,772 : INFO : EventManager : Event: ======'balldevice_bd_plunger_ball_entered'====== Args={'new_balls': 1, 'device': <ball_device.bd_plunger>}
2023-03-26 14:51:55,774 : INFO : ball_device.bd_plunger : State: waiting_for_target_ready
2023-03-26 14:51:55,774 : INFO : EventManager : Event: ======'balldevice_bd_plunger_ball_eject_attempt'====== Args={'balls': 1, 'target': <playfield.playfield>, 'source': <ball_device.bd_plunger>, 'mechanical_eject': False, 'num_attempts': 0}
2023-03-26 14:51:55,775 : INFO : ball_device.bd_plunger : State: ejecting
2023-03-26 14:51:55,775 : INFO : ball_device.bd_plunger : Ejecting ball to <playfield.playfield>
2023-03-26 14:51:55,776 : INFO : EventManager : Event: ======'balldevice_bd_plunger_ejecting_ball'====== Args={'balls': 1, 'target': <playfield.playfield>, 'source': <ball_device.bd_plunger>, 'mechanical_eject': False, 'num_attempts': 0}
2023-03-26 14:51:55,777 : INFO : ball_device.bd_plunger : Wait for ball to leave device
2023-03-26 14:51:55,777 : INFO : coil.c_plunger : Pulsing Driver for 20ms (1.0 pulse_power)
2023-03-26 14:51:55,777 : INFO : SwitchController : <<<<<<< 's_plunger_lane' inactive >>>>>>>
2023-03-26 14:51:55,778 : INFO : EventManager : Event: ======'plunger_lane_released'====== Args={}
2023-03-26 14:51:55,779 : INFO : ball_device.bd_plunger : State: ball_left
2023-03-26 14:51:55,779 : INFO : ball_device.bd_plunger : Ball left
2023-03-26 14:51:55,779 : INFO : ball_device.bd_plunger : Wait for confirm with timeout 2.0
2023-03-26 14:51:56,166 : WARNING : SwitchController : Received duplicate switch state 0 for switch s_plunger_lane from the platform interface. Log Code: Log-SwitchController-1 (https://docs.missionpinball.org/en/0.56/logs/Log-SwitchController-1.html)
2023-03-26 14:51:57,795 : INFO : ball_device.bd_plunger : State: failed_confirm
2023-03-26 14:51:57,795 : INFO : ball_device.bd_plunger : Got timeout (2.0s) before confirm from <playfield.playfield>
2023-03-26 14:51:57,905 : INFO : ball_device.bd_plunger : Confirming eject because target is playfield and ball did not return.
2023-03-26 14:51:57,906 : INFO : ball_device.bd_plunger : Eject successful
2023-03-26 14:51:57,906 : INFO : EventManager : Event: ======'balldevice_bd_plunger_ball_eject_success'====== Args={'balls': 1, 'target': <playfield.playfield>}
2023-03-26 14:51:57,906 : INFO : EventManager : Event: ======'balldevice_playfield_ball_enter'====== Args={'new_balls': 1, 'unclaimed_balls': 1, 'device': <playfield.playfield>}
2023-03-26 14:51:57,907 : INFO : EventManager : Event: ======'playfield_ball_count_change'====== Args={'balls': 1, 'change': 1}
2023-03-26 14:51:57,907 : INFO : EventManager : Event: ======'balldevice_bd_plunger_ball_count_changed'====== Args={'balls': 0}
2023-03-26 14:51:57,907 : INFO : ball_device.bd_plunger : State: idle
2023-03-26 14:52:06,959 : INFO : Machine : Shutting down...
2023-03-26 14:52:06,960 : INFO : EventManager : Event: ======'shutdown'====== Args={}
2023-03-26 14:52:06,973 : INFO : root : MPF run loop ended.
