2023-04-14 21:59:34,503 : INFO : root : Loading config.
2023-04-14 21:59:34,503 : INFO : YamlMultifileConfigLoader : Machine config file #1: config.yaml
2023-04-14 21:59:34,503 : INFO : ConfigProcessor : Loading config from cache: C:\Users\digidev\AppData\Local\Temp\02a419de2b33454b673806682c00b740.mpf_cache
2023-04-14 21:59:34,613 : INFO : ConfigProcessor : Loading config from cache: C:\Users\digidev\AppData\Local\Temp\e10c931dc18d80379143a09443f0855e.mpf_cache
2023-04-14 21:59:34,613 : INFO : ConfigProcessor : Loading config from cache: C:\Users\digidev\AppData\Local\Temp\dfc215c2101357f1268429d195cf05eb.mpf_cache
2023-04-14 21:59:34,613 : INFO : Machine : Mission Pinball Framework Core Engine v0.55.0
2023-04-14 21:59:34,613 : INFO : Machine : Command line arguments: {'no_load_cache': False, 'create_config_cache': True, 'bcp': True, 'configfile': ['config.yaml'], 'force_assets_load': False, 'jsonlogging': False, 'logfile': 'logs\\2023-04-14-21-59-34-mpf-DESKTOP-JGO3PQG.log', 'pause': False, 'production': False, 'text_ui': True, 'loglevel': 15, 'consoleloglevel': 20, 'force_platform': 'smart_virtual', 'syslog_address': None, 'mc_file_name': None, 'no_sound': False}
2023-04-14 21:59:34,613 : INFO : Machine : MPF path: c:\users\digidev\appdata\local\programs\python\python37\lib\site-packages\mpf
2023-04-14 21:59:34,613 : INFO : Machine : Machine path: C:\Users\digidev\source\Pinball_Three-Amigos
2023-04-14 21:59:34,613 : INFO : Machine : Platform: win32
2023-04-14 21:59:34,613 : INFO : Machine : Python executable location: c:\users\digidev\appdata\local\programs\python\python37\python.exe
2023-04-14 21:59:34,613 : INFO : Machine : Python version: 3.7.9 (64-bit)
2023-04-14 21:59:34,613 : INFO : Machine : Initialise MPF.
2023-04-14 21:59:34,691 : INFO : EventManager : Event: ======'machine_var_credits_string'====== Args={'value': 'FREE PLAY', 'prev_value': None, 'change': True}
2023-04-14 21:59:34,753 : INFO : EventManager : Event: ======'machine_var_master_volume'====== Args={'value': 0.5, 'prev_value': None, 'change': True}
2023-04-14 21:59:34,753 : INFO : EventManager : Event: ======'machine_var_mpf_version'====== Args={'value': 'MPF v0.55.0', 'prev_value': None, 'change': True}
2023-04-14 21:59:34,753 : INFO : EventManager : Event: ======'machine_var_mpf_extended_version'====== Args={'value': 'MPF v0.55.0, Config version:5, Show version: 5, BCP version:1.1', 'prev_value': None, 'change': True}
2023-04-14 21:59:34,753 : INFO : EventManager : Event: ======'machine_var_python_version'====== Args={'value': '3.7.9', 'prev_value': None, 'change': True}
2023-04-14 21:59:34,753 : INFO : EventManager : Event: ======'machine_var_platform'====== Args={'value': 'Windows-10-10.0.19041-SP0', 'prev_value': None, 'change': True}
2023-04-14 21:59:34,753 : INFO : EventManager : Event: ======'machine_var_platform_system'====== Args={'value': 'Windows', 'prev_value': None, 'change': True}
2023-04-14 21:59:34,753 : INFO : EventManager : Event: ======'machine_var_platform_release'====== Args={'value': '10', 'prev_value': None, 'change': True}
2023-04-14 21:59:34,753 : INFO : EventManager : Event: ======'machine_var_platform_version'====== Args={'value': '10.0.19041', 'prev_value': None, 'change': True}
2023-04-14 21:59:34,753 : INFO : EventManager : Event: ======'machine_var_platform_machine'====== Args={'value': 'AMD64', 'prev_value': None, 'change': True}
2023-04-14 21:59:34,753 : INFO : EventManager : Event: ======'init_phase_1'====== Args={}
2023-04-14 21:59:34,785 : INFO : EventManager : Event: ======'drop_target_bank_dt_bank_up'====== Args={}
2023-04-14 21:59:34,785 : INFO : EventManager : Event: ======'init_phase_2'====== Args={}
2023-04-14 21:59:34,785 : INFO : EventManager : Event: ======'bcp_connection_attempt'====== Args={'name': 'local_display', 'host': 'localhost', 'port': 5050}
2023-04-14 21:59:34,785 : INFO : BCPClientSocket : Connecting BCP to 'local_display' at localhost:5050...
2023-04-14 21:59:36,842 : INFO : BCPClientSocket : Connected BCP to 'local_display' localhost:5050
2023-04-14 21:59:36,843 : INFO : EventManager : Event: ======'bcp_clients_connected'====== Args={}
2023-04-14 21:59:36,844 : INFO : ball_device.bd_trough : BCH: Initial count: 0
2023-04-14 21:59:36,845 : INFO : ball_device.bd_trough : State: idle
2023-04-14 21:59:36,846 : INFO : EventManager : Event: ======'machine_var_mc_version'====== Args={'value': 'MPF-MC v0.55.0', 'prev_value': None, 'change': True}
2023-04-14 21:59:36,846 : INFO : EventManager : Event: ======'machine_var_mc_extended_version'====== Args={'value': 'MPF-MC v0.55.0 (config_version=5, BCP v1.1, Requires MPF v0.55.0-dev.49)', 'prev_value': None, 'change': True}
2023-04-14 21:59:36,849 : INFO : ball_device.bd_plunger : BCH: Initial count: 0
2023-04-14 21:59:36,850 : INFO : ball_device.bd_plunger : State: idle
2023-04-14 21:59:36,931 : INFO : EventManager : Event: ======'init_phase_3'====== Args={}
2023-04-14 21:59:36,933 : INFO : EventManager : Event: ======'init_phase_4'====== Args={}
2023-04-14 21:59:36,934 : INFO : EventManager : Event: ======'playfield_active'====== Args={}
2023-04-14 21:59:36,934 : INFO : EventManager : Event: ======'unexpected_ball_on_playfield'====== Args={}
2023-04-14 21:59:36,934 : INFO : EventManager : Event: ======'playfield_active'====== Args={}
2023-04-14 21:59:36,934 : INFO : EventManager : Event: ======'unexpected_ball_on_playfield'====== Args={}
2023-04-14 21:59:36,934 : INFO : EventManager : Event: ======'playfield_active'====== Args={}
2023-04-14 21:59:36,934 : INFO : EventManager : Event: ======'unexpected_ball_on_playfield'====== Args={}
2023-04-14 21:59:36,934 : INFO : BallController : Initial balls found: 0
2023-04-14 21:59:36,936 : INFO : EventManager : Event: ======'machine_var_audits_switches_s_left_flipper'====== Args={'value': 0, 'prev_value': None, 'change': True}
2023-04-14 21:59:36,936 : INFO : EventManager : Event: ======'machine_var_audits_switches_s_right_flipper'====== Args={'value': 0, 'prev_value': None, 'change': True}
2023-04-14 21:59:36,936 : INFO : EventManager : Event: ======'machine_var_audits_switches_s_trough1'====== Args={'value': 0, 'prev_value': None, 'change': True}
2023-04-14 21:59:36,937 : INFO : EventManager : Event: ======'machine_var_audits_switches_s_trough2'====== Args={'value': 0, 'prev_value': None, 'change': True}
2023-04-14 21:59:36,937 : INFO : EventManager : Event: ======'machine_var_audits_switches_s_trough3'====== Args={'value': 0, 'prev_value': None, 'change': True}
2023-04-14 21:59:36,937 : INFO : EventManager : Event: ======'machine_var_audits_switches_s_trough4'====== Args={'value': 0, 'prev_value': None, 'change': True}
2023-04-14 21:59:36,938 : INFO : EventManager : Event: ======'machine_var_audits_switches_s_trough_jam'====== Args={'value': 0, 'prev_value': None, 'change': True}
2023-04-14 21:59:36,938 : INFO : EventManager : Event: ======'machine_var_audits_switches_s_plunger_lane'====== Args={'value': 0, 'prev_value': None, 'change': True}
2023-04-14 21:59:36,938 : INFO : EventManager : Event: ======'machine_var_audits_switches_s_start'====== Args={'value': 0, 'prev_value': None, 'change': True}
2023-04-14 21:59:36,939 : INFO : EventManager : Event: ======'machine_var_audits_switches_s_left_slingshot'====== Args={'value': 0, 'prev_value': None, 'change': True}
2023-04-14 21:59:36,939 : INFO : EventManager : Event: ======'machine_var_audits_switches_s_right_slingshot'====== Args={'value': 0, 'prev_value': None, 'change': True}
2023-04-14 21:59:36,939 : INFO : EventManager : Event: ======'machine_var_audits_switches_s_drop_target_left'====== Args={'value': 0, 'prev_value': None, 'change': True}
2023-04-14 21:59:36,939 : INFO : EventManager : Event: ======'machine_var_audits_switches_s_drop_target_middle'====== Args={'value': 0, 'prev_value': None, 'change': True}
2023-04-14 21:59:36,940 : INFO : EventManager : Event: ======'machine_var_audits_switches_s_drop_target_right'====== Args={'value': 0, 'prev_value': None, 'change': True}
2023-04-14 21:59:36,940 : INFO : EventManager : Event: ======'machine_var_audits_switches_s_tilt'====== Args={'value': 0, 'prev_value': None, 'change': True}
2023-04-14 21:59:36,940 : INFO : EventManager : Event: ======'machine_var_audits_events_game_started'====== Args={'value': 0, 'prev_value': None, 'change': True}
2023-04-14 21:59:36,941 : INFO : EventManager : Event: ======'machine_var_audits_events_game_ended'====== Args={'value': 0, 'prev_value': None, 'change': True}
2023-04-14 21:59:36,941 : INFO : EventManager : Event: ======'machine_var_audits_player_score'====== Args={'value': {'top': [], 'average': 0, 'total': 0}, 'prev_value': None, 'change': True}
2023-04-14 21:59:36,942 : INFO : EventManager : Event: ======'init_phase_5'====== Args={}
2023-04-14 21:59:36,942 : INFO : EventManager : Event: ======'init_done'====== Args={}
2023-04-14 21:59:36,943 : INFO : EventManager : Event: ======'machine_reset_phase_1'====== Args={}
2023-04-14 21:59:36,948 : INFO : EventManager : Event: ======'slide_welcome_slide_removed'====== Args={'_from_bcp': True}
2023-04-14 21:59:36,950 : INFO : EventManager : Event: ======'slide_welcome_slide_created'====== Args={'_from_bcp': True}
2023-04-14 21:59:36,951 : INFO : EventManager : Event: ======'machine_reset_phase_2'====== Args={}
2023-04-14 21:59:36,951 : INFO : EventManager : Event: ======'machine_reset_phase_3'====== Args={}
2023-04-14 21:59:36,952 : INFO : EventManager : Event: ======'slide_welcome_slide_active'====== Args={'_from_bcp': True}
2023-04-14 21:59:36,953 : INFO : EventManager : Event: ======'reset_complete'====== Args={}
2023-04-14 21:59:36,953 : INFO : EventManager : Event: ======'mode_attract_will_start'====== Args={}
2023-04-14 21:59:36,954 : INFO : EventManager : Event: ======'mode_attract_starting'====== Args={}
2023-04-14 21:59:36,955 : INFO : Mode.attract : Started. Priority: 10
2023-04-14 21:59:36,956 : INFO : EventManager : Event: ======'modes_active_modes_changed'====== Args={}
2023-04-14 21:59:36,957 : INFO : EventManager : Event: ======'mode_attract_started'====== Args={}
2023-04-14 21:59:36,958 : INFO : EventManager : Event: ======'collecting_balls_complete'====== Args={}
2023-04-14 21:59:36,960 : INFO : Machine : Starting the main run loop.
2023-04-14 21:59:36,971 : INFO : EventManager : Event: ======'slide_attract_started_created'====== Args={'_from_bcp': True}
2023-04-14 21:59:36,972 : INFO : EventManager : Event: ======'slide_attract_started_active'====== Args={'_from_bcp': True}
2023-04-14 21:59:38,565 : INFO : SwitchController : <<<<<<< 's_trough1' active >>>>>>>
2023-04-14 21:59:38,760 : INFO : SwitchController : <<<<<<< 's_trough2' active >>>>>>>
2023-04-14 21:59:38,935 : INFO : SwitchController : <<<<<<< 's_trough3' active >>>>>>>
2023-04-14 21:59:38,961 : INFO : SwitchController : <<<<<<< 's_trough1' inactive >>>>>>>
2023-04-14 21:59:39,023 : INFO : SwitchController : <<<<<<< 's_trough2' inactive >>>>>>>
2023-04-14 21:59:39,122 : INFO : SwitchController : <<<<<<< 's_trough3' inactive >>>>>>>
2023-04-14 21:59:39,358 : INFO : SwitchController : <<<<<<< 's_trough1' active >>>>>>>
2023-04-14 21:59:39,409 : INFO : SwitchController : <<<<<<< 's_trough2' active >>>>>>>
2023-04-14 21:59:39,484 : INFO : SwitchController : <<<<<<< 's_trough3' active >>>>>>>
2023-04-14 21:59:39,510 : INFO : SwitchController : <<<<<<< 's_trough1' inactive >>>>>>>
2023-04-14 21:59:39,560 : INFO : SwitchController : <<<<<<< 's_trough3' inactive >>>>>>>
2023-04-14 21:59:39,560 : INFO : SwitchController : <<<<<<< 's_trough2' inactive >>>>>>>
2023-04-14 21:59:40,280 : INFO : SwitchController : <<<<<<< 's_right_flipper' active >>>>>>>
2023-04-14 21:59:40,416 : INFO : SwitchController : <<<<<<< 's_drop_target_left' active >>>>>>>
2023-04-14 21:59:40,417 : INFO : EventManager : Event: ======'playfield_active'====== Args={}
2023-04-14 21:59:40,417 : INFO : EventManager : Event: ======'unexpected_ball_on_playfield'====== Args={}
2023-04-14 21:59:40,417 : INFO : EventManager : Event: ======'drop_target_dt_1_left_down'====== Args={'device': <drop_target.dt_1_left>}
2023-04-14 21:59:40,418 : INFO : EventManager : Event: ======'drop_target_bank_dt_bank_mixed'====== Args={'prev_value': <DropTargetBankState.UP: 'up'>, 'down': 1}
2023-04-14 21:59:40,673 : INFO : SwitchController : <<<<<<< 's_drop_target_middle' active >>>>>>>
2023-04-14 21:59:40,674 : INFO : EventManager : Event: ======'playfield_active'====== Args={}
2023-04-14 21:59:40,674 : INFO : EventManager : Event: ======'unexpected_ball_on_playfield'====== Args={}
2023-04-14 21:59:40,674 : INFO : EventManager : Event: ======'drop_target_dt_2_middle_down'====== Args={'device': <drop_target.dt_2_middle>}
2023-04-14 21:59:40,674 : INFO : EventManager : Event: ======'drop_target_bank_dt_bank_mixed'====== Args={'prev_value': <DropTargetBankState.MIXED: 'mixed'>, 'down': 2}
2023-04-14 21:59:40,674 : INFO : SwitchController : <<<<<<< 's_drop_target_left' inactive >>>>>>>
2023-04-14 21:59:40,674 : INFO : EventManager : Event: ======'playfield_active'====== Args={}
2023-04-14 21:59:40,674 : INFO : EventManager : Event: ======'unexpected_ball_on_playfield'====== Args={}
2023-04-14 21:59:40,675 : INFO : EventManager : Event: ======'drop_target_dt_1_left_up'====== Args={'device': <drop_target.dt_1_left>}
2023-04-14 21:59:40,675 : INFO : EventManager : Event: ======'drop_target_bank_dt_bank_mixed'====== Args={'prev_value': <DropTargetBankState.MIXED: 'mixed'>, 'down': 1}
2023-04-14 21:59:40,675 : INFO : SwitchController : <<<<<<< 's_right_flipper' inactive >>>>>>>
2023-04-14 21:59:40,675 : INFO : SwitchController : <<<<<<< 's_drop_target_middle' inactive >>>>>>>
2023-04-14 21:59:40,675 : INFO : EventManager : Event: ======'playfield_active'====== Args={}
2023-04-14 21:59:40,675 : INFO : EventManager : Event: ======'unexpected_ball_on_playfield'====== Args={}
2023-04-14 21:59:40,675 : INFO : EventManager : Event: ======'drop_target_dt_2_middle_up'====== Args={'device': <drop_target.dt_2_middle>}
2023-04-14 21:59:40,675 : INFO : EventManager : Event: ======'drop_target_bank_dt_bank_up'====== Args={}
2023-04-14 21:59:41,034 : INFO : SwitchController : <<<<<<< 's_right_flipper' active >>>>>>>
2023-04-14 21:59:41,096 : INFO : SwitchController : <<<<<<< 's_drop_target_left' active >>>>>>>
2023-04-14 21:59:41,096 : INFO : EventManager : Event: ======'playfield_active'====== Args={}
2023-04-14 21:59:41,097 : INFO : EventManager : Event: ======'unexpected_ball_on_playfield'====== Args={}
2023-04-14 21:59:41,097 : INFO : EventManager : Event: ======'drop_target_dt_1_left_down'====== Args={'device': <drop_target.dt_1_left>}
2023-04-14 21:59:41,097 : INFO : EventManager : Event: ======'drop_target_bank_dt_bank_mixed'====== Args={'prev_value': <DropTargetBankState.UP: 'up'>, 'down': 1}
2023-04-14 21:59:41,121 : INFO : SwitchController : <<<<<<< 's_drop_target_middle' active >>>>>>>
2023-04-14 21:59:41,121 : INFO : EventManager : Event: ======'playfield_active'====== Args={}
2023-04-14 21:59:41,121 : INFO : EventManager : Event: ======'unexpected_ball_on_playfield'====== Args={}
2023-04-14 21:59:41,122 : INFO : EventManager : Event: ======'drop_target_dt_2_middle_down'====== Args={'device': <drop_target.dt_2_middle>}
2023-04-14 21:59:41,122 : INFO : EventManager : Event: ======'drop_target_bank_dt_bank_mixed'====== Args={'prev_value': <DropTargetBankState.MIXED: 'mixed'>, 'down': 2}
2023-04-14 21:59:41,196 : INFO : SwitchController : <<<<<<< 's_right_flipper' inactive >>>>>>>
2023-04-14 21:59:41,209 : INFO : SwitchController : <<<<<<< 's_drop_target_right' active >>>>>>>
2023-04-14 21:59:41,209 : INFO : EventManager : Event: ======'playfield_active'====== Args={}
2023-04-14 21:59:41,210 : INFO : EventManager : Event: ======'unexpected_ball_on_playfield'====== Args={}
2023-04-14 21:59:41,210 : INFO : EventManager : Event: ======'drop_target_dt_3_right_down'====== Args={'device': <drop_target.dt_3_right>}
2023-04-14 21:59:41,210 : INFO : EventManager : Event: ======'drop_target_bank_dt_bank_down'====== Args={}
2023-04-14 21:59:41,271 : INFO : SwitchController : <<<<<<< 's_drop_target_left' inactive >>>>>>>
2023-04-14 21:59:41,271 : INFO : EventManager : Event: ======'playfield_active'====== Args={}
2023-04-14 21:59:41,272 : INFO : EventManager : Event: ======'unexpected_ball_on_playfield'====== Args={}
2023-04-14 21:59:41,272 : INFO : EventManager : Event: ======'drop_target_dt_1_left_up'====== Args={'device': <drop_target.dt_1_left>}
2023-04-14 21:59:41,272 : INFO : EventManager : Event: ======'drop_target_bank_dt_bank_mixed'====== Args={'prev_value': <DropTargetBankState.DOWN: 'down'>, 'down': 2}
2023-04-14 21:59:41,308 : INFO : SwitchController : <<<<<<< 's_drop_target_middle' inactive >>>>>>>
2023-04-14 21:59:41,309 : INFO : EventManager : Event: ======'playfield_active'====== Args={}
2023-04-14 21:59:41,309 : INFO : EventManager : Event: ======'unexpected_ball_on_playfield'====== Args={}
2023-04-14 21:59:41,309 : INFO : EventManager : Event: ======'drop_target_dt_2_middle_up'====== Args={'device': <drop_target.dt_2_middle>}
2023-04-14 21:59:41,309 : INFO : EventManager : Event: ======'drop_target_bank_dt_bank_mixed'====== Args={'prev_value': <DropTargetBankState.MIXED: 'mixed'>, 'down': 1}
2023-04-14 21:59:41,321 : INFO : SwitchController : <<<<<<< 's_drop_target_right' inactive >>>>>>>
2023-04-14 21:59:41,321 : INFO : EventManager : Event: ======'playfield_active'====== Args={}
2023-04-14 21:59:41,321 : INFO : EventManager : Event: ======'unexpected_ball_on_playfield'====== Args={}
2023-04-14 21:59:41,321 : INFO : EventManager : Event: ======'drop_target_dt_3_right_up'====== Args={'device': <drop_target.dt_3_right>}
2023-04-14 21:59:41,322 : INFO : EventManager : Event: ======'drop_target_bank_dt_bank_up'====== Args={}
2023-04-14 21:59:42,217 : INFO : drop_target_bank.dt_bank : All targets are already up. Will not reset bank.
2023-04-14 21:59:42,298 : INFO : SwitchController : <<<<<<< 's_right_flipper' active >>>>>>>
2023-04-14 21:59:42,398 : INFO : SwitchController : <<<<<<< 's_drop_target_left' active >>>>>>>
2023-04-14 21:59:42,398 : INFO : EventManager : Event: ======'playfield_active'====== Args={}
2023-04-14 21:59:42,398 : INFO : EventManager : Event: ======'unexpected_ball_on_playfield'====== Args={}
2023-04-14 21:59:42,399 : INFO : EventManager : Event: ======'drop_target_dt_1_left_down'====== Args={'device': <drop_target.dt_1_left>}
2023-04-14 21:59:42,399 : INFO : EventManager : Event: ======'drop_target_bank_dt_bank_mixed'====== Args={'prev_value': <DropTargetBankState.UP: 'up'>, 'down': 1}
2023-04-14 21:59:42,423 : INFO : SwitchController : <<<<<<< 's_drop_target_middle' active >>>>>>>
2023-04-14 21:59:42,423 : INFO : EventManager : Event: ======'playfield_active'====== Args={}
2023-04-14 21:59:42,424 : INFO : EventManager : Event: ======'unexpected_ball_on_playfield'====== Args={}
2023-04-14 21:59:42,424 : INFO : EventManager : Event: ======'drop_target_dt_2_middle_down'====== Args={'device': <drop_target.dt_2_middle>}
2023-04-14 21:59:42,424 : INFO : EventManager : Event: ======'drop_target_bank_dt_bank_mixed'====== Args={'prev_value': <DropTargetBankState.MIXED: 'mixed'>, 'down': 2}
2023-04-14 21:59:42,584 : INFO : SwitchController : <<<<<<< 's_drop_target_right' active >>>>>>>
2023-04-14 21:59:42,584 : INFO : EventManager : Event: ======'playfield_active'====== Args={}
2023-04-14 21:59:42,584 : INFO : EventManager : Event: ======'unexpected_ball_on_playfield'====== Args={}
2023-04-14 21:59:42,585 : INFO : EventManager : Event: ======'drop_target_dt_3_right_down'====== Args={'device': <drop_target.dt_3_right>}
2023-04-14 21:59:42,585 : INFO : EventManager : Event: ======'drop_target_bank_dt_bank_down'====== Args={}
2023-04-14 21:59:42,609 : INFO : SwitchController : <<<<<<< 's_right_flipper' inactive >>>>>>>
2023-04-14 21:59:42,721 : INFO : SwitchController : <<<<<<< 's_drop_target_middle' inactive >>>>>>>
2023-04-14 21:59:42,721 : INFO : EventManager : Event: ======'playfield_active'====== Args={}
2023-04-14 21:59:42,721 : INFO : EventManager : Event: ======'unexpected_ball_on_playfield'====== Args={}
2023-04-14 21:59:42,721 : INFO : EventManager : Event: ======'drop_target_dt_2_middle_up'====== Args={'device': <drop_target.dt_2_middle>}
2023-04-14 21:59:42,722 : INFO : EventManager : Event: ======'drop_target_bank_dt_bank_mixed'====== Args={'prev_value': <DropTargetBankState.DOWN: 'down'>, 'down': 2}
2023-04-14 21:59:42,722 : INFO : SwitchController : <<<<<<< 's_drop_target_left' inactive >>>>>>>
2023-04-14 21:59:42,722 : INFO : EventManager : Event: ======'playfield_active'====== Args={}
2023-04-14 21:59:42,722 : INFO : EventManager : Event: ======'unexpected_ball_on_playfield'====== Args={}
2023-04-14 21:59:42,723 : INFO : EventManager : Event: ======'drop_target_dt_1_left_up'====== Args={'device': <drop_target.dt_1_left>}
2023-04-14 21:59:42,723 : INFO : EventManager : Event: ======'drop_target_bank_dt_bank_mixed'====== Args={'prev_value': <DropTargetBankState.MIXED: 'mixed'>, 'down': 1}
2023-04-14 21:59:42,745 : INFO : SwitchController : <<<<<<< 's_drop_target_right' inactive >>>>>>>
2023-04-14 21:59:42,746 : INFO : EventManager : Event: ======'playfield_active'====== Args={}
2023-04-14 21:59:42,746 : INFO : EventManager : Event: ======'unexpected_ball_on_playfield'====== Args={}
2023-04-14 21:59:42,746 : INFO : EventManager : Event: ======'drop_target_dt_3_right_up'====== Args={'device': <drop_target.dt_3_right>}
2023-04-14 21:59:42,747 : INFO : EventManager : Event: ======'drop_target_bank_dt_bank_up'====== Args={}
2023-04-14 21:59:43,467 : INFO : SwitchController : <<<<<<< 's_right_flipper' active >>>>>>>
2023-04-14 21:59:43,542 : INFO : SwitchController : <<<<<<< 's_drop_target_middle' active >>>>>>>
2023-04-14 21:59:43,543 : INFO : EventManager : Event: ======'playfield_active'====== Args={}
2023-04-14 21:59:43,543 : INFO : EventManager : Event: ======'unexpected_ball_on_playfield'====== Args={}
2023-04-14 21:59:43,543 : INFO : EventManager : Event: ======'drop_target_dt_2_middle_down'====== Args={'device': <drop_target.dt_2_middle>}
2023-04-14 21:59:43,543 : INFO : EventManager : Event: ======'drop_target_bank_dt_bank_mixed'====== Args={'prev_value': <DropTargetBankState.UP: 'up'>, 'down': 1}
2023-04-14 21:59:43,544 : INFO : SwitchController : <<<<<<< 's_drop_target_left' active >>>>>>>
2023-04-14 21:59:43,544 : INFO : EventManager : Event: ======'playfield_active'====== Args={}
2023-04-14 21:59:43,544 : INFO : EventManager : Event: ======'unexpected_ball_on_playfield'====== Args={}
2023-04-14 21:59:43,544 : INFO : EventManager : Event: ======'drop_target_dt_1_left_down'====== Args={'device': <drop_target.dt_1_left>}
2023-04-14 21:59:43,545 : INFO : EventManager : Event: ======'drop_target_bank_dt_bank_mixed'====== Args={'prev_value': <DropTargetBankState.MIXED: 'mixed'>, 'down': 2}
2023-04-14 21:59:43,601 : INFO : drop_target_bank.dt_bank : 2 targets are down. Will reset those.
2023-04-14 21:59:43,601 : INFO : coil.c_drop_target_reset : Pulsing Driver for 60ms (1.0 pulse_power)
2023-04-14 21:59:43,616 : INFO : SwitchController : <<<<<<< 's_right_flipper' inactive >>>>>>>
2023-04-14 21:59:43,663 : INFO : SwitchController : <<<<<<< 's_drop_target_left' inactive >>>>>>>
2023-04-14 21:59:43,663 : INFO : SwitchController : <<<<<<< 's_drop_target_middle' inactive >>>>>>>
2023-04-14 21:59:43,664 : WARNING : SwitchController : Received duplicate switch state 0 for switch s_drop_target_right from the platform interface. Log Code: Log-SwitchController-1 (https://docs.missionpinball.org/en/0.55/logs/Log-SwitchController-1.html)
2023-04-14 21:59:43,678 : INFO : SwitchController : <<<<<<< 's_drop_target_right' active >>>>>>>
2023-04-14 21:59:43,679 : INFO : EventManager : Event: ======'playfield_active'====== Args={}
2023-04-14 21:59:43,679 : INFO : EventManager : Event: ======'unexpected_ball_on_playfield'====== Args={}
2023-04-14 21:59:43,679 : INFO : EventManager : Event: ======'drop_target_dt_3_right_down'====== Args={'device': <drop_target.dt_3_right>}
2023-04-14 21:59:43,705 : WARNING : SwitchController : Received duplicate switch state 0 for switch s_drop_target_left from the platform interface. Log Code: Log-SwitchController-1 (https://docs.missionpinball.org/en/0.55/logs/Log-SwitchController-1.html)
2023-04-14 21:59:43,730 : WARNING : SwitchController : Received duplicate switch state 0 for switch s_drop_target_middle from the platform interface. Log Code: Log-SwitchController-1 (https://docs.missionpinball.org/en/0.55/logs/Log-SwitchController-1.html)
2023-04-14 21:59:43,803 : INFO : SwitchController : <<<<<<< 's_drop_target_right' inactive >>>>>>>
2023-04-14 21:59:43,804 : INFO : EventManager : Event: ======'playfield_active'====== Args={}
2023-04-14 21:59:43,804 : INFO : EventManager : Event: ======'unexpected_ball_on_playfield'====== Args={}
2023-04-14 21:59:43,804 : INFO : EventManager : Event: ======'drop_target_dt_3_right_up'====== Args={'device': <drop_target.dt_3_right>}
2023-04-14 21:59:44,105 : INFO : EventManager : Event: ======'drop_target_dt_1_left_up'====== Args={'device': <drop_target.dt_1_left>}
2023-04-14 21:59:44,105 : INFO : EventManager : Event: ======'drop_target_dt_2_middle_up'====== Args={'device': <drop_target.dt_2_middle>}
2023-04-14 21:59:44,106 : INFO : EventManager : Event: ======'drop_target_bank_dt_bank_up'====== Args={}
2023-04-14 21:59:56,795 : INFO : SwitchController : <<<<<<< 's_right_flipper' active >>>>>>>
2023-04-14 21:59:56,966 : INFO : SwitchController : <<<<<<< 's_drop_target_middle' active >>>>>>>
2023-04-14 21:59:56,966 : INFO : EventManager : Event: ======'playfield_active'====== Args={}
2023-04-14 21:59:56,966 : INFO : EventManager : Event: ======'unexpected_ball_on_playfield'====== Args={}
2023-04-14 21:59:56,966 : INFO : EventManager : Event: ======'drop_target_dt_2_middle_down'====== Args={'device': <drop_target.dt_2_middle>}
2023-04-14 21:59:56,966 : INFO : EventManager : Event: ======'drop_target_bank_dt_bank_mixed'====== Args={'prev_value': <DropTargetBankState.UP: 'up'>, 'down': 1}
2023-04-14 21:59:56,967 : INFO : SwitchController : <<<<<<< 's_drop_target_left' active >>>>>>>
2023-04-14 21:59:56,967 : INFO : EventManager : Event: ======'playfield_active'====== Args={}
2023-04-14 21:59:56,967 : INFO : EventManager : Event: ======'unexpected_ball_on_playfield'====== Args={}
2023-04-14 21:59:56,967 : INFO : EventManager : Event: ======'drop_target_dt_1_left_down'====== Args={'device': <drop_target.dt_1_left>}
2023-04-14 21:59:56,968 : INFO : EventManager : Event: ======'drop_target_bank_dt_bank_mixed'====== Args={'prev_value': <DropTargetBankState.MIXED: 'mixed'>, 'down': 2}
2023-04-14 21:59:57,090 : INFO : SwitchController : <<<<<<< 's_right_flipper' inactive >>>>>>>
2023-04-14 21:59:57,116 : INFO : SwitchController : <<<<<<< 's_drop_target_right' active >>>>>>>
2023-04-14 21:59:57,117 : INFO : EventManager : Event: ======'playfield_active'====== Args={}
2023-04-14 21:59:57,117 : INFO : EventManager : Event: ======'unexpected_ball_on_playfield'====== Args={}
2023-04-14 21:59:57,117 : INFO : EventManager : Event: ======'drop_target_dt_3_right_down'====== Args={'device': <drop_target.dt_3_right>}
2023-04-14 21:59:57,117 : INFO : EventManager : Event: ======'drop_target_bank_dt_bank_down'====== Args={}
2023-04-14 21:59:57,240 : INFO : SwitchController : <<<<<<< 's_drop_target_middle' inactive >>>>>>>
2023-04-14 21:59:57,241 : INFO : EventManager : Event: ======'playfield_active'====== Args={}
2023-04-14 21:59:57,241 : INFO : EventManager : Event: ======'unexpected_ball_on_playfield'====== Args={}
2023-04-14 21:59:57,241 : INFO : EventManager : Event: ======'drop_target_dt_2_middle_up'====== Args={'device': <drop_target.dt_2_middle>}
2023-04-14 21:59:57,241 : INFO : EventManager : Event: ======'drop_target_bank_dt_bank_mixed'====== Args={'prev_value': <DropTargetBankState.DOWN: 'down'>, 'down': 2}
2023-04-14 21:59:57,242 : INFO : SwitchController : <<<<<<< 's_drop_target_left' inactive >>>>>>>
2023-04-14 21:59:57,242 : INFO : EventManager : Event: ======'playfield_active'====== Args={}
2023-04-14 21:59:57,242 : INFO : EventManager : Event: ======'unexpected_ball_on_playfield'====== Args={}
2023-04-14 21:59:57,242 : INFO : EventManager : Event: ======'drop_target_dt_1_left_up'====== Args={'device': <drop_target.dt_1_left>}
2023-04-14 21:59:57,242 : INFO : EventManager : Event: ======'drop_target_bank_dt_bank_mixed'====== Args={'prev_value': <DropTargetBankState.MIXED: 'mixed'>, 'down': 1}
2023-04-14 21:59:57,290 : INFO : SwitchController : <<<<<<< 's_drop_target_right' inactive >>>>>>>
2023-04-14 21:59:57,290 : INFO : EventManager : Event: ======'playfield_active'====== Args={}
2023-04-14 21:59:57,290 : INFO : EventManager : Event: ======'unexpected_ball_on_playfield'====== Args={}
2023-04-14 21:59:57,291 : INFO : EventManager : Event: ======'drop_target_dt_3_right_up'====== Args={'device': <drop_target.dt_3_right>}
2023-04-14 21:59:57,291 : INFO : EventManager : Event: ======'drop_target_bank_dt_bank_up'====== Args={}
2023-04-14 21:59:58,126 : INFO : drop_target_bank.dt_bank : All targets are already up. Will not reset bank.
2023-04-14 21:59:58,191 : INFO : SwitchController : <<<<<<< 's_right_flipper' active >>>>>>>
2023-04-14 21:59:58,316 : INFO : SwitchController : <<<<<<< 's_drop_target_middle' active >>>>>>>
2023-04-14 21:59:58,317 : INFO : EventManager : Event: ======'playfield_active'====== Args={}
2023-04-14 21:59:58,317 : INFO : EventManager : Event: ======'unexpected_ball_on_playfield'====== Args={}
2023-04-14 21:59:58,317 : INFO : EventManager : Event: ======'drop_target_dt_2_middle_down'====== Args={'device': <drop_target.dt_2_middle>}
2023-04-14 21:59:58,317 : INFO : EventManager : Event: ======'drop_target_bank_dt_bank_mixed'====== Args={'prev_value': <DropTargetBankState.UP: 'up'>, 'down': 1}
2023-04-14 21:59:58,318 : INFO : SwitchController : <<<<<<< 's_drop_target_left' active >>>>>>>
2023-04-14 21:59:58,318 : INFO : EventManager : Event: ======'playfield_active'====== Args={}
2023-04-14 21:59:58,318 : INFO : EventManager : Event: ======'unexpected_ball_on_playfield'====== Args={}
2023-04-14 21:59:58,318 : INFO : EventManager : Event: ======'drop_target_dt_1_left_down'====== Args={'device': <drop_target.dt_1_left>}
2023-04-14 21:59:58,319 : INFO : EventManager : Event: ======'drop_target_bank_dt_bank_mixed'====== Args={'prev_value': <DropTargetBankState.MIXED: 'mixed'>, 'down': 2}
2023-04-14 21:59:58,353 : INFO : SwitchController : <<<<<<< 's_right_flipper' inactive >>>>>>>
2023-04-14 21:59:58,390 : INFO : SwitchController : <<<<<<< 's_drop_target_right' active >>>>>>>
2023-04-14 21:59:58,390 : INFO : EventManager : Event: ======'playfield_active'====== Args={}
2023-04-14 21:59:58,390 : INFO : EventManager : Event: ======'unexpected_ball_on_playfield'====== Args={}
2023-04-14 21:59:58,391 : INFO : EventManager : Event: ======'drop_target_dt_3_right_down'====== Args={'device': <drop_target.dt_3_right>}
2023-04-14 21:59:58,391 : INFO : EventManager : Event: ======'drop_target_bank_dt_bank_down'====== Args={}
2023-04-14 21:59:58,415 : INFO : SwitchController : <<<<<<< 's_drop_target_left' inactive >>>>>>>
2023-04-14 21:59:58,415 : INFO : EventManager : Event: ======'playfield_active'====== Args={}
2023-04-14 21:59:58,416 : INFO : EventManager : Event: ======'unexpected_ball_on_playfield'====== Args={}
2023-04-14 21:59:58,416 : INFO : EventManager : Event: ======'drop_target_dt_1_left_up'====== Args={'device': <drop_target.dt_1_left>}
2023-04-14 21:59:58,416 : INFO : EventManager : Event: ======'drop_target_bank_dt_bank_mixed'====== Args={'prev_value': <DropTargetBankState.DOWN: 'down'>, 'down': 2}
2023-04-14 21:59:58,467 : INFO : SwitchController : <<<<<<< 's_drop_target_right' inactive >>>>>>>
2023-04-14 21:59:58,467 : INFO : EventManager : Event: ======'playfield_active'====== Args={}
2023-04-14 21:59:58,467 : INFO : EventManager : Event: ======'unexpected_ball_on_playfield'====== Args={}
2023-04-14 21:59:58,467 : INFO : EventManager : Event: ======'drop_target_dt_3_right_up'====== Args={'device': <drop_target.dt_3_right>}
2023-04-14 21:59:58,468 : INFO : EventManager : Event: ======'drop_target_bank_dt_bank_mixed'====== Args={'prev_value': <DropTargetBankState.MIXED: 'mixed'>, 'down': 1}
2023-04-14 21:59:58,468 : INFO : SwitchController : <<<<<<< 's_drop_target_middle' inactive >>>>>>>
2023-04-14 21:59:58,468 : INFO : EventManager : Event: ======'playfield_active'====== Args={}
2023-04-14 21:59:58,468 : INFO : EventManager : Event: ======'unexpected_ball_on_playfield'====== Args={}
2023-04-14 21:59:58,469 : INFO : EventManager : Event: ======'drop_target_dt_2_middle_up'====== Args={'device': <drop_target.dt_2_middle>}
2023-04-14 21:59:58,469 : INFO : EventManager : Event: ======'drop_target_bank_dt_bank_up'====== Args={}
2023-04-14 21:59:59,080 : INFO : SwitchController : <<<<<<< 's_start' active >>>>>>>
2023-04-14 21:59:59,190 : INFO : SwitchController : <<<<<<< 's_start' inactive >>>>>>>
2023-04-14 21:59:59,191 : INFO : EventManager : Event: ======'request_to_start_game'====== Args={}
2023-04-14 21:59:59,191 : INFO : BallController : Known balls: 0
2023-04-14 21:59:59,192 : INFO : BallController : bd_trough contains 0 balls. Tags ['trough', 'home', 'drain']
2023-04-14 21:59:59,192 : INFO : BallController : bd_plunger contains 0 balls. Tags []
2023-04-14 21:59:59,192 : INFO : BallController : playfield contains 0 balls. Tags ['default']
2023-04-14 21:59:59,192 : WARNING : BallController : BallController denies game start. Not enough balls. 0 found. 1 required
2023-04-14 21:59:59,193 : INFO : BallController : Triggering ball search.
2023-04-14 21:59:59,402 : INFO : drop_target_bank.dt_bank : All targets are already up. Will not reset bank.
2023-04-14 22:00:03,985 : INFO : Machine : Shutting down...
2023-04-14 22:00:03,985 : INFO : EventManager : Event: ======'shutdown'====== Args={}
2023-04-14 22:00:03,985 : INFO : root : MPF run loop ended.
