2023-03-28 11:41:35,624 : INFO : root : Loading config.
2023-03-28 11:41:35,639 : INFO : YamlMultifileConfigLoader : Machine config file #1: config.yaml
2023-03-28 11:41:35,639 : INFO : ConfigProcessor : Loading config from cache: C:\Users\digidev\AppData\Local\Temp\207a4012de915441e2519cedb288d8b5.mpf_cache
2023-03-28 11:41:35,749 : INFO : ConfigProcessor : Loading config from cache: C:\Users\digidev\AppData\Local\Temp\ae663e8f24481bd52f7f5e9610d87d3b.mpf_cache
2023-03-28 11:41:35,749 : INFO : ConfigProcessor : Loading config from cache: C:\Users\digidev\AppData\Local\Temp\d7dbd5ece0283f90787e254e6a383d33.mpf_cache
2023-03-28 11:41:35,749 : INFO : Machine : Mission Pinball Framework Core Engine v0.56.0
2023-03-28 11:41:35,749 : INFO : Machine : Command line arguments: {'no_load_cache': False, 'create_config_cache': True, 'bcp': True, 'configfile': ['config.yaml'], 'force_assets_load': False, 'jsonlogging': False, 'logfile': 'logs\\2023-03-28-11-41-35-mpf-DESKTOP-JGO3PQG.log', 'pause': False, 'production': False, 'text_ui': False, 'loglevel': 15, 'consoleloglevel': 20, 'force_platform': 'smart_virtual', 'syslog_address': None, 'mc_file_name': None, 'no_sound': False}
2023-03-28 11:41:35,749 : INFO : Machine : MPF path: C:\Users\digidev\.local\pipx\venvs\mpf\lib\site-packages\mpf
2023-03-28 11:41:35,749 : INFO : Machine : Machine path: C:\Users\digidev\source\Pinball_Three-Amigos
2023-03-28 11:41:35,749 : INFO : Machine : Platform: win32
2023-03-28 11:41:35,749 : INFO : Machine : Python executable location: C:\Users\digidev\.local\pipx\venvs\mpf\Scripts\python.exe
2023-03-28 11:41:35,749 : INFO : Machine : Python version: 3.9.13 (64-bit)
2023-03-28 11:41:35,764 : INFO : Machine : Initialise MPF.
2023-03-28 11:41:35,889 : INFO : EventManager : Event: ======'machine_var_credits_string'====== Args={'value': 'FREE PLAY', 'prev_value': None, 'change': True}
2023-03-28 11:41:35,952 : INFO : EventManager : Event: ======'machine_var_master_volume'====== Args={'value': 0.5, 'prev_value': None, 'change': True}
2023-03-28 11:41:35,952 : INFO : EventManager : Event: ======'machine_var_mpf_version'====== Args={'value': 'MPF v0.56.0', 'prev_value': None, 'change': True}
2023-03-28 11:41:35,952 : INFO : EventManager : Event: ======'machine_var_mpf_extended_version'====== Args={'value': 'MPF v0.56.0, Config version:5, Show version: 5, BCP version:1.1', 'prev_value': None, 'change': True}
2023-03-28 11:41:35,952 : INFO : EventManager : Event: ======'machine_var_python_version'====== Args={'value': '3.9.13', 'prev_value': None, 'change': True}
2023-03-28 11:41:35,983 : INFO : EventManager : Event: ======'machine_var_platform'====== Args={'value': 'Windows-10-10.0.19044-SP0', 'prev_value': None, 'change': True}
2023-03-28 11:41:35,983 : INFO : EventManager : Event: ======'machine_var_platform_system'====== Args={'value': 'Windows', 'prev_value': None, 'change': True}
2023-03-28 11:41:35,983 : INFO : EventManager : Event: ======'machine_var_platform_release'====== Args={'value': '10', 'prev_value': None, 'change': True}
2023-03-28 11:41:35,983 : INFO : EventManager : Event: ======'machine_var_platform_version'====== Args={'value': '10.0.19044', 'prev_value': None, 'change': True}
2023-03-28 11:41:35,983 : INFO : EventManager : Event: ======'machine_var_platform_machine'====== Args={'value': 'AMD64', 'prev_value': None, 'change': True}
2023-03-28 11:41:35,983 : INFO : EventManager : Event: ======'init_phase_1'====== Args={}
2023-03-28 11:41:35,999 : INFO : EventManager : Event: ======'drop_target_bank_dt_bank_up'====== Args={}
2023-03-28 11:41:35,999 : INFO : EventManager : Event: ======'init_phase_2'====== Args={}
2023-03-28 11:41:35,999 : INFO : EventManager : Event: ======'bcp_connection_attempt'====== Args={'name': 'local_display', 'host': 'localhost', 'port': 5050}
2023-03-28 11:41:35,999 : INFO : BCPClientSocket : Connecting BCP to 'local_display' at localhost:5050...
2023-03-28 11:41:38,050 : INFO : BCPClientSocket : Connected BCP to 'local_display' localhost:5050
2023-03-28 11:41:38,052 : INFO : EventManager : Event: ======'bcp_clients_connected'====== Args={}
2023-03-28 11:41:38,054 : INFO : ball_device.bd_trough : BCH: Initial count: 0
2023-03-28 11:41:38,055 : INFO : ball_device.bd_trough : State: idle
2023-03-28 11:41:38,056 : INFO : ball_device.bd_plunger : BCH: Initial count: 0
2023-03-28 11:41:38,057 : INFO : ball_device.bd_plunger : State: idle
2023-03-28 11:41:38,084 : INFO : EventManager : Event: ======'init_phase_3'====== Args={}
2023-03-28 11:41:38,095 : INFO : EventManager : Event: ======'machine_var_mc_version'====== Args={'value': 'MPF-MC v0.56.1', 'prev_value': None, 'change': True}
2023-03-28 11:41:38,097 : INFO : EventManager : Event: ======'machine_var_mc_extended_version'====== Args={'value': 'MPF-MC v0.56.1 (config_version=5, BCP v1.1,                      Requires MPF API compatibility v0.56.0 or newer)', 'prev_value': None, 'change': True}
2023-03-28 11:41:38,100 : INFO : EventManager : Event: ======'init_phase_4'====== Args={}
2023-03-28 11:41:38,102 : INFO : BallController : Initial balls found: 0
2023-03-28 11:41:38,104 : INFO : EventManager : Event: ======'machine_var_audits_switches_s_left_flipper'====== Args={'value': 0, 'prev_value': None, 'change': True}
2023-03-28 11:41:38,105 : INFO : EventManager : Event: ======'machine_var_audits_switches_s_right_flipper'====== Args={'value': 0, 'prev_value': None, 'change': True}
2023-03-28 11:41:38,105 : INFO : EventManager : Event: ======'machine_var_audits_switches_s_trough1'====== Args={'value': 0, 'prev_value': None, 'change': True}
2023-03-28 11:41:38,105 : INFO : EventManager : Event: ======'machine_var_audits_switches_s_trough2'====== Args={'value': 0, 'prev_value': None, 'change': True}
2023-03-28 11:41:38,105 : INFO : EventManager : Event: ======'machine_var_audits_switches_s_trough3'====== Args={'value': 0, 'prev_value': None, 'change': True}
2023-03-28 11:41:38,105 : INFO : EventManager : Event: ======'machine_var_audits_switches_s_trough4'====== Args={'value': 0, 'prev_value': None, 'change': True}
2023-03-28 11:41:38,106 : INFO : EventManager : Event: ======'machine_var_audits_switches_s_trough_jam'====== Args={'value': 0, 'prev_value': None, 'change': True}
2023-03-28 11:41:38,106 : INFO : EventManager : Event: ======'machine_var_audits_switches_s_plunger_lane'====== Args={'value': 0, 'prev_value': None, 'change': True}
2023-03-28 11:41:38,106 : INFO : EventManager : Event: ======'machine_var_audits_switches_s_start'====== Args={'value': 0, 'prev_value': None, 'change': True}
2023-03-28 11:41:38,106 : INFO : EventManager : Event: ======'machine_var_audits_switches_s_left_slingshot'====== Args={'value': 0, 'prev_value': None, 'change': True}
2023-03-28 11:41:38,106 : INFO : EventManager : Event: ======'machine_var_audits_switches_s_right_slingshot'====== Args={'value': 0, 'prev_value': None, 'change': True}
2023-03-28 11:41:38,107 : INFO : EventManager : Event: ======'machine_var_audits_switches_s_drop_target_left'====== Args={'value': 0, 'prev_value': None, 'change': True}
2023-03-28 11:41:38,107 : INFO : EventManager : Event: ======'machine_var_audits_switches_s_drop_target_middle'====== Args={'value': 0, 'prev_value': None, 'change': True}
2023-03-28 11:41:38,107 : INFO : EventManager : Event: ======'machine_var_audits_switches_s_drop_target_right'====== Args={'value': 0, 'prev_value': None, 'change': True}
2023-03-28 11:41:38,107 : INFO : EventManager : Event: ======'machine_var_audits_switches_s_tilt'====== Args={'value': 0, 'prev_value': None, 'change': True}
2023-03-28 11:41:38,108 : INFO : EventManager : Event: ======'machine_var_audits_events_game_started'====== Args={'value': 0, 'prev_value': None, 'change': True}
2023-03-28 11:41:38,108 : INFO : EventManager : Event: ======'machine_var_audits_events_game_ended'====== Args={'value': 0, 'prev_value': None, 'change': True}
2023-03-28 11:41:38,108 : INFO : EventManager : Event: ======'machine_var_audits_player_score'====== Args={'value': {'top': [], 'average': 0, 'total': 0}, 'prev_value': None, 'change': True}
2023-03-28 11:41:38,109 : INFO : EventManager : Event: ======'init_phase_5'====== Args={}
2023-03-28 11:41:38,110 : INFO : EventManager : Event: ======'init_done'====== Args={}
2023-03-28 11:41:38,111 : INFO : EventManager : Event: ======'machine_reset_phase_1'====== Args={}
2023-03-28 11:41:38,188 : INFO : EventManager : Event: ======'slide_welcome_slide_removed'====== Args={'_from_bcp': True}
2023-03-28 11:41:38,190 : INFO : EventManager : Event: ======'slide_welcome_slide_created'====== Args={'_from_bcp': True}
2023-03-28 11:41:38,205 : INFO : EventManager : Event: ======'slide_welcome_slide_active'====== Args={'_from_bcp': True}
2023-03-28 11:41:38,206 : INFO : EventManager : Event: ======'machine_reset_phase_2'====== Args={}
2023-03-28 11:41:38,206 : INFO : EventManager : Event: ======'machine_reset_phase_3'====== Args={}
2023-03-28 11:41:38,207 : INFO : EventManager : Event: ======'reset_complete'====== Args={}
2023-03-28 11:41:38,207 : INFO : EventManager : Event: ======'mode_attract_will_start'====== Args={}
2023-03-28 11:41:38,209 : INFO : EventManager : Event: ======'mode_attract_starting'====== Args={}
2023-03-28 11:41:38,210 : INFO : Mode.attract : Started. Priority: 10
2023-03-28 11:41:38,211 : INFO : EventManager : Event: ======'modes_active_modes_changed'====== Args={}
2023-03-28 11:41:38,212 : INFO : EventManager : Event: ======'mode_attract_started'====== Args={}
2023-03-28 11:41:38,213 : INFO : EventManager : Event: ======'collecting_balls_complete'====== Args={}
2023-03-28 11:41:38,215 : INFO : Machine : Starting the main run loop.
2023-03-28 11:41:38,248 : INFO : EventManager : Event: ======'slide_attract_started_created'====== Args={'_from_bcp': True}
2023-03-28 11:41:38,251 : INFO : EventManager : Event: ======'slide_attract_started_active'====== Args={'_from_bcp': True}
2023-03-28 11:41:39,256 : INFO : SwitchController : <<<<<<< 's_start' active >>>>>>>
2023-03-28 11:41:39,345 : INFO : SwitchController : <<<<<<< 's_start' inactive >>>>>>>
2023-03-28 11:41:39,345 : INFO : EventManager : Event: ======'request_to_start_game'====== Args={}
2023-03-28 11:41:39,346 : INFO : BallController : Known balls: 0
2023-03-28 11:41:39,346 : INFO : BallController : bd_trough contains 0 balls. Tags ['trough', 'home', 'drain']
2023-03-28 11:41:39,346 : INFO : BallController : bd_plunger contains 0 balls. Tags []
2023-03-28 11:41:39,346 : INFO : BallController : playfield contains 0 balls. Tags ['default']
2023-03-28 11:41:39,347 : WARNING : BallController : BallController denies game start. Not enough balls. 0 found. 1 required
2023-03-28 11:41:39,347 : INFO : BallController : Triggering ball search.
2023-03-28 11:41:45,841 : INFO : SwitchController : <<<<<<< 's_trough3' active >>>>>>>
2023-03-28 11:41:45,842 : INFO : SwitchController : <<<<<<< 's_trough2' active >>>>>>>
2023-03-28 11:41:45,842 : INFO : SwitchController : <<<<<<< 's_trough1' active >>>>>>>
2023-03-28 11:41:45,951 : INFO : SwitchController : <<<<<<< 's_trough4' active >>>>>>>
2023-03-28 11:41:46,273 : INFO : EventManager : Event: ======'balldevice_bd_trough_ball_count_changed'====== Args={'balls': 4}
2023-03-28 11:41:46,273 : INFO : ball_device.bd_trough : Received unexpected ball
2023-03-28 11:41:46,273 : INFO : EventManager : Event: ======'balldevice_captured_from_playfield'====== Args={'balls': 1}
2023-03-28 11:41:46,274 : INFO : EventManager : Event: ======'sw_playfield_active'====== Args={'balls': 1}
2023-03-28 11:41:46,274 : INFO : EventManager : Event: ======'playfield_active'====== Args={}
2023-03-28 11:41:46,274 : INFO : EventManager : Event: ======'unexpected_ball_on_playfield'====== Args={}
2023-03-28 11:41:46,275 : INFO : EventManager : Event: ======'playfield_ball_count_change'====== Args={'balls': -1, 'change': -1}
2023-03-28 11:41:46,275 : INFO : EventManager : Event: ======'balldevice_playfield_ball_enter'====== Args={'new_balls': 1, 'unclaimed_balls': 1, 'device': <playfield.playfield>}
2023-03-28 11:41:46,276 : INFO : EventManager : Event: ======'playfield_ball_count_change'====== Args={'balls': 0, 'change': 1}
2023-03-28 11:41:46,276 : INFO : BallController : Found a new ball which was captured from playfield. Known balls: 1
2023-03-28 11:41:46,276 : INFO : EventManager : Event: ======'found_new_ball'====== Args={}
2023-03-28 11:41:46,277 : INFO : EventManager : Event: ======'balldevice_bd_trough_ball_enter'====== Args={'new_balls': 1, 'unclaimed_balls': 1, 'new_available_balls': 1, 'device': <ball_device.bd_trough>}
2023-03-28 11:41:46,277 : INFO : EventManager : Event: ======'ball_drain'====== Args={'device': <ball_device.bd_trough>, 'balls': 1}
2023-03-28 11:41:46,277 : INFO : EventManager : Event: ======'balldevice_balls_available'====== Args={}
2023-03-28 11:41:46,278 : INFO : EventManager : Event: ======'balldevice_bd_trough_ball_entered'====== Args={'new_balls': 1, 'device': <ball_device.bd_trough>}
2023-03-28 11:41:46,278 : INFO : ball_device.bd_trough : Received unexpected ball
2023-03-28 11:41:46,278 : INFO : EventManager : Event: ======'balldevice_captured_from_playfield'====== Args={'balls': 1}
2023-03-28 11:41:46,278 : INFO : EventManager : Event: ======'sw_playfield_active'====== Args={'balls': 1}
2023-03-28 11:41:46,279 : INFO : EventManager : Event: ======'playfield_active'====== Args={}
2023-03-28 11:41:46,279 : INFO : EventManager : Event: ======'unexpected_ball_on_playfield'====== Args={}
2023-03-28 11:41:46,279 : INFO : EventManager : Event: ======'playfield_ball_count_change'====== Args={'balls': -1, 'change': -1}
2023-03-28 11:41:46,280 : INFO : EventManager : Event: ======'balldevice_playfield_ball_enter'====== Args={'new_balls': 1, 'unclaimed_balls': 1, 'device': <playfield.playfield>}
2023-03-28 11:41:46,280 : INFO : EventManager : Event: ======'playfield_ball_count_change'====== Args={'balls': 0, 'change': 1}
2023-03-28 11:41:46,280 : INFO : BallController : Found a new ball which was captured from playfield. Known balls: 2
2023-03-28 11:41:46,280 : INFO : EventManager : Event: ======'found_new_ball'====== Args={}
2023-03-28 11:41:46,281 : INFO : EventManager : Event: ======'balldevice_bd_trough_ball_enter'====== Args={'new_balls': 1, 'unclaimed_balls': 1, 'new_available_balls': 1, 'device': <ball_device.bd_trough>}
2023-03-28 11:41:46,281 : INFO : EventManager : Event: ======'ball_drain'====== Args={'device': <ball_device.bd_trough>, 'balls': 1}
2023-03-28 11:41:46,281 : INFO : EventManager : Event: ======'balldevice_balls_available'====== Args={}
2023-03-28 11:41:46,282 : INFO : EventManager : Event: ======'balldevice_bd_trough_ball_entered'====== Args={'new_balls': 1, 'device': <ball_device.bd_trough>}
2023-03-28 11:41:46,282 : INFO : ball_device.bd_trough : Received unexpected ball
2023-03-28 11:41:46,282 : INFO : EventManager : Event: ======'balldevice_captured_from_playfield'====== Args={'balls': 1}
2023-03-28 11:41:46,282 : INFO : EventManager : Event: ======'sw_playfield_active'====== Args={'balls': 1}
2023-03-28 11:41:46,283 : INFO : EventManager : Event: ======'playfield_active'====== Args={}
2023-03-28 11:41:46,283 : INFO : EventManager : Event: ======'unexpected_ball_on_playfield'====== Args={}
2023-03-28 11:41:46,283 : INFO : EventManager : Event: ======'playfield_ball_count_change'====== Args={'balls': -1, 'change': -1}
2023-03-28 11:41:46,284 : INFO : EventManager : Event: ======'balldevice_playfield_ball_enter'====== Args={'new_balls': 1, 'unclaimed_balls': 1, 'device': <playfield.playfield>}
2023-03-28 11:41:46,284 : INFO : EventManager : Event: ======'playfield_ball_count_change'====== Args={'balls': 0, 'change': 1}
2023-03-28 11:41:46,284 : INFO : BallController : Found a new ball which was captured from playfield. Known balls: 3
2023-03-28 11:41:46,284 : INFO : EventManager : Event: ======'found_new_ball'====== Args={}
2023-03-28 11:41:46,285 : INFO : EventManager : Event: ======'balldevice_bd_trough_ball_enter'====== Args={'new_balls': 1, 'unclaimed_balls': 1, 'new_available_balls': 1, 'device': <ball_device.bd_trough>}
2023-03-28 11:41:46,285 : INFO : EventManager : Event: ======'ball_drain'====== Args={'device': <ball_device.bd_trough>, 'balls': 1}
2023-03-28 11:41:46,285 : INFO : EventManager : Event: ======'balldevice_balls_available'====== Args={}
2023-03-28 11:41:46,286 : INFO : EventManager : Event: ======'balldevice_bd_trough_ball_entered'====== Args={'new_balls': 1, 'device': <ball_device.bd_trough>}
2023-03-28 11:41:46,286 : INFO : ball_device.bd_trough : Received unexpected ball
2023-03-28 11:41:46,286 : INFO : EventManager : Event: ======'balldevice_captured_from_playfield'====== Args={'balls': 1}
2023-03-28 11:41:46,286 : INFO : EventManager : Event: ======'sw_playfield_active'====== Args={'balls': 1}
2023-03-28 11:41:46,287 : INFO : EventManager : Event: ======'playfield_active'====== Args={}
2023-03-28 11:41:46,287 : INFO : EventManager : Event: ======'unexpected_ball_on_playfield'====== Args={}
2023-03-28 11:41:46,287 : INFO : EventManager : Event: ======'playfield_ball_count_change'====== Args={'balls': -1, 'change': -1}
2023-03-28 11:41:46,288 : INFO : EventManager : Event: ======'balldevice_playfield_ball_enter'====== Args={'new_balls': 1, 'unclaimed_balls': 1, 'device': <playfield.playfield>}
2023-03-28 11:41:46,289 : INFO : EventManager : Event: ======'playfield_ball_count_change'====== Args={'balls': 0, 'change': 1}
2023-03-28 11:41:46,289 : INFO : BallController : Found a new ball which was captured from playfield. Known balls: 4
2023-03-28 11:41:46,289 : INFO : EventManager : Event: ======'found_new_ball'====== Args={}
2023-03-28 11:41:46,290 : INFO : EventManager : Event: ======'balldevice_bd_trough_ball_enter'====== Args={'new_balls': 1, 'unclaimed_balls': 1, 'new_available_balls': 1, 'device': <ball_device.bd_trough>}
2023-03-28 11:41:46,290 : INFO : EventManager : Event: ======'ball_drain'====== Args={'device': <ball_device.bd_trough>, 'balls': 1}
2023-03-28 11:41:46,290 : INFO : EventManager : Event: ======'balldevice_balls_available'====== Args={}
2023-03-28 11:41:46,291 : INFO : EventManager : Event: ======'balldevice_bd_trough_ball_entered'====== Args={'new_balls': 1, 'device': <ball_device.bd_trough>}
2023-03-28 11:42:00,667 : INFO : SwitchController : <<<<<<< 's_trough4' inactive >>>>>>>
2023-03-28 11:42:00,717 : INFO : SwitchController : <<<<<<< 's_trough2' inactive >>>>>>>
2023-03-28 11:42:00,718 : INFO : SwitchController : <<<<<<< 's_trough1' inactive >>>>>>>
2023-03-28 11:42:00,741 : INFO : SwitchController : <<<<<<< 's_trough3' inactive >>>>>>>
2023-03-28 11:42:01,313 : INFO : SwitchController : <<<<<<< 's_start' active >>>>>>>
2023-03-28 11:42:01,523 : INFO : SwitchController : <<<<<<< 's_start' inactive >>>>>>>
2023-03-28 11:42:01,524 : INFO : EventManager : Event: ======'request_to_start_game'====== Args={}
2023-03-28 11:42:01,524 : INFO : BallController : Known balls: 4
2023-03-28 11:42:01,524 : INFO : BallController : bd_trough contains 4 balls. Tags ['trough', 'home', 'drain']
2023-03-28 11:42:01,525 : INFO : BallController : bd_plunger contains 0 balls. Tags []
2023-03-28 11:42:01,525 : INFO : BallController : playfield contains 0 balls. Tags ['default']
2023-03-28 11:42:01,525 : WARNING : BallController : BallController denies game start. Not enough balls. 0 found. 1 required
2023-03-28 11:42:01,525 : INFO : BallController : Triggering ball search.
2023-03-28 11:42:06,270 : INFO : EventManager : Event: ======'balldevice_bd_trough_ball_count_changed'====== Args={'balls': 0}
2023-03-28 11:42:06,271 : WARNING : ball_device.bd_trough : Ball disappeared while idle. This should not normally happen.
2023-03-28 11:42:06,271 : INFO : EventManager : Event: ======'balldevice_playfield_ball_enter'====== Args={'new_balls': 1, 'unclaimed_balls': 1, 'device': <playfield.playfield>}
2023-03-28 11:42:06,271 : INFO : EventManager : Event: ======'playfield_ball_count_change'====== Args={'balls': 1, 'change': 1}
2023-03-28 11:42:06,272 : INFO : ball_device.bd_trough : 1 ball(s) missing from device. Mechanical eject? False
2023-03-28 11:42:06,272 : INFO : EventManager : Event: ======'balldevice_bd_trough_ball_missing'====== Args={'balls': 1}
2023-03-28 11:42:06,272 : INFO : EventManager : Event: ======'balldevice_ball_missing'====== Args={'balls': 1, 'name': 'bd_trough'}
2023-03-28 11:42:06,273 : WARNING : ball_device.bd_trough : Ball disappeared while idle. This should not normally happen.
2023-03-28 11:42:06,273 : INFO : EventManager : Event: ======'balldevice_playfield_ball_enter'====== Args={'new_balls': 1, 'unclaimed_balls': 1, 'device': <playfield.playfield>}
2023-03-28 11:42:06,273 : INFO : EventManager : Event: ======'playfield_ball_count_change'====== Args={'balls': 2, 'change': 1}
2023-03-28 11:42:06,273 : INFO : ball_device.bd_trough : 1 ball(s) missing from device. Mechanical eject? False
2023-03-28 11:42:06,274 : INFO : EventManager : Event: ======'balldevice_bd_trough_ball_missing'====== Args={'balls': 1}
2023-03-28 11:42:06,274 : INFO : EventManager : Event: ======'balldevice_ball_missing'====== Args={'balls': 1, 'name': 'bd_trough'}
2023-03-28 11:42:06,274 : WARNING : ball_device.bd_trough : Ball disappeared while idle. This should not normally happen.
2023-03-28 11:42:06,275 : INFO : EventManager : Event: ======'balldevice_playfield_ball_enter'====== Args={'new_balls': 1, 'unclaimed_balls': 1, 'device': <playfield.playfield>}
2023-03-28 11:42:06,275 : INFO : EventManager : Event: ======'playfield_ball_count_change'====== Args={'balls': 3, 'change': 1}
2023-03-28 11:42:06,275 : INFO : ball_device.bd_trough : 1 ball(s) missing from device. Mechanical eject? False
2023-03-28 11:42:06,275 : INFO : EventManager : Event: ======'balldevice_bd_trough_ball_missing'====== Args={'balls': 1}
2023-03-28 11:42:06,276 : INFO : EventManager : Event: ======'balldevice_ball_missing'====== Args={'balls': 1, 'name': 'bd_trough'}
2023-03-28 11:42:06,276 : WARNING : ball_device.bd_trough : Ball disappeared while idle. This should not normally happen.
2023-03-28 11:42:06,276 : INFO : EventManager : Event: ======'balldevice_playfield_ball_enter'====== Args={'new_balls': 1, 'unclaimed_balls': 1, 'device': <playfield.playfield>}
2023-03-28 11:42:06,277 : INFO : EventManager : Event: ======'playfield_ball_count_change'====== Args={'balls': 4, 'change': 1}
2023-03-28 11:42:06,277 : INFO : ball_device.bd_trough : 1 ball(s) missing from device. Mechanical eject? False
2023-03-28 11:42:06,277 : INFO : EventManager : Event: ======'balldevice_bd_trough_ball_missing'====== Args={'balls': 1}
2023-03-28 11:42:06,278 : INFO : EventManager : Event: ======'balldevice_ball_missing'====== Args={'balls': 1, 'name': 'bd_trough'}
2023-03-28 11:42:09,229 : INFO : Machine : Shutting down...
2023-03-28 11:42:09,229 : INFO : EventManager : Event: ======'shutdown'====== Args={}
2023-03-28 11:42:09,237 : INFO : root : MPF run loop ended.
