2023-03-28 11:22:46,359 : kivy : Factory: 189 symbols loaded
2023-03-28 11:22:46,598 : kivy : ImageLoaderFFPy: Using ffpyplayer 4.3.5
2023-03-28 11:22:46,599 : kivy : Image: Providers: img_tex, img_dds, img_sdl2, img_pil, img_ffpyplayer 
2023-03-28 11:22:46,658 : kivy : VideoGstplayer: Using Gstreamer 1.18.5.0
2023-03-28 11:22:46,658 : kivy : Video: Provider: gstplayer
2023-03-28 11:22:46,849 : kivy : Loading MPF-MC controller
2023-03-28 11:22:46,855 : YamlMultifileConfigLoader : Machine config file #1: config
2023-03-28 11:22:46,856 : ConfigProcessor : Config file in cache changed: C:\Users\digidev\source\Pinball_Three-Amigos\config\config
2023-03-28 11:22:46,858 : ConfigProcessor : Loading config from file C:\Users\digidev\.local\pipx\venvs\mpf\lib\site-packages\mpfmc\mcconfig.yaml.
2023-03-28 11:22:46,897 : ConfigProcessor : Loading config: C:\Users\digidev\.local\pipx\venvs\mpf\lib\site-packages\mpfmc\mcconfig.yaml
2023-03-28 11:22:46,898 : ConfigProcessor : Loading config from file C:\Users\digidev\source\Pinball_Three-Amigos\config\config.
2023-03-28 11:22:46,902 : ConfigProcessor : Loading config: C:\Users\digidev\source\Pinball_Three-Amigos\config\config
2023-03-28 11:22:46,949 : ConfigProcessor : Loading config: C:\Users\digidev\source\Pinball_Three-Amigos\config\hardware.yaml
2023-03-28 11:22:46,955 : ConfigProcessor : Loading config: C:\Users\digidev\source\Pinball_Three-Amigos\config\keyboard.yaml
2023-03-28 11:22:46,957 : ConfigProcessor : Config file cache created: C:\Users\digidev\AppData\Local\Temp\cb5b51b22bd45492aca32735a8adc5f5.mpf_cache
2023-03-28 11:22:46,958 : ConfigProcessor : Loading config from cache: C:\Users\digidev\AppData\Local\Temp\ae663e8f24481bd52f7f5e9610d87d3b.mpf_cache
2023-03-28 11:22:46,959 : ConfigProcessor : Loading config from cache: C:\Users\digidev\AppData\Local\Temp\d7dbd5ece0283f90787e254e6a383d33.mpf_cache
2023-03-28 11:22:46,961 : mpfmc : Mission Pinball Framework Media Controller v0.56.1
2023-03-28 11:22:46,961 : mpfmc : Mission Pinball Framework Game Engine v0.56.0
2023-03-28 11:22:46,962 : mpfmc : Machine path: C:\Users\digidev\source\Pinball_Three-Amigos
2023-03-28 11:22:46,964 : mpfmc : Starting clock at 60.0Hz
2023-03-28 11:22:46,987 : kivy : Text: Provider: sdl2
2023-03-28 11:22:47,053 : kivy : Window: Provider: sdl2
2023-03-28 11:22:47,166 : kivy : GL: Using the "OpenGL" graphics system
2023-03-28 11:22:47,168 : kivy : GL: GLEW initialization succeeded
2023-03-28 11:22:47,169 : kivy : GL: Backend used <glew>
2023-03-28 11:22:47,174 : kivy : GL: OpenGL version <b'4.3.0 - Build 20.19.15.4531'>
2023-03-28 11:22:47,175 : kivy : GL: OpenGL vendor <b'Intel'>
2023-03-28 11:22:47,175 : kivy : GL: OpenGL renderer <b'Intel(R) HD Graphics 4600'>
2023-03-28 11:22:47,176 : kivy : GL: OpenGL parsed version: 4, 3
2023-03-28 11:22:47,177 : kivy : GL: Shading version <b'4.30 - Build 20.19.15.4531'>
2023-03-28 11:22:47,181 : kivy : GL: Texture max size <16384>
2023-03-28 11:22:47,181 : kivy : GL: Texture max units <32>
2023-03-28 11:22:47,217 : kivy : Window: auto add sdl2 input provider
2023-03-28 11:22:47,218 : kivy : Window: virtual keyboard not allowed, single mode, not docked
2023-03-28 11:22:47,237 : SoundSystem : SoundSystem: Using default 'sound_system' settings
2023-03-28 11:22:47,558 : AudioInterface : Initialized
2023-03-28 11:22:47,559 : AudioInterface : Loaded SDL 2.0.20
2023-03-28 11:22:47,561 : AudioInterface : Loaded SDL_Mixer 2.0.4
2023-03-28 11:22:47,566 : AudioInterface : Loaded GStreamer 1.18.5.0
2023-03-28 11:22:47,567 : AudioInterface : Loaded GLib 2.62.6
2023-03-28 11:22:47,568 : AudioInterface : Settings requested - rate: 44100, channels: 1, buffer: 2048 samples
2023-03-28 11:22:47,568 : AudioInterface : Settings in use - rate: 44100, channels: 1, buffer: 2048 samples (4096 bytes @ 2 bytes per sample)
2023-03-28 11:22:47,569 : SoundSystem : No audio tracks are specified in your machine config file. a track named 'default' has been created.
2023-03-28 11:22:47,569 : SoundSystem : Setting master volume to 0.0
2023-03-28 11:22:47,570 : SoundSystem : master_volume in sound_system is deprecated and will be removed in the future.
2023-03-28 11:22:47,570 : AudioInterface : Enabling audio playback
2023-03-28 11:22:47,574 : kivy : Base: Start application main loop
2023-03-28 11:22:47,575 : EventManager : Event: ======'display_window_initialized'====== Args={}
2023-03-28 11:22:47,598 : mpfmc : Display: Setting 'window' as default display
2023-03-28 11:22:47,609 : mpfmc : ASPECT RATIO MISMATCH: The on-screen window is not the same aspect ratio as the display called 'window'. The logical display will be scaled from 1366x768 to the window size 800x600, and a black bar will make up the difference
2023-03-28 11:22:47,614 : EventManager : Event: ======'displays_initialized'====== Args={}
2023-03-28 11:22:47,615 : EventManager : Event: ======'slide_window_blank_created'====== Args={}
2023-03-28 11:22:47,616 : EventManager : Event: ======'display_window_ready'====== Args={}
2023-03-28 11:22:47,637 : EventManager : Event: ======'init_phase_1'====== Args={}
2023-03-28 11:22:47,641 : EventManager : Event: ======'mc_ready'====== Args={}
2023-03-28 11:22:47,641 : EventManager : Event: ======'init_phase_2'====== Args={}
2023-03-28 11:22:47,647 : EventManager : Event: ======'init_phase_3'====== Args={}
2023-03-28 11:22:47,649 : EventManager : Event: ======'init_phase_4'====== Args={}
2023-03-28 11:22:47,664 : EventManager : Event: ======'init_phase_5'====== Args={}
2023-03-28 11:22:47,672 : kivy : GL: NPOT texture support is available
2023-03-28 11:22:47,682 : kivy : GL: Unpack subimage support is available
2023-03-28 11:22:47,691 : EventManager : Event: ======'loading_assets'====== Args={'total': 1, 'loaded': 1, 'remaining': 0, 'percent': 100}
2023-03-28 11:22:47,691 : AssetManager : Asset loading took: 0.1200103759765625
2023-03-28 11:22:47,697 : EventManager : Event: ======'asset_loading_complete'====== Args={}
2023-03-28 11:22:47,698 : AssetManager : Loading assets: 1/1 (100%)
2023-03-28 11:22:47,702 : EventManager : Event: ======'init_done'====== Args={}
2023-03-28 11:22:47,703 : MPF-MC BCP Server : Starting up on localhost port 5050
2023-03-28 11:22:47,709 : MPF-MC BCP Server : Waiting for a connection...
2023-03-28 11:22:47,709 : mpfmc : SlidePlayer: Play called with settings={'slides': {welcome_slide-None-None: {'priority': None, 'target': None, 'background_color': [0.0, 0.0, 0.0, 1.0], 'show': True, 'force': False, 'expire': None, 'slide': None, 'tokens': {}, 'action': 'play', 'transition': None, 'transition_out': None}}}
2023-03-28 11:22:47,716 : EventManager : Event: ======'slide_welcome_slide_created'====== Args={}
2023-03-28 11:22:47,716 : EventManager : Event: ======'slide_welcome_slide_active'====== Args={}
2023-03-28 11:22:47,725 : EventManager : Event: ======'client_disconnected'====== Args={'host': '127.0.0.1', 'port': 5050}
2023-03-28 11:22:48,556 : MPF-MC BCP Server : Received connection from: 127.0.0.1:59274
2023-03-28 11:22:48,560 : EventManager : Event: ======'client_connected'====== Args={'host': '127.0.0.1', 'port': 59274}
2023-03-28 11:22:48,608 : EventManager : Event: ======'machine_var_credits_string'====== Args={'value': 'FREE PLAY', 'prev_value': None, 'change': True}
2023-03-28 11:22:48,612 : EventManager : Event: ======'machine_var_master_volume'====== Args={'value': 0.5, 'prev_value': None, 'change': True}
2023-03-28 11:22:48,613 : EventManager : Event: ======'machine_var_mpf_version'====== Args={'value': 'MPF v0.56.0', 'prev_value': None, 'change': True}
2023-03-28 11:22:48,614 : EventManager : Event: ======'machine_var_mpf_extended_version'====== Args={'value': 'MPF v0.56.0, Config version:5, Show version: 5, BCP version:1.1', 'prev_value': None, 'change': True}
2023-03-28 11:22:48,615 : EventManager : Event: ======'machine_var_python_version'====== Args={'value': '3.9.13', 'prev_value': None, 'change': True}
2023-03-28 11:22:48,616 : EventManager : Event: ======'machine_var_platform'====== Args={'value': 'Windows-10-10.0.19044-SP0', 'prev_value': None, 'change': True}
2023-03-28 11:22:48,618 : EventManager : Event: ======'machine_var_platform_system'====== Args={'value': 'Windows', 'prev_value': None, 'change': True}
2023-03-28 11:22:48,624 : EventManager : Event: ======'machine_var_platform_release'====== Args={'value': '10', 'prev_value': None, 'change': True}
2023-03-28 11:22:48,630 : EventManager : Event: ======'machine_var_platform_version'====== Args={'value': '10.0.19044', 'prev_value': None, 'change': True}
2023-03-28 11:22:48,632 : EventManager : Event: ======'machine_var_platform_machine'====== Args={'value': 'AMD64', 'prev_value': None, 'change': True}
2023-03-28 11:22:48,633 : EventManager : Event: ======'machine_var_mc_version'====== Args={'value': 'MPF-MC v0.56.1', 'prev_value': None, 'change': True}
2023-03-28 11:22:48,634 : EventManager : Event: ======'machine_var_mc_extended_version'====== Args={'value': 'MPF-MC v0.56.1 (config_version=5, BCP v1.1,                      Requires MPF API compatibility v0.56.0 or newer)', 'prev_value': None, 'change': True}
2023-03-28 11:22:48,642 : EventManager : Event: ======'machine_var_audits_switches_s_left_flipper'====== Args={'value': 0, 'prev_value': None, 'change': True}
2023-03-28 11:22:48,645 : EventManager : Event: ======'machine_var_audits_switches_s_right_flipper'====== Args={'value': 0, 'prev_value': None, 'change': True}
2023-03-28 11:22:48,646 : EventManager : Event: ======'machine_var_audits_switches_s_trough1'====== Args={'value': 0, 'prev_value': None, 'change': True}
2023-03-28 11:22:48,647 : EventManager : Event: ======'machine_var_audits_switches_s_trough2'====== Args={'value': 0, 'prev_value': None, 'change': True}
2023-03-28 11:22:48,648 : EventManager : Event: ======'machine_var_audits_switches_s_trough3'====== Args={'value': 0, 'prev_value': None, 'change': True}
2023-03-28 11:22:48,649 : EventManager : Event: ======'machine_var_audits_switches_s_trough4'====== Args={'value': 0, 'prev_value': None, 'change': True}
2023-03-28 11:22:48,649 : EventManager : Event: ======'machine_var_audits_switches_s_trough_jam'====== Args={'value': 0, 'prev_value': None, 'change': True}
2023-03-28 11:22:48,658 : EventManager : Event: ======'machine_var_audits_switches_s_plunger_lane'====== Args={'value': 0, 'prev_value': None, 'change': True}
2023-03-28 11:22:48,659 : EventManager : Event: ======'machine_var_audits_switches_s_start'====== Args={'value': 0, 'prev_value': None, 'change': True}
2023-03-28 11:22:48,662 : EventManager : Event: ======'machine_var_audits_switches_s_left_slingshot'====== Args={'value': 0, 'prev_value': None, 'change': True}
2023-03-28 11:22:48,663 : EventManager : Event: ======'machine_var_audits_switches_s_right_slingshot'====== Args={'value': 0, 'prev_value': None, 'change': True}
2023-03-28 11:22:48,664 : EventManager : Event: ======'machine_var_audits_switches_s_drop_target_left'====== Args={'value': 0, 'prev_value': None, 'change': True}
2023-03-28 11:22:48,665 : EventManager : Event: ======'machine_var_audits_switches_s_drop_target_middle'====== Args={'value': 0, 'prev_value': None, 'change': True}
2023-03-28 11:22:48,674 : EventManager : Event: ======'machine_var_audits_switches_s_drop_target_right'====== Args={'value': 0, 'prev_value': None, 'change': True}
2023-03-28 11:22:48,675 : EventManager : Event: ======'machine_var_audits_switches_s_tilt'====== Args={'value': 0, 'prev_value': None, 'change': True}
2023-03-28 11:22:48,676 : EventManager : Event: ======'machine_var_audits_events_game_started'====== Args={'value': 0, 'prev_value': None, 'change': True}
2023-03-28 11:22:48,677 : EventManager : Event: ======'machine_var_audits_events_game_ended'====== Args={'value': 0, 'prev_value': None, 'change': True}
2023-03-28 11:22:48,678 : EventManager : Event: ======'machine_var_audits_player_score'====== Args={'value': {'top': [], 'average': 0, 'total': 0}, 'prev_value': None, 'change': True}
2023-03-28 11:22:48,678 : EventManager : Event: ======'slides_play'====== Args={'settings': {'welcome_slide': {'target': None, 'background_color': [0.0, 0.0, 0.0, 1.0], 'priority': None, 'show': True, 'force': False, 'expire': None, 'slide': None, 'tokens': {}, 'action': 'play'}}, 'context': '_global', 'calling_context': 'init_done', 'priority': 0}
2023-03-28 11:22:48,679 : EventManager : Event: ======'mc_reset_phase_1'====== Args={}
2023-03-28 11:22:48,680 : SoundSystem : Setting master volume to 0.5
2023-03-28 11:22:48,680 : mpfmc : SlidePlayer: Play called with settings={'welcome_slide': {'target': None, 'background_color': [0.0, 0.0, 0.0, 1.0], 'priority': None, 'show': True, 'force': False, 'expire': None, 'slide': None, 'tokens': {}, 'action': 'play'}}
2023-03-28 11:22:48,681 : EventManager : Event: ======'slide_welcome_slide_removed'====== Args={}
2023-03-28 11:22:48,692 : EventManager : Event: ======'slide_welcome_slide_created'====== Args={}
2023-03-28 11:22:48,693 : EventManager : Event: ======'mc_reset_phase_2'====== Args={}
2023-03-28 11:22:48,694 : EventManager : Event: ======'mc_reset_phase_3'====== Args={}
2023-03-28 11:22:48,695 : EventManager : Event: ======'mc_reset_complete'====== Args={}
2023-03-28 11:22:48,696 : EventManager : Event: ======'slide_welcome_slide_active'====== Args={}
2023-03-28 11:22:48,703 : EventManager : Event: ======'slides_play'====== Args={'settings': {'attract_started': {'target': None, 'background_color': [0.0, 0.0, 0.0, 1.0], 'priority': None, 'show': True, 'force': False, 'expire': None, 'slide': None, 'tokens': {}, 'action': 'play'}}, 'context': '_global', 'calling_context': 'mode_attract_started', 'priority': 0}
2023-03-28 11:22:48,710 : mpfmc : SlidePlayer: Play called with settings={'attract_started': {'target': None, 'background_color': [0.0, 0.0, 0.0, 1.0], 'priority': None, 'show': True, 'force': False, 'expire': None, 'slide': None, 'tokens': {}, 'action': 'play'}}
2023-03-28 11:22:48,720 : EventManager : Event: ======'slide_attract_started_created'====== Args={}
2023-03-28 11:22:48,723 : EventManager : Event: ======'slide_attract_started_active'====== Args={}
2023-03-28 11:23:32,937 : kivy : Base: Leaving application in progress...
2023-03-28 11:23:33,174 : mpfmc : Stopping...
2023-03-28 11:23:33,175 : EventManager : Event: ======'shutdown'====== Args={}
2023-03-28 11:23:33,176 : AudioInterface : Disabling audio playback
2023-03-28 11:23:33,176 : mpfmc : Loop rate 77.91 Hz
2023-03-28 11:23:33,176 : kivy : MC run loop ended.
2023-03-28 11:23:33,177 : kivy : Stopping child threads... (3 remaining)
2023-03-28 11:23:33,244 : MPF-MC BCP Server : Stopping BCP sending thread
2023-03-28 11:23:33,722 : mpfmc : Stopping...
2023-03-28 11:23:33,725 : EventManager : Event: ======'shutdown'====== Args={}
2023-03-28 11:23:33,727 : mpfmc : Loop rate 76.98 Hz
2023-03-28 11:23:33,779 : kivy : All child threads stopped.
