2023-03-28 11:41:35,936 : kivy : Factory: 189 symbols loaded
2023-03-28 11:41:36,138 : kivy : ImageLoaderFFPy: Using ffpyplayer 4.3.5
2023-03-28 11:41:36,139 : kivy : Image: Providers: img_tex, img_dds, img_sdl2, img_pil, img_ffpyplayer 
2023-03-28 11:41:36,199 : kivy : VideoGstplayer: Using Gstreamer 1.18.5.0
2023-03-28 11:41:36,199 : kivy : Video: Provider: gstplayer
2023-03-28 11:41:36,384 : kivy : Loading MPF-MC controller
2023-03-28 11:41:36,390 : YamlMultifileConfigLoader : Machine config file #1: config
2023-03-28 11:41:36,391 : ConfigProcessor : Config file in cache changed: C:\Users\digidev\source\Pinball_Three-Amigos\config\config
2023-03-28 11:41:36,396 : ConfigProcessor : Loading config from file C:\Users\digidev\.local\pipx\venvs\mpf\lib\site-packages\mpfmc\mcconfig.yaml.
2023-03-28 11:41:36,444 : ConfigProcessor : Loading config: C:\Users\digidev\.local\pipx\venvs\mpf\lib\site-packages\mpfmc\mcconfig.yaml
2023-03-28 11:41:36,445 : ConfigProcessor : Loading config from file C:\Users\digidev\source\Pinball_Three-Amigos\config\config.
2023-03-28 11:41:36,449 : ConfigProcessor : Loading config: C:\Users\digidev\source\Pinball_Three-Amigos\config\config
2023-03-28 11:41:36,498 : ConfigProcessor : Loading config: C:\Users\digidev\source\Pinball_Three-Amigos\config\hardware.yaml
2023-03-28 11:41:36,505 : ConfigProcessor : Loading config: C:\Users\digidev\source\Pinball_Three-Amigos\config\keyboard.yaml
2023-03-28 11:41:36,508 : ConfigProcessor : Config file cache created: C:\Users\digidev\AppData\Local\Temp\cb5b51b22bd45492aca32735a8adc5f5.mpf_cache
2023-03-28 11:41:36,509 : ConfigProcessor : Loading config from cache: C:\Users\digidev\AppData\Local\Temp\ae663e8f24481bd52f7f5e9610d87d3b.mpf_cache
2023-03-28 11:41:36,513 : ConfigProcessor : Loading config from cache: C:\Users\digidev\AppData\Local\Temp\d7dbd5ece0283f90787e254e6a383d33.mpf_cache
2023-03-28 11:41:36,514 : mpfmc : Mission Pinball Framework Media Controller v0.56.1
2023-03-28 11:41:36,514 : mpfmc : Mission Pinball Framework Game Engine v0.56.0
2023-03-28 11:41:36,515 : mpfmc : Machine path: C:\Users\digidev\source\Pinball_Three-Amigos
2023-03-28 11:41:36,515 : mpfmc : Starting clock at 60.0Hz
2023-03-28 11:41:36,539 : kivy : Text: Provider: sdl2
2023-03-28 11:41:36,602 : kivy : Window: Provider: sdl2
2023-03-28 11:41:36,795 : kivy : GL: Using the "OpenGL" graphics system
2023-03-28 11:41:36,797 : kivy : GL: GLEW initialization succeeded
2023-03-28 11:41:36,798 : kivy : GL: Backend used <glew>
2023-03-28 11:41:36,805 : kivy : GL: OpenGL version <b'4.3.0 - Build 20.19.15.4531'>
2023-03-28 11:41:36,805 : kivy : GL: OpenGL vendor <b'Intel'>
2023-03-28 11:41:36,806 : kivy : GL: OpenGL renderer <b'Intel(R) HD Graphics 4600'>
2023-03-28 11:41:36,807 : kivy : GL: OpenGL parsed version: 4, 3
2023-03-28 11:41:36,807 : kivy : GL: Shading version <b'4.30 - Build 20.19.15.4531'>
2023-03-28 11:41:36,808 : kivy : GL: Texture max size <16384>
2023-03-28 11:41:36,808 : kivy : GL: Texture max units <32>
2023-03-28 11:41:36,845 : kivy : Window: auto add sdl2 input provider
2023-03-28 11:41:36,847 : kivy : Window: virtual keyboard not allowed, single mode, not docked
2023-03-28 11:41:36,863 : SoundSystem : SoundSystem: Using default 'sound_system' settings
2023-03-28 11:41:37,180 : AudioInterface : Initialized
2023-03-28 11:41:37,180 : AudioInterface : Loaded SDL 2.0.20
2023-03-28 11:41:37,187 : AudioInterface : Loaded SDL_Mixer 2.0.4
2023-03-28 11:41:37,188 : AudioInterface : Loaded GStreamer 1.18.5.0
2023-03-28 11:41:37,188 : AudioInterface : Loaded GLib 2.62.6
2023-03-28 11:41:37,189 : AudioInterface : Settings requested - rate: 44100, channels: 1, buffer: 2048 samples
2023-03-28 11:41:37,189 : AudioInterface : Settings in use - rate: 44100, channels: 1, buffer: 2048 samples (4096 bytes @ 2 bytes per sample)
2023-03-28 11:41:37,190 : SoundSystem : No audio tracks are specified in your machine config file. a track named 'default' has been created.
2023-03-28 11:41:37,191 : SoundSystem : Setting master volume to 0.0
2023-03-28 11:41:37,191 : SoundSystem : master_volume in sound_system is deprecated and will be removed in the future.
2023-03-28 11:41:37,192 : AudioInterface : Enabling audio playback
2023-03-28 11:41:37,194 : kivy : Base: Start application main loop
2023-03-28 11:41:37,195 : EventManager : Event: ======'display_window_initialized'====== Args={}
2023-03-28 11:41:37,218 : mpfmc : Display: Setting 'window' as default display
2023-03-28 11:41:37,229 : mpfmc : ASPECT RATIO MISMATCH: The on-screen window is not the same aspect ratio as the display called 'window'. The logical display will be scaled from 1366x768 to the window size 800x600, and a black bar will make up the difference
2023-03-28 11:41:37,231 : EventManager : Event: ======'displays_initialized'====== Args={}
2023-03-28 11:41:37,236 : EventManager : Event: ======'slide_window_blank_created'====== Args={}
2023-03-28 11:41:37,237 : EventManager : Event: ======'display_window_ready'====== Args={}
2023-03-28 11:41:37,257 : EventManager : Event: ======'init_phase_1'====== Args={}
2023-03-28 11:41:37,261 : EventManager : Event: ======'mc_ready'====== Args={}
2023-03-28 11:41:37,262 : EventManager : Event: ======'init_phase_2'====== Args={}
2023-03-28 11:41:37,266 : EventManager : Event: ======'init_phase_3'====== Args={}
2023-03-28 11:41:37,273 : EventManager : Event: ======'init_phase_4'====== Args={}
2023-03-28 11:41:37,273 : EventManager : Event: ======'init_phase_5'====== Args={}
2023-03-28 11:41:37,298 : kivy : GL: NPOT texture support is available
2023-03-28 11:41:37,305 : kivy : GL: Unpack subimage support is available
2023-03-28 11:41:37,310 : EventManager : Event: ======'loading_assets'====== Args={'total': 1, 'loaded': 1, 'remaining': 0, 'percent': 100}
2023-03-28 11:41:37,310 : AssetManager : Asset loading took: 0.1169588565826416
2023-03-28 11:41:37,311 : EventManager : Event: ======'asset_loading_complete'====== Args={}
2023-03-28 11:41:37,313 : AssetManager : Loading assets: 1/1 (100%)
2023-03-28 11:41:37,323 : EventManager : Event: ======'init_done'====== Args={}
2023-03-28 11:41:37,323 : MPF-MC BCP Server : Starting up on localhost port 5050
2023-03-28 11:41:37,329 : MPF-MC BCP Server : Waiting for a connection...
2023-03-28 11:41:37,329 : mpfmc : SlidePlayer: Play called with settings={'slides': {welcome_slide-None-None: {'priority': None, 'target': None, 'background_color': [0.0, 0.0, 0.0, 1.0], 'show': True, 'force': False, 'expire': None, 'slide': None, 'tokens': {}, 'action': 'play', 'transition': None, 'transition_out': None}}}
2023-03-28 11:41:37,332 : EventManager : Event: ======'slide_welcome_slide_created'====== Args={}
2023-03-28 11:41:37,338 : EventManager : Event: ======'slide_welcome_slide_active'====== Args={}
2023-03-28 11:41:37,341 : EventManager : Event: ======'client_disconnected'====== Args={'host': '127.0.0.1', 'port': 5050}
2023-03-28 11:41:38,049 : MPF-MC BCP Server : Received connection from: 127.0.0.1:59355
2023-03-28 11:41:38,053 : EventManager : Event: ======'client_connected'====== Args={'host': '127.0.0.1', 'port': 59355}
2023-03-28 11:41:38,112 : EventManager : Event: ======'machine_var_credits_string'====== Args={'value': 'FREE PLAY', 'prev_value': None, 'change': True}
2023-03-28 11:41:38,119 : EventManager : Event: ======'machine_var_master_volume'====== Args={'value': 0.5, 'prev_value': None, 'change': True}
2023-03-28 11:41:38,121 : EventManager : Event: ======'machine_var_mpf_version'====== Args={'value': 'MPF v0.56.0', 'prev_value': None, 'change': True}
2023-03-28 11:41:38,123 : EventManager : Event: ======'machine_var_mpf_extended_version'====== Args={'value': 'MPF v0.56.0, Config version:5, Show version: 5, BCP version:1.1', 'prev_value': None, 'change': True}
2023-03-28 11:41:38,124 : EventManager : Event: ======'machine_var_python_version'====== Args={'value': '3.9.13', 'prev_value': None, 'change': True}
2023-03-28 11:41:38,126 : EventManager : Event: ======'machine_var_platform'====== Args={'value': 'Windows-10-10.0.19044-SP0', 'prev_value': None, 'change': True}
2023-03-28 11:41:38,128 : EventManager : Event: ======'machine_var_platform_system'====== Args={'value': 'Windows', 'prev_value': None, 'change': True}
2023-03-28 11:41:38,136 : EventManager : Event: ======'machine_var_platform_release'====== Args={'value': '10', 'prev_value': None, 'change': True}
2023-03-28 11:41:38,137 : EventManager : Event: ======'machine_var_platform_version'====== Args={'value': '10.0.19044', 'prev_value': None, 'change': True}
2023-03-28 11:41:38,139 : EventManager : Event: ======'machine_var_platform_machine'====== Args={'value': 'AMD64', 'prev_value': None, 'change': True}
2023-03-28 11:41:38,140 : EventManager : Event: ======'machine_var_mc_version'====== Args={'value': 'MPF-MC v0.56.1', 'prev_value': None, 'change': True}
2023-03-28 11:41:38,141 : EventManager : Event: ======'machine_var_mc_extended_version'====== Args={'value': 'MPF-MC v0.56.1 (config_version=5, BCP v1.1,                      Requires MPF API compatibility v0.56.0 or newer)', 'prev_value': None, 'change': True}
2023-03-28 11:41:38,142 : EventManager : Event: ======'machine_var_audits_switches_s_left_flipper'====== Args={'value': 0, 'prev_value': None, 'change': True}
2023-03-28 11:41:38,143 : EventManager : Event: ======'machine_var_audits_switches_s_right_flipper'====== Args={'value': 0, 'prev_value': None, 'change': True}
2023-03-28 11:41:38,144 : EventManager : Event: ======'machine_var_audits_switches_s_trough1'====== Args={'value': 0, 'prev_value': None, 'change': True}
2023-03-28 11:41:38,153 : EventManager : Event: ======'machine_var_audits_switches_s_trough2'====== Args={'value': 0, 'prev_value': None, 'change': True}
2023-03-28 11:41:38,154 : EventManager : Event: ======'machine_var_audits_switches_s_trough3'====== Args={'value': 0, 'prev_value': None, 'change': True}
2023-03-28 11:41:38,155 : EventManager : Event: ======'machine_var_audits_switches_s_trough4'====== Args={'value': 0, 'prev_value': None, 'change': True}
2023-03-28 11:41:38,156 : EventManager : Event: ======'machine_var_audits_switches_s_trough_jam'====== Args={'value': 0, 'prev_value': None, 'change': True}
2023-03-28 11:41:38,157 : EventManager : Event: ======'machine_var_audits_switches_s_plunger_lane'====== Args={'value': 0, 'prev_value': None, 'change': True}
2023-03-28 11:41:38,159 : EventManager : Event: ======'machine_var_audits_switches_s_start'====== Args={'value': 0, 'prev_value': None, 'change': True}
2023-03-28 11:41:38,163 : EventManager : Event: ======'machine_var_audits_switches_s_left_slingshot'====== Args={'value': 0, 'prev_value': None, 'change': True}
2023-03-28 11:41:38,170 : EventManager : Event: ======'machine_var_audits_switches_s_right_slingshot'====== Args={'value': 0, 'prev_value': None, 'change': True}
2023-03-28 11:41:38,171 : EventManager : Event: ======'machine_var_audits_switches_s_drop_target_left'====== Args={'value': 0, 'prev_value': None, 'change': True}
2023-03-28 11:41:38,171 : EventManager : Event: ======'machine_var_audits_switches_s_drop_target_middle'====== Args={'value': 0, 'prev_value': None, 'change': True}
2023-03-28 11:41:38,172 : EventManager : Event: ======'machine_var_audits_switches_s_drop_target_right'====== Args={'value': 0, 'prev_value': None, 'change': True}
2023-03-28 11:41:38,173 : EventManager : Event: ======'machine_var_audits_switches_s_tilt'====== Args={'value': 0, 'prev_value': None, 'change': True}
2023-03-28 11:41:38,173 : EventManager : Event: ======'machine_var_audits_events_game_started'====== Args={'value': 0, 'prev_value': None, 'change': True}
2023-03-28 11:41:38,174 : EventManager : Event: ======'machine_var_audits_events_game_ended'====== Args={'value': 0, 'prev_value': None, 'change': True}
2023-03-28 11:41:38,174 : EventManager : Event: ======'machine_var_audits_player_score'====== Args={'value': {'top': [], 'average': 0, 'total': 0}, 'prev_value': None, 'change': True}
2023-03-28 11:41:38,175 : EventManager : Event: ======'slides_play'====== Args={'settings': {'welcome_slide': {'target': None, 'background_color': [0.0, 0.0, 0.0, 1.0], 'priority': None, 'show': True, 'force': False, 'expire': None, 'slide': None, 'tokens': {}, 'action': 'play'}}, 'context': '_global', 'calling_context': 'init_done', 'priority': 0}
2023-03-28 11:41:38,176 : EventManager : Event: ======'mc_reset_phase_1'====== Args={}
2023-03-28 11:41:38,186 : SoundSystem : Setting master volume to 0.5
2023-03-28 11:41:38,186 : mpfmc : SlidePlayer: Play called with settings={'welcome_slide': {'target': None, 'background_color': [0.0, 0.0, 0.0, 1.0], 'priority': None, 'show': True, 'force': False, 'expire': None, 'slide': None, 'tokens': {}, 'action': 'play'}}
2023-03-28 11:41:38,187 : EventManager : Event: ======'slide_welcome_slide_removed'====== Args={}
2023-03-28 11:41:38,190 : EventManager : Event: ======'slide_welcome_slide_created'====== Args={}
2023-03-28 11:41:38,191 : EventManager : Event: ======'mc_reset_phase_2'====== Args={}
2023-03-28 11:41:38,195 : EventManager : Event: ======'mc_reset_phase_3'====== Args={}
2023-03-28 11:41:38,203 : EventManager : Event: ======'mc_reset_complete'====== Args={}
2023-03-28 11:41:38,204 : EventManager : Event: ======'slide_welcome_slide_active'====== Args={}
2023-03-28 11:41:38,223 : EventManager : Event: ======'slides_play'====== Args={'settings': {'attract_started': {'target': None, 'background_color': [0.0, 0.0, 0.0, 1.0], 'priority': None, 'show': True, 'force': False, 'expire': None, 'slide': None, 'tokens': {}, 'action': 'play'}}, 'context': '_global', 'calling_context': 'mode_attract_started', 'priority': 0}
2023-03-28 11:41:38,228 : mpfmc : SlidePlayer: Play called with settings={'attract_started': {'target': None, 'background_color': [0.0, 0.0, 0.0, 1.0], 'priority': None, 'show': True, 'force': False, 'expire': None, 'slide': None, 'tokens': {}, 'action': 'play'}}
2023-03-28 11:41:38,247 : EventManager : Event: ======'slide_attract_started_created'====== Args={}
2023-03-28 11:41:38,251 : EventManager : Event: ======'slide_attract_started_active'====== Args={}
2023-03-28 11:42:08,462 : kivy : Base: Leaving application in progress...
2023-03-28 11:42:08,678 : mpfmc : Stopping...
2023-03-28 11:42:08,678 : EventManager : Event: ======'shutdown'====== Args={}
2023-03-28 11:42:08,682 : AudioInterface : Disabling audio playback
2023-03-28 11:42:08,690 : mpfmc : Loop rate 79.44 Hz
2023-03-28 11:42:08,690 : kivy : MC run loop ended.
2023-03-28 11:42:08,691 : kivy : Stopping child threads... (3 remaining)
2023-03-28 11:42:09,228 : mpfmc : Stopping...
2023-03-28 11:42:09,229 : EventManager : Event: ======'shutdown'====== Args={}
2023-03-28 11:42:09,237 : mpfmc : Loop rate 78.08 Hz
2023-03-28 11:42:09,529 : MPF-MC BCP Server : Stopping BCP sending thread
2023-03-28 11:42:09,594 : kivy : All child threads stopped.
