2023-03-28 11:20:51,232 : kivy : Factory: 189 symbols loaded
2023-03-28 11:20:51,432 : kivy : ImageLoaderFFPy: Using ffpyplayer 4.3.5
2023-03-28 11:20:51,432 : kivy : Image: Providers: img_tex, img_dds, img_sdl2, img_pil, img_ffpyplayer 
2023-03-28 11:20:51,490 : kivy : VideoGstplayer: Using Gstreamer 1.18.5.0
2023-03-28 11:20:51,490 : kivy : Video: Provider: gstplayer
2023-03-28 11:20:51,674 : kivy : Loading MPF-MC controller
2023-03-28 11:20:51,737 : YamlMultifileConfigLoader : Machine config file #1: config
2023-03-28 11:20:51,739 : ConfigProcessor : Config file in cache changed: C:\Users\digidev\source\Pinball_Three-Amigos\config\config
2023-03-28 11:20:51,744 : ConfigProcessor : Loading config from file C:\Users\digidev\.local\pipx\venvs\mpf\lib\site-packages\mpfmc\mcconfig.yaml.
2023-03-28 11:20:51,799 : ConfigProcessor : Loading config: C:\Users\digidev\.local\pipx\venvs\mpf\lib\site-packages\mpfmc\mcconfig.yaml
2023-03-28 11:20:51,801 : ConfigProcessor : Loading config from file C:\Users\digidev\source\Pinball_Three-Amigos\config\config.
2023-03-28 11:20:51,805 : ConfigProcessor : Loading config: C:\Users\digidev\source\Pinball_Three-Amigos\config\config
2023-03-28 11:20:51,853 : ConfigProcessor : Loading config: C:\Users\digidev\source\Pinball_Three-Amigos\config\hardware.yaml
2023-03-28 11:20:51,860 : ConfigProcessor : Loading config: C:\Users\digidev\source\Pinball_Three-Amigos\config\keyboard.yaml
2023-03-28 11:20:51,862 : ConfigProcessor : Config file cache created: C:\Users\digidev\AppData\Local\Temp\cb5b51b22bd45492aca32735a8adc5f5.mpf_cache
2023-03-28 11:20:51,863 : ConfigProcessor : Loading config from cache: C:\Users\digidev\AppData\Local\Temp\ae663e8f24481bd52f7f5e9610d87d3b.mpf_cache
2023-03-28 11:20:51,865 : ConfigProcessor : Loading config from cache: C:\Users\digidev\AppData\Local\Temp\d7dbd5ece0283f90787e254e6a383d33.mpf_cache
2023-03-28 11:20:51,866 : mpfmc : Mission Pinball Framework Media Controller v0.56.1
2023-03-28 11:20:51,866 : mpfmc : Mission Pinball Framework Game Engine v0.56.0
2023-03-28 11:20:51,867 : mpfmc : Machine path: C:\Users\digidev\source\Pinball_Three-Amigos
2023-03-28 11:20:51,867 : mpfmc : Starting clock at 60.0Hz
2023-03-28 11:20:51,891 : kivy : Text: Provider: sdl2
2023-03-28 11:20:51,963 : kivy : Window: Provider: sdl2
2023-03-28 11:20:52,081 : kivy : GL: Using the "OpenGL" graphics system
2023-03-28 11:20:52,082 : kivy : GL: GLEW initialization succeeded
2023-03-28 11:20:52,083 : kivy : GL: Backend used <glew>
2023-03-28 11:20:52,088 : kivy : GL: OpenGL version <b'4.3.0 - Build 20.19.15.4531'>
2023-03-28 11:20:52,088 : kivy : GL: OpenGL vendor <b'Intel'>
2023-03-28 11:20:52,089 : kivy : GL: OpenGL renderer <b'Intel(R) HD Graphics 4600'>
2023-03-28 11:20:52,090 : kivy : GL: OpenGL parsed version: 4, 3
2023-03-28 11:20:52,090 : kivy : GL: Shading version <b'4.30 - Build 20.19.15.4531'>
2023-03-28 11:20:52,091 : kivy : GL: Texture max size <16384>
2023-03-28 11:20:52,091 : kivy : GL: Texture max units <32>
2023-03-28 11:20:52,124 : kivy : Window: auto add sdl2 input provider
2023-03-28 11:20:52,126 : kivy : Window: virtual keyboard not allowed, single mode, not docked
2023-03-28 11:20:52,150 : SoundSystem : SoundSystem: Using default 'sound_system' settings
2023-03-28 11:20:52,471 : AudioInterface : Initialized
2023-03-28 11:20:52,471 : AudioInterface : Loaded SDL 2.0.20
2023-03-28 11:20:52,474 : AudioInterface : Loaded SDL_Mixer 2.0.4
2023-03-28 11:20:52,479 : AudioInterface : Loaded GStreamer 1.18.5.0
2023-03-28 11:20:52,480 : AudioInterface : Loaded GLib 2.62.6
2023-03-28 11:20:52,480 : AudioInterface : Settings requested - rate: 44100, channels: 1, buffer: 2048 samples
2023-03-28 11:20:52,481 : AudioInterface : Settings in use - rate: 44100, channels: 1, buffer: 2048 samples (4096 bytes @ 2 bytes per sample)
2023-03-28 11:20:52,482 : SoundSystem : No audio tracks are specified in your machine config file. a track named 'default' has been created.
2023-03-28 11:20:52,482 : SoundSystem : Setting master volume to 0.0
2023-03-28 11:20:52,482 : SoundSystem : master_volume in sound_system is deprecated and will be removed in the future.
2023-03-28 11:20:52,483 : AudioInterface : Enabling audio playback
2023-03-28 11:20:52,486 : kivy : Base: Start application main loop
2023-03-28 11:20:52,487 : EventManager : Event: ======'display_window_initialized'====== Args={}
2023-03-28 11:20:52,508 : mpfmc : Display: Setting 'window' as default display
2023-03-28 11:20:52,519 : mpfmc : ASPECT RATIO MISMATCH: The on-screen window is not the same aspect ratio as the display called 'window'. The logical display will be scaled from 1366x768 to the window size 800x600, and a black bar will make up the difference
2023-03-28 11:20:52,522 : EventManager : Event: ======'displays_initialized'====== Args={}
2023-03-28 11:20:52,524 : EventManager : Event: ======'slide_window_blank_created'====== Args={}
2023-03-28 11:20:52,524 : EventManager : Event: ======'display_window_ready'====== Args={}
2023-03-28 11:20:52,541 : EventManager : Event: ======'init_phase_1'====== Args={}
2023-03-28 11:20:52,545 : EventManager : Event: ======'mc_ready'====== Args={}
2023-03-28 11:20:52,546 : EventManager : Event: ======'init_phase_2'====== Args={}
2023-03-28 11:20:52,551 : EventManager : Event: ======'init_phase_3'====== Args={}
2023-03-28 11:20:52,552 : EventManager : Event: ======'init_phase_4'====== Args={}
2023-03-28 11:20:52,565 : EventManager : Event: ======'init_phase_5'====== Args={}
2023-03-28 11:20:52,577 : kivy : GL: NPOT texture support is available
2023-03-28 11:20:52,586 : kivy : GL: Unpack subimage support is available
2023-03-28 11:20:52,592 : EventManager : Event: ======'loading_assets'====== Args={'total': 1, 'loaded': 1, 'remaining': 0, 'percent': 100}
2023-03-28 11:20:52,593 : AssetManager : Asset loading took: 0.10889410972595215
2023-03-28 11:20:52,596 : EventManager : Event: ======'asset_loading_complete'====== Args={}
2023-03-28 11:20:52,596 : AssetManager : Loading assets: 1/1 (100%)
2023-03-28 11:20:52,597 : EventManager : Event: ======'init_done'====== Args={}
2023-03-28 11:20:52,598 : MPF-MC BCP Server : Starting up on localhost port 5050
2023-03-28 11:20:52,604 : MPF-MC BCP Server : Waiting for a connection...
2023-03-28 11:20:52,604 : mpfmc : SlidePlayer: Play called with settings={'slides': {welcome_slide-None-None: {'priority': None, 'target': None, 'background_color': [0.0, 0.0, 0.0, 1.0], 'show': True, 'force': False, 'expire': None, 'slide': None, 'tokens': {}, 'action': 'play', 'transition': None, 'transition_out': None}}}
2023-03-28 11:20:52,612 : EventManager : Event: ======'slide_welcome_slide_created'====== Args={}
2023-03-28 11:20:52,613 : EventManager : Event: ======'slide_welcome_slide_active'====== Args={}
2023-03-28 11:20:52,622 : EventManager : Event: ======'client_disconnected'====== Args={'host': '127.0.0.1', 'port': 5050}
2023-03-28 11:20:53,302 : MPF-MC BCP Server : Received connection from: 127.0.0.1:59257
2023-03-28 11:20:53,315 : EventManager : Event: ======'client_connected'====== Args={'host': '127.0.0.1', 'port': 59257}
2023-03-28 11:20:53,352 : EventManager : Event: ======'machine_var_credits_string'====== Args={'value': 'FREE PLAY', 'prev_value': None, 'change': True}
2023-03-28 11:20:53,358 : EventManager : Event: ======'machine_var_master_volume'====== Args={'value': 0.5, 'prev_value': None, 'change': True}
2023-03-28 11:20:53,361 : EventManager : Event: ======'machine_var_mpf_version'====== Args={'value': 'MPF v0.56.0', 'prev_value': None, 'change': True}
2023-03-28 11:20:53,362 : EventManager : Event: ======'machine_var_mpf_extended_version'====== Args={'value': 'MPF v0.56.0, Config version:5, Show version: 5, BCP version:1.1', 'prev_value': None, 'change': True}
2023-03-28 11:20:53,364 : EventManager : Event: ======'machine_var_python_version'====== Args={'value': '3.9.13', 'prev_value': None, 'change': True}
2023-03-28 11:20:53,365 : EventManager : Event: ======'machine_var_platform'====== Args={'value': 'Windows-10-10.0.19044-SP0', 'prev_value': None, 'change': True}
2023-03-28 11:20:53,373 : EventManager : Event: ======'machine_var_platform_system'====== Args={'value': 'Windows', 'prev_value': None, 'change': True}
2023-03-28 11:20:53,375 : EventManager : Event: ======'machine_var_platform_release'====== Args={'value': '10', 'prev_value': None, 'change': True}
2023-03-28 11:20:53,378 : EventManager : Event: ======'machine_var_platform_version'====== Args={'value': '10.0.19044', 'prev_value': None, 'change': True}
2023-03-28 11:20:53,379 : EventManager : Event: ======'machine_var_platform_machine'====== Args={'value': 'AMD64', 'prev_value': None, 'change': True}
2023-03-28 11:20:53,383 : EventManager : Event: ======'machine_var_mc_version'====== Args={'value': 'MPF-MC v0.56.1', 'prev_value': None, 'change': True}
2023-03-28 11:20:53,389 : EventManager : Event: ======'machine_var_mc_extended_version'====== Args={'value': 'MPF-MC v0.56.1 (config_version=5, BCP v1.1,                      Requires MPF API compatibility v0.56.0 or newer)', 'prev_value': None, 'change': True}
2023-03-28 11:20:53,391 : EventManager : Event: ======'machine_var_audits_switches_s_left_flipper'====== Args={'value': 0, 'prev_value': None, 'change': True}
2023-03-28 11:20:53,392 : EventManager : Event: ======'machine_var_audits_switches_s_right_flipper'====== Args={'value': 0, 'prev_value': None, 'change': True}
2023-03-28 11:20:53,394 : EventManager : Event: ======'machine_var_audits_switches_s_trough1'====== Args={'value': 0, 'prev_value': None, 'change': True}
2023-03-28 11:20:53,396 : EventManager : Event: ======'machine_var_audits_switches_s_trough2'====== Args={'value': 0, 'prev_value': None, 'change': True}
2023-03-28 11:20:53,405 : EventManager : Event: ======'machine_var_audits_switches_s_trough3'====== Args={'value': 0, 'prev_value': None, 'change': True}
2023-03-28 11:20:53,408 : EventManager : Event: ======'machine_var_audits_switches_s_trough4'====== Args={'value': 0, 'prev_value': None, 'change': True}
2023-03-28 11:20:53,411 : EventManager : Event: ======'machine_var_audits_switches_s_trough_jam'====== Args={'value': 0, 'prev_value': None, 'change': True}
2023-03-28 11:20:53,415 : EventManager : Event: ======'machine_var_audits_switches_s_plunger_lane'====== Args={'value': 0, 'prev_value': None, 'change': True}
2023-03-28 11:20:53,421 : EventManager : Event: ======'machine_var_audits_switches_s_start'====== Args={'value': 0, 'prev_value': None, 'change': True}
2023-03-28 11:20:53,422 : EventManager : Event: ======'machine_var_audits_switches_s_left_slingshot'====== Args={'value': 0, 'prev_value': None, 'change': True}
2023-03-28 11:20:53,422 : EventManager : Event: ======'machine_var_audits_switches_s_right_slingshot'====== Args={'value': 0, 'prev_value': None, 'change': True}
2023-03-28 11:20:53,423 : EventManager : Event: ======'machine_var_audits_switches_s_drop_target_left'====== Args={'value': 0, 'prev_value': None, 'change': True}
2023-03-28 11:20:53,424 : EventManager : Event: ======'machine_var_audits_switches_s_drop_target_middle'====== Args={'value': 0, 'prev_value': None, 'change': True}
2023-03-28 11:20:53,425 : EventManager : Event: ======'machine_var_audits_switches_s_drop_target_right'====== Args={'value': 0, 'prev_value': None, 'change': True}
2023-03-28 11:20:53,426 : EventManager : Event: ======'machine_var_audits_switches_s_tilt'====== Args={'value': 0, 'prev_value': None, 'change': True}
2023-03-28 11:20:53,427 : EventManager : Event: ======'machine_var_audits_events_game_started'====== Args={'value': 0, 'prev_value': None, 'change': True}
2023-03-28 11:20:53,432 : EventManager : Event: ======'machine_var_audits_events_game_ended'====== Args={'value': 0, 'prev_value': None, 'change': True}
2023-03-28 11:20:53,436 : EventManager : Event: ======'machine_var_audits_player_score'====== Args={'value': {'top': [], 'average': 0, 'total': 0}, 'prev_value': None, 'change': True}
2023-03-28 11:20:53,437 : EventManager : Event: ======'slides_play'====== Args={'settings': {'welcome_slide': {'target': None, 'background_color': [0.0, 0.0, 0.0, 1.0], 'priority': None, 'show': True, 'force': False, 'expire': None, 'slide': None, 'tokens': {}, 'action': 'play'}}, 'context': '_global', 'calling_context': 'init_done', 'priority': 0}
2023-03-28 11:20:53,438 : EventManager : Event: ======'mc_reset_phase_1'====== Args={}
2023-03-28 11:20:53,438 : SoundSystem : Setting master volume to 0.5
2023-03-28 11:20:53,439 : mpfmc : SlidePlayer: Play called with settings={'welcome_slide': {'target': None, 'background_color': [0.0, 0.0, 0.0, 1.0], 'priority': None, 'show': True, 'force': False, 'expire': None, 'slide': None, 'tokens': {}, 'action': 'play'}}
2023-03-28 11:20:53,440 : EventManager : Event: ======'slide_welcome_slide_removed'====== Args={}
2023-03-28 11:20:53,445 : EventManager : Event: ======'slide_welcome_slide_created'====== Args={}
2023-03-28 11:20:53,448 : EventManager : Event: ======'mc_reset_phase_2'====== Args={}
2023-03-28 11:20:53,453 : EventManager : Event: ======'mc_reset_phase_3'====== Args={}
2023-03-28 11:20:53,454 : EventManager : Event: ======'mc_reset_complete'====== Args={}
2023-03-28 11:20:53,455 : EventManager : Event: ======'slide_welcome_slide_active'====== Args={}
2023-03-28 11:20:53,471 : EventManager : Event: ======'slides_play'====== Args={'settings': {'attract_started': {'target': None, 'background_color': [0.0, 0.0, 0.0, 1.0], 'priority': None, 'show': True, 'force': False, 'expire': None, 'slide': None, 'tokens': {}, 'action': 'play'}}, 'context': '_global', 'calling_context': 'mode_attract_started', 'priority': 0}
2023-03-28 11:20:53,477 : mpfmc : SlidePlayer: Play called with settings={'attract_started': {'target': None, 'background_color': [0.0, 0.0, 0.0, 1.0], 'priority': None, 'show': True, 'force': False, 'expire': None, 'slide': None, 'tokens': {}, 'action': 'play'}}
2023-03-28 11:20:53,485 : EventManager : Event: ======'slide_attract_started_created'====== Args={}
2023-03-28 11:20:53,487 : EventManager : Event: ======'slide_attract_started_active'====== Args={}
2023-03-28 11:22:09,453 : kivy : Base: Leaving application in progress...
2023-03-28 11:22:09,651 : mpfmc : Stopping...
2023-03-28 11:22:09,651 : EventManager : Event: ======'shutdown'====== Args={}
2023-03-28 11:22:09,660 : AudioInterface : Disabling audio playback
2023-03-28 11:22:09,661 : mpfmc : Loop rate 50.7 Hz
2023-03-28 11:22:09,663 : kivy : MC run loop ended.
2023-03-28 11:22:09,664 : kivy : Stopping child threads... (3 remaining)
2023-03-28 11:22:09,823 : MPF-MC BCP Server : Stopping BCP sending thread
2023-03-28 11:22:10,652 : mpfmc : Stopping...
2023-03-28 11:22:10,653 : EventManager : Event: ======'shutdown'====== Args={}
2023-03-28 11:22:10,663 : mpfmc : Loop rate 50.05 Hz
2023-03-28 11:22:10,770 : kivy : All child threads stopped.
