2023-04-14 21:59:34,816 : kivy : Factory: 186 symbols loaded
2023-04-14 21:59:34,969 : kivy : ImageLoaderFFPy: Using ffpyplayer 4.3.2
2023-04-14 21:59:34,969 : kivy : Image: Providers: img_tex, img_dds, img_sdl2, img_pil, img_ffpyplayer 
2023-04-14 21:59:35,018 : kivy : VideoGstplayer: Using Gstreamer 1.18.0.0
2023-04-14 21:59:35,018 : kivy : Video: Provider: gstplayer
2023-04-14 21:59:35,204 : kivy : Loading MPF-MC controller
2023-04-14 21:59:35,209 : YamlMultifileConfigLoader : Machine config file #1: config
2023-04-14 21:59:35,209 : ConfigProcessor : Config file in cache changed: C:\Users\digidev\source\Pinball_Three-Amigos\config\config
2023-04-14 21:59:35,214 : ConfigProcessor : Loading config from file c:\users\digidev\appdata\local\programs\python\python37\lib\site-packages\mpfmc\mcconfig.yaml.
2023-04-14 21:59:35,259 : ConfigProcessor : Loading config: c:\users\digidev\appdata\local\programs\python\python37\lib\site-packages\mpfmc\mcconfig.yaml
2023-04-14 21:59:35,259 : ConfigProcessor : Loading config from file C:\Users\digidev\source\Pinball_Three-Amigos\config\config.
2023-04-14 21:59:35,261 : ConfigProcessor : Loading config: C:\Users\digidev\source\Pinball_Three-Amigos\config\config
2023-04-14 21:59:35,293 : ConfigProcessor : Loading config: C:\Users\digidev\source\Pinball_Three-Amigos\config\hardware.yaml
2023-04-14 21:59:35,301 : ConfigProcessor : Loading config: C:\Users\digidev\source\Pinball_Three-Amigos\config\keyboard.yaml
2023-04-14 21:59:35,302 : ConfigProcessor : Config file cache created: C:\Users\digidev\AppData\Local\Temp\1322f858a8d936a9f32e7eaa793b1769.mpf_cache
2023-04-14 21:59:35,303 : ConfigProcessor : Loading config from cache: C:\Users\digidev\AppData\Local\Temp\e10c931dc18d80379143a09443f0855e.mpf_cache
2023-04-14 21:59:35,304 : ConfigProcessor : Loading config from cache: C:\Users\digidev\AppData\Local\Temp\dfc215c2101357f1268429d195cf05eb.mpf_cache
2023-04-14 21:59:35,304 : mpfmc : Mission Pinball Framework Media Controller v0.55.0
2023-04-14 21:59:35,304 : mpfmc : Mission Pinball Framework Game Engine v0.55.0
2023-04-14 21:59:35,304 : mpfmc : Machine path: C:\Users\digidev\source\Pinball_Three-Amigos
2023-04-14 21:59:35,304 : mpfmc : Starting clock at 60.0Hz
2023-04-14 21:59:35,321 : kivy : Text: Provider: sdl2
2023-04-14 21:59:35,374 : kivy : Window: Provider: sdl2
2023-04-14 21:59:35,470 : kivy : GL: Using the "OpenGL" graphics system
2023-04-14 21:59:35,472 : kivy : GL: GLEW initialization succeeded
2023-04-14 21:59:35,472 : kivy : GL: Backend used <glew>
2023-04-14 21:59:35,473 : kivy : GL: OpenGL version <b'4.3.0 - Build 20.19.15.4531'>
2023-04-14 21:59:35,473 : kivy : GL: OpenGL vendor <b'Intel'>
2023-04-14 21:59:35,473 : kivy : GL: OpenGL renderer <b'Intel(R) HD Graphics 4600'>
2023-04-14 21:59:35,473 : kivy : GL: OpenGL parsed version: 4, 3
2023-04-14 21:59:35,473 : kivy : GL: Shading version <b'4.30 - Build 20.19.15.4531'>
2023-04-14 21:59:35,473 : kivy : GL: Texture max size <16384>
2023-04-14 21:59:35,474 : kivy : GL: Texture max units <32>
2023-04-14 21:59:35,501 : kivy : Window: auto add sdl2 input provider
2023-04-14 21:59:35,502 : kivy : Window: virtual keyboard not allowed, single mode, not docked
2023-04-14 21:59:35,515 : SoundSystem : SoundSystem: Using default 'sound_system' settings
2023-04-14 21:59:35,790 : AudioInterface : Initialized
2023-04-14 21:59:35,791 : AudioInterface : Loaded SDL 2.0.12
2023-04-14 21:59:35,791 : AudioInterface : Loaded SDL_Mixer 2.0.4
2023-04-14 21:59:35,791 : AudioInterface : Loaded GStreamer 1.18.0.0
2023-04-14 21:59:35,791 : AudioInterface : Loaded GLib 2.62.6
2023-04-14 21:59:35,791 : AudioInterface : Settings requested - rate: 44100, channels: 1, buffer: 2048 samples
2023-04-14 21:59:35,791 : AudioInterface : Settings in use - rate: 44100, channels: 1, buffer: 2048 samples (4096 bytes @ 2 bytes per sample)
2023-04-14 21:59:35,791 : SoundSystem : No audio tracks are specified in your machine config file. a track named 'default' has been created.
2023-04-14 21:59:35,791 : SoundSystem : Setting master volume to 0.0
2023-04-14 21:59:35,792 : SoundSystem : master_volume in sound_system is deprecated and will be removed in the future.
2023-04-14 21:59:35,792 : AudioInterface : Enabling audio playback
2023-04-14 21:59:35,794 : kivy : Base: Start application main loop
2023-04-14 21:59:35,795 : EventManager : Event: ======'display_window_initialized'====== Args={}
2023-04-14 21:59:35,811 : mpfmc : Display: Setting 'window' as default display
2023-04-14 21:59:35,819 : mpfmc : ASPECT RATIO MISMATCH: The on-screen window is not the same aspect ratio as the display called 'window'. The logical display will be scaled from 1366x768 to the window size 800x600, and a black bar will make up the difference
2023-04-14 21:59:35,822 : EventManager : Event: ======'displays_initialized'====== Args={}
2023-04-14 21:59:35,823 : EventManager : Event: ======'slide_window_blank_created'====== Args={}
2023-04-14 21:59:35,823 : EventManager : Event: ======'display_window_ready'====== Args={}
2023-04-14 21:59:35,835 : EventManager : Event: ======'init_phase_1'====== Args={}
2023-04-14 21:59:35,840 : EventManager : Event: ======'mc_ready'====== Args={}
2023-04-14 21:59:35,840 : EventManager : Event: ======'init_phase_2'====== Args={}
2023-04-14 21:59:35,841 : EventManager : Event: ======'init_phase_3'====== Args={}
2023-04-14 21:59:35,842 : EventManager : Event: ======'init_phase_4'====== Args={}
2023-04-14 21:59:35,842 : EventManager : Event: ======'init_phase_5'====== Args={}
2023-04-14 21:59:35,863 : kivy : GL: NPOT texture support is available
2023-04-14 21:59:35,872 : kivy : GL: Unpack subimage support is available
2023-04-14 21:59:35,878 : EventManager : Event: ======'loading_assets'====== Args={'total': 1, 'loaded': 1, 'remaining': 0, 'percent': 100}
2023-04-14 21:59:35,878 : AssetManager : Asset loading took: 0.08595013618469238
2023-04-14 21:59:35,878 : EventManager : Event: ======'asset_loading_complete'====== Args={}
2023-04-14 21:59:35,878 : AssetManager : Loading assets: 1/1 (100%)
2023-04-14 21:59:35,878 : EventManager : Event: ======'init_done'====== Args={}
2023-04-14 21:59:35,879 : MPF-MC BCP Server : Starting up on localhost port 5050
2023-04-14 21:59:35,883 : MPF-MC BCP Server : Waiting for a connection...
2023-04-14 21:59:35,883 : mpfmc : SlidePlayer: Play called with settings={'slides': {welcome_slide-None-None: {'priority': None, 'target': None, 'background_color': [0.0, 0.0, 0.0, 1.0], 'show': True, 'force': False, 'expire': None, 'slide': None, 'tokens': {}, 'action': 'play', 'transition': None, 'transition_out': None}}}
2023-04-14 21:59:35,886 : EventManager : Event: ======'slide_welcome_slide_created'====== Args={}
2023-04-14 21:59:35,887 : EventManager : Event: ======'slide_welcome_slide_active'====== Args={}
2023-04-14 21:59:35,890 : EventManager : Event: ======'client_disconnected'====== Args={'host': '127.0.0.1', 'port': 5050}
2023-04-14 21:59:36,842 : MPF-MC BCP Server : Received connection from: 127.0.0.1:61821
2023-04-14 21:59:36,844 : EventManager : Event: ======'client_connected'====== Args={'host': '127.0.0.1', 'port': 61821}
2023-04-14 21:59:36,857 : EventManager : Event: ======'machine_var_credits_string'====== Args={'value': 'FREE PLAY', 'prev_value': None, 'change': True}
2023-04-14 21:59:36,857 : EventManager : Event: ======'machine_var_master_volume'====== Args={'value': 0.5, 'prev_value': None, 'change': True}
2023-04-14 21:59:36,857 : EventManager : Event: ======'machine_var_mpf_version'====== Args={'value': 'MPF v0.55.0', 'prev_value': None, 'change': True}
2023-04-14 21:59:36,857 : EventManager : Event: ======'machine_var_mpf_extended_version'====== Args={'value': 'MPF v0.55.0, Config version:5, Show version: 5, BCP version:1.1', 'prev_value': None, 'change': True}
2023-04-14 21:59:36,858 : EventManager : Event: ======'machine_var_python_version'====== Args={'value': '3.7.9', 'prev_value': None, 'change': True}
2023-04-14 21:59:36,858 : EventManager : Event: ======'machine_var_platform'====== Args={'value': 'Windows-10-10.0.19041-SP0', 'prev_value': None, 'change': True}
2023-04-14 21:59:36,858 : EventManager : Event: ======'machine_var_platform_system'====== Args={'value': 'Windows', 'prev_value': None, 'change': True}
2023-04-14 21:59:36,858 : EventManager : Event: ======'machine_var_platform_release'====== Args={'value': '10', 'prev_value': None, 'change': True}
2023-04-14 21:59:36,858 : EventManager : Event: ======'machine_var_platform_version'====== Args={'value': '10.0.19041', 'prev_value': None, 'change': True}
2023-04-14 21:59:36,858 : EventManager : Event: ======'machine_var_platform_machine'====== Args={'value': 'AMD64', 'prev_value': None, 'change': True}
2023-04-14 21:59:36,858 : EventManager : Event: ======'machine_var_mc_version'====== Args={'value': 'MPF-MC v0.55.0', 'prev_value': None, 'change': True}
2023-04-14 21:59:36,859 : EventManager : Event: ======'machine_var_mc_extended_version'====== Args={'value': 'MPF-MC v0.55.0 (config_version=5, BCP v1.1, Requires MPF v0.55.0-dev.49)', 'prev_value': None, 'change': True}
2023-04-14 21:59:36,859 : SoundSystem : Setting master volume to 0.5
2023-04-14 21:59:36,946 : EventManager : Event: ======'machine_var_audits_switches_s_left_flipper'====== Args={'value': 0, 'prev_value': None, 'change': True}
2023-04-14 21:59:36,946 : EventManager : Event: ======'machine_var_audits_switches_s_right_flipper'====== Args={'value': 0, 'prev_value': None, 'change': True}
2023-04-14 21:59:36,946 : EventManager : Event: ======'machine_var_audits_switches_s_trough1'====== Args={'value': 0, 'prev_value': None, 'change': True}
2023-04-14 21:59:36,946 : EventManager : Event: ======'machine_var_audits_switches_s_trough2'====== Args={'value': 0, 'prev_value': None, 'change': True}
2023-04-14 21:59:36,946 : EventManager : Event: ======'machine_var_audits_switches_s_trough3'====== Args={'value': 0, 'prev_value': None, 'change': True}
2023-04-14 21:59:36,946 : EventManager : Event: ======'machine_var_audits_switches_s_trough4'====== Args={'value': 0, 'prev_value': None, 'change': True}
2023-04-14 21:59:36,946 : EventManager : Event: ======'machine_var_audits_switches_s_trough_jam'====== Args={'value': 0, 'prev_value': None, 'change': True}
2023-04-14 21:59:36,946 : EventManager : Event: ======'machine_var_audits_switches_s_plunger_lane'====== Args={'value': 0, 'prev_value': None, 'change': True}
2023-04-14 21:59:36,946 : EventManager : Event: ======'machine_var_audits_switches_s_start'====== Args={'value': 0, 'prev_value': None, 'change': True}
2023-04-14 21:59:36,947 : EventManager : Event: ======'machine_var_audits_switches_s_left_slingshot'====== Args={'value': 0, 'prev_value': None, 'change': True}
2023-04-14 21:59:36,947 : EventManager : Event: ======'machine_var_audits_switches_s_right_slingshot'====== Args={'value': 0, 'prev_value': None, 'change': True}
2023-04-14 21:59:36,947 : EventManager : Event: ======'machine_var_audits_switches_s_drop_target_left'====== Args={'value': 0, 'prev_value': None, 'change': True}
2023-04-14 21:59:36,947 : EventManager : Event: ======'machine_var_audits_switches_s_drop_target_middle'====== Args={'value': 0, 'prev_value': None, 'change': True}
2023-04-14 21:59:36,947 : EventManager : Event: ======'machine_var_audits_switches_s_drop_target_right'====== Args={'value': 0, 'prev_value': None, 'change': True}
2023-04-14 21:59:36,947 : EventManager : Event: ======'machine_var_audits_switches_s_tilt'====== Args={'value': 0, 'prev_value': None, 'change': True}
2023-04-14 21:59:36,947 : EventManager : Event: ======'machine_var_audits_events_game_started'====== Args={'value': 0, 'prev_value': None, 'change': True}
2023-04-14 21:59:36,947 : EventManager : Event: ======'machine_var_audits_events_game_ended'====== Args={'value': 0, 'prev_value': None, 'change': True}
2023-04-14 21:59:36,947 : EventManager : Event: ======'machine_var_audits_player_score'====== Args={'value': {'top': [], 'average': 0, 'total': 0}, 'prev_value': None, 'change': True}
2023-04-14 21:59:36,947 : EventManager : Event: ======'slides_play'====== Args={'settings': {'welcome_slide': {'target': None, 'background_color': [0.0, 0.0, 0.0, 1.0], 'priority': None, 'show': True, 'force': False, 'expire': None, 'slide': None, 'tokens': {}, 'action': 'play'}}, 'context': '_global', 'calling_context': 'init_done', 'priority': 0}
2023-04-14 21:59:36,947 : EventManager : Event: ======'mc_reset_phase_1'====== Args={}
2023-04-14 21:59:36,947 : mpfmc : SlidePlayer: Play called with settings={'welcome_slide': {'target': None, 'background_color': [0.0, 0.0, 0.0, 1.0], 'priority': None, 'show': True, 'force': False, 'expire': None, 'slide': None, 'tokens': {}, 'action': 'play'}}
2023-04-14 21:59:36,948 : EventManager : Event: ======'slide_welcome_slide_removed'====== Args={}
2023-04-14 21:59:36,950 : EventManager : Event: ======'slide_welcome_slide_created'====== Args={}
2023-04-14 21:59:36,950 : EventManager : Event: ======'mc_reset_phase_2'====== Args={}
2023-04-14 21:59:36,950 : EventManager : Event: ======'mc_reset_phase_3'====== Args={}
2023-04-14 21:59:36,950 : EventManager : Event: ======'mc_reset_complete'====== Args={}
2023-04-14 21:59:36,951 : EventManager : Event: ======'slide_welcome_slide_active'====== Args={}
2023-04-14 21:59:36,966 : EventManager : Event: ======'slides_play'====== Args={'settings': {'attract_started': {'target': None, 'background_color': [0.0, 0.0, 0.0, 1.0], 'priority': None, 'show': True, 'force': False, 'expire': None, 'slide': None, 'tokens': {}, 'action': 'play'}}, 'context': '_global', 'calling_context': 'mode_attract_started', 'priority': 0}
2023-04-14 21:59:36,966 : mpfmc : SlidePlayer: Play called with settings={'attract_started': {'target': None, 'background_color': [0.0, 0.0, 0.0, 1.0], 'priority': None, 'show': True, 'force': False, 'expire': None, 'slide': None, 'tokens': {}, 'action': 'play'}}
2023-04-14 21:59:36,971 : EventManager : Event: ======'slide_attract_started_created'====== Args={}
2023-04-14 21:59:36,972 : EventManager : Event: ======'slide_attract_started_active'====== Args={}
2023-04-14 22:00:03,231 : kivy : Base: Leaving application in progress...
2023-04-14 22:00:03,448 : mpfmc : Stopping...
2023-04-14 22:00:03,448 : EventManager : Event: ======'shutdown'====== Args={}
2023-04-14 22:00:03,448 : AudioInterface : Disabling audio playback
2023-04-14 22:00:03,448 : mpfmc : Loop rate 65.42 Hz
2023-04-14 22:00:03,448 : kivy : MC run loop ended.
2023-04-14 22:00:03,448 : kivy : Stopping child threads... (3 remaining)
2023-04-14 22:00:03,985 : mpfmc : Stopping...
2023-04-14 22:00:03,985 : EventManager : Event: ======'shutdown'====== Args={}
2023-04-14 22:00:03,985 : mpfmc : Loop rate 64.17 Hz
2023-04-14 22:00:04,204 : MPF-MC BCP Server : Stopping BCP sending thread
2023-04-14 22:00:04,219 : kivy : All child threads stopped.
