2023-03-28 11:34:31,700 : INFO : root : Loading config.
2023-03-28 11:34:31,705 : INFO : YamlMultifileConfigLoader : Machine config file #1: config.yaml
2023-03-28 11:34:31,706 : INFO : ConfigProcessor : Loading config from cache: C:\Users\digidev\AppData\Local\Temp\207a4012de915441e2519cedb288d8b5.mpf_cache
2023-03-28 11:34:31,718 : WARNING : ConfigProcessor : Config file in cache changed: C:\Users\digidev\source\Pinball_Three-Amigos\config\hardware.yaml
2023-03-28 11:34:31,718 : INFO : ConfigProcessor : Loading config from file C:\Users\digidev\.local\pipx\venvs\mpf\lib\site-packages\mpf\mpfconfig.yaml.
2023-03-28 11:34:31,813 : INFO : ConfigProcessor : Loading config: C:\Users\digidev\.local\pipx\venvs\mpf\lib\site-packages\mpf\mpfconfig.yaml
2023-03-28 11:34:31,814 : INFO : ConfigProcessor : Loading config from file C:\Users\digidev\source\Pinball_Three-Amigos\config\config.yaml.
2023-03-28 11:34:31,816 : INFO : ConfigProcessor : Loading config: C:\Users\digidev\source\Pinball_Three-Amigos\config\config.yaml
2023-03-28 11:34:31,850 : INFO : ConfigProcessor : Loading config: C:\Users\digidev\source\Pinball_Three-Amigos\config\hardware.yaml
2023-03-28 11:34:31,855 : INFO : ConfigProcessor : Loading config: C:\Users\digidev\source\Pinball_Three-Amigos\config\keyboard.yaml
2023-03-28 11:34:31,857 : INFO : ConfigProcessor : Config file cache created: C:\Users\digidev\AppData\Local\Temp\207a4012de915441e2519cedb288d8b5.mpf_cache
2023-03-28 11:34:31,987 : INFO : ConfigProcessor : Loading config from cache: C:\Users\digidev\AppData\Local\Temp\ae663e8f24481bd52f7f5e9610d87d3b.mpf_cache
2023-03-28 11:34:31,989 : INFO : ConfigProcessor : Loading config from cache: C:\Users\digidev\AppData\Local\Temp\d7dbd5ece0283f90787e254e6a383d33.mpf_cache
2023-03-28 11:34:31,990 : INFO : Machine : Mission Pinball Framework Core Engine v0.56.0
2023-03-28 11:34:31,990 : INFO : Machine : Command line arguments: {'no_load_cache': False, 'create_config_cache': True, 'bcp': True, 'configfile': ['config.yaml'], 'force_assets_load': False, 'jsonlogging': False, 'logfile': 'logs\\2023-03-28-11-34-31-mpf-DESKTOP-JGO3PQG.log', 'pause': False, 'production': False, 'text_ui': True, 'loglevel': 15, 'consoleloglevel': 20, 'force_platform': 'smart_virtual', 'syslog_address': None, 'mc_file_name': None, 'no_sound': False}
2023-03-28 11:34:31,990 : INFO : Machine : MPF path: C:\Users\digidev\.local\pipx\venvs\mpf\lib\site-packages\mpf
2023-03-28 11:34:31,990 : INFO : Machine : Machine path: C:\Users\digidev\source\Pinball_Three-Amigos
2023-03-28 11:34:31,990 : INFO : Machine : Platform: win32
2023-03-28 11:34:31,990 : INFO : Machine : Python executable location: C:\Users\digidev\.local\pipx\venvs\mpf\Scripts\python.exe
2023-03-28 11:34:31,991 : INFO : Machine : Python version: 3.9.13 (64-bit)
2023-03-28 11:34:31,994 : INFO : Machine : Initialise MPF.
2023-03-28 11:34:32,598 : INFO : EventManager : Event: ======'machine_var_credits_string'====== Args={'value': 'FREE PLAY', 'prev_value': None, 'change': True}
2023-03-28 11:34:32,672 : INFO : EventManager : Event: ======'machine_var_master_volume'====== Args={'value': 0.5, 'prev_value': None, 'change': True}
2023-03-28 11:34:32,672 : INFO : EventManager : Event: ======'machine_var_mpf_version'====== Args={'value': 'MPF v0.56.0', 'prev_value': None, 'change': True}
2023-03-28 11:34:32,672 : INFO : EventManager : Event: ======'machine_var_mpf_extended_version'====== Args={'value': 'MPF v0.56.0, Config version:5, Show version: 5, BCP version:1.1', 'prev_value': None, 'change': True}
2023-03-28 11:34:32,672 : INFO : EventManager : Event: ======'machine_var_python_version'====== Args={'value': '3.9.13', 'prev_value': None, 'change': True}
2023-03-28 11:34:32,689 : INFO : EventManager : Event: ======'machine_var_platform'====== Args={'value': 'Windows-10-10.0.19044-SP0', 'prev_value': None, 'change': True}
2023-03-28 11:34:32,689 : INFO : EventManager : Event: ======'machine_var_platform_system'====== Args={'value': 'Windows', 'prev_value': None, 'change': True}
2023-03-28 11:34:32,689 : INFO : EventManager : Event: ======'machine_var_platform_release'====== Args={'value': '10', 'prev_value': None, 'change': True}
2023-03-28 11:34:32,690 : INFO : EventManager : Event: ======'machine_var_platform_version'====== Args={'value': '10.0.19044', 'prev_value': None, 'change': True}
2023-03-28 11:34:32,690 : INFO : EventManager : Event: ======'machine_var_platform_machine'====== Args={'value': 'AMD64', 'prev_value': None, 'change': True}
2023-03-28 11:34:32,690 : INFO : EventManager : Event: ======'init_phase_1'====== Args={}
2023-03-28 11:34:32,709 : INFO : EventManager : Event: ======'drop_target_bank_dt_bank_up'====== Args={}
2023-03-28 11:34:32,710 : INFO : EventManager : Event: ======'init_phase_2'====== Args={}
2023-03-28 11:34:32,713 : INFO : EventManager : Event: ======'bcp_connection_attempt'====== Args={'name': 'local_display', 'host': 'localhost', 'port': 5050}
2023-03-28 11:34:32,716 : INFO : BCPClientSocket : Connecting BCP to 'local_display' at localhost:5050...
2023-03-28 11:34:34,775 : INFO : BCPClientSocket : Connected BCP to 'local_display' localhost:5050
2023-03-28 11:34:34,777 : INFO : EventManager : Event: ======'bcp_clients_connected'====== Args={}
2023-03-28 11:34:34,810 : INFO : ball_device.bd_trough : BCH: Initial count: 0
2023-03-28 11:34:34,812 : INFO : EventManager : Event: ======'machine_var_mc_version'====== Args={'value': 'MPF-MC v0.56.1', 'prev_value': None, 'change': True}
2023-03-28 11:34:34,813 : INFO : EventManager : Event: ======'machine_var_mc_extended_version'====== Args={'value': 'MPF-MC v0.56.1 (config_version=5, BCP v1.1,                      Requires MPF API compatibility v0.56.0 or newer)', 'prev_value': None, 'change': True}
2023-03-28 11:34:34,819 : INFO : ball_device.bd_trough : State: idle
2023-03-28 11:34:34,870 : INFO : ball_device.bd_plunger : BCH: Initial count: 0
2023-03-28 11:34:34,870 : INFO : ball_device.bd_plunger : State: idle
2023-03-28 11:34:34,880 : INFO : EventManager : Event: ======'init_phase_3'====== Args={}
2023-03-28 11:34:34,883 : INFO : EventManager : Event: ======'init_phase_4'====== Args={}
2023-03-28 11:34:34,883 : INFO : BallController : Initial balls found: 0
2023-03-28 11:34:34,885 : INFO : EventManager : Event: ======'machine_var_audits_switches_s_left_flipper'====== Args={'value': 0, 'prev_value': None, 'change': True}
2023-03-28 11:34:34,885 : INFO : EventManager : Event: ======'machine_var_audits_switches_s_right_flipper'====== Args={'value': 0, 'prev_value': None, 'change': True}
2023-03-28 11:34:34,886 : INFO : EventManager : Event: ======'machine_var_audits_switches_s_trough1'====== Args={'value': 0, 'prev_value': None, 'change': True}
2023-03-28 11:34:34,886 : INFO : EventManager : Event: ======'machine_var_audits_switches_s_trough2'====== Args={'value': 0, 'prev_value': None, 'change': True}
2023-03-28 11:34:34,886 : INFO : EventManager : Event: ======'machine_var_audits_switches_s_trough3'====== Args={'value': 0, 'prev_value': None, 'change': True}
2023-03-28 11:34:34,886 : INFO : EventManager : Event: ======'machine_var_audits_switches_s_trough4'====== Args={'value': 0, 'prev_value': None, 'change': True}
2023-03-28 11:34:34,886 : INFO : EventManager : Event: ======'machine_var_audits_switches_s_trough_jam'====== Args={'value': 0, 'prev_value': None, 'change': True}
2023-03-28 11:34:34,887 : INFO : EventManager : Event: ======'machine_var_audits_switches_s_plunger_lane'====== Args={'value': 0, 'prev_value': None, 'change': True}
2023-03-28 11:34:34,887 : INFO : EventManager : Event: ======'machine_var_audits_switches_s_start'====== Args={'value': 0, 'prev_value': None, 'change': True}
2023-03-28 11:34:34,887 : INFO : EventManager : Event: ======'machine_var_audits_switches_s_left_slingshot'====== Args={'value': 0, 'prev_value': None, 'change': True}
2023-03-28 11:34:34,887 : INFO : EventManager : Event: ======'machine_var_audits_switches_s_right_slingshot'====== Args={'value': 0, 'prev_value': None, 'change': True}
2023-03-28 11:34:34,888 : INFO : EventManager : Event: ======'machine_var_audits_switches_s_drop_target_left'====== Args={'value': 0, 'prev_value': None, 'change': True}
2023-03-28 11:34:34,888 : INFO : EventManager : Event: ======'machine_var_audits_switches_s_drop_target_middle'====== Args={'value': 0, 'prev_value': None, 'change': True}
2023-03-28 11:34:34,888 : INFO : EventManager : Event: ======'machine_var_audits_switches_s_drop_target_right'====== Args={'value': 0, 'prev_value': None, 'change': True}
2023-03-28 11:34:34,889 : INFO : EventManager : Event: ======'machine_var_audits_switches_s_tilt'====== Args={'value': 0, 'prev_value': None, 'change': True}
2023-03-28 11:34:34,889 : INFO : EventManager : Event: ======'machine_var_audits_events_game_started'====== Args={'value': 0, 'prev_value': None, 'change': True}
2023-03-28 11:34:34,889 : INFO : EventManager : Event: ======'machine_var_audits_events_game_ended'====== Args={'value': 0, 'prev_value': None, 'change': True}
2023-03-28 11:34:34,889 : INFO : EventManager : Event: ======'machine_var_audits_player_score'====== Args={'value': {'top': [], 'average': 0, 'total': 0}, 'prev_value': None, 'change': True}
2023-03-28 11:34:34,890 : INFO : EventManager : Event: ======'init_phase_5'====== Args={}
2023-03-28 11:34:34,921 : INFO : EventManager : Event: ======'init_done'====== Args={}
2023-03-28 11:34:34,922 : INFO : EventManager : Event: ======'machine_reset_phase_1'====== Args={}
2023-03-28 11:34:34,925 : INFO : EventManager : Event: ======'slide_welcome_slide_removed'====== Args={'_from_bcp': True}
2023-03-28 11:34:34,927 : INFO : EventManager : Event: ======'slide_welcome_slide_created'====== Args={'_from_bcp': True}
2023-03-28 11:34:34,935 : INFO : EventManager : Event: ======'slide_welcome_slide_active'====== Args={'_from_bcp': True}
2023-03-28 11:34:34,935 : INFO : EventManager : Event: ======'machine_reset_phase_2'====== Args={}
2023-03-28 11:34:34,936 : INFO : EventManager : Event: ======'machine_reset_phase_3'====== Args={}
2023-03-28 11:34:34,936 : INFO : EventManager : Event: ======'reset_complete'====== Args={}
2023-03-28 11:34:34,936 : INFO : EventManager : Event: ======'mode_attract_will_start'====== Args={}
2023-03-28 11:34:34,937 : INFO : EventManager : Event: ======'mode_attract_starting'====== Args={}
2023-03-28 11:34:34,938 : INFO : Mode.attract : Started. Priority: 10
2023-03-28 11:34:34,939 : INFO : EventManager : Event: ======'modes_active_modes_changed'====== Args={}
2023-03-28 11:34:34,939 : INFO : EventManager : Event: ======'mode_attract_started'====== Args={}
2023-03-28 11:34:34,940 : INFO : EventManager : Event: ======'collecting_balls_complete'====== Args={}
2023-03-28 11:34:34,985 : INFO : EventManager : Event: ======'slide_attract_started_created'====== Args={'_from_bcp': True}
2023-03-28 11:34:34,986 : INFO : EventManager : Event: ======'slide_attract_started_active'====== Args={'_from_bcp': True}
2023-03-28 11:34:34,986 : INFO : Machine : Starting the main run loop.
2023-03-28 11:34:35,827 : INFO : SwitchController : <<<<<<< 's_start' active >>>>>>>
2023-03-28 11:34:35,876 : INFO : SwitchController : <<<<<<< 's_start' inactive >>>>>>>
2023-03-28 11:34:35,876 : INFO : EventManager : Event: ======'request_to_start_game'====== Args={}
2023-03-28 11:34:35,877 : INFO : BallController : Known balls: 0
2023-03-28 11:34:35,877 : INFO : BallController : bd_trough contains 0 balls. Tags ['trough', 'home', 'drain']
2023-03-28 11:34:35,877 : INFO : BallController : bd_plunger contains 0 balls. Tags []
2023-03-28 11:34:35,878 : INFO : BallController : playfield contains 0 balls. Tags ['default']
2023-03-28 11:34:35,878 : WARNING : BallController : BallController denies game start. Not enough balls. 0 found. 1 required
2023-03-28 11:34:35,878 : INFO : BallController : Triggering ball search.
2023-03-28 11:34:36,874 : INFO : SwitchController : <<<<<<< 's_start' active >>>>>>>
2023-03-28 11:34:37,214 : INFO : SwitchController : <<<<<<< 's_start' inactive >>>>>>>
2023-03-28 11:34:37,214 : INFO : EventManager : Event: ======'request_to_start_game'====== Args={}
2023-03-28 11:34:37,215 : INFO : BallController : Known balls: 0
2023-03-28 11:34:37,215 : INFO : BallController : bd_trough contains 0 balls. Tags ['trough', 'home', 'drain']
2023-03-28 11:34:37,215 : INFO : BallController : bd_plunger contains 0 balls. Tags []
2023-03-28 11:34:37,215 : INFO : BallController : playfield contains 0 balls. Tags ['default']
2023-03-28 11:34:37,215 : WARNING : BallController : BallController denies game start. Not enough balls. 0 found. 1 required
2023-03-28 11:34:37,215 : INFO : BallController : Triggering ball search.
2023-03-28 11:34:42,903 : INFO : SwitchController : <<<<<<< 's_start' active >>>>>>>
2023-03-28 11:34:42,989 : INFO : SwitchController : <<<<<<< 's_start' inactive >>>>>>>
2023-03-28 11:34:42,990 : INFO : EventManager : Event: ======'request_to_start_game'====== Args={}
2023-03-28 11:34:42,990 : INFO : BallController : Known balls: 0
2023-03-28 11:34:42,991 : INFO : BallController : bd_trough contains 0 balls. Tags ['trough', 'home', 'drain']
2023-03-28 11:34:42,991 : INFO : BallController : bd_plunger contains 0 balls. Tags []
2023-03-28 11:34:42,991 : INFO : BallController : playfield contains 0 balls. Tags ['default']
2023-03-28 11:34:42,991 : WARNING : BallController : BallController denies game start. Not enough balls. 0 found. 1 required
2023-03-28 11:34:42,991 : INFO : BallController : Triggering ball search.
2023-03-28 11:34:49,284 : INFO : SwitchController : <<<<<<< 's_start' active >>>>>>>
2023-03-28 11:34:49,333 : INFO : SwitchController : <<<<<<< 's_start' inactive >>>>>>>
2023-03-28 11:34:49,333 : INFO : EventManager : Event: ======'request_to_start_game'====== Args={}
2023-03-28 11:34:49,333 : INFO : BallController : Known balls: 0
2023-03-28 11:34:49,333 : INFO : BallController : bd_trough contains 0 balls. Tags ['trough', 'home', 'drain']
2023-03-28 11:34:49,333 : INFO : BallController : bd_plunger contains 0 balls. Tags []
2023-03-28 11:34:49,333 : INFO : BallController : playfield contains 0 balls. Tags ['default']
2023-03-28 11:34:49,334 : WARNING : BallController : BallController denies game start. Not enough balls. 0 found. 1 required
2023-03-28 11:34:49,334 : INFO : BallController : Triggering ball search.
2023-03-28 11:34:51,923 : INFO : SwitchController : <<<<<<< 's_trough3' active >>>>>>>
2023-03-28 11:34:51,924 : INFO : SwitchController : <<<<<<< 's_trough2' active >>>>>>>
2023-03-28 11:34:51,925 : INFO : SwitchController : <<<<<<< 's_trough1' active >>>>>>>
2023-03-28 11:34:51,994 : INFO : SwitchController : <<<<<<< 's_trough4' active >>>>>>>
2023-03-28 11:34:52,320 : INFO : EventManager : Event: ======'balldevice_bd_trough_ball_count_changed'====== Args={'balls': 4}
2023-03-28 11:34:52,320 : INFO : ball_device.bd_trough : Received unexpected ball
2023-03-28 11:34:52,320 : INFO : EventManager : Event: ======'balldevice_captured_from_playfield'====== Args={'balls': 1}
2023-03-28 11:34:52,321 : INFO : EventManager : Event: ======'sw_playfield_active'====== Args={'balls': 1}
2023-03-28 11:34:52,321 : INFO : EventManager : Event: ======'playfield_active'====== Args={}
2023-03-28 11:34:52,321 : INFO : EventManager : Event: ======'unexpected_ball_on_playfield'====== Args={}
2023-03-28 11:34:52,321 : INFO : EventManager : Event: ======'playfield_ball_count_change'====== Args={'balls': -1, 'change': -1}
2023-03-28 11:34:52,322 : INFO : EventManager : Event: ======'balldevice_playfield_ball_enter'====== Args={'new_balls': 1, 'unclaimed_balls': 1, 'device': <playfield.playfield>}
2023-03-28 11:34:52,322 : INFO : EventManager : Event: ======'playfield_ball_count_change'====== Args={'balls': 0, 'change': 1}
2023-03-28 11:34:52,323 : INFO : BallController : Found a new ball which was captured from playfield. Known balls: 1
2023-03-28 11:34:52,323 : INFO : EventManager : Event: ======'found_new_ball'====== Args={}
2023-03-28 11:34:52,323 : INFO : EventManager : Event: ======'balldevice_bd_trough_ball_enter'====== Args={'new_balls': 1, 'unclaimed_balls': 1, 'new_available_balls': 1, 'device': <ball_device.bd_trough>}
2023-03-28 11:34:52,323 : INFO : EventManager : Event: ======'ball_drain'====== Args={'device': <ball_device.bd_trough>, 'balls': 1}
2023-03-28 11:34:52,324 : INFO : EventManager : Event: ======'balldevice_balls_available'====== Args={}
2023-03-28 11:34:52,324 : INFO : EventManager : Event: ======'balldevice_bd_trough_ball_entered'====== Args={'new_balls': 1, 'device': <ball_device.bd_trough>}
2023-03-28 11:34:52,324 : INFO : ball_device.bd_trough : Received unexpected ball
2023-03-28 11:34:52,325 : INFO : EventManager : Event: ======'balldevice_captured_from_playfield'====== Args={'balls': 1}
2023-03-28 11:34:52,325 : INFO : EventManager : Event: ======'sw_playfield_active'====== Args={'balls': 1}
2023-03-28 11:34:52,325 : INFO : EventManager : Event: ======'playfield_active'====== Args={}
2023-03-28 11:34:52,326 : INFO : EventManager : Event: ======'unexpected_ball_on_playfield'====== Args={}
2023-03-28 11:34:52,326 : INFO : EventManager : Event: ======'playfield_ball_count_change'====== Args={'balls': -1, 'change': -1}
2023-03-28 11:34:52,326 : INFO : EventManager : Event: ======'balldevice_playfield_ball_enter'====== Args={'new_balls': 1, 'unclaimed_balls': 1, 'device': <playfield.playfield>}
2023-03-28 11:34:52,327 : INFO : EventManager : Event: ======'playfield_ball_count_change'====== Args={'balls': 0, 'change': 1}
2023-03-28 11:34:52,327 : INFO : BallController : Found a new ball which was captured from playfield. Known balls: 2
2023-03-28 11:34:52,327 : INFO : EventManager : Event: ======'found_new_ball'====== Args={}
2023-03-28 11:34:52,327 : INFO : EventManager : Event: ======'balldevice_bd_trough_ball_enter'====== Args={'new_balls': 1, 'unclaimed_balls': 1, 'new_available_balls': 1, 'device': <ball_device.bd_trough>}
2023-03-28 11:34:52,328 : INFO : EventManager : Event: ======'ball_drain'====== Args={'device': <ball_device.bd_trough>, 'balls': 1}
2023-03-28 11:34:52,329 : INFO : EventManager : Event: ======'balldevice_balls_available'====== Args={}
2023-03-28 11:34:52,329 : INFO : EventManager : Event: ======'balldevice_bd_trough_ball_entered'====== Args={'new_balls': 1, 'device': <ball_device.bd_trough>}
2023-03-28 11:34:52,329 : INFO : ball_device.bd_trough : Received unexpected ball
2023-03-28 11:34:52,329 : INFO : EventManager : Event: ======'balldevice_captured_from_playfield'====== Args={'balls': 1}
2023-03-28 11:34:52,330 : INFO : EventManager : Event: ======'sw_playfield_active'====== Args={'balls': 1}
2023-03-28 11:34:52,330 : INFO : EventManager : Event: ======'playfield_active'====== Args={}
2023-03-28 11:34:52,330 : INFO : EventManager : Event: ======'unexpected_ball_on_playfield'====== Args={}
2023-03-28 11:34:52,330 : INFO : EventManager : Event: ======'playfield_ball_count_change'====== Args={'balls': -1, 'change': -1}
2023-03-28 11:34:52,331 : INFO : EventManager : Event: ======'balldevice_playfield_ball_enter'====== Args={'new_balls': 1, 'unclaimed_balls': 1, 'device': <playfield.playfield>}
2023-03-28 11:34:52,331 : INFO : EventManager : Event: ======'playfield_ball_count_change'====== Args={'balls': 0, 'change': 1}
2023-03-28 11:34:52,332 : INFO : BallController : Found a new ball which was captured from playfield. Known balls: 3
2023-03-28 11:34:52,332 : INFO : EventManager : Event: ======'found_new_ball'====== Args={}
2023-03-28 11:34:52,332 : INFO : EventManager : Event: ======'balldevice_bd_trough_ball_enter'====== Args={'new_balls': 1, 'unclaimed_balls': 1, 'new_available_balls': 1, 'device': <ball_device.bd_trough>}
2023-03-28 11:34:52,333 : INFO : EventManager : Event: ======'ball_drain'====== Args={'device': <ball_device.bd_trough>, 'balls': 1}
2023-03-28 11:34:52,333 : INFO : EventManager : Event: ======'balldevice_balls_available'====== Args={}
2023-03-28 11:34:52,333 : INFO : EventManager : Event: ======'balldevice_bd_trough_ball_entered'====== Args={'new_balls': 1, 'device': <ball_device.bd_trough>}
2023-03-28 11:34:52,334 : INFO : ball_device.bd_trough : Received unexpected ball
2023-03-28 11:34:52,334 : INFO : EventManager : Event: ======'balldevice_captured_from_playfield'====== Args={'balls': 1}
2023-03-28 11:34:52,334 : INFO : EventManager : Event: ======'sw_playfield_active'====== Args={'balls': 1}
2023-03-28 11:34:52,335 : INFO : EventManager : Event: ======'playfield_active'====== Args={}
2023-03-28 11:34:52,335 : INFO : EventManager : Event: ======'unexpected_ball_on_playfield'====== Args={}
2023-03-28 11:34:52,336 : INFO : EventManager : Event: ======'playfield_ball_count_change'====== Args={'balls': -1, 'change': -1}
2023-03-28 11:34:52,336 : INFO : EventManager : Event: ======'balldevice_playfield_ball_enter'====== Args={'new_balls': 1, 'unclaimed_balls': 1, 'device': <playfield.playfield>}
2023-03-28 11:34:52,337 : INFO : EventManager : Event: ======'playfield_ball_count_change'====== Args={'balls': 0, 'change': 1}
2023-03-28 11:34:52,337 : INFO : BallController : Found a new ball which was captured from playfield. Known balls: 4
2023-03-28 11:34:52,337 : INFO : EventManager : Event: ======'found_new_ball'====== Args={}
2023-03-28 11:34:52,337 : INFO : EventManager : Event: ======'balldevice_bd_trough_ball_enter'====== Args={'new_balls': 1, 'unclaimed_balls': 1, 'new_available_balls': 1, 'device': <ball_device.bd_trough>}
2023-03-28 11:34:52,338 : INFO : EventManager : Event: ======'ball_drain'====== Args={'device': <ball_device.bd_trough>, 'balls': 1}
2023-03-28 11:34:52,338 : INFO : EventManager : Event: ======'balldevice_balls_available'====== Args={}
2023-03-28 11:34:52,338 : INFO : EventManager : Event: ======'balldevice_bd_trough_ball_entered'====== Args={'new_balls': 1, 'device': <ball_device.bd_trough>}
2023-03-28 11:34:54,274 : INFO : SwitchController : <<<<<<< 's_trough2' inactive >>>>>>>
2023-03-28 11:34:54,274 : INFO : SwitchController : <<<<<<< 's_trough1' inactive >>>>>>>
2023-03-28 11:34:54,299 : INFO : SwitchController : <<<<<<< 's_trough4' inactive >>>>>>>
2023-03-28 11:34:54,299 : INFO : SwitchController : <<<<<<< 's_trough3' inactive >>>>>>>
2023-03-28 11:34:55,606 : INFO : SwitchController : <<<<<<< 's_trough1' active >>>>>>>
2023-03-28 11:34:55,667 : INFO : SwitchController : <<<<<<< 's_trough2' active >>>>>>>
2023-03-28 11:34:55,713 : INFO : SwitchController : <<<<<<< 's_trough3' active >>>>>>>
2023-03-28 11:34:56,038 : INFO : SwitchController : <<<<<<< 's_trough4' active >>>>>>>
2023-03-28 11:34:57,260 : INFO : SwitchController : <<<<<<< 's_trough4' inactive >>>>>>>
2023-03-28 11:34:57,827 : INFO : SwitchController : <<<<<<< 's_trough4' active >>>>>>>
2023-03-28 11:34:58,160 : INFO : SwitchController : <<<<<<< 's_trough1' inactive >>>>>>>
2023-03-28 11:35:03,672 : INFO : EventManager : Event: ======'balldevice_bd_trough_ball_count_changed'====== Args={'balls': 3}
2023-03-28 11:35:03,672 : WARNING : ball_device.bd_trough : Ball disappeared while idle. This should not normally happen.
2023-03-28 11:35:03,672 : INFO : EventManager : Event: ======'balldevice_playfield_ball_enter'====== Args={'new_balls': 1, 'unclaimed_balls': 1, 'device': <playfield.playfield>}
2023-03-28 11:35:03,673 : INFO : EventManager : Event: ======'playfield_ball_count_change'====== Args={'balls': 1, 'change': 1}
2023-03-28 11:35:03,673 : INFO : ball_device.bd_trough : 1 ball(s) missing from device. Mechanical eject? False
2023-03-28 11:35:03,673 : INFO : EventManager : Event: ======'balldevice_bd_trough_ball_missing'====== Args={'balls': 1}
2023-03-28 11:35:03,674 : INFO : EventManager : Event: ======'balldevice_ball_missing'====== Args={'balls': 1, 'name': 'bd_trough'}
2023-03-28 11:35:09,501 : INFO : SwitchController : <<<<<<< 's_trough3' inactive >>>>>>>
2023-03-28 11:35:09,541 : INFO : SwitchController : <<<<<<< 's_trough4' inactive >>>>>>>
2023-03-28 11:35:09,541 : INFO : SwitchController : <<<<<<< 's_trough1' active >>>>>>>
2023-03-28 11:35:10,444 : INFO : SwitchController : <<<<<<< 's_trough3' active >>>>>>>
2023-03-28 11:35:23,903 : INFO : SwitchController : <<<<<<< 's_plunger_lane' active >>>>>>>
2023-03-28 11:35:24,074 : INFO : SwitchController : <<<<<<< 's_plunger_lane' inactive >>>>>>>
2023-03-28 11:35:25,872 : INFO : SwitchController : <<<<<<< 's_right_slingshot' active >>>>>>>
2023-03-28 11:35:26,020 : INFO : SwitchController : <<<<<<< 's_right_slingshot' inactive >>>>>>>
2023-03-28 11:35:26,766 : INFO : SwitchController : <<<<<<< 's_right_slingshot' active >>>>>>>
2023-03-28 11:35:26,864 : INFO : SwitchController : <<<<<<< 's_right_slingshot' inactive >>>>>>>
2023-03-28 11:35:27,012 : INFO : SwitchController : <<<<<<< 's_right_slingshot' active >>>>>>>
2023-03-28 11:35:27,129 : INFO : SwitchController : <<<<<<< 's_right_slingshot' inactive >>>>>>>
2023-03-28 11:35:28,527 : INFO : SwitchController : <<<<<<< 's_plunger_lane' active >>>>>>>
2023-03-28 11:35:28,700 : INFO : SwitchController : <<<<<<< 's_plunger_lane' inactive >>>>>>>
2023-03-28 11:35:30,471 : INFO : SwitchController : <<<<<<< 's_plunger_lane' active >>>>>>>
2023-03-28 11:35:30,706 : INFO : SwitchController : <<<<<<< 's_plunger_lane' inactive >>>>>>>
2023-03-28 11:35:30,939 : INFO : SwitchController : <<<<<<< 's_right_slingshot' active >>>>>>>
2023-03-28 11:35:31,296 : INFO : SwitchController : <<<<<<< 's_right_slingshot' inactive >>>>>>>
2023-03-28 11:35:32,350 : INFO : SwitchController : <<<<<<< 's_left_slingshot' active >>>>>>>
2023-03-28 11:35:32,486 : INFO : SwitchController : <<<<<<< 's_left_slingshot' inactive >>>>>>>
2023-03-28 11:35:32,969 : INFO : SwitchController : <<<<<<< 's_left_slingshot' active >>>>>>>
2023-03-28 11:35:33,441 : INFO : SwitchController : <<<<<<< 's_left_slingshot' inactive >>>>>>>
2023-03-28 11:35:33,948 : INFO : SwitchController : <<<<<<< 's_right_slingshot' active >>>>>>>
2023-03-28 11:35:34,072 : INFO : SwitchController : <<<<<<< 's_right_slingshot' inactive >>>>>>>
2023-03-28 11:35:34,653 : INFO : SwitchController : <<<<<<< 's_right_slingshot' active >>>>>>>
2023-03-28 11:35:34,813 : INFO : SwitchController : <<<<<<< 's_right_slingshot' inactive >>>>>>>
2023-03-28 11:35:35,010 : INFO : SwitchController : <<<<<<< 's_left_slingshot' active >>>>>>>
2023-03-28 11:35:35,154 : INFO : SwitchController : <<<<<<< 's_left_slingshot' inactive >>>>>>>
2023-03-28 11:35:35,446 : INFO : SwitchController : <<<<<<< 's_left_slingshot' active >>>>>>>
2023-03-28 11:35:35,631 : INFO : SwitchController : <<<<<<< 's_left_slingshot' inactive >>>>>>>
2023-03-28 11:35:35,692 : INFO : SwitchController : <<<<<<< 's_right_slingshot' active >>>>>>>
2023-03-28 11:35:35,828 : INFO : SwitchController : <<<<<<< 's_right_slingshot' inactive >>>>>>>
2023-03-28 11:35:36,185 : INFO : SwitchController : <<<<<<< 's_right_slingshot' active >>>>>>>
2023-03-28 11:35:36,336 : INFO : SwitchController : <<<<<<< 's_right_slingshot' inactive >>>>>>>
2023-03-28 11:35:36,385 : INFO : SwitchController : <<<<<<< 's_left_slingshot' active >>>>>>>
2023-03-28 11:35:36,594 : INFO : SwitchController : <<<<<<< 's_left_slingshot' inactive >>>>>>>
2023-03-28 11:35:36,827 : INFO : SwitchController : <<<<<<< 's_right_slingshot' active >>>>>>>
2023-03-28 11:35:37,074 : INFO : SwitchController : <<<<<<< 's_right_slingshot' inactive >>>>>>>
2023-03-28 11:35:37,095 : INFO : SwitchController : <<<<<<< 's_left_slingshot' active >>>>>>>
2023-03-28 11:35:37,398 : INFO : SwitchController : <<<<<<< 's_right_slingshot' active >>>>>>>
2023-03-28 11:35:37,399 : INFO : SwitchController : <<<<<<< 's_left_slingshot' inactive >>>>>>>
2023-03-28 11:35:37,693 : INFO : SwitchController : <<<<<<< 's_right_slingshot' inactive >>>>>>>
2023-03-28 11:35:37,736 : INFO : SwitchController : <<<<<<< 's_left_slingshot' active >>>>>>>
2023-03-28 11:35:37,952 : INFO : SwitchController : <<<<<<< 's_right_slingshot' active >>>>>>>
2023-03-28 11:35:37,953 : INFO : SwitchController : <<<<<<< 's_left_slingshot' inactive >>>>>>>
2023-03-28 11:35:38,161 : INFO : SwitchController : <<<<<<< 's_right_slingshot' inactive >>>>>>>
2023-03-28 11:35:38,243 : INFO : SwitchController : <<<<<<< 's_left_slingshot' active >>>>>>>
2023-03-28 11:35:38,355 : INFO : SwitchController : <<<<<<< 's_right_slingshot' active >>>>>>>
2023-03-28 11:35:38,393 : INFO : SwitchController : <<<<<<< 's_left_slingshot' inactive >>>>>>>
2023-03-28 11:35:38,729 : INFO : SwitchController : <<<<<<< 's_right_slingshot' inactive >>>>>>>
2023-03-28 11:35:38,729 : INFO : SwitchController : <<<<<<< 's_left_slingshot' active >>>>>>>
2023-03-28 11:35:38,918 : INFO : SwitchController : <<<<<<< 's_left_slingshot' inactive >>>>>>>
2023-03-28 11:35:39,201 : INFO : SwitchController : <<<<<<< 's_right_slingshot' active >>>>>>>
2023-03-28 11:35:39,426 : INFO : SwitchController : <<<<<<< 's_right_slingshot' inactive >>>>>>>
2023-03-28 11:35:53,684 : INFO : SwitchController : <<<<<<< 's_trough1' inactive >>>>>>>
2023-03-28 11:35:53,720 : INFO : SwitchController : <<<<<<< 's_trough2' inactive >>>>>>>
2023-03-28 11:35:53,722 : INFO : SwitchController : <<<<<<< 's_trough3' inactive >>>>>>>
2023-03-28 11:35:55,108 : INFO : SwitchController : <<<<<<< 's_start' active >>>>>>>
2023-03-28 11:35:55,292 : INFO : SwitchController : <<<<<<< 's_start' inactive >>>>>>>
2023-03-28 11:35:55,293 : INFO : EventManager : Event: ======'request_to_start_game'====== Args={}
2023-03-28 11:35:55,293 : INFO : BallController : Known balls: 4
2023-03-28 11:35:55,294 : INFO : BallController : bd_trough contains 3 balls. Tags ['trough', 'home', 'drain']
2023-03-28 11:35:55,294 : INFO : BallController : bd_plunger contains 0 balls. Tags []
2023-03-28 11:35:55,294 : INFO : BallController : playfield contains 1 balls. Tags ['default']
2023-03-28 11:35:55,295 : WARNING : BallController : BallController denies game start. Not enough balls. 0 found. 1 required
2023-03-28 11:35:55,295 : INFO : BallController : Triggering ball search.
2023-03-28 11:35:55,937 : INFO : SwitchController : <<<<<<< 's_start' active >>>>>>>
2023-03-28 11:35:56,642 : INFO : SwitchController : <<<<<<< 's_start' inactive >>>>>>>
2023-03-28 11:35:56,643 : INFO : EventManager : Event: ======'request_to_start_game'====== Args={}
2023-03-28 11:35:56,644 : INFO : BallController : Known balls: 4
2023-03-28 11:35:56,644 : INFO : BallController : bd_trough contains 3 balls. Tags ['trough', 'home', 'drain']
2023-03-28 11:35:56,644 : INFO : BallController : bd_plunger contains 0 balls. Tags []
2023-03-28 11:35:56,644 : INFO : BallController : playfield contains 1 balls. Tags ['default']
2023-03-28 11:35:56,644 : WARNING : BallController : BallController denies game start. Not enough balls. 0 found. 1 required
2023-03-28 11:35:56,645 : INFO : BallController : Triggering ball search.
2023-03-28 11:35:56,936 : INFO : SwitchController : <<<<<<< 's_start' active >>>>>>>
2023-03-28 11:35:57,049 : INFO : SwitchController : <<<<<<< 's_start' inactive >>>>>>>
2023-03-28 11:35:57,050 : INFO : EventManager : Event: ======'request_to_start_game'====== Args={}
2023-03-28 11:35:57,050 : INFO : BallController : Known balls: 4
2023-03-28 11:35:57,051 : INFO : BallController : bd_trough contains 3 balls. Tags ['trough', 'home', 'drain']
2023-03-28 11:35:57,051 : INFO : BallController : bd_plunger contains 0 balls. Tags []
2023-03-28 11:35:57,051 : INFO : BallController : playfield contains 1 balls. Tags ['default']
2023-03-28 11:35:57,051 : WARNING : BallController : BallController denies game start. Not enough balls. 0 found. 1 required
2023-03-28 11:35:57,051 : INFO : BallController : Triggering ball search.
2023-03-28 11:35:57,407 : INFO : SwitchController : <<<<<<< 's_start' active >>>>>>>
2023-03-28 11:35:57,523 : INFO : SwitchController : <<<<<<< 's_start' inactive >>>>>>>
2023-03-28 11:35:57,523 : INFO : EventManager : Event: ======'request_to_start_game'====== Args={}
2023-03-28 11:35:57,523 : INFO : BallController : Known balls: 4
2023-03-28 11:35:57,523 : INFO : BallController : bd_trough contains 3 balls. Tags ['trough', 'home', 'drain']
2023-03-28 11:35:57,523 : INFO : BallController : bd_plunger contains 0 balls. Tags []
2023-03-28 11:35:57,523 : INFO : BallController : playfield contains 1 balls. Tags ['default']
2023-03-28 11:35:57,524 : WARNING : BallController : BallController denies game start. Not enough balls. 0 found. 1 required
2023-03-28 11:35:57,524 : INFO : BallController : Triggering ball search.
2023-03-28 11:35:57,652 : INFO : SwitchController : <<<<<<< 's_start' active >>>>>>>
2023-03-28 11:35:57,845 : INFO : SwitchController : <<<<<<< 's_start' inactive >>>>>>>
2023-03-28 11:35:57,846 : INFO : EventManager : Event: ======'request_to_start_game'====== Args={}
2023-03-28 11:35:57,846 : INFO : BallController : Known balls: 4
2023-03-28 11:35:57,846 : INFO : BallController : bd_trough contains 3 balls. Tags ['trough', 'home', 'drain']
2023-03-28 11:35:57,846 : INFO : BallController : bd_plunger contains 0 balls. Tags []
2023-03-28 11:35:57,846 : INFO : BallController : playfield contains 1 balls. Tags ['default']
2023-03-28 11:35:57,846 : WARNING : BallController : BallController denies game start. Not enough balls. 0 found. 1 required
2023-03-28 11:35:57,846 : INFO : BallController : Triggering ball search.
2023-03-28 11:35:58,045 : INFO : SwitchController : <<<<<<< 's_trough2' active >>>>>>>
2023-03-28 11:35:58,046 : INFO : SwitchController : <<<<<<< 's_trough1' active >>>>>>>
2023-03-28 11:35:58,206 : INFO : SwitchController : <<<<<<< 's_trough3' active >>>>>>>
2023-03-28 11:36:00,054 : INFO : SwitchController : <<<<<<< 's_right_slingshot' active >>>>>>>
2023-03-28 11:36:00,147 : INFO : SwitchController : <<<<<<< 's_right_slingshot' inactive >>>>>>>
2023-03-28 11:36:00,253 : INFO : SwitchController : <<<<<<< 's_right_slingshot' active >>>>>>>
2023-03-28 11:36:00,391 : INFO : SwitchController : <<<<<<< 's_right_slingshot' inactive >>>>>>>
2023-03-28 11:36:00,428 : INFO : SwitchController : <<<<<<< 's_left_slingshot' active >>>>>>>
2023-03-28 11:36:00,503 : INFO : SwitchController : <<<<<<< 's_left_slingshot' inactive >>>>>>>
2023-03-28 11:36:00,652 : INFO : SwitchController : <<<<<<< 's_left_slingshot' active >>>>>>>
2023-03-28 11:36:00,753 : INFO : SwitchController : <<<<<<< 's_left_slingshot' inactive >>>>>>>
2023-03-28 11:36:00,829 : INFO : SwitchController : <<<<<<< 's_right_slingshot' active >>>>>>>
2023-03-28 11:36:00,915 : INFO : SwitchController : <<<<<<< 's_right_slingshot' inactive >>>>>>>
2023-03-28 11:36:01,025 : INFO : SwitchController : <<<<<<< 's_right_slingshot' active >>>>>>>
2023-03-28 11:36:01,247 : INFO : SwitchController : <<<<<<< 's_right_slingshot' inactive >>>>>>>
2023-03-28 11:36:01,248 : INFO : SwitchController : <<<<<<< 's_left_slingshot' active >>>>>>>
2023-03-28 11:36:01,356 : INFO : SwitchController : <<<<<<< 's_left_slingshot' inactive >>>>>>>
2023-03-28 11:36:01,429 : INFO : SwitchController : <<<<<<< 's_right_slingshot' active >>>>>>>
2023-03-28 11:36:01,565 : INFO : SwitchController : <<<<<<< 's_right_slingshot' inactive >>>>>>>
2023-03-28 11:36:01,566 : INFO : SwitchController : <<<<<<< 's_left_slingshot' active >>>>>>>
2023-03-28 11:36:01,738 : INFO : SwitchController : <<<<<<< 's_right_slingshot' active >>>>>>>
2023-03-28 11:36:01,738 : INFO : SwitchController : <<<<<<< 's_left_slingshot' inactive >>>>>>>
2023-03-28 11:36:01,860 : INFO : SwitchController : <<<<<<< 's_right_slingshot' inactive >>>>>>>
2023-03-28 11:36:01,881 : INFO : SwitchController : <<<<<<< 's_left_slingshot' active >>>>>>>
2023-03-28 11:36:01,956 : INFO : SwitchController : <<<<<<< 's_right_slingshot' active >>>>>>>
2023-03-28 11:36:02,002 : INFO : SwitchController : <<<<<<< 's_left_slingshot' inactive >>>>>>>
2023-03-28 11:36:02,078 : INFO : SwitchController : <<<<<<< 's_left_slingshot' active >>>>>>>
2023-03-28 11:36:02,176 : INFO : SwitchController : <<<<<<< 's_left_slingshot' inactive >>>>>>>
2023-03-28 11:36:02,211 : INFO : SwitchController : <<<<<<< 's_right_slingshot' inactive >>>>>>>
2023-03-28 11:36:02,485 : INFO : SwitchController : <<<<<<< 's_trough3' inactive >>>>>>>
2023-03-28 11:36:02,486 : INFO : SwitchController : <<<<<<< 's_trough1' inactive >>>>>>>
2023-03-28 11:36:02,535 : INFO : SwitchController : <<<<<<< 's_trough2' inactive >>>>>>>
2023-03-28 11:36:08,053 : INFO : EventManager : Event: ======'balldevice_bd_trough_ball_count_changed'====== Args={'balls': 0}
2023-03-28 11:36:08,054 : WARNING : ball_device.bd_trough : Ball disappeared while idle. This should not normally happen.
2023-03-28 11:36:08,054 : INFO : EventManager : Event: ======'balldevice_playfield_ball_enter'====== Args={'new_balls': 1, 'unclaimed_balls': 1, 'device': <playfield.playfield>}
2023-03-28 11:36:08,054 : INFO : EventManager : Event: ======'playfield_ball_count_change'====== Args={'balls': 2, 'change': 1}
2023-03-28 11:36:08,055 : INFO : ball_device.bd_trough : 1 ball(s) missing from device. Mechanical eject? False
2023-03-28 11:36:08,055 : INFO : EventManager : Event: ======'balldevice_bd_trough_ball_missing'====== Args={'balls': 1}
2023-03-28 11:36:08,055 : INFO : EventManager : Event: ======'balldevice_ball_missing'====== Args={'balls': 1, 'name': 'bd_trough'}
2023-03-28 11:36:08,056 : WARNING : ball_device.bd_trough : Ball disappeared while idle. This should not normally happen.
2023-03-28 11:36:08,056 : INFO : EventManager : Event: ======'balldevice_playfield_ball_enter'====== Args={'new_balls': 1, 'unclaimed_balls': 1, 'device': <playfield.playfield>}
2023-03-28 11:36:08,056 : INFO : EventManager : Event: ======'playfield_ball_count_change'====== Args={'balls': 3, 'change': 1}
2023-03-28 11:36:08,056 : INFO : ball_device.bd_trough : 1 ball(s) missing from device. Mechanical eject? False
2023-03-28 11:36:08,057 : INFO : EventManager : Event: ======'balldevice_bd_trough_ball_missing'====== Args={'balls': 1}
2023-03-28 11:36:08,057 : INFO : EventManager : Event: ======'balldevice_ball_missing'====== Args={'balls': 1, 'name': 'bd_trough'}
2023-03-28 11:36:08,058 : WARNING : ball_device.bd_trough : Ball disappeared while idle. This should not normally happen.
2023-03-28 11:36:08,058 : INFO : EventManager : Event: ======'balldevice_playfield_ball_enter'====== Args={'new_balls': 1, 'unclaimed_balls': 1, 'device': <playfield.playfield>}
2023-03-28 11:36:08,058 : INFO : EventManager : Event: ======'playfield_ball_count_change'====== Args={'balls': 4, 'change': 1}
2023-03-28 11:36:08,058 : INFO : ball_device.bd_trough : 1 ball(s) missing from device. Mechanical eject? False
2023-03-28 11:36:08,059 : INFO : EventManager : Event: ======'balldevice_bd_trough_ball_missing'====== Args={'balls': 1}
2023-03-28 11:36:08,059 : INFO : EventManager : Event: ======'balldevice_ball_missing'====== Args={'balls': 1, 'name': 'bd_trough'}
2023-03-28 11:36:13,151 : INFO : SwitchController : <<<<<<< 's_trough2' active >>>>>>>
2023-03-28 11:36:13,151 : INFO : SwitchController : <<<<<<< 's_trough1' active >>>>>>>
2023-03-28 11:36:13,177 : INFO : SwitchController : <<<<<<< 's_trough3' active >>>>>>>
2023-03-28 11:36:13,249 : INFO : SwitchController : <<<<<<< 's_trough4' active >>>>>>>
2023-03-28 11:36:13,564 : INFO : EventManager : Event: ======'balldevice_bd_trough_ball_count_changed'====== Args={'balls': 4}
2023-03-28 11:36:13,565 : INFO : ball_device.bd_trough : Received unexpected ball
2023-03-28 11:36:13,565 : INFO : EventManager : Event: ======'balldevice_captured_from_playfield'====== Args={'balls': 1}
2023-03-28 11:36:13,565 : INFO : EventManager : Event: ======'sw_playfield_active'====== Args={'balls': 1}
2023-03-28 11:36:13,566 : INFO : EventManager : Event: ======'playfield_ball_count_change'====== Args={'balls': 3, 'change': -1}
2023-03-28 11:36:13,566 : INFO : EventManager : Event: ======'balldevice_bd_trough_ball_enter'====== Args={'new_balls': 1, 'unclaimed_balls': 1, 'new_available_balls': 1, 'device': <ball_device.bd_trough>}
2023-03-28 11:36:13,567 : INFO : EventManager : Event: ======'ball_drain'====== Args={'device': <ball_device.bd_trough>, 'balls': 1}
2023-03-28 11:36:13,568 : INFO : EventManager : Event: ======'balldevice_balls_available'====== Args={}
2023-03-28 11:36:13,568 : INFO : EventManager : Event: ======'balldevice_bd_trough_ball_entered'====== Args={'new_balls': 1, 'device': <ball_device.bd_trough>}
2023-03-28 11:36:13,568 : INFO : ball_device.bd_trough : Received unexpected ball
2023-03-28 11:36:13,568 : INFO : EventManager : Event: ======'balldevice_captured_from_playfield'====== Args={'balls': 1}
2023-03-28 11:36:13,569 : INFO : EventManager : Event: ======'sw_playfield_active'====== Args={'balls': 1}
2023-03-28 11:36:13,569 : INFO : EventManager : Event: ======'playfield_ball_count_change'====== Args={'balls': 2, 'change': -1}
2023-03-28 11:36:13,570 : INFO : EventManager : Event: ======'balldevice_bd_trough_ball_enter'====== Args={'new_balls': 1, 'unclaimed_balls': 1, 'new_available_balls': 1, 'device': <ball_device.bd_trough>}
2023-03-28 11:36:13,570 : INFO : EventManager : Event: ======'ball_drain'====== Args={'device': <ball_device.bd_trough>, 'balls': 1}
2023-03-28 11:36:13,570 : INFO : EventManager : Event: ======'balldevice_balls_available'====== Args={}
2023-03-28 11:36:13,571 : INFO : EventManager : Event: ======'balldevice_bd_trough_ball_entered'====== Args={'new_balls': 1, 'device': <ball_device.bd_trough>}
2023-03-28 11:36:13,571 : INFO : ball_device.bd_trough : Received unexpected ball
2023-03-28 11:36:13,571 : INFO : EventManager : Event: ======'balldevice_captured_from_playfield'====== Args={'balls': 1}
2023-03-28 11:36:13,571 : INFO : EventManager : Event: ======'sw_playfield_active'====== Args={'balls': 1}
2023-03-28 11:36:13,572 : INFO : EventManager : Event: ======'playfield_ball_count_change'====== Args={'balls': 1, 'change': -1}
2023-03-28 11:36:13,572 : INFO : EventManager : Event: ======'balldevice_bd_trough_ball_enter'====== Args={'new_balls': 1, 'unclaimed_balls': 1, 'new_available_balls': 1, 'device': <ball_device.bd_trough>}
2023-03-28 11:36:13,573 : INFO : EventManager : Event: ======'ball_drain'====== Args={'device': <ball_device.bd_trough>, 'balls': 1}
2023-03-28 11:36:13,573 : INFO : EventManager : Event: ======'balldevice_balls_available'====== Args={}
2023-03-28 11:36:13,573 : INFO : EventManager : Event: ======'balldevice_bd_trough_ball_entered'====== Args={'new_balls': 1, 'device': <ball_device.bd_trough>}
2023-03-28 11:36:13,574 : INFO : ball_device.bd_trough : Received unexpected ball
2023-03-28 11:36:13,574 : INFO : EventManager : Event: ======'balldevice_captured_from_playfield'====== Args={'balls': 1}
2023-03-28 11:36:13,575 : INFO : EventManager : Event: ======'sw_playfield_active'====== Args={'balls': 1}
2023-03-28 11:36:13,575 : INFO : EventManager : Event: ======'playfield_ball_count_change'====== Args={'balls': 0, 'change': -1}
2023-03-28 11:36:13,575 : INFO : EventManager : Event: ======'balldevice_bd_trough_ball_enter'====== Args={'new_balls': 1, 'unclaimed_balls': 1, 'new_available_balls': 1, 'device': <ball_device.bd_trough>}
2023-03-28 11:36:13,576 : INFO : EventManager : Event: ======'ball_drain'====== Args={'device': <ball_device.bd_trough>, 'balls': 1}
2023-03-28 11:36:13,576 : INFO : EventManager : Event: ======'balldevice_balls_available'====== Args={}
2023-03-28 11:36:13,577 : INFO : EventManager : Event: ======'balldevice_bd_trough_ball_entered'====== Args={'new_balls': 1, 'device': <ball_device.bd_trough>}
2023-03-28 11:36:18,446 : INFO : SwitchController : <<<<<<< 's_trough4' inactive >>>>>>>
2023-03-28 11:36:18,446 : INFO : SwitchController : <<<<<<< 's_trough3' inactive >>>>>>>
2023-03-28 11:36:18,447 : INFO : SwitchController : <<<<<<< 's_trough2' inactive >>>>>>>
2023-03-28 11:36:18,448 : INFO : SwitchController : <<<<<<< 's_trough1' inactive >>>>>>>
2023-03-28 11:36:20,148 : INFO : Machine : Shutting down...
2023-03-28 11:36:20,148 : INFO : EventManager : Event: ======'shutdown'====== Args={}
2023-03-28 11:36:20,155 : INFO : root : MPF run loop ended.
