2023-03-28 11:20:20,714 : kivy : Factory: 189 symbols loaded
2023-03-28 11:20:22,597 : kivy : ImageLoaderFFPy: Using ffpyplayer 4.3.5
2023-03-28 11:20:22,597 : kivy : Image: Providers: img_tex, img_dds, img_sdl2, img_pil, img_ffpyplayer 
2023-03-28 11:20:23,226 : kivy : VideoGstplayer: Using Gstreamer 1.18.5.0
2023-03-28 11:20:23,226 : kivy : Video: Provider: gstplayer
2023-03-28 11:20:23,613 : kivy : Loading MPF-MC controller
2023-03-28 11:20:23,617 : YamlMultifileConfigLoader : Machine config file #1: config
2023-03-28 11:20:23,618 : ConfigProcessor : Config file in cache changed: C:\Users\digidev\source\Pinball_Three-Amigos\config\config
2023-03-28 11:20:23,619 : ConfigProcessor : Loading config from file C:\Users\digidev\.local\pipx\venvs\mpf\lib\site-packages\mpfmc\mcconfig.yaml.
2023-03-28 11:20:23,662 : ConfigProcessor : Loading config: C:\Users\digidev\.local\pipx\venvs\mpf\lib\site-packages\mpfmc\mcconfig.yaml
2023-03-28 11:20:23,663 : ConfigProcessor : Loading config from file C:\Users\digidev\source\Pinball_Three-Amigos\config\config.
2023-03-28 11:20:23,665 : ConfigProcessor : Loading config: C:\Users\digidev\source\Pinball_Three-Amigos\config\config
2023-03-28 11:20:23,703 : ConfigProcessor : Loading config: C:\Users\digidev\source\Pinball_Three-Amigos\config\hardware.yaml
2023-03-28 11:20:23,708 : ConfigProcessor : Loading config: C:\Users\digidev\source\Pinball_Three-Amigos\config\keyboard.yaml
2023-03-28 11:20:23,710 : ConfigProcessor : Config file cache created: C:\Users\digidev\AppData\Local\Temp\cb5b51b22bd45492aca32735a8adc5f5.mpf_cache
2023-03-28 11:20:23,710 : ConfigProcessor : Loading config from cache: C:\Users\digidev\AppData\Local\Temp\ae663e8f24481bd52f7f5e9610d87d3b.mpf_cache
2023-03-28 11:20:23,711 : ConfigProcessor : Loading config from cache: C:\Users\digidev\AppData\Local\Temp\d7dbd5ece0283f90787e254e6a383d33.mpf_cache
2023-03-28 11:20:23,712 : mpfmc : Mission Pinball Framework Media Controller v0.56.1
2023-03-28 11:20:23,712 : mpfmc : Mission Pinball Framework Game Engine v0.56.0
2023-03-28 11:20:23,712 : mpfmc : Machine path: C:\Users\digidev\source\Pinball_Three-Amigos
2023-03-28 11:20:23,712 : mpfmc : Starting clock at 60.0Hz
2023-03-28 11:20:23,848 : kivy : Text: Provider: sdl2
2023-03-28 11:20:23,966 : kivy : Window: Provider: sdl2
2023-03-28 11:20:24,403 : kivy : GL: Using the "OpenGL" graphics system
2023-03-28 11:20:24,405 : kivy : GL: GLEW initialization succeeded
2023-03-28 11:20:24,405 : kivy : GL: Backend used <glew>
2023-03-28 11:20:24,405 : kivy : GL: OpenGL version <b'4.3.0 - Build 20.19.15.4531'>
2023-03-28 11:20:24,405 : kivy : GL: OpenGL vendor <b'Intel'>
2023-03-28 11:20:24,405 : kivy : GL: OpenGL renderer <b'Intel(R) HD Graphics 4600'>
2023-03-28 11:20:24,405 : kivy : GL: OpenGL parsed version: 4, 3
2023-03-28 11:20:24,406 : kivy : GL: Shading version <b'4.30 - Build 20.19.15.4531'>
2023-03-28 11:20:24,406 : kivy : GL: Texture max size <16384>
2023-03-28 11:20:24,406 : kivy : GL: Texture max units <32>
2023-03-28 11:20:24,517 : kivy : Window: auto add sdl2 input provider
2023-03-28 11:20:24,518 : kivy : Window: virtual keyboard not allowed, single mode, not docked
2023-03-28 11:20:24,536 : SoundSystem : SoundSystem: Using default 'sound_system' settings
2023-03-28 11:20:30,022 : AudioInterface : Initialized
2023-03-28 11:20:30,022 : AudioInterface : Loaded SDL 2.0.20
2023-03-28 11:20:30,022 : AudioInterface : Loaded SDL_Mixer 2.0.4
2023-03-28 11:20:30,022 : AudioInterface : Loaded GStreamer 1.18.5.0
2023-03-28 11:20:30,022 : AudioInterface : Loaded GLib 2.62.6
2023-03-28 11:20:30,023 : AudioInterface : Settings requested - rate: 44100, channels: 1, buffer: 2048 samples
2023-03-28 11:20:30,023 : AudioInterface : Settings in use - rate: 44100, channels: 1, buffer: 2048 samples (4096 bytes @ 2 bytes per sample)
2023-03-28 11:20:30,023 : SoundSystem : No audio tracks are specified in your machine config file. a track named 'default' has been created.
2023-03-28 11:20:30,023 : SoundSystem : Setting master volume to 0.0
2023-03-28 11:20:30,023 : SoundSystem : master_volume in sound_system is deprecated and will be removed in the future.
2023-03-28 11:20:30,023 : AudioInterface : Enabling audio playback
2023-03-28 11:20:30,026 : kivy : Base: Start application main loop
2023-03-28 11:20:30,026 : EventManager : Event: ======'display_window_initialized'====== Args={}
2023-03-28 11:20:30,049 : mpfmc : Display: Setting 'window' as default display
2023-03-28 11:20:30,057 : mpfmc : ASPECT RATIO MISMATCH: The on-screen window is not the same aspect ratio as the display called 'window'. The logical display will be scaled from 1366x768 to the window size 800x600, and a black bar will make up the difference
2023-03-28 11:20:30,059 : EventManager : Event: ======'displays_initialized'====== Args={}
2023-03-28 11:20:30,060 : EventManager : Event: ======'slide_window_blank_created'====== Args={}
2023-03-28 11:20:30,060 : EventManager : Event: ======'display_window_ready'====== Args={}
2023-03-28 11:20:30,089 : EventManager : Event: ======'init_phase_1'====== Args={}
2023-03-28 11:20:30,092 : EventManager : Event: ======'mc_ready'====== Args={}
2023-03-28 11:20:30,092 : EventManager : Event: ======'init_phase_2'====== Args={}
2023-03-28 11:20:30,094 : EventManager : Event: ======'init_phase_3'====== Args={}
2023-03-28 11:20:30,095 : EventManager : Event: ======'init_phase_4'====== Args={}
2023-03-28 11:20:30,095 : EventManager : Event: ======'init_phase_5'====== Args={}
2023-03-28 11:20:30,152 : kivy : GL: NPOT texture support is available
2023-03-28 11:20:30,163 : kivy : GL: Unpack subimage support is available
2023-03-28 11:20:30,175 : EventManager : Event: ======'loading_assets'====== Args={'total': 1, 'loaded': 1, 'remaining': 0, 'percent': 100}
2023-03-28 11:20:30,175 : AssetManager : Asset loading took: 0.1520991325378418
2023-03-28 11:20:30,175 : EventManager : Event: ======'asset_loading_complete'====== Args={}
2023-03-28 11:20:30,175 : AssetManager : Loading assets: 1/1 (100%)
2023-03-28 11:20:30,175 : EventManager : Event: ======'init_done'====== Args={}
2023-03-28 11:20:30,175 : MPF-MC BCP Server : Starting up on localhost port 5050
2023-03-28 11:20:30,179 : MPF-MC BCP Server : Waiting for a connection...
2023-03-28 11:20:30,179 : mpfmc : SlidePlayer: Play called with settings={'slides': {welcome_slide-None-None: {'priority': None, 'target': None, 'background_color': [0.0, 0.0, 0.0, 1.0], 'show': True, 'force': False, 'expire': None, 'slide': None, 'tokens': {}, 'action': 'play', 'transition': None, 'transition_out': None}}}
2023-03-28 11:20:30,181 : EventManager : Event: ======'slide_welcome_slide_created'====== Args={}
2023-03-28 11:20:30,182 : EventManager : Event: ======'slide_welcome_slide_active'====== Args={}
2023-03-28 11:20:30,185 : EventManager : Event: ======'client_disconnected'====== Args={'host': '127.0.0.1', 'port': 5050}
2023-03-28 11:20:32,019 : MPF-MC BCP Server : Received connection from: 127.0.0.1:59250
2023-03-28 11:20:32,469 : EventManager : Event: ======'client_connected'====== Args={'host': '127.0.0.1', 'port': 59250}
2023-03-28 11:20:32,469 : EventManager : Event: ======'slides_play'====== Args={'settings': {'welcome_slide': {'target': None, 'background_color': [0.0, 0.0, 0.0, 1.0], 'priority': None, 'show': True, 'force': False, 'expire': None, 'slide': None, 'tokens': {}, 'action': 'play'}}, 'context': '_global', 'calling_context': 'init_done', 'priority': 0}
2023-03-28 11:20:32,470 : EventManager : Event: ======'mc_reset_phase_1'====== Args={}
2023-03-28 11:20:32,470 : mpfmc : SlidePlayer: Play called with settings={'welcome_slide': {'target': None, 'background_color': [0.0, 0.0, 0.0, 1.0], 'priority': None, 'show': True, 'force': False, 'expire': None, 'slide': None, 'tokens': {}, 'action': 'play'}}
2023-03-28 11:20:32,470 : EventManager : Event: ======'slide_welcome_slide_removed'====== Args={}
2023-03-28 11:20:32,472 : EventManager : Event: ======'slide_welcome_slide_created'====== Args={}
2023-03-28 11:20:32,472 : EventManager : Event: ======'mc_reset_phase_2'====== Args={}
2023-03-28 11:20:32,472 : EventManager : Event: ======'mc_reset_phase_3'====== Args={}
2023-03-28 11:20:32,473 : EventManager : Event: ======'mc_reset_complete'====== Args={}
2023-03-28 11:20:32,473 : EventManager : Event: ======'slide_welcome_slide_active'====== Args={}
2023-03-28 11:20:32,501 : EventManager : Event: ======'machine_var_credits_string'====== Args={'value': 'FREE PLAY', 'prev_value': None, 'change': True}
2023-03-28 11:20:32,501 : EventManager : Event: ======'machine_var_master_volume'====== Args={'value': 0.5, 'prev_value': None, 'change': True}
2023-03-28 11:20:32,501 : EventManager : Event: ======'machine_var_mpf_version'====== Args={'value': 'MPF v0.56.0', 'prev_value': None, 'change': True}
2023-03-28 11:20:32,501 : EventManager : Event: ======'machine_var_mpf_extended_version'====== Args={'value': 'MPF v0.56.0, Config version:5, Show version: 5, BCP version:1.1', 'prev_value': None, 'change': True}
2023-03-28 11:20:32,501 : EventManager : Event: ======'machine_var_python_version'====== Args={'value': '3.9.13', 'prev_value': None, 'change': True}
2023-03-28 11:20:32,501 : EventManager : Event: ======'machine_var_platform'====== Args={'value': 'Windows-10-10.0.19044-SP0', 'prev_value': None, 'change': True}
2023-03-28 11:20:32,501 : EventManager : Event: ======'machine_var_platform_system'====== Args={'value': 'Windows', 'prev_value': None, 'change': True}
2023-03-28 11:20:32,502 : EventManager : Event: ======'machine_var_platform_release'====== Args={'value': '10', 'prev_value': None, 'change': True}
2023-03-28 11:20:32,502 : EventManager : Event: ======'machine_var_platform_version'====== Args={'value': '10.0.19044', 'prev_value': None, 'change': True}
2023-03-28 11:20:32,502 : EventManager : Event: ======'machine_var_platform_machine'====== Args={'value': 'AMD64', 'prev_value': None, 'change': True}
2023-03-28 11:20:32,502 : EventManager : Event: ======'machine_var_audits_switches_s_left_flipper'====== Args={'value': 0, 'prev_value': None, 'change': True}
2023-03-28 11:20:32,502 : EventManager : Event: ======'machine_var_audits_switches_s_right_flipper'====== Args={'value': 0, 'prev_value': None, 'change': True}
2023-03-28 11:20:32,502 : EventManager : Event: ======'machine_var_audits_switches_s_trough1'====== Args={'value': 0, 'prev_value': None, 'change': True}
2023-03-28 11:20:32,502 : EventManager : Event: ======'machine_var_audits_switches_s_trough2'====== Args={'value': 0, 'prev_value': None, 'change': True}
2023-03-28 11:20:32,502 : EventManager : Event: ======'machine_var_audits_switches_s_trough3'====== Args={'value': 0, 'prev_value': None, 'change': True}
2023-03-28 11:20:32,502 : EventManager : Event: ======'machine_var_audits_switches_s_trough4'====== Args={'value': 0, 'prev_value': None, 'change': True}
2023-03-28 11:20:32,502 : EventManager : Event: ======'machine_var_audits_switches_s_trough_jam'====== Args={'value': 0, 'prev_value': None, 'change': True}
2023-03-28 11:20:32,502 : EventManager : Event: ======'machine_var_audits_switches_s_plunger_lane'====== Args={'value': 0, 'prev_value': None, 'change': True}
2023-03-28 11:20:32,503 : EventManager : Event: ======'machine_var_audits_switches_s_start'====== Args={'value': 0, 'prev_value': None, 'change': True}
2023-03-28 11:20:32,503 : EventManager : Event: ======'machine_var_audits_switches_s_left_slingshot'====== Args={'value': 0, 'prev_value': None, 'change': True}
2023-03-28 11:20:32,503 : EventManager : Event: ======'machine_var_audits_switches_s_right_slingshot'====== Args={'value': 0, 'prev_value': None, 'change': True}
2023-03-28 11:20:32,503 : EventManager : Event: ======'machine_var_audits_switches_s_drop_target_left'====== Args={'value': 0, 'prev_value': None, 'change': True}
2023-03-28 11:20:32,503 : EventManager : Event: ======'machine_var_audits_switches_s_drop_target_middle'====== Args={'value': 0, 'prev_value': None, 'change': True}
2023-03-28 11:20:32,503 : EventManager : Event: ======'machine_var_audits_switches_s_drop_target_right'====== Args={'value': 0, 'prev_value': None, 'change': True}
2023-03-28 11:20:32,503 : EventManager : Event: ======'machine_var_audits_switches_s_tilt'====== Args={'value': 0, 'prev_value': None, 'change': True}
2023-03-28 11:20:32,503 : EventManager : Event: ======'machine_var_audits_events_game_started'====== Args={'value': 0, 'prev_value': None, 'change': True}
2023-03-28 11:20:32,503 : EventManager : Event: ======'machine_var_audits_events_game_ended'====== Args={'value': 0, 'prev_value': None, 'change': True}
2023-03-28 11:20:32,504 : EventManager : Event: ======'machine_var_audits_player_score'====== Args={'value': {'top': [], 'average': 0, 'total': 0}, 'prev_value': None, 'change': True}
2023-03-28 11:20:32,504 : EventManager : Event: ======'machine_var_mc_version'====== Args={'value': 'MPF-MC v0.56.1', 'prev_value': None, 'change': True}
2023-03-28 11:20:32,504 : EventManager : Event: ======'machine_var_mc_extended_version'====== Args={'value': 'MPF-MC v0.56.1 (config_version=5, BCP v1.1,                      Requires MPF API compatibility v0.56.0 or newer)', 'prev_value': None, 'change': True}
2023-03-28 11:20:32,504 : EventManager : Event: ======'slides_play'====== Args={'settings': {'attract_started': {'target': None, 'background_color': [0.0, 0.0, 0.0, 1.0], 'priority': None, 'show': True, 'force': False, 'expire': None, 'slide': None, 'tokens': {}, 'action': 'play'}}, 'context': '_global', 'calling_context': 'mode_attract_started', 'priority': 0}
2023-03-28 11:20:32,504 : SoundSystem : Setting master volume to 0.5
2023-03-28 11:20:32,504 : mpfmc : SlidePlayer: Play called with settings={'attract_started': {'target': None, 'background_color': [0.0, 0.0, 0.0, 1.0], 'priority': None, 'show': True, 'force': False, 'expire': None, 'slide': None, 'tokens': {}, 'action': 'play'}}
2023-03-28 11:20:32,643 : EventManager : Event: ======'slide_attract_started_created'====== Args={}
2023-03-28 11:20:32,648 : EventManager : Event: ======'slide_attract_started_active'====== Args={}
2023-03-28 11:20:36,317 : kivy : Base: Leaving application in progress...
2023-03-28 11:20:36,581 : mpfmc : Stopping...
2023-03-28 11:20:36,581 : EventManager : Event: ======'shutdown'====== Args={}
2023-03-28 11:20:36,581 : AudioInterface : Disabling audio playback
2023-03-28 11:20:36,581 : mpfmc : Loop rate 64.36 Hz
2023-03-28 11:20:36,581 : kivy : MC run loop ended.
2023-03-28 11:20:36,581 : kivy : Stopping child threads... (3 remaining)
2023-03-28 11:20:36,996 : mpfmc : Stopping...
2023-03-28 11:20:36,996 : EventManager : Event: ======'shutdown'====== Args={}
2023-03-28 11:20:36,997 : mpfmc : Loop rate 60.52 Hz
2023-03-28 11:20:37,016 : MPF-MC BCP Server : Stopping BCP sending thread
2023-03-28 11:20:37,182 : kivy : All child threads stopped.
