2023-04-14 21:46:35,458 : INFO : root : Loading config.
2023-04-14 21:46:35,473 : INFO : YamlMultifileConfigLoader : Machine config file #1: config.yaml
2023-04-14 21:46:35,473 : INFO : ConfigProcessor : Loading config from cache: C:\Users\digidev\AppData\Local\Temp\02a419de2b33454b673806682c00b740.mpf_cache
2023-04-14 21:46:35,567 : INFO : ConfigProcessor : Loading config from cache: C:\Users\digidev\AppData\Local\Temp\e10c931dc18d80379143a09443f0855e.mpf_cache
2023-04-14 21:46:35,567 : INFO : ConfigProcessor : Loading config from cache: C:\Users\digidev\AppData\Local\Temp\dfc215c2101357f1268429d195cf05eb.mpf_cache
2023-04-14 21:46:35,567 : INFO : Machine : Mission Pinball Framework Core Engine v0.55.0
2023-04-14 21:46:35,567 : INFO : Machine : Command line arguments: {'no_load_cache': False, 'create_config_cache': True, 'bcp': True, 'configfile': ['config.yaml'], 'force_assets_load': False, 'jsonlogging': False, 'logfile': 'logs\\2023-04-14-21-46-35-mpf-DESKTOP-JGO3PQG.log', 'pause': False, 'production': False, 'text_ui': False, 'loglevel': 15, 'consoleloglevel': 20, 'force_platform': 'smart_virtual', 'syslog_address': None, 'mc_file_name': None, 'no_sound': False}
2023-04-14 21:46:35,567 : INFO : Machine : MPF path: c:\users\digidev\appdata\local\programs\python\python37\lib\site-packages\mpf
2023-04-14 21:46:35,567 : INFO : Machine : Machine path: C:\Users\digidev\source\Pinball_Three-Amigos
2023-04-14 21:46:35,567 : INFO : Machine : Platform: win32
2023-04-14 21:46:35,567 : INFO : Machine : Python executable location: c:\users\digidev\appdata\local\programs\python\python37\python.exe
2023-04-14 21:46:35,567 : INFO : Machine : Python version: 3.7.9 (64-bit)
2023-04-14 21:46:35,567 : INFO : Machine : Initialise MPF.
2023-04-14 21:46:35,645 : INFO : EventManager : Event: ======'machine_var_credits_string'====== Args={'value': 'FREE PLAY', 'prev_value': None, 'change': True}
2023-04-14 21:46:35,708 : INFO : EventManager : Event: ======'machine_var_master_volume'====== Args={'value': 0.5, 'prev_value': None, 'change': True}
2023-04-14 21:46:35,708 : INFO : EventManager : Event: ======'machine_var_mpf_version'====== Args={'value': 'MPF v0.55.0', 'prev_value': None, 'change': True}
2023-04-14 21:46:35,708 : INFO : EventManager : Event: ======'machine_var_mpf_extended_version'====== Args={'value': 'MPF v0.55.0, Config version:5, Show version: 5, BCP version:1.1', 'prev_value': None, 'change': True}
2023-04-14 21:46:35,708 : INFO : EventManager : Event: ======'machine_var_python_version'====== Args={'value': '3.7.9', 'prev_value': None, 'change': True}
2023-04-14 21:46:35,708 : INFO : EventManager : Event: ======'machine_var_platform'====== Args={'value': 'Windows-10-10.0.19041-SP0', 'prev_value': None, 'change': True}
2023-04-14 21:46:35,708 : INFO : EventManager : Event: ======'machine_var_platform_system'====== Args={'value': 'Windows', 'prev_value': None, 'change': True}
2023-04-14 21:46:35,708 : INFO : EventManager : Event: ======'machine_var_platform_release'====== Args={'value': '10', 'prev_value': None, 'change': True}
2023-04-14 21:46:35,708 : INFO : EventManager : Event: ======'machine_var_platform_version'====== Args={'value': '10.0.19041', 'prev_value': None, 'change': True}
2023-04-14 21:46:35,708 : INFO : EventManager : Event: ======'machine_var_platform_machine'====== Args={'value': 'AMD64', 'prev_value': None, 'change': True}
2023-04-14 21:46:35,708 : INFO : EventManager : Event: ======'init_phase_1'====== Args={}
2023-04-14 21:46:35,739 : INFO : EventManager : Event: ======'drop_target_bank_dt_bank_up'====== Args={}
2023-04-14 21:46:35,739 : INFO : EventManager : Event: ======'init_phase_2'====== Args={}
2023-04-14 21:46:35,739 : INFO : EventManager : Event: ======'bcp_connection_attempt'====== Args={'name': 'local_display', 'host': 'localhost', 'port': 5050}
2023-04-14 21:46:35,739 : INFO : BCPClientSocket : Connecting BCP to 'local_display' at localhost:5050...
2023-04-14 21:46:37,792 : INFO : BCPClientSocket : Connected BCP to 'local_display' localhost:5050
2023-04-14 21:46:37,795 : INFO : EventManager : Event: ======'bcp_clients_connected'====== Args={}
2023-04-14 21:46:37,797 : INFO : ball_device.bd_trough : BCH: Initial count: 0
2023-04-14 21:46:37,799 : INFO : ball_device.bd_trough : State: idle
2023-04-14 21:46:37,804 : INFO : ball_device.bd_plunger : BCH: Initial count: 0
2023-04-14 21:46:37,805 : INFO : ball_device.bd_plunger : State: idle
2023-04-14 21:46:37,810 : INFO : EventManager : Event: ======'machine_var_mc_version'====== Args={'value': 'MPF-MC v0.55.0', 'prev_value': None, 'change': True}
2023-04-14 21:46:37,810 : INFO : EventManager : Event: ======'machine_var_mc_extended_version'====== Args={'value': 'MPF-MC v0.55.0 (config_version=5, BCP v1.1, Requires MPF v0.55.0-dev.49)', 'prev_value': None, 'change': True}
2023-04-14 21:46:38,346 : INFO : EventManager : Event: ======'init_phase_3'====== Args={}
2023-04-14 21:46:38,351 : INFO : EventManager : Event: ======'init_phase_4'====== Args={}
2023-04-14 21:46:38,352 : INFO : EventManager : Event: ======'playfield_active'====== Args={}
2023-04-14 21:46:38,352 : INFO : EventManager : Event: ======'unexpected_ball_on_playfield'====== Args={}
2023-04-14 21:46:38,352 : INFO : EventManager : Event: ======'playfield_active'====== Args={}
2023-04-14 21:46:38,352 : INFO : EventManager : Event: ======'unexpected_ball_on_playfield'====== Args={}
2023-04-14 21:46:38,352 : INFO : EventManager : Event: ======'playfield_active'====== Args={}
2023-04-14 21:46:38,352 : INFO : EventManager : Event: ======'unexpected_ball_on_playfield'====== Args={}
2023-04-14 21:46:38,353 : INFO : BallController : Initial balls found: 0
2023-04-14 21:46:38,355 : INFO : EventManager : Event: ======'machine_var_audits_switches_s_left_flipper'====== Args={'value': 0, 'prev_value': None, 'change': True}
2023-04-14 21:46:38,356 : INFO : EventManager : Event: ======'machine_var_audits_switches_s_right_flipper'====== Args={'value': 0, 'prev_value': None, 'change': True}
2023-04-14 21:46:38,356 : INFO : EventManager : Event: ======'machine_var_audits_switches_s_trough1'====== Args={'value': 0, 'prev_value': None, 'change': True}
2023-04-14 21:46:38,357 : INFO : EventManager : Event: ======'machine_var_audits_switches_s_trough2'====== Args={'value': 0, 'prev_value': None, 'change': True}
2023-04-14 21:46:38,358 : INFO : EventManager : Event: ======'machine_var_audits_switches_s_trough3'====== Args={'value': 0, 'prev_value': None, 'change': True}
2023-04-14 21:46:38,358 : INFO : EventManager : Event: ======'machine_var_audits_switches_s_trough4'====== Args={'value': 0, 'prev_value': None, 'change': True}
2023-04-14 21:46:38,359 : INFO : EventManager : Event: ======'machine_var_audits_switches_s_trough_jam'====== Args={'value': 0, 'prev_value': None, 'change': True}
2023-04-14 21:46:38,360 : INFO : EventManager : Event: ======'machine_var_audits_switches_s_plunger_lane'====== Args={'value': 0, 'prev_value': None, 'change': True}
2023-04-14 21:46:38,360 : INFO : EventManager : Event: ======'machine_var_audits_switches_s_start'====== Args={'value': 0, 'prev_value': None, 'change': True}
2023-04-14 21:46:38,361 : INFO : EventManager : Event: ======'machine_var_audits_switches_s_left_slingshot'====== Args={'value': 0, 'prev_value': None, 'change': True}
2023-04-14 21:46:38,361 : INFO : EventManager : Event: ======'machine_var_audits_switches_s_right_slingshot'====== Args={'value': 0, 'prev_value': None, 'change': True}
2023-04-14 21:46:38,362 : INFO : EventManager : Event: ======'machine_var_audits_switches_s_drop_target_left'====== Args={'value': 0, 'prev_value': None, 'change': True}
2023-04-14 21:46:38,363 : INFO : EventManager : Event: ======'machine_var_audits_switches_s_drop_target_middle'====== Args={'value': 0, 'prev_value': None, 'change': True}
2023-04-14 21:46:38,363 : INFO : EventManager : Event: ======'machine_var_audits_switches_s_drop_target_right'====== Args={'value': 0, 'prev_value': None, 'change': True}
2023-04-14 21:46:38,364 : INFO : EventManager : Event: ======'machine_var_audits_switches_s_tilt'====== Args={'value': 0, 'prev_value': None, 'change': True}
2023-04-14 21:46:38,364 : INFO : EventManager : Event: ======'machine_var_audits_events_game_started'====== Args={'value': 0, 'prev_value': None, 'change': True}
2023-04-14 21:46:38,365 : INFO : EventManager : Event: ======'machine_var_audits_events_game_ended'====== Args={'value': 0, 'prev_value': None, 'change': True}
2023-04-14 21:46:38,366 : INFO : EventManager : Event: ======'machine_var_audits_player_score'====== Args={'value': {'top': [], 'average': 0, 'total': 0}, 'prev_value': None, 'change': True}
2023-04-14 21:46:38,368 : INFO : EventManager : Event: ======'init_phase_5'====== Args={}
2023-04-14 21:46:38,370 : INFO : EventManager : Event: ======'init_done'====== Args={}
2023-04-14 21:46:38,371 : INFO : EventManager : Event: ======'machine_reset_phase_1'====== Args={}
2023-04-14 21:46:38,402 : INFO : EventManager : Event: ======'slide_welcome_slide_removed'====== Args={'_from_bcp': True}
2023-04-14 21:46:38,408 : INFO : EventManager : Event: ======'slide_welcome_slide_created'====== Args={'_from_bcp': True}
2023-04-14 21:46:38,411 : INFO : EventManager : Event: ======'slide_welcome_slide_active'====== Args={'_from_bcp': True}
2023-04-14 21:46:38,412 : INFO : EventManager : Event: ======'machine_reset_phase_2'====== Args={}
2023-04-14 21:46:38,412 : INFO : EventManager : Event: ======'machine_reset_phase_3'====== Args={}
2023-04-14 21:46:38,413 : INFO : EventManager : Event: ======'reset_complete'====== Args={}
2023-04-14 21:46:38,414 : INFO : EventManager : Event: ======'mode_attract_will_start'====== Args={}
2023-04-14 21:46:38,415 : INFO : EventManager : Event: ======'mode_attract_starting'====== Args={}
2023-04-14 21:46:38,415 : INFO : Mode.attract : Started. Priority: 10
2023-04-14 21:46:38,415 : INFO : EventManager : Event: ======'modes_active_modes_changed'====== Args={}
2023-04-14 21:46:38,415 : INFO : EventManager : Event: ======'mode_attract_started'====== Args={}
2023-04-14 21:46:38,417 : INFO : EventManager : Event: ======'collecting_balls_complete'====== Args={}
2023-04-14 21:46:38,419 : INFO : Machine : Starting the main run loop.
2023-04-14 21:46:38,434 : INFO : EventManager : Event: ======'slide_attract_started_created'====== Args={'_from_bcp': True}
2023-04-14 21:46:38,438 : INFO : EventManager : Event: ======'slide_attract_started_active'====== Args={'_from_bcp': True}
2023-04-14 21:46:41,674 : INFO : SwitchController : <<<<<<< 's_trough1' active >>>>>>>
2023-04-14 21:46:41,810 : INFO : SwitchController : <<<<<<< 's_trough2' active >>>>>>>
2023-04-14 21:46:42,009 : INFO : SwitchController : <<<<<<< 's_trough1' inactive >>>>>>>
2023-04-14 21:46:42,059 : INFO : SwitchController : <<<<<<< 's_trough2' inactive >>>>>>>
2023-04-14 21:46:42,455 : INFO : SwitchController : <<<<<<< 's_trough1' active >>>>>>>
2023-04-14 21:46:42,504 : INFO : SwitchController : <<<<<<< 's_trough1' inactive >>>>>>>
2023-04-14 21:46:42,604 : INFO : SwitchController : <<<<<<< 's_trough1' active >>>>>>>
2023-04-14 21:46:42,653 : INFO : SwitchController : <<<<<<< 's_trough1' inactive >>>>>>>
2023-04-14 21:46:43,103 : INFO : SwitchController : <<<<<<< 's_trough1' active >>>>>>>
2023-04-14 21:46:43,153 : INFO : SwitchController : <<<<<<< 's_trough1' inactive >>>>>>>
2023-04-14 21:46:43,214 : INFO : SwitchController : <<<<<<< 's_trough1' active >>>>>>>
2023-04-14 21:46:43,238 : INFO : SwitchController : <<<<<<< 's_trough1' inactive >>>>>>>
2023-04-14 21:46:45,516 : INFO : SwitchController : <<<<<<< 's_trough2' active >>>>>>>
2023-04-14 21:46:45,578 : INFO : SwitchController : <<<<<<< 's_trough2' inactive >>>>>>>
2023-04-14 21:46:48,502 : INFO : SwitchController : <<<<<<< 's_trough2' active >>>>>>>
2023-04-14 21:46:48,613 : INFO : SwitchController : <<<<<<< 's_trough2' inactive >>>>>>>
2023-04-14 21:46:48,935 : INFO : SwitchController : <<<<<<< 's_trough3' active >>>>>>>
2023-04-14 21:46:49,047 : INFO : SwitchController : <<<<<<< 's_trough3' inactive >>>>>>>
2023-04-14 21:46:49,171 : INFO : SwitchController : <<<<<<< 's_trough3' active >>>>>>>
2023-04-14 21:46:49,245 : INFO : SwitchController : <<<<<<< 's_trough3' inactive >>>>>>>
2023-04-14 21:46:49,443 : INFO : SwitchController : <<<<<<< 's_trough3' active >>>>>>>
2023-04-14 21:46:49,579 : INFO : SwitchController : <<<<<<< 's_trough3' inactive >>>>>>>
2023-04-14 21:46:49,764 : INFO : SwitchController : <<<<<<< 's_trough4' active >>>>>>>
2023-04-14 21:46:49,863 : INFO : SwitchController : <<<<<<< 's_trough4' inactive >>>>>>>
2023-04-14 21:46:50,011 : INFO : SwitchController : <<<<<<< 's_trough4' active >>>>>>>
2023-04-14 21:46:50,073 : INFO : SwitchController : <<<<<<< 's_trough4' inactive >>>>>>>
2023-04-14 21:46:51,209 : INFO : SwitchController : <<<<<<< 's_trough_jam' active >>>>>>>
2023-04-14 21:46:51,307 : INFO : SwitchController : <<<<<<< 's_trough_jam' inactive >>>>>>>
2023-04-14 21:47:03,335 : INFO : SwitchController : <<<<<<< 's_right_flipper' active >>>>>>>
2023-04-14 21:47:03,360 : INFO : SwitchController : <<<<<<< 's_drop_target_left' active >>>>>>>
2023-04-14 21:47:03,361 : INFO : EventManager : Event: ======'playfield_active'====== Args={}
2023-04-14 21:47:03,361 : INFO : EventManager : Event: ======'unexpected_ball_on_playfield'====== Args={}
2023-04-14 21:47:03,361 : INFO : EventManager : Event: ======'drop_target_dt_1_left_down'====== Args={'device': <drop_target.dt_1_left>}
2023-04-14 21:47:03,362 : INFO : EventManager : Event: ======'drop_target_bank_dt_bank_mixed'====== Args={'prev_value': <DropTargetBankState.UP: 'up'>, 'down': 1}
2023-04-14 21:47:03,434 : INFO : SwitchController : <<<<<<< 's_drop_target_middle' active >>>>>>>
2023-04-14 21:47:03,435 : INFO : EventManager : Event: ======'playfield_active'====== Args={}
2023-04-14 21:47:03,435 : INFO : EventManager : Event: ======'unexpected_ball_on_playfield'====== Args={}
2023-04-14 21:47:03,435 : INFO : EventManager : Event: ======'drop_target_dt_2_middle_down'====== Args={'device': <drop_target.dt_2_middle>}
2023-04-14 21:47:03,436 : INFO : EventManager : Event: ======'drop_target_bank_dt_bank_mixed'====== Args={'prev_value': <DropTargetBankState.MIXED: 'mixed'>, 'down': 2}
2023-04-14 21:47:03,519 : INFO : SwitchController : <<<<<<< 's_right_flipper' inactive >>>>>>>
2023-04-14 21:47:03,543 : INFO : SwitchController : <<<<<<< 's_drop_target_left' inactive >>>>>>>
2023-04-14 21:47:03,544 : INFO : EventManager : Event: ======'playfield_active'====== Args={}
2023-04-14 21:47:03,544 : INFO : EventManager : Event: ======'unexpected_ball_on_playfield'====== Args={}
2023-04-14 21:47:03,544 : INFO : EventManager : Event: ======'drop_target_dt_1_left_up'====== Args={'device': <drop_target.dt_1_left>}
2023-04-14 21:47:03,545 : INFO : EventManager : Event: ======'drop_target_bank_dt_bank_mixed'====== Args={'prev_value': <DropTargetBankState.MIXED: 'mixed'>, 'down': 1}
2023-04-14 21:47:03,579 : INFO : SwitchController : <<<<<<< 's_drop_target_middle' inactive >>>>>>>
2023-04-14 21:47:03,580 : INFO : EventManager : Event: ======'playfield_active'====== Args={}
2023-04-14 21:47:03,580 : INFO : EventManager : Event: ======'unexpected_ball_on_playfield'====== Args={}
2023-04-14 21:47:03,580 : INFO : EventManager : Event: ======'drop_target_dt_2_middle_up'====== Args={'device': <drop_target.dt_2_middle>}
2023-04-14 21:47:03,581 : INFO : EventManager : Event: ======'drop_target_bank_dt_bank_up'====== Args={}
2023-04-14 21:47:05,381 : INFO : SwitchController : <<<<<<< 's_right_flipper' active >>>>>>>
2023-04-14 21:47:05,506 : INFO : SwitchController : <<<<<<< 's_right_flipper' inactive >>>>>>>
2023-04-14 21:47:05,703 : INFO : SwitchController : <<<<<<< 's_drop_target_left' active >>>>>>>
2023-04-14 21:47:05,703 : INFO : EventManager : Event: ======'playfield_active'====== Args={}
2023-04-14 21:47:05,704 : INFO : EventManager : Event: ======'unexpected_ball_on_playfield'====== Args={}
2023-04-14 21:47:05,704 : INFO : EventManager : Event: ======'drop_target_dt_1_left_down'====== Args={'device': <drop_target.dt_1_left>}
2023-04-14 21:47:05,704 : INFO : EventManager : Event: ======'drop_target_bank_dt_bank_mixed'====== Args={'prev_value': <DropTargetBankState.UP: 'up'>, 'down': 1}
2023-04-14 21:47:05,868 : INFO : SwitchController : <<<<<<< 's_right_flipper' active >>>>>>>
2023-04-14 21:47:06,166 : INFO : SwitchController : <<<<<<< 's_drop_target_middle' active >>>>>>>
2023-04-14 21:47:06,166 : INFO : EventManager : Event: ======'playfield_active'====== Args={}
2023-04-14 21:47:06,167 : INFO : EventManager : Event: ======'unexpected_ball_on_playfield'====== Args={}
2023-04-14 21:47:06,167 : INFO : EventManager : Event: ======'drop_target_dt_2_middle_down'====== Args={'device': <drop_target.dt_2_middle>}
2023-04-14 21:47:06,168 : INFO : EventManager : Event: ======'drop_target_bank_dt_bank_mixed'====== Args={'prev_value': <DropTargetBankState.MIXED: 'mixed'>, 'down': 2}
2023-04-14 21:47:06,714 : INFO : SwitchController : <<<<<<< 's_drop_target_middle' inactive >>>>>>>
2023-04-14 21:47:06,715 : INFO : EventManager : Event: ======'playfield_active'====== Args={}
2023-04-14 21:47:06,715 : INFO : EventManager : Event: ======'unexpected_ball_on_playfield'====== Args={}
2023-04-14 21:47:06,716 : INFO : EventManager : Event: ======'drop_target_dt_2_middle_up'====== Args={'device': <drop_target.dt_2_middle>}
2023-04-14 21:47:06,716 : INFO : EventManager : Event: ======'drop_target_bank_dt_bank_mixed'====== Args={'prev_value': <DropTargetBankState.MIXED: 'mixed'>, 'down': 1}
2023-04-14 21:47:06,717 : INFO : SwitchController : <<<<<<< 's_drop_target_left' inactive >>>>>>>
2023-04-14 21:47:06,718 : INFO : EventManager : Event: ======'playfield_active'====== Args={}
2023-04-14 21:47:06,718 : INFO : EventManager : Event: ======'unexpected_ball_on_playfield'====== Args={}
2023-04-14 21:47:06,719 : INFO : EventManager : Event: ======'drop_target_dt_1_left_up'====== Args={'device': <drop_target.dt_1_left>}
2023-04-14 21:47:06,719 : INFO : EventManager : Event: ======'drop_target_bank_dt_bank_up'====== Args={}
2023-04-14 21:47:06,720 : INFO : SwitchController : <<<<<<< 's_right_flipper' inactive >>>>>>>
2023-04-14 21:47:07,284 : INFO : SwitchController : <<<<<<< 's_right_flipper' active >>>>>>>
2023-04-14 21:47:07,496 : INFO : SwitchController : <<<<<<< 's_drop_target_left' active >>>>>>>
2023-04-14 21:47:07,496 : INFO : EventManager : Event: ======'playfield_active'====== Args={}
2023-04-14 21:47:07,497 : INFO : EventManager : Event: ======'unexpected_ball_on_playfield'====== Args={}
2023-04-14 21:47:07,497 : INFO : EventManager : Event: ======'drop_target_dt_1_left_down'====== Args={'device': <drop_target.dt_1_left>}
2023-04-14 21:47:07,498 : INFO : EventManager : Event: ======'drop_target_bank_dt_bank_mixed'====== Args={'prev_value': <DropTargetBankState.UP: 'up'>, 'down': 1}
2023-04-14 21:47:07,719 : INFO : SwitchController : <<<<<<< 's_drop_target_middle' active >>>>>>>
2023-04-14 21:47:07,720 : INFO : EventManager : Event: ======'playfield_active'====== Args={}
2023-04-14 21:47:07,720 : INFO : EventManager : Event: ======'unexpected_ball_on_playfield'====== Args={}
2023-04-14 21:47:07,721 : INFO : EventManager : Event: ======'drop_target_dt_2_middle_down'====== Args={'device': <drop_target.dt_2_middle>}
2023-04-14 21:47:07,721 : INFO : EventManager : Event: ======'drop_target_bank_dt_bank_mixed'====== Args={'prev_value': <DropTargetBankState.MIXED: 'mixed'>, 'down': 2}
2023-04-14 21:47:08,510 : INFO : SwitchController : <<<<<<< 's_drop_target_right' active >>>>>>>
2023-04-14 21:47:08,511 : INFO : EventManager : Event: ======'playfield_active'====== Args={}
2023-04-14 21:47:08,511 : INFO : EventManager : Event: ======'unexpected_ball_on_playfield'====== Args={}
2023-04-14 21:47:08,511 : INFO : EventManager : Event: ======'drop_target_dt_3_right_down'====== Args={'device': <drop_target.dt_3_right>}
2023-04-14 21:47:08,512 : INFO : EventManager : Event: ======'drop_target_bank_dt_bank_down'====== Args={}
2023-04-14 21:47:09,520 : INFO : drop_target_bank.dt_bank : 3 targets are down. Will reset those.
2023-04-14 21:47:09,521 : INFO : coil.c_drop_target_reset : Pulsing Driver for 60ms (1.0 pulse_power)
2023-04-14 21:47:09,583 : INFO : SwitchController : <<<<<<< 's_drop_target_left' inactive >>>>>>>
2023-04-14 21:47:09,584 : INFO : SwitchController : <<<<<<< 's_drop_target_middle' inactive >>>>>>>
2023-04-14 21:47:09,584 : INFO : SwitchController : <<<<<<< 's_drop_target_right' inactive >>>>>>>
2023-04-14 21:47:10,036 : INFO : EventManager : Event: ======'drop_target_dt_1_left_up'====== Args={'device': <drop_target.dt_1_left>}
2023-04-14 21:47:10,037 : INFO : EventManager : Event: ======'drop_target_dt_2_middle_up'====== Args={'device': <drop_target.dt_2_middle>}
2023-04-14 21:47:10,037 : INFO : EventManager : Event: ======'drop_target_bank_dt_bank_mixed'====== Args={'prev_value': <DropTargetBankState.DOWN: 'down'>, 'down': 1}
2023-04-14 21:47:10,038 : INFO : EventManager : Event: ======'drop_target_dt_3_right_up'====== Args={'device': <drop_target.dt_3_right>}
2023-04-14 21:47:10,038 : INFO : EventManager : Event: ======'drop_target_bank_dt_bank_up'====== Args={}
2023-04-14 21:47:10,302 : INFO : EventManager : Event: ======'flipper_cradle'====== Args={}
2023-04-14 21:47:10,468 : WARNING : SwitchController : Received duplicate switch state 0 for switch s_drop_target_right from the platform interface. Log Code: Log-SwitchController-1 (https://docs.missionpinball.org/en/0.55/logs/Log-SwitchController-1.html)
2023-04-14 21:47:10,519 : WARNING : SwitchController : Received duplicate switch state 0 for switch s_drop_target_middle from the platform interface. Log Code: Log-SwitchController-1 (https://docs.missionpinball.org/en/0.55/logs/Log-SwitchController-1.html)
2023-04-14 21:47:10,519 : WARNING : SwitchController : Received duplicate switch state 0 for switch s_drop_target_left from the platform interface. Log Code: Log-SwitchController-1 (https://docs.missionpinball.org/en/0.55/logs/Log-SwitchController-1.html)
2023-04-14 21:47:10,520 : INFO : SwitchController : <<<<<<< 's_right_flipper' inactive >>>>>>>
2023-04-14 21:47:10,520 : INFO : EventManager : Event: ======'flipper_cradle_release'====== Args={}
2023-04-14 21:47:39,448 : INFO : Machine : Shutting down...
2023-04-14 21:47:39,448 : INFO : EventManager : Event: ======'shutdown'====== Args={}
2023-04-14 21:47:39,454 : INFO : root : MPF run loop ended.
