2023-03-26 15:26:53,577 : INFO : root : Loading config.
2023-03-26 15:26:53,608 : INFO : YamlMultifileConfigLoader : Machine config file #1: config.yaml
2023-03-26 15:26:53,608 : INFO : ConfigProcessor : Loading config from cache: C:\Users\digidev\AppData\Local\Temp\207a4012de915441e2519cedb288d8b5.mpf_cache
2023-03-26 15:26:53,718 : INFO : ConfigProcessor : Loading config from cache: C:\Users\digidev\AppData\Local\Temp\ae663e8f24481bd52f7f5e9610d87d3b.mpf_cache
2023-03-26 15:26:53,718 : INFO : ConfigProcessor : Loading config from cache: C:\Users\digidev\AppData\Local\Temp\d7dbd5ece0283f90787e254e6a383d33.mpf_cache
2023-03-26 15:26:53,718 : INFO : Machine : Mission Pinball Framework Core Engine v0.56.0
2023-03-26 15:26:53,718 : INFO : Machine : Command line arguments: {'no_load_cache': False, 'create_config_cache': True, 'bcp': True, 'configfile': ['config.yaml'], 'force_assets_load': False, 'jsonlogging': False, 'logfile': 'logs\\2023-03-26-15-26-53-mpf-DESKTOP-JGO3PQG.log', 'pause': False, 'production': False, 'text_ui': False, 'loglevel': 15, 'consoleloglevel': 20, 'force_platform': None, 'syslog_address': None, 'mc_file_name': None, 'no_sound': False}
2023-03-26 15:26:53,718 : INFO : Machine : MPF path: C:\Users\digidev\.local\pipx\venvs\mpf\lib\site-packages\mpf
2023-03-26 15:26:53,718 : INFO : Machine : Machine path: C:\Users\digidev\source\Pinball_Three-Amigos
2023-03-26 15:26:53,718 : INFO : Machine : Platform: win32
2023-03-26 15:26:53,718 : INFO : Machine : Python executable location: C:\Users\digidev\.local\pipx\venvs\mpf\Scripts\python.exe
2023-03-26 15:26:53,718 : INFO : Machine : Python version: 3.9.13 (64-bit)
2023-03-26 15:26:53,718 : INFO : Machine : Initialise MPF.
2023-03-26 15:26:53,843 : INFO : EventManager : Event: ======'machine_var_credits_string'====== Args={'value': 'FREE PLAY', 'prev_value': None, 'change': True}
2023-03-26 15:26:53,905 : INFO : EventManager : Event: ======'machine_var_master_volume'====== Args={'value': 0.5, 'prev_value': None, 'change': True}
2023-03-26 15:26:53,905 : INFO : EventManager : Event: ======'machine_var_mpf_version'====== Args={'value': 'MPF v0.56.0', 'prev_value': None, 'change': True}
2023-03-26 15:26:53,905 : INFO : EventManager : Event: ======'machine_var_mpf_extended_version'====== Args={'value': 'MPF v0.56.0, Config version:5, Show version: 5, BCP version:1.1', 'prev_value': None, 'change': True}
2023-03-26 15:26:53,905 : INFO : EventManager : Event: ======'machine_var_python_version'====== Args={'value': '3.9.13', 'prev_value': None, 'change': True}
2023-03-26 15:26:53,937 : INFO : EventManager : Event: ======'machine_var_platform'====== Args={'value': 'Windows-10-10.0.19044-SP0', 'prev_value': None, 'change': True}
2023-03-26 15:26:53,937 : INFO : EventManager : Event: ======'machine_var_platform_system'====== Args={'value': 'Windows', 'prev_value': None, 'change': True}
2023-03-26 15:26:53,937 : INFO : EventManager : Event: ======'machine_var_platform_release'====== Args={'value': '10', 'prev_value': None, 'change': True}
2023-03-26 15:26:53,937 : INFO : EventManager : Event: ======'machine_var_platform_version'====== Args={'value': '10.0.19044', 'prev_value': None, 'change': True}
2023-03-26 15:26:53,937 : INFO : EventManager : Event: ======'machine_var_platform_machine'====== Args={'value': 'AMD64', 'prev_value': None, 'change': True}
2023-03-26 15:26:53,937 : INFO : EventManager : Event: ======'init_phase_1'====== Args={}
2023-03-26 15:26:53,952 : INFO : EventManager : Event: ======'drop_target_bank_dt_bank_up'====== Args={}
2023-03-26 15:26:53,952 : INFO : EventManager : Event: ======'init_phase_2'====== Args={}
2023-03-26 15:26:53,952 : INFO : EventManager : Event: ======'bcp_connection_attempt'====== Args={'name': 'local_display', 'host': 'localhost', 'port': 5050}
2023-03-26 15:26:53,968 : INFO : BCPClientSocket : Connecting BCP to 'local_display' at localhost:5050...
2023-03-26 15:26:56,026 : INFO : BCPClientSocket : Connected BCP to 'local_display' localhost:5050
2023-03-26 15:26:56,026 : INFO : EventManager : Event: ======'bcp_clients_connected'====== Args={}
2023-03-26 15:26:56,027 : INFO : ball_device.bd_trough : BCH: Initial count: 0
2023-03-26 15:26:56,028 : INFO : ball_device.bd_trough : State: idle
2023-03-26 15:26:56,028 : INFO : ball_device.bd_plunger : BCH: Initial count: 0
2023-03-26 15:26:56,029 : INFO : ball_device.bd_plunger : State: idle
2023-03-26 15:26:56,040 : INFO : EventManager : Event: ======'init_phase_3'====== Args={}
2023-03-26 15:26:56,047 : INFO : EventManager : Event: ======'machine_var_mc_version'====== Args={'value': 'MPF-MC v0.56.1', 'prev_value': None, 'change': True}
2023-03-26 15:26:56,047 : INFO : EventManager : Event: ======'machine_var_mc_extended_version'====== Args={'value': 'MPF-MC v0.56.1 (config_version=5, BCP v1.1,                      Requires MPF API compatibility v0.56.0 or newer)', 'prev_value': None, 'change': True}
2023-03-26 15:26:56,049 : INFO : EventManager : Event: ======'init_phase_4'====== Args={}
2023-03-26 15:26:56,050 : INFO : BallController : Initial balls found: 0
2023-03-26 15:26:56,051 : INFO : EventManager : Event: ======'machine_var_audits_switches_s_left_flipper'====== Args={'value': 0, 'prev_value': None, 'change': True}
2023-03-26 15:26:56,052 : INFO : EventManager : Event: ======'machine_var_audits_switches_s_right_flipper'====== Args={'value': 0, 'prev_value': None, 'change': True}
2023-03-26 15:26:56,052 : INFO : EventManager : Event: ======'machine_var_audits_switches_s_trough1'====== Args={'value': 0, 'prev_value': None, 'change': True}
2023-03-26 15:26:56,052 : INFO : EventManager : Event: ======'machine_var_audits_switches_s_trough2'====== Args={'value': 0, 'prev_value': None, 'change': True}
2023-03-26 15:26:56,053 : INFO : EventManager : Event: ======'machine_var_audits_switches_s_trough3'====== Args={'value': 0, 'prev_value': None, 'change': True}
2023-03-26 15:26:56,053 : INFO : EventManager : Event: ======'machine_var_audits_switches_s_trough4'====== Args={'value': 0, 'prev_value': None, 'change': True}
2023-03-26 15:26:56,053 : INFO : EventManager : Event: ======'machine_var_audits_switches_s_trough_jam'====== Args={'value': 0, 'prev_value': None, 'change': True}
2023-03-26 15:26:56,053 : INFO : EventManager : Event: ======'machine_var_audits_switches_s_plunger_lane'====== Args={'value': 0, 'prev_value': None, 'change': True}
2023-03-26 15:26:56,053 : INFO : EventManager : Event: ======'machine_var_audits_switches_s_start'====== Args={'value': 0, 'prev_value': None, 'change': True}
2023-03-26 15:26:56,053 : INFO : EventManager : Event: ======'machine_var_audits_switches_s_left_slingshot'====== Args={'value': 0, 'prev_value': None, 'change': True}
2023-03-26 15:26:56,053 : INFO : EventManager : Event: ======'machine_var_audits_switches_s_right_slingshot'====== Args={'value': 0, 'prev_value': None, 'change': True}
2023-03-26 15:26:56,053 : INFO : EventManager : Event: ======'machine_var_audits_switches_s_drop_target_left'====== Args={'value': 0, 'prev_value': None, 'change': True}
2023-03-26 15:26:56,054 : INFO : EventManager : Event: ======'machine_var_audits_switches_s_drop_target_middle'====== Args={'value': 0, 'prev_value': None, 'change': True}
2023-03-26 15:26:56,054 : INFO : EventManager : Event: ======'machine_var_audits_switches_s_drop_target_right'====== Args={'value': 0, 'prev_value': None, 'change': True}
2023-03-26 15:26:56,054 : INFO : EventManager : Event: ======'machine_var_audits_switches_s_tilt'====== Args={'value': 0, 'prev_value': None, 'change': True}
2023-03-26 15:26:56,054 : INFO : EventManager : Event: ======'machine_var_audits_events_game_started'====== Args={'value': 0, 'prev_value': None, 'change': True}
2023-03-26 15:26:56,054 : INFO : EventManager : Event: ======'machine_var_audits_events_game_ended'====== Args={'value': 0, 'prev_value': None, 'change': True}
2023-03-26 15:26:56,055 : INFO : EventManager : Event: ======'machine_var_audits_player_score'====== Args={'value': {'top': [], 'average': 0, 'total': 0}, 'prev_value': None, 'change': True}
2023-03-26 15:26:56,056 : INFO : EventManager : Event: ======'init_phase_5'====== Args={}
2023-03-26 15:26:56,058 : INFO : EventManager : Event: ======'init_done'====== Args={}
2023-03-26 15:26:56,058 : INFO : EventManager : Event: ======'machine_reset_phase_1'====== Args={}
2023-03-26 15:26:56,143 : INFO : EventManager : Event: ======'machine_reset_phase_2'====== Args={}
2023-03-26 15:26:56,144 : INFO : EventManager : Event: ======'machine_reset_phase_3'====== Args={}
2023-03-26 15:26:56,144 : INFO : EventManager : Event: ======'reset_complete'====== Args={}
2023-03-26 15:26:56,145 : INFO : EventManager : Event: ======'mode_attract_will_start'====== Args={}
2023-03-26 15:26:56,146 : INFO : EventManager : Event: ======'mode_attract_starting'====== Args={}
2023-03-26 15:26:56,146 : INFO : Mode.attract : Started. Priority: 10
2023-03-26 15:26:56,146 : INFO : EventManager : Event: ======'modes_active_modes_changed'====== Args={}
2023-03-26 15:26:56,146 : INFO : EventManager : Event: ======'mode_attract_started'====== Args={}
2023-03-26 15:26:56,147 : INFO : EventManager : Event: ======'collecting_balls_complete'====== Args={}
2023-03-26 15:26:56,148 : INFO : Machine : Starting the main run loop.
2023-03-26 15:27:07,322 : INFO : SwitchController : <<<<<<< 's_right_flipper' active >>>>>>>
2023-03-26 15:27:07,521 : INFO : SwitchController : <<<<<<< 's_drop_target_left' active >>>>>>>
2023-03-26 15:27:07,521 : INFO : EventManager : Event: ======'playfield_active'====== Args={}
2023-03-26 15:27:07,521 : INFO : EventManager : Event: ======'unexpected_ball_on_playfield'====== Args={}
2023-03-26 15:27:07,521 : INFO : EventManager : Event: ======'drop_target_dt_1_left_down'====== Args={'device': <drop_target.dt_1_left>}
2023-03-26 15:27:07,521 : INFO : EventManager : Event: ======'drop_target_bank_dt_bank_mixed'====== Args={'prev_value': <DropTargetBankState.UP: 'up'>, 'down': 1}
2023-03-26 15:27:07,907 : INFO : SwitchController : <<<<<<< 's_drop_target_middle' active >>>>>>>
2023-03-26 15:27:07,907 : INFO : EventManager : Event: ======'playfield_active'====== Args={}
2023-03-26 15:27:07,907 : INFO : EventManager : Event: ======'unexpected_ball_on_playfield'====== Args={}
2023-03-26 15:27:07,907 : INFO : EventManager : Event: ======'drop_target_dt_2_middle_down'====== Args={'device': <drop_target.dt_2_middle>}
2023-03-26 15:27:07,907 : INFO : EventManager : Event: ======'drop_target_bank_dt_bank_mixed'====== Args={'prev_value': <DropTargetBankState.MIXED: 'mixed'>, 'down': 2}
2023-03-26 15:27:08,702 : INFO : SwitchController : <<<<<<< 's_right_flipper' inactive >>>>>>>
2023-03-26 15:27:08,752 : INFO : SwitchController : <<<<<<< 's_drop_target_left' inactive >>>>>>>
2023-03-26 15:27:08,752 : INFO : EventManager : Event: ======'playfield_active'====== Args={}
2023-03-26 15:27:08,752 : INFO : EventManager : Event: ======'unexpected_ball_on_playfield'====== Args={}
2023-03-26 15:27:08,752 : INFO : EventManager : Event: ======'drop_target_dt_1_left_up'====== Args={'device': <drop_target.dt_1_left>}
2023-03-26 15:27:08,752 : INFO : EventManager : Event: ======'drop_target_bank_dt_bank_mixed'====== Args={'prev_value': <DropTargetBankState.MIXED: 'mixed'>, 'down': 1}
2023-03-26 15:27:08,777 : INFO : SwitchController : <<<<<<< 's_drop_target_middle' inactive >>>>>>>
2023-03-26 15:27:08,777 : INFO : EventManager : Event: ======'playfield_active'====== Args={}
2023-03-26 15:27:08,777 : INFO : EventManager : Event: ======'unexpected_ball_on_playfield'====== Args={}
2023-03-26 15:27:08,777 : INFO : EventManager : Event: ======'drop_target_dt_2_middle_up'====== Args={'device': <drop_target.dt_2_middle>}
2023-03-26 15:27:08,778 : INFO : EventManager : Event: ======'drop_target_bank_dt_bank_up'====== Args={}
2023-03-26 15:27:09,922 : INFO : SwitchController : <<<<<<< 's_right_flipper' active >>>>>>>
2023-03-26 15:27:10,171 : INFO : SwitchController : <<<<<<< 's_right_flipper' inactive >>>>>>>
2023-03-26 15:27:22,343 : INFO : Machine : Shutting down...
2023-03-26 15:27:22,343 : INFO : EventManager : Event: ======'shutdown'====== Args={}
2023-03-26 15:27:22,348 : INFO : root : MPF run loop ended.
