2023-03-26 15:26:53,937 : kivy : Factory: 189 symbols loaded
2023-03-26 15:26:54,136 : kivy : ImageLoaderFFPy: Using ffpyplayer 4.3.5
2023-03-26 15:26:54,137 : kivy : Image: Providers: img_tex, img_dds, img_sdl2, img_pil, img_ffpyplayer 
2023-03-26 15:26:54,207 : kivy : VideoGstplayer: Using Gstreamer 1.18.5.0
2023-03-26 15:26:54,208 : kivy : Video: Provider: gstplayer
2023-03-26 15:26:54,418 : kivy : Loading MPF-MC controller
2023-03-26 15:26:54,424 : YamlMultifileConfigLoader : Machine config file #1: config
2023-03-26 15:26:54,426 : ConfigProcessor : Config file in cache changed: C:\Users\digidev\source\Pinball_Three-Amigos\config\config
2023-03-26 15:26:54,430 : ConfigProcessor : Loading config from file C:\Users\digidev\.local\pipx\venvs\mpf\lib\site-packages\mpfmc\mcconfig.yaml.
2023-03-26 15:26:54,470 : ConfigProcessor : Loading config: C:\Users\digidev\.local\pipx\venvs\mpf\lib\site-packages\mpfmc\mcconfig.yaml
2023-03-26 15:26:54,471 : ConfigProcessor : Loading config from file C:\Users\digidev\source\Pinball_Three-Amigos\config\config.
2023-03-26 15:26:54,482 : ConfigProcessor : Loading config: C:\Users\digidev\source\Pinball_Three-Amigos\config\config
2023-03-26 15:26:54,524 : ConfigProcessor : Loading config: C:\Users\digidev\source\Pinball_Three-Amigos\config\hardware.yaml
2023-03-26 15:26:54,532 : ConfigProcessor : Loading config: C:\Users\digidev\source\Pinball_Three-Amigos\config\keyboard.yaml
2023-03-26 15:26:54,534 : ConfigProcessor : Config file cache created: C:\Users\digidev\AppData\Local\Temp\cb5b51b22bd45492aca32735a8adc5f5.mpf_cache
2023-03-26 15:26:54,535 : ConfigProcessor : Loading config from cache: C:\Users\digidev\AppData\Local\Temp\ae663e8f24481bd52f7f5e9610d87d3b.mpf_cache
2023-03-26 15:26:54,536 : ConfigProcessor : Loading config from cache: C:\Users\digidev\AppData\Local\Temp\d7dbd5ece0283f90787e254e6a383d33.mpf_cache
2023-03-26 15:26:54,537 : mpfmc : Mission Pinball Framework Media Controller v0.56.1
2023-03-26 15:26:54,538 : mpfmc : Mission Pinball Framework Game Engine v0.56.0
2023-03-26 15:26:54,538 : mpfmc : Machine path: C:\Users\digidev\source\Pinball_Three-Amigos
2023-03-26 15:26:54,539 : mpfmc : Starting clock at 60.0Hz
2023-03-26 15:26:54,566 : kivy : Text: Provider: sdl2
2023-03-26 15:26:54,639 : kivy : Window: Provider: sdl2
2023-03-26 15:26:54,790 : kivy : GL: Using the "OpenGL" graphics system
2023-03-26 15:26:54,792 : kivy : GL: GLEW initialization succeeded
2023-03-26 15:26:54,799 : kivy : GL: Backend used <glew>
2023-03-26 15:26:54,799 : kivy : GL: OpenGL version <b'4.3.0 - Build 20.19.15.4531'>
2023-03-26 15:26:54,801 : kivy : GL: OpenGL vendor <b'Intel'>
2023-03-26 15:26:54,802 : kivy : GL: OpenGL renderer <b'Intel(R) HD Graphics 4600'>
2023-03-26 15:26:54,803 : kivy : GL: OpenGL parsed version: 4, 3
2023-03-26 15:26:54,804 : kivy : GL: Shading version <b'4.30 - Build 20.19.15.4531'>
2023-03-26 15:26:54,804 : kivy : GL: Texture max size <16384>
2023-03-26 15:26:54,805 : kivy : GL: Texture max units <32>
2023-03-26 15:26:54,838 : kivy : Window: auto add sdl2 input provider
2023-03-26 15:26:54,841 : kivy : Window: virtual keyboard not allowed, single mode, not docked
2023-03-26 15:26:54,864 : SoundSystem : SoundSystem: Using default 'sound_system' settings
2023-03-26 15:26:55,208 : AudioInterface : Initialized
2023-03-26 15:26:55,208 : AudioInterface : Loaded SDL 2.0.20
2023-03-26 15:26:55,216 : AudioInterface : Loaded SDL_Mixer 2.0.4
2023-03-26 15:26:55,217 : AudioInterface : Loaded GStreamer 1.18.5.0
2023-03-26 15:26:55,217 : AudioInterface : Loaded GLib 2.62.6
2023-03-26 15:26:55,218 : AudioInterface : Settings requested - rate: 44100, channels: 1, buffer: 2048 samples
2023-03-26 15:26:55,218 : AudioInterface : Settings in use - rate: 44100, channels: 1, buffer: 2048 samples (4096 bytes @ 2 bytes per sample)
2023-03-26 15:26:55,219 : SoundSystem : No audio tracks are specified in your machine config file. a track named 'default' has been created.
2023-03-26 15:26:55,219 : SoundSystem : Setting master volume to 0.0
2023-03-26 15:26:55,220 : SoundSystem : master_volume in sound_system is deprecated and will be removed in the future.
2023-03-26 15:26:55,221 : AudioInterface : Enabling audio playback
2023-03-26 15:26:55,224 : kivy : Base: Start application main loop
2023-03-26 15:26:55,225 : EventManager : Event: ======'display_default_initialized'====== Args={}
2023-03-26 15:26:55,254 : mpfmc : Display: Setting 'default' as default display
2023-03-26 15:26:55,268 : EventManager : Event: ======'displays_initialized'====== Args={}
2023-03-26 15:26:55,269 : EventManager : Event: ======'slide_default_blank_created'====== Args={}
2023-03-26 15:26:55,270 : EventManager : Event: ======'display_default_ready'====== Args={}
2023-03-26 15:26:55,290 : EventManager : Event: ======'init_phase_1'====== Args={}
2023-03-26 15:26:55,293 : EventManager : Event: ======'mc_ready'====== Args={}
2023-03-26 15:26:55,293 : EventManager : Event: ======'init_phase_2'====== Args={}
2023-03-26 15:26:55,296 : EventManager : Event: ======'init_phase_3'====== Args={}
2023-03-26 15:26:55,299 : EventManager : Event: ======'init_phase_4'====== Args={}
2023-03-26 15:26:55,303 : EventManager : Event: ======'init_phase_5'====== Args={}
2023-03-26 15:26:55,304 : EventManager : Event: ======'init_done'====== Args={}
2023-03-26 15:26:55,305 : MPF-MC BCP Server : Starting up on localhost port 5050
2023-03-26 15:26:55,310 : MPF-MC BCP Server : Waiting for a connection...
2023-03-26 15:26:55,318 : EventManager : Event: ======'client_disconnected'====== Args={'host': '127.0.0.1', 'port': 5050}
2023-03-26 15:26:56,025 : MPF-MC BCP Server : Received connection from: 127.0.0.1:60339
2023-03-26 15:26:56,033 : EventManager : Event: ======'client_connected'====== Args={'host': '127.0.0.1', 'port': 60339}
2023-03-26 15:26:56,058 : EventManager : Event: ======'machine_var_credits_string'====== Args={'value': 'FREE PLAY', 'prev_value': None, 'change': True}
2023-03-26 15:26:56,062 : EventManager : Event: ======'machine_var_master_volume'====== Args={'value': 0.5, 'prev_value': None, 'change': True}
2023-03-26 15:26:56,067 : EventManager : Event: ======'machine_var_mpf_version'====== Args={'value': 'MPF v0.56.0', 'prev_value': None, 'change': True}
2023-03-26 15:26:56,068 : EventManager : Event: ======'machine_var_mpf_extended_version'====== Args={'value': 'MPF v0.56.0, Config version:5, Show version: 5, BCP version:1.1', 'prev_value': None, 'change': True}
2023-03-26 15:26:56,069 : EventManager : Event: ======'machine_var_python_version'====== Args={'value': '3.9.13', 'prev_value': None, 'change': True}
2023-03-26 15:26:56,071 : EventManager : Event: ======'machine_var_platform'====== Args={'value': 'Windows-10-10.0.19044-SP0', 'prev_value': None, 'change': True}
2023-03-26 15:26:56,074 : EventManager : Event: ======'machine_var_platform_system'====== Args={'value': 'Windows', 'prev_value': None, 'change': True}
2023-03-26 15:26:56,083 : EventManager : Event: ======'machine_var_platform_release'====== Args={'value': '10', 'prev_value': None, 'change': True}
2023-03-26 15:26:56,084 : EventManager : Event: ======'machine_var_platform_version'====== Args={'value': '10.0.19044', 'prev_value': None, 'change': True}
2023-03-26 15:26:56,085 : EventManager : Event: ======'machine_var_platform_machine'====== Args={'value': 'AMD64', 'prev_value': None, 'change': True}
2023-03-26 15:26:56,087 : EventManager : Event: ======'machine_var_mc_version'====== Args={'value': 'MPF-MC v0.56.1', 'prev_value': None, 'change': True}
2023-03-26 15:26:56,088 : EventManager : Event: ======'machine_var_mc_extended_version'====== Args={'value': 'MPF-MC v0.56.1 (config_version=5, BCP v1.1,                      Requires MPF API compatibility v0.56.0 or newer)', 'prev_value': None, 'change': True}
2023-03-26 15:26:56,099 : EventManager : Event: ======'machine_var_audits_switches_s_left_flipper'====== Args={'value': 0, 'prev_value': None, 'change': True}
2023-03-26 15:26:56,100 : EventManager : Event: ======'machine_var_audits_switches_s_right_flipper'====== Args={'value': 0, 'prev_value': None, 'change': True}
2023-03-26 15:26:56,101 : EventManager : Event: ======'machine_var_audits_switches_s_trough1'====== Args={'value': 0, 'prev_value': None, 'change': True}
2023-03-26 15:26:56,102 : EventManager : Event: ======'machine_var_audits_switches_s_trough2'====== Args={'value': 0, 'prev_value': None, 'change': True}
2023-03-26 15:26:56,104 : EventManager : Event: ======'machine_var_audits_switches_s_trough3'====== Args={'value': 0, 'prev_value': None, 'change': True}
2023-03-26 15:26:56,105 : EventManager : Event: ======'machine_var_audits_switches_s_trough4'====== Args={'value': 0, 'prev_value': None, 'change': True}
2023-03-26 15:26:56,115 : EventManager : Event: ======'machine_var_audits_switches_s_trough_jam'====== Args={'value': 0, 'prev_value': None, 'change': True}
2023-03-26 15:26:56,116 : EventManager : Event: ======'machine_var_audits_switches_s_plunger_lane'====== Args={'value': 0, 'prev_value': None, 'change': True}
2023-03-26 15:26:56,118 : EventManager : Event: ======'machine_var_audits_switches_s_start'====== Args={'value': 0, 'prev_value': None, 'change': True}
2023-03-26 15:26:56,119 : EventManager : Event: ======'machine_var_audits_switches_s_left_slingshot'====== Args={'value': 0, 'prev_value': None, 'change': True}
2023-03-26 15:26:56,119 : EventManager : Event: ======'machine_var_audits_switches_s_right_slingshot'====== Args={'value': 0, 'prev_value': None, 'change': True}
2023-03-26 15:26:56,120 : EventManager : Event: ======'machine_var_audits_switches_s_drop_target_left'====== Args={'value': 0, 'prev_value': None, 'change': True}
2023-03-26 15:26:56,121 : EventManager : Event: ======'machine_var_audits_switches_s_drop_target_middle'====== Args={'value': 0, 'prev_value': None, 'change': True}
2023-03-26 15:26:56,122 : EventManager : Event: ======'machine_var_audits_switches_s_drop_target_right'====== Args={'value': 0, 'prev_value': None, 'change': True}
2023-03-26 15:26:56,131 : EventManager : Event: ======'machine_var_audits_switches_s_tilt'====== Args={'value': 0, 'prev_value': None, 'change': True}
2023-03-26 15:26:56,132 : EventManager : Event: ======'machine_var_audits_events_game_started'====== Args={'value': 0, 'prev_value': None, 'change': True}
2023-03-26 15:26:56,132 : EventManager : Event: ======'machine_var_audits_events_game_ended'====== Args={'value': 0, 'prev_value': None, 'change': True}
2023-03-26 15:26:56,133 : EventManager : Event: ======'machine_var_audits_player_score'====== Args={'value': {'top': [], 'average': 0, 'total': 0}, 'prev_value': None, 'change': True}
2023-03-26 15:26:56,133 : EventManager : Event: ======'mc_reset_phase_1'====== Args={}
2023-03-26 15:26:56,134 : SoundSystem : Setting master volume to 0.5
2023-03-26 15:26:56,135 : EventManager : Event: ======'mc_reset_phase_2'====== Args={}
2023-03-26 15:26:56,135 : EventManager : Event: ======'mc_reset_phase_3'====== Args={}
2023-03-26 15:26:56,136 : EventManager : Event: ======'mc_reset_complete'====== Args={}
