2023-04-13 22:08:54,540 : kivy : Factory: 186 symbols loaded
2023-04-13 22:08:55,170 : kivy : ImageLoaderFFPy: Using ffpyplayer 4.3.2
2023-04-13 22:08:55,170 : kivy : Image: Providers: img_tex, img_dds, img_sdl2, img_ffpyplayer (img_pil ignored)
2023-04-13 22:08:55,503 : kivy : VideoGstplayer: Using Gstreamer 1.18.0.0
2023-04-13 22:08:55,503 : kivy : Video: Provider: gstplayer
2023-04-13 22:08:55,818 : kivy : Loading MPF-MC controller
2023-04-13 22:08:55,840 : YamlMultifileConfigLoader : Machine config file #1: config
2023-04-13 22:08:55,840 : ConfigProcessor : Loading config from file c:\users\digidev\appdata\local\programs\python\python37\lib\site-packages\mpfmc\mcconfig.yaml.
2023-04-13 22:08:55,881 : ConfigProcessor : Loading config: c:\users\digidev\appdata\local\programs\python\python37\lib\site-packages\mpfmc\mcconfig.yaml
2023-04-13 22:08:55,882 : ConfigProcessor : Loading config from file C:\Users\digidev\source\Pinball_Three-Amigos\config\config.
2023-04-13 22:08:55,883 : ConfigProcessor : Loading config: C:\Users\digidev\source\Pinball_Three-Amigos\config\config
2023-04-13 22:08:55,907 : ConfigProcessor : Loading config: C:\Users\digidev\source\Pinball_Three-Amigos\config\hardware.yaml
2023-04-13 22:08:55,912 : ConfigProcessor : Loading config: C:\Users\digidev\source\Pinball_Three-Amigos\config\keyboard.yaml
2023-04-13 22:08:55,914 : ConfigProcessor : Config file cache created: C:\Users\digidev\AppData\Local\Temp\1322f858a8d936a9f32e7eaa793b1769.mpf_cache
2023-04-13 22:08:55,915 : ConfigProcessor : Loading config from cache: C:\Users\digidev\AppData\Local\Temp\e10c931dc18d80379143a09443f0855e.mpf_cache
2023-04-13 22:08:55,922 : ConfigProcessor : Loading config from cache: C:\Users\digidev\AppData\Local\Temp\dfc215c2101357f1268429d195cf05eb.mpf_cache
2023-04-13 22:08:55,927 : mpfmc : Mission Pinball Framework Media Controller v0.55.0
2023-04-13 22:08:55,928 : mpfmc : Mission Pinball Framework Game Engine v0.55.0
2023-04-13 22:08:55,928 : mpfmc : Machine path: C:\Users\digidev\source\Pinball_Three-Amigos
2023-04-13 22:08:55,928 : mpfmc : Starting clock at 60.0Hz
2023-04-13 22:08:56,020 : kivy : Text: Provider: sdl2
2023-04-13 22:08:56,108 : kivy : Window: Provider: sdl2
2023-04-13 22:08:56,672 : kivy : GL: Using the "OpenGL" graphics system
2023-04-13 22:08:56,673 : kivy : GL: GLEW initialization succeeded
2023-04-13 22:08:56,673 : kivy : GL: Backend used <glew>
2023-04-13 22:08:56,673 : kivy : GL: OpenGL version <b'4.3.0 - Build 20.19.15.4531'>
2023-04-13 22:08:56,673 : kivy : GL: OpenGL vendor <b'Intel'>
2023-04-13 22:08:56,674 : kivy : GL: OpenGL renderer <b'Intel(R) HD Graphics 4600'>
2023-04-13 22:08:56,674 : kivy : GL: OpenGL parsed version: 4, 3
2023-04-13 22:08:56,674 : kivy : GL: Shading version <b'4.30 - Build 20.19.15.4531'>
2023-04-13 22:08:56,674 : kivy : GL: Texture max size <16384>
2023-04-13 22:08:56,674 : kivy : GL: Texture max units <32>
2023-04-13 22:08:56,776 : kivy : Window: auto add sdl2 input provider
2023-04-13 22:08:56,777 : kivy : Window: virtual keyboard not allowed, single mode, not docked
2023-04-13 22:08:56,788 : SoundSystem : SoundSystem: Using default 'sound_system' settings
2023-04-13 22:09:01,810 : AudioInterface : Initialized
2023-04-13 22:09:01,810 : AudioInterface : Loaded SDL 2.0.12
2023-04-13 22:09:01,810 : AudioInterface : Loaded SDL_Mixer 2.0.4
2023-04-13 22:09:01,810 : AudioInterface : Loaded GStreamer 1.18.0.0
2023-04-13 22:09:01,810 : AudioInterface : Loaded GLib 2.62.6
2023-04-13 22:09:01,811 : AudioInterface : Settings requested - rate: 44100, channels: 1, buffer: 2048 samples
2023-04-13 22:09:01,811 : AudioInterface : Settings in use - rate: 44100, channels: 1, buffer: 2048 samples (4096 bytes @ 2 bytes per sample)
2023-04-13 22:09:01,811 : SoundSystem : No audio tracks are specified in your machine config file. a track named 'default' has been created.
2023-04-13 22:09:01,811 : SoundSystem : Setting master volume to 0.0
2023-04-13 22:09:01,811 : SoundSystem : master_volume in sound_system is deprecated and will be removed in the future.
2023-04-13 22:09:01,811 : AudioInterface : Enabling audio playback
2023-04-13 22:09:01,814 : kivy : Base: Start application main loop
2023-04-13 22:09:01,814 : EventManager : Event: ======'display_window_initialized'====== Args={}
2023-04-13 22:09:01,850 : mpfmc : Display: Setting 'window' as default display
2023-04-13 22:09:01,858 : mpfmc : ASPECT RATIO MISMATCH: The on-screen window is not the same aspect ratio as the display called 'window'. The logical display will be scaled from 1366x768 to the window size 800x600, and a black bar will make up the difference
2023-04-13 22:09:01,860 : EventManager : Event: ======'displays_initialized'====== Args={}
2023-04-13 22:09:01,861 : EventManager : Event: ======'slide_window_blank_created'====== Args={}
2023-04-13 22:09:01,862 : EventManager : Event: ======'display_window_ready'====== Args={}
2023-04-13 22:09:01,874 : EventManager : Event: ======'init_phase_1'====== Args={}
2023-04-13 22:09:01,878 : EventManager : Event: ======'mc_ready'====== Args={}
2023-04-13 22:09:01,878 : EventManager : Event: ======'init_phase_2'====== Args={}
2023-04-13 22:09:01,880 : EventManager : Event: ======'init_phase_3'====== Args={}
2023-04-13 22:09:01,881 : EventManager : Event: ======'init_phase_4'====== Args={}
2023-04-13 22:09:01,881 : EventManager : Event: ======'init_phase_5'====== Args={}
2023-04-13 22:09:01,908 : kivy : GL: NPOT texture support is available
2023-04-13 22:09:01,917 : kivy : GL: Unpack subimage support is available
2023-04-13 22:09:01,927 : EventManager : Event: ======'loading_assets'====== Args={'total': 1, 'loaded': 1, 'remaining': 0, 'percent': 100}
2023-04-13 22:09:01,927 : AssetManager : Asset loading took: 0.11605978012084961
2023-04-13 22:09:01,927 : EventManager : Event: ======'asset_loading_complete'====== Args={}
2023-04-13 22:09:01,927 : AssetManager : Loading assets: 1/1 (100%)
2023-04-13 22:09:01,927 : EventManager : Event: ======'init_done'====== Args={}
2023-04-13 22:09:01,927 : MPF-MC BCP Server : Starting up on localhost port 5050
2023-04-13 22:09:01,931 : MPF-MC BCP Server : Waiting for a connection...
2023-04-13 22:09:01,931 : mpfmc : SlidePlayer: Play called with settings={'slides': {welcome_slide-None-None: {'priority': None, 'target': None, 'background_color': [0.0, 0.0, 0.0, 1.0], 'show': True, 'force': False, 'expire': None, 'slide': None, 'tokens': {}, 'action': 'play', 'transition': None, 'transition_out': None}}}
2023-04-13 22:09:01,933 : EventManager : Event: ======'slide_welcome_slide_created'====== Args={}
2023-04-13 22:09:01,934 : EventManager : Event: ======'slide_welcome_slide_active'====== Args={}
2023-04-13 22:09:01,937 : EventManager : Event: ======'client_disconnected'====== Args={'host': '127.0.0.1', 'port': 5050}
2023-04-13 22:09:02,142 : MPF-MC BCP Server : Received connection from: 127.0.0.1:55970
2023-04-13 22:09:02,150 : EventManager : Event: ======'client_connected'====== Args={'host': '127.0.0.1', 'port': 55970}
2023-04-13 22:09:02,186 : EventManager : Event: ======'machine_var_credits_string'====== Args={'value': 'FREE PLAY', 'prev_value': None, 'change': True}
2023-04-13 22:09:02,186 : EventManager : Event: ======'machine_var_master_volume'====== Args={'value': 0.5, 'prev_value': None, 'change': True}
2023-04-13 22:09:02,187 : EventManager : Event: ======'machine_var_mpf_version'====== Args={'value': 'MPF v0.55.0', 'prev_value': None, 'change': True}
2023-04-13 22:09:02,188 : EventManager : Event: ======'machine_var_mpf_extended_version'====== Args={'value': 'MPF v0.55.0, Config version:5, Show version: 5, BCP version:1.1', 'prev_value': None, 'change': True}
2023-04-13 22:09:02,188 : EventManager : Event: ======'machine_var_python_version'====== Args={'value': '3.7.9', 'prev_value': None, 'change': True}
2023-04-13 22:09:02,188 : EventManager : Event: ======'machine_var_platform'====== Args={'value': 'Windows-10-10.0.19041-SP0', 'prev_value': None, 'change': True}
2023-04-13 22:09:02,189 : EventManager : Event: ======'machine_var_platform_system'====== Args={'value': 'Windows', 'prev_value': None, 'change': True}
2023-04-13 22:09:02,189 : EventManager : Event: ======'machine_var_platform_release'====== Args={'value': '10', 'prev_value': None, 'change': True}
2023-04-13 22:09:02,189 : EventManager : Event: ======'machine_var_platform_version'====== Args={'value': '10.0.19041', 'prev_value': None, 'change': True}
2023-04-13 22:09:02,190 : EventManager : Event: ======'machine_var_platform_machine'====== Args={'value': 'AMD64', 'prev_value': None, 'change': True}
2023-04-13 22:09:02,190 : EventManager : Event: ======'machine_var_mc_version'====== Args={'value': 'MPF-MC v0.55.0', 'prev_value': None, 'change': True}
2023-04-13 22:09:02,190 : EventManager : Event: ======'machine_var_mc_extended_version'====== Args={'value': 'MPF-MC v0.55.0 (config_version=5, BCP v1.1, Requires MPF v0.55.0-dev.49)', 'prev_value': None, 'change': True}
2023-04-13 22:09:02,191 : SoundSystem : Setting master volume to 0.5
2023-04-13 22:09:02,198 : EventManager : Event: ======'machine_var_audits_switches_s_left_flipper'====== Args={'value': 0, 'prev_value': None, 'change': True}
2023-04-13 22:09:02,210 : EventManager : Event: ======'machine_var_audits_switches_s_right_flipper'====== Args={'value': 0, 'prev_value': None, 'change': True}
2023-04-13 22:09:02,210 : EventManager : Event: ======'machine_var_audits_switches_s_trough1'====== Args={'value': 0, 'prev_value': None, 'change': True}
2023-04-13 22:09:02,210 : EventManager : Event: ======'machine_var_audits_switches_s_trough2'====== Args={'value': 0, 'prev_value': None, 'change': True}
2023-04-13 22:09:02,211 : EventManager : Event: ======'machine_var_audits_switches_s_trough3'====== Args={'value': 0, 'prev_value': None, 'change': True}
2023-04-13 22:09:02,211 : EventManager : Event: ======'machine_var_audits_switches_s_trough4'====== Args={'value': 0, 'prev_value': None, 'change': True}
2023-04-13 22:09:02,211 : EventManager : Event: ======'machine_var_audits_switches_s_trough_jam'====== Args={'value': 0, 'prev_value': None, 'change': True}
2023-04-13 22:09:02,211 : EventManager : Event: ======'machine_var_audits_switches_s_plunger_lane'====== Args={'value': 0, 'prev_value': None, 'change': True}
2023-04-13 22:09:02,212 : EventManager : Event: ======'machine_var_audits_switches_s_start'====== Args={'value': 0, 'prev_value': None, 'change': True}
2023-04-13 22:09:02,212 : EventManager : Event: ======'machine_var_audits_switches_s_left_slingshot'====== Args={'value': 0, 'prev_value': None, 'change': True}
2023-04-13 22:09:02,212 : EventManager : Event: ======'machine_var_audits_switches_s_right_slingshot'====== Args={'value': 0, 'prev_value': None, 'change': True}
2023-04-13 22:09:02,212 : EventManager : Event: ======'machine_var_audits_switches_s_drop_target_left'====== Args={'value': 0, 'prev_value': None, 'change': True}
2023-04-13 22:09:02,212 : EventManager : Event: ======'machine_var_audits_switches_s_drop_target_middle'====== Args={'value': 0, 'prev_value': None, 'change': True}
2023-04-13 22:09:02,212 : EventManager : Event: ======'machine_var_audits_switches_s_drop_target_right'====== Args={'value': 0, 'prev_value': None, 'change': True}
2023-04-13 22:09:02,212 : EventManager : Event: ======'machine_var_audits_switches_s_tilt'====== Args={'value': 0, 'prev_value': None, 'change': True}
2023-04-13 22:09:02,213 : EventManager : Event: ======'machine_var_audits_events_game_started'====== Args={'value': 0, 'prev_value': None, 'change': True}
2023-04-13 22:09:02,213 : EventManager : Event: ======'machine_var_audits_events_game_ended'====== Args={'value': 0, 'prev_value': None, 'change': True}
2023-04-13 22:09:02,213 : EventManager : Event: ======'machine_var_audits_player_score'====== Args={'value': {'top': [], 'average': 0, 'total': 0}, 'prev_value': None, 'change': True}
2023-04-13 22:09:02,213 : EventManager : Event: ======'slides_play'====== Args={'settings': {'welcome_slide': {'target': None, 'background_color': [0.0, 0.0, 0.0, 1.0], 'priority': None, 'show': True, 'force': False, 'expire': None, 'slide': None, 'tokens': {}, 'action': 'play'}}, 'context': '_global', 'calling_context': 'init_done', 'priority': 0}
2023-04-13 22:09:02,213 : mpfmc : SlidePlayer: Play called with settings={'welcome_slide': {'target': None, 'background_color': [0.0, 0.0, 0.0, 1.0], 'priority': None, 'show': True, 'force': False, 'expire': None, 'slide': None, 'tokens': {}, 'action': 'play'}}
2023-04-13 22:09:02,214 : EventManager : Event: ======'slide_welcome_slide_removed'====== Args={}
2023-04-13 22:09:02,218 : EventManager : Event: ======'slide_welcome_slide_created'====== Args={}
2023-04-13 22:09:02,219 : EventManager : Event: ======'slide_welcome_slide_active'====== Args={}
2023-04-13 22:09:02,223 : EventManager : Event: ======'mc_reset_phase_1'====== Args={}
2023-04-13 22:09:02,223 : EventManager : Event: ======'mc_reset_phase_2'====== Args={}
2023-04-13 22:09:02,224 : EventManager : Event: ======'mc_reset_phase_3'====== Args={}
2023-04-13 22:09:02,224 : EventManager : Event: ======'mc_reset_complete'====== Args={}
2023-04-13 22:09:02,236 : EventManager : Event: ======'slides_play'====== Args={'settings': {'attract_started': {'target': None, 'background_color': [0.0, 0.0, 0.0, 1.0], 'priority': None, 'show': True, 'force': False, 'expire': None, 'slide': None, 'tokens': {}, 'action': 'play'}}, 'context': '_global', 'calling_context': 'mode_attract_started', 'priority': 0}
2023-04-13 22:09:02,236 : mpfmc : SlidePlayer: Play called with settings={'attract_started': {'target': None, 'background_color': [0.0, 0.0, 0.0, 1.0], 'priority': None, 'show': True, 'force': False, 'expire': None, 'slide': None, 'tokens': {}, 'action': 'play'}}
2023-04-13 22:09:02,254 : EventManager : Event: ======'slide_attract_started_created'====== Args={}
2023-04-13 22:09:02,256 : EventManager : Event: ======'slide_attract_started_active'====== Args={}
2023-04-13 22:09:18,475 : kivy : Base: Leaving application in progress...
2023-04-13 22:09:18,661 : mpfmc : Stopping...
2023-04-13 22:09:18,661 : EventManager : Event: ======'shutdown'====== Args={}
2023-04-13 22:09:18,661 : AudioInterface : Disabling audio playback
2023-04-13 22:09:18,661 : mpfmc : Loop rate 78.59 Hz
2023-04-13 22:09:18,661 : kivy : MC run loop ended.
2023-04-13 22:09:18,661 : kivy : Stopping child threads... (3 remaining)
2023-04-13 22:09:19,248 : mpfmc : Stopping...
2023-04-13 22:09:19,248 : EventManager : Event: ======'shutdown'====== Args={}
2023-04-13 22:09:19,248 : mpfmc : Loop rate 75.94 Hz
2023-04-13 22:09:19,279 : MPF-MC BCP Server : Stopping BCP sending thread
2023-04-13 22:09:19,326 : kivy : All child threads stopped.
