2023-03-28 11:36:25,991 : INFO : root : Loading config.
2023-03-28 11:36:26,007 : INFO : YamlMultifileConfigLoader : Machine config file #1: config.yaml
2023-03-28 11:36:26,007 : INFO : ConfigProcessor : Loading config from cache: C:\Users\digidev\AppData\Local\Temp\207a4012de915441e2519cedb288d8b5.mpf_cache
2023-03-28 11:36:26,132 : INFO : ConfigProcessor : Loading config from cache: C:\Users\digidev\AppData\Local\Temp\ae663e8f24481bd52f7f5e9610d87d3b.mpf_cache
2023-03-28 11:36:26,132 : INFO : ConfigProcessor : Loading config from cache: C:\Users\digidev\AppData\Local\Temp\d7dbd5ece0283f90787e254e6a383d33.mpf_cache
2023-03-28 11:36:26,132 : INFO : Machine : Mission Pinball Framework Core Engine v0.56.0
2023-03-28 11:36:26,132 : INFO : Machine : Command line arguments: {'no_load_cache': False, 'create_config_cache': True, 'bcp': True, 'configfile': ['config.yaml'], 'force_assets_load': False, 'jsonlogging': False, 'logfile': 'logs\\2023-03-28-11-36-25-mpf-DESKTOP-JGO3PQG.log', 'pause': False, 'production': False, 'text_ui': False, 'loglevel': 15, 'consoleloglevel': 20, 'force_platform': 'smart_virtual', 'syslog_address': None, 'mc_file_name': None, 'no_sound': False}
2023-03-28 11:36:26,132 : INFO : Machine : MPF path: C:\Users\digidev\.local\pipx\venvs\mpf\lib\site-packages\mpf
2023-03-28 11:36:26,132 : INFO : Machine : Machine path: C:\Users\digidev\source\Pinball_Three-Amigos
2023-03-28 11:36:26,132 : INFO : Machine : Platform: win32
2023-03-28 11:36:26,132 : INFO : Machine : Python executable location: C:\Users\digidev\.local\pipx\venvs\mpf\Scripts\python.exe
2023-03-28 11:36:26,132 : INFO : Machine : Python version: 3.9.13 (64-bit)
2023-03-28 11:36:26,132 : INFO : Machine : Initialise MPF.
2023-03-28 11:36:26,257 : INFO : EventManager : Event: ======'machine_var_credits_string'====== Args={'value': 'FREE PLAY', 'prev_value': None, 'change': True}
2023-03-28 11:36:26,319 : INFO : EventManager : Event: ======'machine_var_master_volume'====== Args={'value': 0.5, 'prev_value': None, 'change': True}
2023-03-28 11:36:26,319 : INFO : EventManager : Event: ======'machine_var_mpf_version'====== Args={'value': 'MPF v0.56.0', 'prev_value': None, 'change': True}
2023-03-28 11:36:26,319 : INFO : EventManager : Event: ======'machine_var_mpf_extended_version'====== Args={'value': 'MPF v0.56.0, Config version:5, Show version: 5, BCP version:1.1', 'prev_value': None, 'change': True}
2023-03-28 11:36:26,319 : INFO : EventManager : Event: ======'machine_var_python_version'====== Args={'value': '3.9.13', 'prev_value': None, 'change': True}
2023-03-28 11:36:26,351 : INFO : EventManager : Event: ======'machine_var_platform'====== Args={'value': 'Windows-10-10.0.19044-SP0', 'prev_value': None, 'change': True}
2023-03-28 11:36:26,351 : INFO : EventManager : Event: ======'machine_var_platform_system'====== Args={'value': 'Windows', 'prev_value': None, 'change': True}
2023-03-28 11:36:26,351 : INFO : EventManager : Event: ======'machine_var_platform_release'====== Args={'value': '10', 'prev_value': None, 'change': True}
2023-03-28 11:36:26,351 : INFO : EventManager : Event: ======'machine_var_platform_version'====== Args={'value': '10.0.19044', 'prev_value': None, 'change': True}
2023-03-28 11:36:26,351 : INFO : EventManager : Event: ======'machine_var_platform_machine'====== Args={'value': 'AMD64', 'prev_value': None, 'change': True}
2023-03-28 11:36:26,351 : INFO : EventManager : Event: ======'init_phase_1'====== Args={}
2023-03-28 11:36:26,366 : INFO : EventManager : Event: ======'drop_target_bank_dt_bank_up'====== Args={}
2023-03-28 11:36:26,366 : INFO : EventManager : Event: ======'init_phase_2'====== Args={}
2023-03-28 11:36:26,366 : INFO : EventManager : Event: ======'bcp_connection_attempt'====== Args={'name': 'local_display', 'host': 'localhost', 'port': 5050}
2023-03-28 11:36:26,366 : INFO : BCPClientSocket : Connecting BCP to 'local_display' at localhost:5050...
2023-03-28 11:36:28,437 : INFO : BCPClientSocket : Connected BCP to 'local_display' localhost:5050
2023-03-28 11:36:28,439 : INFO : EventManager : Event: ======'bcp_clients_connected'====== Args={}
2023-03-28 11:36:28,442 : INFO : ball_device.bd_trough : BCH: Initial count: 0
2023-03-28 11:36:28,443 : INFO : ball_device.bd_trough : State: idle
2023-03-28 11:36:28,445 : INFO : ball_device.bd_plunger : BCH: Initial count: 0
2023-03-28 11:36:28,446 : INFO : ball_device.bd_plunger : State: idle
2023-03-28 11:36:28,478 : INFO : EventManager : Event: ======'init_phase_3'====== Args={}
2023-03-28 11:36:28,486 : INFO : EventManager : Event: ======'machine_var_mc_version'====== Args={'value': 'MPF-MC v0.56.1', 'prev_value': None, 'change': True}
2023-03-28 11:36:28,487 : INFO : EventManager : Event: ======'machine_var_mc_extended_version'====== Args={'value': 'MPF-MC v0.56.1 (config_version=5, BCP v1.1,                      Requires MPF API compatibility v0.56.0 or newer)', 'prev_value': None, 'change': True}
2023-03-28 11:36:28,490 : INFO : EventManager : Event: ======'init_phase_4'====== Args={}
2023-03-28 11:36:28,491 : INFO : BallController : Initial balls found: 0
2023-03-28 11:36:28,494 : INFO : EventManager : Event: ======'machine_var_audits_switches_s_left_flipper'====== Args={'value': 0, 'prev_value': None, 'change': True}
2023-03-28 11:36:28,496 : INFO : EventManager : Event: ======'machine_var_audits_switches_s_right_flipper'====== Args={'value': 0, 'prev_value': None, 'change': True}
2023-03-28 11:36:28,496 : INFO : EventManager : Event: ======'machine_var_audits_switches_s_trough1'====== Args={'value': 0, 'prev_value': None, 'change': True}
2023-03-28 11:36:28,496 : INFO : EventManager : Event: ======'machine_var_audits_switches_s_trough2'====== Args={'value': 0, 'prev_value': None, 'change': True}
2023-03-28 11:36:28,497 : INFO : EventManager : Event: ======'machine_var_audits_switches_s_trough3'====== Args={'value': 0, 'prev_value': None, 'change': True}
2023-03-28 11:36:28,497 : INFO : EventManager : Event: ======'machine_var_audits_switches_s_trough4'====== Args={'value': 0, 'prev_value': None, 'change': True}
2023-03-28 11:36:28,497 : INFO : EventManager : Event: ======'machine_var_audits_switches_s_trough_jam'====== Args={'value': 0, 'prev_value': None, 'change': True}
2023-03-28 11:36:28,498 : INFO : EventManager : Event: ======'machine_var_audits_switches_s_plunger_lane'====== Args={'value': 0, 'prev_value': None, 'change': True}
2023-03-28 11:36:28,498 : INFO : EventManager : Event: ======'machine_var_audits_switches_s_start'====== Args={'value': 0, 'prev_value': None, 'change': True}
2023-03-28 11:36:28,498 : INFO : EventManager : Event: ======'machine_var_audits_switches_s_left_slingshot'====== Args={'value': 0, 'prev_value': None, 'change': True}
2023-03-28 11:36:28,498 : INFO : EventManager : Event: ======'machine_var_audits_switches_s_right_slingshot'====== Args={'value': 0, 'prev_value': None, 'change': True}
2023-03-28 11:36:28,498 : INFO : EventManager : Event: ======'machine_var_audits_switches_s_drop_target_left'====== Args={'value': 0, 'prev_value': None, 'change': True}
2023-03-28 11:36:28,499 : INFO : EventManager : Event: ======'machine_var_audits_switches_s_drop_target_middle'====== Args={'value': 0, 'prev_value': None, 'change': True}
2023-03-28 11:36:28,499 : INFO : EventManager : Event: ======'machine_var_audits_switches_s_drop_target_right'====== Args={'value': 0, 'prev_value': None, 'change': True}
2023-03-28 11:36:28,499 : INFO : EventManager : Event: ======'machine_var_audits_switches_s_tilt'====== Args={'value': 0, 'prev_value': None, 'change': True}
2023-03-28 11:36:28,499 : INFO : EventManager : Event: ======'machine_var_audits_events_game_started'====== Args={'value': 0, 'prev_value': None, 'change': True}
2023-03-28 11:36:28,499 : INFO : EventManager : Event: ======'machine_var_audits_events_game_ended'====== Args={'value': 0, 'prev_value': None, 'change': True}
2023-03-28 11:36:28,500 : INFO : EventManager : Event: ======'machine_var_audits_player_score'====== Args={'value': {'top': [], 'average': 0, 'total': 0}, 'prev_value': None, 'change': True}
2023-03-28 11:36:28,501 : INFO : EventManager : Event: ======'init_phase_5'====== Args={}
2023-03-28 11:36:28,503 : INFO : EventManager : Event: ======'init_done'====== Args={}
2023-03-28 11:36:28,504 : INFO : EventManager : Event: ======'machine_reset_phase_1'====== Args={}
2023-03-28 11:36:28,557 : INFO : EventManager : Event: ======'slide_welcome_slide_removed'====== Args={'_from_bcp': True}
2023-03-28 11:36:28,560 : INFO : EventManager : Event: ======'slide_welcome_slide_created'====== Args={'_from_bcp': True}
2023-03-28 11:36:28,564 : INFO : EventManager : Event: ======'slide_welcome_slide_active'====== Args={'_from_bcp': True}
2023-03-28 11:36:28,564 : INFO : EventManager : Event: ======'machine_reset_phase_2'====== Args={}
2023-03-28 11:36:28,564 : INFO : EventManager : Event: ======'machine_reset_phase_3'====== Args={}
2023-03-28 11:36:28,565 : INFO : EventManager : Event: ======'reset_complete'====== Args={}
2023-03-28 11:36:28,565 : INFO : EventManager : Event: ======'mode_attract_will_start'====== Args={}
2023-03-28 11:36:28,566 : INFO : EventManager : Event: ======'mode_attract_starting'====== Args={}
2023-03-28 11:36:28,566 : INFO : Mode.attract : Started. Priority: 10
2023-03-28 11:36:28,566 : INFO : EventManager : Event: ======'modes_active_modes_changed'====== Args={}
2023-03-28 11:36:28,566 : INFO : EventManager : Event: ======'mode_attract_started'====== Args={}
2023-03-28 11:36:28,567 : INFO : EventManager : Event: ======'collecting_balls_complete'====== Args={}
2023-03-28 11:36:28,568 : INFO : Machine : Starting the main run loop.
2023-03-28 11:36:28,596 : INFO : EventManager : Event: ======'slide_attract_started_created'====== Args={'_from_bcp': True}
2023-03-28 11:36:28,604 : INFO : EventManager : Event: ======'slide_attract_started_active'====== Args={'_from_bcp': True}
2023-03-28 11:36:31,863 : INFO : SwitchController : <<<<<<< 's_trough2' active >>>>>>>
2023-03-28 11:36:31,864 : INFO : SwitchController : <<<<<<< 's_trough1' active >>>>>>>
2023-03-28 11:36:31,898 : INFO : SwitchController : <<<<<<< 's_trough3' active >>>>>>>
2023-03-28 11:36:32,021 : INFO : SwitchController : <<<<<<< 's_trough4' active >>>>>>>
2023-03-28 11:36:32,334 : INFO : EventManager : Event: ======'balldevice_bd_trough_ball_count_changed'====== Args={'balls': 4}
2023-03-28 11:36:32,334 : INFO : ball_device.bd_trough : Received unexpected ball
2023-03-28 11:36:32,334 : INFO : EventManager : Event: ======'balldevice_captured_from_playfield'====== Args={'balls': 1}
2023-03-28 11:36:32,335 : INFO : EventManager : Event: ======'sw_playfield_active'====== Args={'balls': 1}
2023-03-28 11:36:32,336 : INFO : EventManager : Event: ======'playfield_active'====== Args={}
2023-03-28 11:36:32,336 : INFO : EventManager : Event: ======'unexpected_ball_on_playfield'====== Args={}
2023-03-28 11:36:32,336 : INFO : EventManager : Event: ======'playfield_ball_count_change'====== Args={'balls': -1, 'change': -1}
2023-03-28 11:36:32,337 : INFO : EventManager : Event: ======'balldevice_playfield_ball_enter'====== Args={'new_balls': 1, 'unclaimed_balls': 1, 'device': <playfield.playfield>}
2023-03-28 11:36:32,337 : INFO : EventManager : Event: ======'playfield_ball_count_change'====== Args={'balls': 0, 'change': 1}
2023-03-28 11:36:32,338 : INFO : BallController : Found a new ball which was captured from playfield. Known balls: 1
2023-03-28 11:36:32,338 : INFO : EventManager : Event: ======'found_new_ball'====== Args={}
2023-03-28 11:36:32,338 : INFO : EventManager : Event: ======'balldevice_bd_trough_ball_enter'====== Args={'new_balls': 1, 'unclaimed_balls': 1, 'new_available_balls': 1, 'device': <ball_device.bd_trough>}
2023-03-28 11:36:32,338 : INFO : EventManager : Event: ======'ball_drain'====== Args={'device': <ball_device.bd_trough>, 'balls': 1}
2023-03-28 11:36:32,339 : INFO : EventManager : Event: ======'balldevice_balls_available'====== Args={}
2023-03-28 11:36:32,339 : INFO : EventManager : Event: ======'balldevice_bd_trough_ball_entered'====== Args={'new_balls': 1, 'device': <ball_device.bd_trough>}
2023-03-28 11:36:32,339 : INFO : ball_device.bd_trough : Received unexpected ball
2023-03-28 11:36:32,339 : INFO : EventManager : Event: ======'balldevice_captured_from_playfield'====== Args={'balls': 1}
2023-03-28 11:36:32,340 : INFO : EventManager : Event: ======'sw_playfield_active'====== Args={'balls': 1}
2023-03-28 11:36:32,340 : INFO : EventManager : Event: ======'playfield_active'====== Args={}
2023-03-28 11:36:32,340 : INFO : EventManager : Event: ======'unexpected_ball_on_playfield'====== Args={}
2023-03-28 11:36:32,340 : INFO : EventManager : Event: ======'playfield_ball_count_change'====== Args={'balls': -1, 'change': -1}
2023-03-28 11:36:32,341 : INFO : EventManager : Event: ======'balldevice_playfield_ball_enter'====== Args={'new_balls': 1, 'unclaimed_balls': 1, 'device': <playfield.playfield>}
2023-03-28 11:36:32,341 : INFO : EventManager : Event: ======'playfield_ball_count_change'====== Args={'balls': 0, 'change': 1}
2023-03-28 11:36:32,342 : INFO : BallController : Found a new ball which was captured from playfield. Known balls: 2
2023-03-28 11:36:32,342 : INFO : EventManager : Event: ======'found_new_ball'====== Args={}
2023-03-28 11:36:32,342 : INFO : EventManager : Event: ======'balldevice_bd_trough_ball_enter'====== Args={'new_balls': 1, 'unclaimed_balls': 1, 'new_available_balls': 1, 'device': <ball_device.bd_trough>}
2023-03-28 11:36:32,343 : INFO : EventManager : Event: ======'ball_drain'====== Args={'device': <ball_device.bd_trough>, 'balls': 1}
2023-03-28 11:36:32,343 : INFO : EventManager : Event: ======'balldevice_balls_available'====== Args={}
2023-03-28 11:36:32,343 : INFO : EventManager : Event: ======'balldevice_bd_trough_ball_entered'====== Args={'new_balls': 1, 'device': <ball_device.bd_trough>}
2023-03-28 11:36:32,343 : INFO : ball_device.bd_trough : Received unexpected ball
2023-03-28 11:36:32,344 : INFO : EventManager : Event: ======'balldevice_captured_from_playfield'====== Args={'balls': 1}
2023-03-28 11:36:32,344 : INFO : EventManager : Event: ======'sw_playfield_active'====== Args={'balls': 1}
2023-03-28 11:36:32,344 : INFO : EventManager : Event: ======'playfield_active'====== Args={}
2023-03-28 11:36:32,344 : INFO : EventManager : Event: ======'unexpected_ball_on_playfield'====== Args={}
2023-03-28 11:36:32,345 : INFO : EventManager : Event: ======'playfield_ball_count_change'====== Args={'balls': -1, 'change': -1}
2023-03-28 11:36:32,345 : INFO : EventManager : Event: ======'balldevice_playfield_ball_enter'====== Args={'new_balls': 1, 'unclaimed_balls': 1, 'device': <playfield.playfield>}
2023-03-28 11:36:32,346 : INFO : EventManager : Event: ======'playfield_ball_count_change'====== Args={'balls': 0, 'change': 1}
2023-03-28 11:36:32,346 : INFO : BallController : Found a new ball which was captured from playfield. Known balls: 3
2023-03-28 11:36:32,346 : INFO : EventManager : Event: ======'found_new_ball'====== Args={}
2023-03-28 11:36:32,346 : INFO : EventManager : Event: ======'balldevice_bd_trough_ball_enter'====== Args={'new_balls': 1, 'unclaimed_balls': 1, 'new_available_balls': 1, 'device': <ball_device.bd_trough>}
2023-03-28 11:36:32,347 : INFO : EventManager : Event: ======'ball_drain'====== Args={'device': <ball_device.bd_trough>, 'balls': 1}
2023-03-28 11:36:32,347 : INFO : EventManager : Event: ======'balldevice_balls_available'====== Args={}
2023-03-28 11:36:32,347 : INFO : EventManager : Event: ======'balldevice_bd_trough_ball_entered'====== Args={'new_balls': 1, 'device': <ball_device.bd_trough>}
2023-03-28 11:36:32,348 : INFO : ball_device.bd_trough : Received unexpected ball
2023-03-28 11:36:32,348 : INFO : EventManager : Event: ======'balldevice_captured_from_playfield'====== Args={'balls': 1}
2023-03-28 11:36:32,348 : INFO : EventManager : Event: ======'sw_playfield_active'====== Args={'balls': 1}
2023-03-28 11:36:32,348 : INFO : EventManager : Event: ======'playfield_active'====== Args={}
2023-03-28 11:36:32,349 : INFO : EventManager : Event: ======'unexpected_ball_on_playfield'====== Args={}
2023-03-28 11:36:32,349 : INFO : EventManager : Event: ======'playfield_ball_count_change'====== Args={'balls': -1, 'change': -1}
2023-03-28 11:36:32,350 : INFO : EventManager : Event: ======'balldevice_playfield_ball_enter'====== Args={'new_balls': 1, 'unclaimed_balls': 1, 'device': <playfield.playfield>}
2023-03-28 11:36:32,350 : INFO : EventManager : Event: ======'playfield_ball_count_change'====== Args={'balls': 0, 'change': 1}
2023-03-28 11:36:32,350 : INFO : BallController : Found a new ball which was captured from playfield. Known balls: 4
2023-03-28 11:36:32,350 : INFO : EventManager : Event: ======'found_new_ball'====== Args={}
2023-03-28 11:36:32,351 : INFO : EventManager : Event: ======'balldevice_bd_trough_ball_enter'====== Args={'new_balls': 1, 'unclaimed_balls': 1, 'new_available_balls': 1, 'device': <ball_device.bd_trough>}
2023-03-28 11:36:32,351 : INFO : EventManager : Event: ======'ball_drain'====== Args={'device': <ball_device.bd_trough>, 'balls': 1}
2023-03-28 11:36:32,352 : INFO : EventManager : Event: ======'balldevice_balls_available'====== Args={}
2023-03-28 11:36:32,352 : INFO : EventManager : Event: ======'balldevice_bd_trough_ball_entered'====== Args={'new_balls': 1, 'device': <ball_device.bd_trough>}
2023-03-28 11:36:37,011 : INFO : SwitchController : <<<<<<< 's_trough4' inactive >>>>>>>
2023-03-28 11:36:37,110 : INFO : SwitchController : <<<<<<< 's_trough1' inactive >>>>>>>
2023-03-28 11:36:37,135 : INFO : SwitchController : <<<<<<< 's_trough3' inactive >>>>>>>
2023-03-28 11:36:37,136 : INFO : SwitchController : <<<<<<< 's_trough2' inactive >>>>>>>
2023-03-28 11:36:38,399 : INFO : SwitchController : <<<<<<< 's_start' active >>>>>>>
2023-03-28 11:36:38,522 : INFO : SwitchController : <<<<<<< 's_start' inactive >>>>>>>
2023-03-28 11:36:38,523 : INFO : EventManager : Event: ======'request_to_start_game'====== Args={}
2023-03-28 11:36:38,523 : INFO : BallController : Known balls: 4
2023-03-28 11:36:38,523 : INFO : BallController : bd_trough contains 4 balls. Tags ['trough', 'home', 'drain']
2023-03-28 11:36:38,524 : INFO : BallController : bd_plunger contains 0 balls. Tags []
2023-03-28 11:36:38,524 : INFO : BallController : playfield contains 0 balls. Tags ['default']
2023-03-28 11:36:38,524 : WARNING : BallController : BallController denies game start. Not enough balls. 0 found. 1 required
2023-03-28 11:36:38,524 : INFO : BallController : Triggering ball search.
2023-03-28 11:36:39,016 : INFO : SwitchController : <<<<<<< 's_trough2' active >>>>>>>
2023-03-28 11:36:39,017 : INFO : SwitchController : <<<<<<< 's_trough1' active >>>>>>>
2023-03-28 11:36:39,028 : INFO : SwitchController : <<<<<<< 's_trough3' active >>>>>>>
2023-03-28 11:36:39,137 : INFO : SwitchController : <<<<<<< 's_trough4' active >>>>>>>
2023-03-28 11:36:39,928 : INFO : SwitchController : <<<<<<< 's_trough1' inactive >>>>>>>
2023-03-28 11:36:43,514 : INFO : SwitchController : <<<<<<< 's_plunger_lane' active >>>>>>>
2023-03-28 11:36:43,778 : INFO : EventManager : Event: ======'plunger_lane_checked'====== Args={}
2023-03-28 11:36:43,824 : INFO : EventManager : Event: ======'balldevice_bd_plunger_ball_count_changed'====== Args={'balls': 1}
2023-03-28 11:36:43,825 : INFO : ball_device.bd_plunger : Received unexpected ball
2023-03-28 11:36:43,825 : INFO : EventManager : Event: ======'balldevice_captured_from_playfield'====== Args={'balls': 1}
2023-03-28 11:36:43,826 : INFO : EventManager : Event: ======'sw_playfield_active'====== Args={'balls': 1}
2023-03-28 11:36:43,826 : INFO : EventManager : Event: ======'playfield_active'====== Args={}
2023-03-28 11:36:43,826 : INFO : EventManager : Event: ======'unexpected_ball_on_playfield'====== Args={}
2023-03-28 11:36:43,826 : INFO : EventManager : Event: ======'playfield_ball_count_change'====== Args={'balls': -1, 'change': -1}
2023-03-28 11:36:43,827 : INFO : EventManager : Event: ======'balldevice_bd_plunger_ball_enter'====== Args={'new_balls': 1, 'unclaimed_balls': 1, 'new_available_balls': 1, 'device': <ball_device.bd_plunger>}
2023-03-28 11:36:43,828 : INFO : ball_device.bd_plunger : Ejecting 1 unexpected balls using path deque([<ball_device.bd_plunger>, <playfield.playfield>])
2023-03-28 11:36:43,828 : INFO : EventManager : Event: ======'balldevice_balls_available'====== Args={}
2023-03-28 11:36:43,828 : INFO : EventManager : Event: ======'balldevice_balls_available'====== Args={}
2023-03-28 11:36:43,828 : INFO : EventManager : Event: ======'balldevice_bd_plunger_ball_entered'====== Args={'new_balls': 1, 'device': <ball_device.bd_plunger>}
2023-03-28 11:36:43,830 : INFO : ball_device.bd_plunger : State: waiting_for_target_ready
2023-03-28 11:36:43,830 : INFO : EventManager : Event: ======'balldevice_bd_plunger_ball_eject_attempt'====== Args={'balls': 1, 'target': <playfield.playfield>, 'source': <ball_device.bd_plunger>, 'mechanical_eject': False, 'num_attempts': 0}
2023-03-28 11:36:43,830 : INFO : ball_device.bd_plunger : State: ejecting
2023-03-28 11:36:43,831 : INFO : ball_device.bd_plunger : Ejecting ball to <playfield.playfield>
2023-03-28 11:36:43,831 : INFO : EventManager : Event: ======'balldevice_bd_plunger_ejecting_ball'====== Args={'balls': 1, 'target': <playfield.playfield>, 'source': <ball_device.bd_plunger>, 'mechanical_eject': False, 'num_attempts': 0}
2023-03-28 11:36:43,833 : INFO : ball_device.bd_plunger : Wait for ball to leave device
2023-03-28 11:36:43,833 : INFO : coil.c_plunger : Pulsing Driver for 20ms (1.0 pulse_power)
2023-03-28 11:36:43,833 : INFO : SwitchController : <<<<<<< 's_plunger_lane' inactive >>>>>>>
2023-03-28 11:36:43,834 : INFO : EventManager : Event: ======'plunger_lane_released'====== Args={}
2023-03-28 11:36:43,835 : INFO : ball_device.bd_plunger : State: ball_left
2023-03-28 11:36:43,835 : INFO : ball_device.bd_plunger : Ball left
2023-03-28 11:36:43,836 : INFO : ball_device.bd_plunger : Wait for confirm with timeout 10.0
2023-03-28 11:36:45,444 : INFO : EventManager : Event: ======'balldevice_bd_trough_ball_count_changed'====== Args={'balls': 3}
2023-03-28 11:36:45,445 : WARNING : ball_device.bd_trough : Ball disappeared while idle. This should not normally happen.
2023-03-28 11:36:45,445 : INFO : EventManager : Event: ======'balldevice_playfield_ball_enter'====== Args={'new_balls': 1, 'unclaimed_balls': 1, 'device': <playfield.playfield>}
2023-03-28 11:36:45,445 : INFO : EventManager : Event: ======'playfield_ball_count_change'====== Args={'balls': 0, 'change': 1}
2023-03-28 11:36:45,446 : INFO : ball_device.bd_trough : 1 ball(s) missing from device. Mechanical eject? False
2023-03-28 11:36:45,446 : INFO : EventManager : Event: ======'balldevice_bd_trough_ball_missing'====== Args={'balls': 1}
2023-03-28 11:36:45,446 : INFO : EventManager : Event: ======'balldevice_ball_missing'====== Args={'balls': 1, 'name': 'bd_trough'}
2023-03-28 11:36:53,841 : INFO : ball_device.bd_plunger : State: failed_confirm
2023-03-28 11:36:53,841 : INFO : ball_device.bd_plunger : Got timeout (10.0s) before confirm from <playfield.playfield>
2023-03-28 11:36:53,950 : INFO : ball_device.bd_plunger : Confirming eject because target is playfield and ball did not return.
2023-03-28 11:36:53,950 : INFO : ball_device.bd_plunger : Eject successful
2023-03-28 11:36:53,950 : INFO : EventManager : Event: ======'balldevice_bd_plunger_ball_eject_success'====== Args={'balls': 1, 'target': <playfield.playfield>}
2023-03-28 11:36:53,951 : INFO : EventManager : Event: ======'balldevice_playfield_ball_enter'====== Args={'new_balls': 1, 'unclaimed_balls': 1, 'device': <playfield.playfield>}
2023-03-28 11:36:53,951 : INFO : EventManager : Event: ======'playfield_ball_count_change'====== Args={'balls': 1, 'change': 1}
2023-03-28 11:36:53,951 : INFO : EventManager : Event: ======'balldevice_bd_plunger_ball_count_changed'====== Args={'balls': 0}
2023-03-28 11:36:53,951 : INFO : ball_device.bd_plunger : State: idle
2023-03-28 11:37:01,228 : INFO : SwitchController : <<<<<<< 's_left_slingshot' active >>>>>>>
2023-03-28 11:37:01,386 : INFO : SwitchController : <<<<<<< 's_left_slingshot' inactive >>>>>>>
2023-03-28 11:37:01,609 : INFO : SwitchController : <<<<<<< 's_left_slingshot' active >>>>>>>
2023-03-28 11:37:01,769 : INFO : SwitchController : <<<<<<< 's_left_slingshot' inactive >>>>>>>
2023-03-28 11:37:02,028 : INFO : SwitchController : <<<<<<< 's_left_slingshot' active >>>>>>>
2023-03-28 11:37:02,151 : INFO : SwitchController : <<<<<<< 's_left_slingshot' inactive >>>>>>>
2023-03-28 11:37:02,386 : INFO : SwitchController : <<<<<<< 's_left_slingshot' active >>>>>>>
2023-03-28 11:37:02,559 : INFO : SwitchController : <<<<<<< 's_left_slingshot' inactive >>>>>>>
2023-03-28 11:37:03,761 : INFO : SwitchController : <<<<<<< 's_left_slingshot' active >>>>>>>
2023-03-28 11:37:03,935 : INFO : SwitchController : <<<<<<< 's_left_slingshot' inactive >>>>>>>
2023-03-28 11:37:04,393 : INFO : SwitchController : <<<<<<< 's_left_slingshot' active >>>>>>>
2023-03-28 11:37:04,540 : INFO : SwitchController : <<<<<<< 's_left_slingshot' inactive >>>>>>>
2023-03-28 11:37:06,279 : INFO : SwitchController : <<<<<<< 's_left_slingshot' active >>>>>>>
2023-03-28 11:37:06,417 : INFO : SwitchController : <<<<<<< 's_left_slingshot' inactive >>>>>>>
2023-03-28 11:37:06,663 : INFO : SwitchController : <<<<<<< 's_left_slingshot' active >>>>>>>
2023-03-28 11:37:06,813 : INFO : SwitchController : <<<<<<< 's_left_slingshot' inactive >>>>>>>
2023-03-28 11:37:14,040 : INFO : SwitchController : <<<<<<< 's_left_slingshot' active >>>>>>>
2023-03-28 11:37:14,074 : INFO : SwitchController : <<<<<<< 's_left_slingshot' inactive >>>>>>>
2023-03-28 11:37:14,930 : INFO : SwitchController : <<<<<<< 's_left_slingshot' active >>>>>>>
2023-03-28 11:37:15,041 : INFO : SwitchController : <<<<<<< 's_left_slingshot' inactive >>>>>>>
2023-03-28 11:37:15,524 : INFO : SwitchController : <<<<<<< 's_left_slingshot' active >>>>>>>
2023-03-28 11:37:15,650 : INFO : SwitchController : <<<<<<< 's_left_slingshot' inactive >>>>>>>
2023-03-28 11:37:16,021 : INFO : SwitchController : <<<<<<< 's_left_slingshot' active >>>>>>>
2023-03-28 11:37:16,118 : INFO : SwitchController : <<<<<<< 's_left_slingshot' inactive >>>>>>>
2023-03-28 11:37:16,503 : INFO : SwitchController : <<<<<<< 's_left_slingshot' active >>>>>>>
2023-03-28 11:37:16,601 : INFO : SwitchController : <<<<<<< 's_left_slingshot' inactive >>>>>>>
2023-03-28 11:37:16,912 : INFO : SwitchController : <<<<<<< 's_left_slingshot' active >>>>>>>
2023-03-28 11:37:16,998 : INFO : SwitchController : <<<<<<< 's_left_slingshot' inactive >>>>>>>
2023-03-28 11:37:17,207 : INFO : SwitchController : <<<<<<< 's_left_slingshot' active >>>>>>>
2023-03-28 11:37:17,480 : INFO : SwitchController : <<<<<<< 's_left_slingshot' inactive >>>>>>>
2023-03-28 11:37:17,689 : INFO : SwitchController : <<<<<<< 's_left_slingshot' active >>>>>>>
2023-03-28 11:37:17,800 : INFO : SwitchController : <<<<<<< 's_left_slingshot' inactive >>>>>>>
2023-03-28 11:37:18,097 : INFO : SwitchController : <<<<<<< 's_left_slingshot' active >>>>>>>
2023-03-28 11:37:18,195 : INFO : SwitchController : <<<<<<< 's_left_slingshot' inactive >>>>>>>
2023-03-28 11:37:18,382 : INFO : SwitchController : <<<<<<< 's_left_slingshot' active >>>>>>>
2023-03-28 11:37:18,468 : INFO : SwitchController : <<<<<<< 's_left_slingshot' inactive >>>>>>>
2023-03-28 11:37:18,678 : INFO : SwitchController : <<<<<<< 's_left_slingshot' active >>>>>>>
2023-03-28 11:37:18,764 : INFO : SwitchController : <<<<<<< 's_left_slingshot' inactive >>>>>>>
2023-03-28 11:37:18,962 : INFO : SwitchController : <<<<<<< 's_left_slingshot' active >>>>>>>
2023-03-28 11:37:19,011 : INFO : SwitchController : <<<<<<< 's_left_slingshot' inactive >>>>>>>
2023-03-28 11:37:19,370 : INFO : SwitchController : <<<<<<< 's_left_slingshot' active >>>>>>>
2023-03-28 11:37:19,481 : INFO : SwitchController : <<<<<<< 's_left_slingshot' inactive >>>>>>>
2023-03-28 11:37:19,666 : INFO : SwitchController : <<<<<<< 's_left_slingshot' active >>>>>>>
2023-03-28 11:37:19,788 : INFO : SwitchController : <<<<<<< 's_left_slingshot' inactive >>>>>>>
2023-03-28 11:37:19,987 : INFO : SwitchController : <<<<<<< 's_left_slingshot' active >>>>>>>
2023-03-28 11:37:20,147 : INFO : SwitchController : <<<<<<< 's_left_slingshot' inactive >>>>>>>
2023-03-28 11:37:20,483 : WARNING : SwitchController : Received duplicate switch state 0 for switch s_plunger_lane from the platform interface. Log Code: Log-SwitchController-1 (https://docs.missionpinball.org/en/0.56/logs/Log-SwitchController-1.html)
2023-03-28 11:37:20,507 : INFO : SwitchController : <<<<<<< 's_trough1' active >>>>>>>
2023-03-28 11:37:20,812 : INFO : EventManager : Event: ======'balldevice_bd_trough_ball_count_changed'====== Args={'balls': 4}
2023-03-28 11:37:20,813 : INFO : ball_device.bd_trough : Received unexpected ball
2023-03-28 11:37:20,813 : INFO : EventManager : Event: ======'balldevice_captured_from_playfield'====== Args={'balls': 1}
2023-03-28 11:37:20,814 : INFO : EventManager : Event: ======'sw_playfield_active'====== Args={'balls': 1}
2023-03-28 11:37:20,814 : INFO : EventManager : Event: ======'playfield_ball_count_change'====== Args={'balls': 0, 'change': -1}
2023-03-28 11:37:20,815 : INFO : EventManager : Event: ======'balldevice_bd_trough_ball_enter'====== Args={'new_balls': 1, 'unclaimed_balls': 1, 'new_available_balls': 1, 'device': <ball_device.bd_trough>}
2023-03-28 11:37:20,816 : INFO : EventManager : Event: ======'ball_drain'====== Args={'device': <ball_device.bd_trough>, 'balls': 1}
2023-03-28 11:37:20,816 : INFO : EventManager : Event: ======'balldevice_balls_available'====== Args={}
2023-03-28 11:37:20,816 : INFO : EventManager : Event: ======'balldevice_bd_trough_ball_entered'====== Args={'new_balls': 1, 'device': <ball_device.bd_trough>}
2023-03-28 11:37:28,280 : INFO : SwitchController : <<<<<<< 's_trough1' inactive >>>>>>>
2023-03-28 11:37:28,453 : INFO : SwitchController : <<<<<<< 's_plunger_lane' active >>>>>>>
2023-03-28 11:37:28,715 : INFO : EventManager : Event: ======'plunger_lane_checked'====== Args={}
2023-03-28 11:37:28,762 : INFO : EventManager : Event: ======'balldevice_bd_plunger_ball_count_changed'====== Args={'balls': 1}
2023-03-28 11:37:28,762 : INFO : ball_device.bd_plunger : Received unexpected ball
2023-03-28 11:37:28,762 : INFO : EventManager : Event: ======'balldevice_captured_from_playfield'====== Args={'balls': 1}
2023-03-28 11:37:28,763 : INFO : EventManager : Event: ======'sw_playfield_active'====== Args={'balls': 1}
2023-03-28 11:37:28,763 : INFO : EventManager : Event: ======'playfield_active'====== Args={}
2023-03-28 11:37:28,763 : INFO : EventManager : Event: ======'unexpected_ball_on_playfield'====== Args={}
2023-03-28 11:37:28,763 : INFO : EventManager : Event: ======'playfield_ball_count_change'====== Args={'balls': -1, 'change': -1}
2023-03-28 11:37:28,764 : INFO : EventManager : Event: ======'balldevice_bd_plunger_ball_enter'====== Args={'new_balls': 1, 'unclaimed_balls': 1, 'new_available_balls': 1, 'device': <ball_device.bd_plunger>}
2023-03-28 11:37:28,765 : INFO : ball_device.bd_plunger : Ejecting 1 unexpected balls using path deque([<ball_device.bd_plunger>, <playfield.playfield>])
2023-03-28 11:37:28,765 : INFO : EventManager : Event: ======'balldevice_balls_available'====== Args={}
2023-03-28 11:37:28,765 : INFO : EventManager : Event: ======'balldevice_balls_available'====== Args={}
2023-03-28 11:37:28,766 : INFO : EventManager : Event: ======'balldevice_bd_plunger_ball_entered'====== Args={'new_balls': 1, 'device': <ball_device.bd_plunger>}
2023-03-28 11:37:28,767 : INFO : ball_device.bd_plunger : State: waiting_for_target_ready
2023-03-28 11:37:28,767 : INFO : EventManager : Event: ======'balldevice_bd_plunger_ball_eject_attempt'====== Args={'balls': 1, 'target': <playfield.playfield>, 'source': <ball_device.bd_plunger>, 'mechanical_eject': False, 'num_attempts': 0}
2023-03-28 11:37:28,768 : INFO : ball_device.bd_plunger : State: ejecting
2023-03-28 11:37:28,768 : INFO : ball_device.bd_plunger : Ejecting ball to <playfield.playfield>
2023-03-28 11:37:28,769 : INFO : EventManager : Event: ======'balldevice_bd_plunger_ejecting_ball'====== Args={'balls': 1, 'target': <playfield.playfield>, 'source': <ball_device.bd_plunger>, 'mechanical_eject': False, 'num_attempts': 0}
2023-03-28 11:37:28,770 : INFO : ball_device.bd_plunger : Wait for ball to leave device
2023-03-28 11:37:28,770 : INFO : coil.c_plunger : Pulsing Driver for 20ms (1.0 pulse_power)
2023-03-28 11:37:28,771 : INFO : SwitchController : <<<<<<< 's_plunger_lane' inactive >>>>>>>
2023-03-28 11:37:28,771 : INFO : EventManager : Event: ======'plunger_lane_released'====== Args={}
2023-03-28 11:37:28,773 : INFO : ball_device.bd_plunger : State: ball_left
2023-03-28 11:37:28,773 : INFO : ball_device.bd_plunger : Ball left
2023-03-28 11:37:28,773 : INFO : ball_device.bd_plunger : Wait for confirm with timeout 10.0
2023-03-28 11:37:33,790 : INFO : EventManager : Event: ======'balldevice_bd_trough_ball_count_changed'====== Args={'balls': 3}
2023-03-28 11:37:33,791 : WARNING : ball_device.bd_trough : Ball disappeared while idle. This should not normally happen.
2023-03-28 11:37:33,791 : INFO : EventManager : Event: ======'balldevice_playfield_ball_enter'====== Args={'new_balls': 1, 'unclaimed_balls': 1, 'device': <playfield.playfield>}
2023-03-28 11:37:33,791 : INFO : EventManager : Event: ======'playfield_ball_count_change'====== Args={'balls': 0, 'change': 1}
2023-03-28 11:37:33,791 : INFO : ball_device.bd_trough : 1 ball(s) missing from device. Mechanical eject? False
2023-03-28 11:37:33,792 : INFO : EventManager : Event: ======'balldevice_bd_trough_ball_missing'====== Args={'balls': 1}
2023-03-28 11:37:33,792 : INFO : EventManager : Event: ======'balldevice_ball_missing'====== Args={'balls': 1, 'name': 'bd_trough'}
2023-03-28 11:37:34,799 : INFO : SwitchController : <<<<<<< 's_left_slingshot' active >>>>>>>
2023-03-28 11:37:34,860 : WARNING : SwitchController : Received duplicate switch state 0 for switch s_plunger_lane from the platform interface. Log Code: Log-SwitchController-1 (https://docs.missionpinball.org/en/0.56/logs/Log-SwitchController-1.html)
2023-03-28 11:37:34,898 : INFO : SwitchController : <<<<<<< 's_plunger_lane' active >>>>>>>
2023-03-28 11:37:34,959 : INFO : SwitchController : <<<<<<< 's_left_slingshot' inactive >>>>>>>
2023-03-28 11:37:35,160 : INFO : EventManager : Event: ======'plunger_lane_checked'====== Args={}
2023-03-28 11:37:35,369 : INFO : SwitchController : <<<<<<< 's_left_slingshot' active >>>>>>>
2023-03-28 11:37:35,405 : INFO : SwitchController : <<<<<<< 's_plunger_lane' inactive >>>>>>>
2023-03-28 11:37:35,406 : INFO : EventManager : Event: ======'plunger_lane_released'====== Args={}
2023-03-28 11:37:35,925 : INFO : SwitchController : <<<<<<< 's_left_slingshot' inactive >>>>>>>
2023-03-28 11:37:36,048 : INFO : SwitchController : <<<<<<< 's_left_slingshot' active >>>>>>>
2023-03-28 11:37:36,147 : INFO : SwitchController : <<<<<<< 's_left_slingshot' inactive >>>>>>>
2023-03-28 11:37:36,606 : INFO : SwitchController : <<<<<<< 's_left_slingshot' active >>>>>>>
2023-03-28 11:37:36,681 : INFO : SwitchController : <<<<<<< 's_left_slingshot' inactive >>>>>>>
2023-03-28 11:37:36,879 : INFO : SwitchController : <<<<<<< 's_left_slingshot' active >>>>>>>
2023-03-28 11:37:36,965 : INFO : SwitchController : <<<<<<< 's_left_slingshot' inactive >>>>>>>
2023-03-28 11:37:37,128 : INFO : SwitchController : <<<<<<< 's_left_slingshot' active >>>>>>>
2023-03-28 11:37:37,215 : INFO : SwitchController : <<<<<<< 's_left_slingshot' inactive >>>>>>>
2023-03-28 11:37:37,391 : INFO : SwitchController : <<<<<<< 's_left_slingshot' active >>>>>>>
2023-03-28 11:37:37,463 : INFO : SwitchController : <<<<<<< 's_left_slingshot' inactive >>>>>>>
2023-03-28 11:37:37,549 : INFO : SwitchController : <<<<<<< 's_left_slingshot' active >>>>>>>
2023-03-28 11:37:37,623 : INFO : SwitchController : <<<<<<< 's_left_slingshot' inactive >>>>>>>
2023-03-28 11:37:37,833 : INFO : SwitchController : <<<<<<< 's_right_slingshot' active >>>>>>>
2023-03-28 11:37:37,945 : INFO : SwitchController : <<<<<<< 's_right_slingshot' inactive >>>>>>>
2023-03-28 11:37:38,081 : INFO : SwitchController : <<<<<<< 's_right_slingshot' active >>>>>>>
2023-03-28 11:37:38,156 : INFO : SwitchController : <<<<<<< 's_right_slingshot' inactive >>>>>>>
2023-03-28 11:37:38,265 : INFO : SwitchController : <<<<<<< 's_right_slingshot' active >>>>>>>
2023-03-28 11:37:38,328 : INFO : SwitchController : <<<<<<< 's_right_slingshot' inactive >>>>>>>
2023-03-28 11:37:38,464 : INFO : SwitchController : <<<<<<< 's_left_slingshot' active >>>>>>>
2023-03-28 11:37:38,549 : INFO : SwitchController : <<<<<<< 's_left_slingshot' inactive >>>>>>>
2023-03-28 11:37:38,660 : INFO : SwitchController : <<<<<<< 's_left_slingshot' active >>>>>>>
2023-03-28 11:37:38,745 : INFO : SwitchController : <<<<<<< 's_left_slingshot' inactive >>>>>>>
2023-03-28 11:37:38,789 : INFO : ball_device.bd_plunger : State: failed_confirm
2023-03-28 11:37:38,790 : INFO : ball_device.bd_plunger : Got timeout (10.0s) before confirm from <playfield.playfield>
2023-03-28 11:37:38,831 : INFO : SwitchController : <<<<<<< 's_left_slingshot' active >>>>>>>
2023-03-28 11:37:38,904 : INFO : SwitchController : <<<<<<< 's_left_slingshot' inactive >>>>>>>
2023-03-28 11:37:38,905 : INFO : ball_device.bd_plunger : Confirming eject because target is playfield and ball did not return.
2023-03-28 11:37:38,905 : INFO : ball_device.bd_plunger : Eject successful
2023-03-28 11:37:38,905 : INFO : EventManager : Event: ======'balldevice_bd_plunger_ball_eject_success'====== Args={'balls': 1, 'target': <playfield.playfield>}
2023-03-28 11:37:38,906 : INFO : EventManager : Event: ======'balldevice_playfield_ball_enter'====== Args={'new_balls': 1, 'unclaimed_balls': 1, 'device': <playfield.playfield>}
2023-03-28 11:37:38,906 : INFO : EventManager : Event: ======'playfield_ball_count_change'====== Args={'balls': 1, 'change': 1}
2023-03-28 11:37:38,907 : INFO : EventManager : Event: ======'balldevice_bd_plunger_ball_count_changed'====== Args={'balls': 0}
2023-03-28 11:37:38,907 : INFO : ball_device.bd_plunger : State: idle
2023-03-28 11:37:39,014 : INFO : SwitchController : <<<<<<< 's_right_slingshot' active >>>>>>>
2023-03-28 11:37:39,125 : INFO : SwitchController : <<<<<<< 's_right_slingshot' inactive >>>>>>>
2023-03-28 11:37:39,212 : INFO : SwitchController : <<<<<<< 's_right_slingshot' active >>>>>>>
2023-03-28 11:37:39,298 : INFO : SwitchController : <<<<<<< 's_right_slingshot' inactive >>>>>>>
2023-03-28 11:37:39,743 : INFO : SwitchController : <<<<<<< 's_left_slingshot' active >>>>>>>
2023-03-28 11:37:39,817 : INFO : SwitchController : <<<<<<< 's_left_slingshot' inactive >>>>>>>
2023-03-28 11:37:39,964 : INFO : SwitchController : <<<<<<< 's_left_slingshot' active >>>>>>>
2023-03-28 11:37:40,162 : INFO : SwitchController : <<<<<<< 's_left_slingshot' inactive >>>>>>>
2023-03-28 11:37:40,409 : INFO : SwitchController : <<<<<<< 's_right_slingshot' active >>>>>>>
2023-03-28 11:37:40,446 : INFO : SwitchController : <<<<<<< 's_right_slingshot' inactive >>>>>>>
2023-03-28 11:37:41,201 : INFO : SwitchController : <<<<<<< 's_left_slingshot' active >>>>>>>
2023-03-28 11:37:41,323 : INFO : SwitchController : <<<<<<< 's_left_slingshot' inactive >>>>>>>
2023-03-28 11:37:41,942 : INFO : SwitchController : <<<<<<< 's_right_slingshot' active >>>>>>>
2023-03-28 11:37:42,029 : INFO : SwitchController : <<<<<<< 's_right_slingshot' inactive >>>>>>>
2023-03-28 11:37:42,808 : INFO : SwitchController : <<<<<<< 's_left_slingshot' active >>>>>>>
2023-03-28 11:37:42,870 : INFO : SwitchController : <<<<<<< 's_left_slingshot' inactive >>>>>>>
2023-03-28 11:37:42,931 : INFO : SwitchController : <<<<<<< 's_left_slingshot' active >>>>>>>
2023-03-28 11:37:42,993 : INFO : SwitchController : <<<<<<< 's_left_slingshot' inactive >>>>>>>
2023-03-28 11:37:43,153 : INFO : SwitchController : <<<<<<< 's_left_slingshot' active >>>>>>>
2023-03-28 11:37:43,240 : INFO : SwitchController : <<<<<<< 's_left_slingshot' inactive >>>>>>>
2023-03-28 11:37:43,388 : INFO : SwitchController : <<<<<<< 's_left_slingshot' active >>>>>>>
2023-03-28 11:37:43,462 : INFO : SwitchController : <<<<<<< 's_left_slingshot' inactive >>>>>>>
2023-03-28 11:37:43,585 : INFO : SwitchController : <<<<<<< 's_left_slingshot' active >>>>>>>
2023-03-28 11:37:43,648 : INFO : SwitchController : <<<<<<< 's_left_slingshot' inactive >>>>>>>
2023-03-28 11:37:43,772 : INFO : SwitchController : <<<<<<< 's_left_slingshot' active >>>>>>>
2023-03-28 11:37:43,833 : INFO : SwitchController : <<<<<<< 's_left_slingshot' inactive >>>>>>>
2023-03-28 11:37:44,019 : INFO : SwitchController : <<<<<<< 's_left_slingshot' active >>>>>>>
2023-03-28 11:37:44,068 : INFO : SwitchController : <<<<<<< 's_left_slingshot' inactive >>>>>>>
2023-03-28 11:37:44,216 : INFO : SwitchController : <<<<<<< 's_left_slingshot' active >>>>>>>
2023-03-28 11:37:44,253 : INFO : SwitchController : <<<<<<< 's_left_slingshot' inactive >>>>>>>
2023-03-28 11:37:44,377 : INFO : SwitchController : <<<<<<< 's_left_slingshot' active >>>>>>>
2023-03-28 11:37:44,439 : INFO : SwitchController : <<<<<<< 's_left_slingshot' inactive >>>>>>>
2023-03-28 11:37:44,586 : INFO : SwitchController : <<<<<<< 's_left_slingshot' active >>>>>>>
2023-03-28 11:37:44,672 : INFO : SwitchController : <<<<<<< 's_left_slingshot' inactive >>>>>>>
2023-03-28 11:37:44,922 : INFO : SwitchController : <<<<<<< 's_left_slingshot' active >>>>>>>
2023-03-28 11:37:45,011 : INFO : SwitchController : <<<<<<< 's_left_slingshot' inactive >>>>>>>
2023-03-28 11:37:45,334 : INFO : SwitchController : <<<<<<< 's_left_slingshot' active >>>>>>>
2023-03-28 11:37:45,370 : INFO : SwitchController : <<<<<<< 's_left_slingshot' inactive >>>>>>>
2023-03-28 11:37:46,201 : INFO : SwitchController : <<<<<<< 's_right_slingshot' active >>>>>>>
2023-03-28 11:37:46,337 : INFO : SwitchController : <<<<<<< 's_right_slingshot' inactive >>>>>>>
2023-03-28 11:37:48,446 : INFO : SwitchController : <<<<<<< 's_left_slingshot' active >>>>>>>
2023-03-28 11:37:48,520 : INFO : SwitchController : <<<<<<< 's_left_slingshot' inactive >>>>>>>
2023-03-28 11:37:52,492 : INFO : SwitchController : <<<<<<< 's_plunger_lane' active >>>>>>>
2023-03-28 11:37:52,653 : INFO : SwitchController : <<<<<<< 's_plunger_lane' inactive >>>>>>>
2023-03-28 11:37:55,903 : INFO : SwitchController : <<<<<<< 's_left_slingshot' active >>>>>>>
2023-03-28 11:37:56,053 : INFO : SwitchController : <<<<<<< 's_left_slingshot' inactive >>>>>>>
2023-03-28 11:37:56,288 : INFO : SwitchController : <<<<<<< 's_left_slingshot' active >>>>>>>
2023-03-28 11:37:56,411 : INFO : SwitchController : <<<<<<< 's_left_slingshot' inactive >>>>>>>
2023-03-28 11:37:57,639 : INFO : SwitchController : <<<<<<< 's_right_slingshot' active >>>>>>>
2023-03-28 11:37:57,675 : INFO : SwitchController : <<<<<<< 's_right_slingshot' inactive >>>>>>>
2023-03-28 11:37:57,923 : INFO : SwitchController : <<<<<<< 's_right_slingshot' active >>>>>>>
2023-03-28 11:37:57,960 : INFO : SwitchController : <<<<<<< 's_right_slingshot' inactive >>>>>>>
2023-03-28 11:37:58,084 : INFO : SwitchController : <<<<<<< 's_right_slingshot' active >>>>>>>
2023-03-28 11:37:58,132 : INFO : SwitchController : <<<<<<< 's_right_slingshot' inactive >>>>>>>
2023-03-28 11:37:59,642 : INFO : SwitchController : <<<<<<< 's_trough1' active >>>>>>>
2023-03-28 11:37:59,946 : INFO : EventManager : Event: ======'balldevice_bd_trough_ball_count_changed'====== Args={'balls': 4}
2023-03-28 11:37:59,946 : INFO : ball_device.bd_trough : Received unexpected ball
2023-03-28 11:37:59,946 : INFO : EventManager : Event: ======'balldevice_captured_from_playfield'====== Args={'balls': 1}
2023-03-28 11:37:59,947 : INFO : EventManager : Event: ======'sw_playfield_active'====== Args={'balls': 1}
2023-03-28 11:37:59,947 : INFO : EventManager : Event: ======'playfield_ball_count_change'====== Args={'balls': 0, 'change': -1}
2023-03-28 11:37:59,948 : INFO : EventManager : Event: ======'balldevice_bd_trough_ball_enter'====== Args={'new_balls': 1, 'unclaimed_balls': 1, 'new_available_balls': 1, 'device': <ball_device.bd_trough>}
2023-03-28 11:37:59,948 : INFO : EventManager : Event: ======'ball_drain'====== Args={'device': <ball_device.bd_trough>, 'balls': 1}
2023-03-28 11:37:59,949 : INFO : EventManager : Event: ======'balldevice_balls_available'====== Args={}
2023-03-28 11:37:59,949 : INFO : EventManager : Event: ======'balldevice_bd_trough_ball_entered'====== Args={'new_balls': 1, 'device': <ball_device.bd_trough>}
2023-03-28 11:38:15,164 : INFO : SwitchController : <<<<<<< 's_trough1' inactive >>>>>>>
2023-03-28 11:38:20,681 : INFO : EventManager : Event: ======'balldevice_bd_trough_ball_count_changed'====== Args={'balls': 3}
2023-03-28 11:38:20,681 : WARNING : ball_device.bd_trough : Ball disappeared while idle. This should not normally happen.
2023-03-28 11:38:20,681 : INFO : EventManager : Event: ======'balldevice_playfield_ball_enter'====== Args={'new_balls': 1, 'unclaimed_balls': 1, 'device': <playfield.playfield>}
2023-03-28 11:38:20,681 : INFO : EventManager : Event: ======'playfield_ball_count_change'====== Args={'balls': 1, 'change': 1}
2023-03-28 11:38:20,682 : INFO : ball_device.bd_trough : 1 ball(s) missing from device. Mechanical eject? False
2023-03-28 11:38:20,682 : INFO : EventManager : Event: ======'balldevice_bd_trough_ball_missing'====== Args={'balls': 1}
2023-03-28 11:38:20,682 : INFO : EventManager : Event: ======'balldevice_ball_missing'====== Args={'balls': 1, 'name': 'bd_trough'}
2023-03-28 11:38:21,627 : INFO : SwitchController : <<<<<<< 's_plunger_lane' active >>>>>>>
2023-03-28 11:38:21,777 : INFO : SwitchController : <<<<<<< 's_plunger_lane' inactive >>>>>>>
2023-03-28 11:38:23,237 : INFO : SwitchController : <<<<<<< 's_plunger_lane' active >>>>>>>
2023-03-28 11:38:23,490 : INFO : EventManager : Event: ======'plunger_lane_checked'====== Args={}
2023-03-28 11:38:23,553 : INFO : EventManager : Event: ======'balldevice_bd_plunger_ball_count_changed'====== Args={'balls': 1}
2023-03-28 11:38:23,554 : INFO : ball_device.bd_plunger : Received unexpected ball
2023-03-28 11:38:23,554 : INFO : EventManager : Event: ======'balldevice_captured_from_playfield'====== Args={'balls': 1}
2023-03-28 11:38:23,555 : INFO : EventManager : Event: ======'sw_playfield_active'====== Args={'balls': 1}
2023-03-28 11:38:23,555 : INFO : EventManager : Event: ======'playfield_ball_count_change'====== Args={'balls': 0, 'change': -1}
2023-03-28 11:38:23,556 : INFO : EventManager : Event: ======'balldevice_bd_plunger_ball_enter'====== Args={'new_balls': 1, 'unclaimed_balls': 1, 'new_available_balls': 1, 'device': <ball_device.bd_plunger>}
2023-03-28 11:38:23,557 : INFO : ball_device.bd_plunger : Ejecting 1 unexpected balls using path deque([<ball_device.bd_plunger>, <playfield.playfield>])
2023-03-28 11:38:23,557 : INFO : EventManager : Event: ======'balldevice_balls_available'====== Args={}
2023-03-28 11:38:23,557 : INFO : EventManager : Event: ======'balldevice_balls_available'====== Args={}
2023-03-28 11:38:23,558 : INFO : EventManager : Event: ======'balldevice_bd_plunger_ball_entered'====== Args={'new_balls': 1, 'device': <ball_device.bd_plunger>}
2023-03-28 11:38:23,559 : INFO : ball_device.bd_plunger : State: waiting_for_target_ready
2023-03-28 11:38:23,559 : INFO : EventManager : Event: ======'balldevice_bd_plunger_ball_eject_attempt'====== Args={'balls': 1, 'target': <playfield.playfield>, 'source': <ball_device.bd_plunger>, 'mechanical_eject': False, 'num_attempts': 0}
2023-03-28 11:38:23,560 : INFO : ball_device.bd_plunger : State: ejecting
2023-03-28 11:38:23,560 : INFO : ball_device.bd_plunger : Ejecting ball to <playfield.playfield>
2023-03-28 11:38:23,560 : INFO : EventManager : Event: ======'balldevice_bd_plunger_ejecting_ball'====== Args={'balls': 1, 'target': <playfield.playfield>, 'source': <ball_device.bd_plunger>, 'mechanical_eject': False, 'num_attempts': 0}
2023-03-28 11:38:23,562 : INFO : ball_device.bd_plunger : Wait for ball to leave device
2023-03-28 11:38:23,562 : INFO : coil.c_plunger : Pulsing Driver for 20ms (1.0 pulse_power)
2023-03-28 11:38:23,563 : INFO : SwitchController : <<<<<<< 's_plunger_lane' inactive >>>>>>>
2023-03-28 11:38:23,563 : INFO : EventManager : Event: ======'plunger_lane_released'====== Args={}
2023-03-28 11:38:23,564 : INFO : ball_device.bd_plunger : State: ball_left
2023-03-28 11:38:23,564 : INFO : ball_device.bd_plunger : Ball left
2023-03-28 11:38:23,565 : INFO : ball_device.bd_plunger : Wait for confirm with timeout 10.0
2023-03-28 11:38:33,567 : INFO : ball_device.bd_plunger : State: failed_confirm
2023-03-28 11:38:33,567 : INFO : ball_device.bd_plunger : Got timeout (10.0s) before confirm from <playfield.playfield>
2023-03-28 11:38:33,675 : INFO : ball_device.bd_plunger : Confirming eject because target is playfield and ball did not return.
2023-03-28 11:38:33,676 : INFO : ball_device.bd_plunger : Eject successful
2023-03-28 11:38:33,676 : INFO : EventManager : Event: ======'balldevice_bd_plunger_ball_eject_success'====== Args={'balls': 1, 'target': <playfield.playfield>}
2023-03-28 11:38:33,676 : INFO : EventManager : Event: ======'balldevice_playfield_ball_enter'====== Args={'new_balls': 1, 'unclaimed_balls': 1, 'device': <playfield.playfield>}
2023-03-28 11:38:33,677 : INFO : EventManager : Event: ======'playfield_ball_count_change'====== Args={'balls': 1, 'change': 1}
2023-03-28 11:38:33,677 : INFO : EventManager : Event: ======'balldevice_bd_plunger_ball_count_changed'====== Args={'balls': 0}
2023-03-28 11:38:33,678 : INFO : ball_device.bd_plunger : State: idle
2023-03-28 11:38:38,606 : WARNING : SwitchController : Received duplicate switch state 0 for switch s_plunger_lane from the platform interface. Log Code: Log-SwitchController-1 (https://docs.missionpinball.org/en/0.56/logs/Log-SwitchController-1.html)
2023-03-28 11:38:39,748 : INFO : SwitchController : <<<<<<< 's_right_slingshot' active >>>>>>>
2023-03-28 11:38:39,884 : INFO : SwitchController : <<<<<<< 's_right_slingshot' inactive >>>>>>>
2023-03-28 11:38:40,206 : INFO : SwitchController : <<<<<<< 's_left_slingshot' active >>>>>>>
2023-03-28 11:38:40,327 : INFO : SwitchController : <<<<<<< 's_left_slingshot' inactive >>>>>>>
2023-03-28 11:38:40,588 : INFO : SwitchController : <<<<<<< 's_right_slingshot' active >>>>>>>
2023-03-28 11:38:40,723 : INFO : SwitchController : <<<<<<< 's_right_slingshot' inactive >>>>>>>
2023-03-28 11:38:40,935 : INFO : SwitchController : <<<<<<< 's_left_slingshot' active >>>>>>>
2023-03-28 11:38:41,096 : INFO : SwitchController : <<<<<<< 's_left_slingshot' inactive >>>>>>>
2023-03-28 11:38:41,268 : INFO : SwitchController : <<<<<<< 's_right_slingshot' active >>>>>>>
2023-03-28 11:38:41,415 : INFO : SwitchController : <<<<<<< 's_right_slingshot' inactive >>>>>>>
2023-03-28 11:38:41,514 : INFO : SwitchController : <<<<<<< 's_left_slingshot' active >>>>>>>
2023-03-28 11:38:41,699 : INFO : SwitchController : <<<<<<< 's_left_slingshot' inactive >>>>>>>
2023-03-28 11:38:41,885 : INFO : SwitchController : <<<<<<< 's_right_slingshot' active >>>>>>>
2023-03-28 11:38:42,020 : INFO : SwitchController : <<<<<<< 's_right_slingshot' inactive >>>>>>>
2023-03-28 11:38:42,182 : INFO : SwitchController : <<<<<<< 's_left_slingshot' active >>>>>>>
2023-03-28 11:38:42,391 : INFO : SwitchController : <<<<<<< 's_left_slingshot' inactive >>>>>>>
2023-03-28 11:38:42,553 : INFO : SwitchController : <<<<<<< 's_right_slingshot' active >>>>>>>
2023-03-28 11:38:42,652 : INFO : SwitchController : <<<<<<< 's_right_slingshot' inactive >>>>>>>
2023-03-28 11:38:42,801 : INFO : SwitchController : <<<<<<< 's_right_slingshot' active >>>>>>>
2023-03-28 11:38:42,888 : INFO : SwitchController : <<<<<<< 's_right_slingshot' inactive >>>>>>>
2023-03-28 11:38:43,035 : INFO : SwitchController : <<<<<<< 's_right_slingshot' active >>>>>>>
2023-03-28 11:38:43,159 : INFO : SwitchController : <<<<<<< 's_right_slingshot' inactive >>>>>>>
2023-03-28 11:38:43,295 : INFO : SwitchController : <<<<<<< 's_left_slingshot' active >>>>>>>
2023-03-28 11:38:43,431 : INFO : SwitchController : <<<<<<< 's_left_slingshot' inactive >>>>>>>
2023-03-28 11:38:43,616 : INFO : SwitchController : <<<<<<< 's_right_slingshot' active >>>>>>>
2023-03-28 11:38:43,690 : INFO : SwitchController : <<<<<<< 's_right_slingshot' inactive >>>>>>>
2023-03-28 11:38:43,852 : INFO : SwitchController : <<<<<<< 's_left_slingshot' active >>>>>>>
2023-03-28 11:38:43,975 : INFO : SwitchController : <<<<<<< 's_left_slingshot' inactive >>>>>>>
2023-03-28 11:38:43,999 : INFO : SwitchController : <<<<<<< 's_left_slingshot' active >>>>>>>
2023-03-28 11:38:44,061 : INFO : SwitchController : <<<<<<< 's_left_slingshot' inactive >>>>>>>
2023-03-28 11:38:44,172 : INFO : SwitchController : <<<<<<< 's_left_slingshot' active >>>>>>>
2023-03-28 11:38:44,319 : INFO : SwitchController : <<<<<<< 's_left_slingshot' inactive >>>>>>>
2023-03-28 11:38:44,703 : INFO : SwitchController : <<<<<<< 's_trough1' active >>>>>>>
2023-03-28 11:38:45,015 : INFO : EventManager : Event: ======'balldevice_bd_trough_ball_count_changed'====== Args={'balls': 4}
2023-03-28 11:38:45,015 : INFO : ball_device.bd_trough : Received unexpected ball
2023-03-28 11:38:45,015 : INFO : EventManager : Event: ======'balldevice_captured_from_playfield'====== Args={'balls': 1}
2023-03-28 11:38:45,016 : INFO : EventManager : Event: ======'sw_playfield_active'====== Args={'balls': 1}
2023-03-28 11:38:45,016 : INFO : EventManager : Event: ======'playfield_ball_count_change'====== Args={'balls': 0, 'change': -1}
2023-03-28 11:38:45,017 : INFO : EventManager : Event: ======'balldevice_bd_trough_ball_enter'====== Args={'new_balls': 1, 'unclaimed_balls': 1, 'new_available_balls': 1, 'device': <ball_device.bd_trough>}
2023-03-28 11:38:45,017 : INFO : EventManager : Event: ======'ball_drain'====== Args={'device': <ball_device.bd_trough>, 'balls': 1}
2023-03-28 11:38:45,018 : INFO : EventManager : Event: ======'balldevice_balls_available'====== Args={}
2023-03-28 11:38:45,018 : INFO : EventManager : Event: ======'balldevice_bd_trough_ball_entered'====== Args={'new_balls': 1, 'device': <ball_device.bd_trough>}
2023-03-28 11:38:48,096 : INFO : SwitchController : <<<<<<< 's_trough4' inactive >>>>>>>
2023-03-28 11:38:48,120 : INFO : SwitchController : <<<<<<< 's_trough3' inactive >>>>>>>
2023-03-28 11:38:48,182 : INFO : SwitchController : <<<<<<< 's_trough2' inactive >>>>>>>
2023-03-28 11:38:48,244 : INFO : SwitchController : <<<<<<< 's_trough1' inactive >>>>>>>
2023-03-28 11:38:48,654 : INFO : SwitchController : <<<<<<< 's_trough3' active >>>>>>>
2023-03-28 11:38:48,654 : INFO : SwitchController : <<<<<<< 's_trough2' active >>>>>>>
2023-03-28 11:38:48,764 : INFO : SwitchController : <<<<<<< 's_trough4' active >>>>>>>
2023-03-28 11:38:49,249 : INFO : SwitchController : <<<<<<< 's_plunger_lane' active >>>>>>>
2023-03-28 11:38:49,514 : INFO : EventManager : Event: ======'plunger_lane_checked'====== Args={}
2023-03-28 11:38:49,562 : INFO : EventManager : Event: ======'balldevice_bd_plunger_ball_count_changed'====== Args={'balls': 1}
2023-03-28 11:38:49,562 : INFO : ball_device.bd_plunger : Received unexpected ball
2023-03-28 11:38:49,562 : INFO : EventManager : Event: ======'balldevice_captured_from_playfield'====== Args={'balls': 1}
2023-03-28 11:38:49,563 : INFO : EventManager : Event: ======'sw_playfield_active'====== Args={'balls': 1}
2023-03-28 11:38:49,563 : INFO : EventManager : Event: ======'playfield_active'====== Args={}
2023-03-28 11:38:49,563 : INFO : EventManager : Event: ======'unexpected_ball_on_playfield'====== Args={}
2023-03-28 11:38:49,564 : INFO : EventManager : Event: ======'playfield_ball_count_change'====== Args={'balls': -1, 'change': -1}
2023-03-28 11:38:49,564 : INFO : EventManager : Event: ======'balldevice_bd_plunger_ball_enter'====== Args={'new_balls': 1, 'unclaimed_balls': 1, 'new_available_balls': 1, 'device': <ball_device.bd_plunger>}
2023-03-28 11:38:49,565 : INFO : ball_device.bd_plunger : Ejecting 1 unexpected balls using path deque([<ball_device.bd_plunger>, <playfield.playfield>])
2023-03-28 11:38:49,565 : INFO : EventManager : Event: ======'balldevice_balls_available'====== Args={}
2023-03-28 11:38:49,566 : INFO : EventManager : Event: ======'balldevice_balls_available'====== Args={}
2023-03-28 11:38:49,566 : INFO : EventManager : Event: ======'balldevice_bd_plunger_ball_entered'====== Args={'new_balls': 1, 'device': <ball_device.bd_plunger>}
2023-03-28 11:38:49,567 : INFO : ball_device.bd_plunger : State: waiting_for_target_ready
2023-03-28 11:38:49,567 : INFO : EventManager : Event: ======'balldevice_bd_plunger_ball_eject_attempt'====== Args={'balls': 1, 'target': <playfield.playfield>, 'source': <ball_device.bd_plunger>, 'mechanical_eject': False, 'num_attempts': 0}
2023-03-28 11:38:49,568 : INFO : ball_device.bd_plunger : State: ejecting
2023-03-28 11:38:49,568 : INFO : ball_device.bd_plunger : Ejecting ball to <playfield.playfield>
2023-03-28 11:38:49,568 : INFO : EventManager : Event: ======'balldevice_bd_plunger_ejecting_ball'====== Args={'balls': 1, 'target': <playfield.playfield>, 'source': <ball_device.bd_plunger>, 'mechanical_eject': False, 'num_attempts': 0}
2023-03-28 11:38:49,570 : INFO : ball_device.bd_plunger : Wait for ball to leave device
2023-03-28 11:38:49,571 : INFO : coil.c_plunger : Pulsing Driver for 20ms (1.0 pulse_power)
2023-03-28 11:38:49,571 : INFO : SwitchController : <<<<<<< 's_plunger_lane' inactive >>>>>>>
2023-03-28 11:38:49,571 : INFO : EventManager : Event: ======'plunger_lane_released'====== Args={}
2023-03-28 11:38:49,573 : INFO : ball_device.bd_plunger : State: ball_left
2023-03-28 11:38:49,573 : INFO : ball_device.bd_plunger : Ball left
2023-03-28 11:38:49,574 : INFO : ball_device.bd_plunger : Wait for confirm with timeout 10.0
2023-03-28 11:38:52,957 : WARNING : SwitchController : Received duplicate switch state 0 for switch s_plunger_lane from the platform interface. Log Code: Log-SwitchController-1 (https://docs.missionpinball.org/en/0.56/logs/Log-SwitchController-1.html)
2023-03-28 11:38:53,081 : INFO : SwitchController : <<<<<<< 's_plunger_lane' active >>>>>>>
2023-03-28 11:38:53,332 : INFO : EventManager : Event: ======'plunger_lane_checked'====== Args={}
2023-03-28 11:38:54,093 : INFO : EventManager : Event: ======'balldevice_bd_trough_ball_count_changed'====== Args={'balls': 3}
2023-03-28 11:38:54,094 : WARNING : ball_device.bd_trough : Ball disappeared while idle. This should not normally happen.
2023-03-28 11:38:54,094 : INFO : EventManager : Event: ======'balldevice_playfield_ball_enter'====== Args={'new_balls': 1, 'unclaimed_balls': 1, 'device': <playfield.playfield>}
2023-03-28 11:38:54,094 : INFO : EventManager : Event: ======'playfield_ball_count_change'====== Args={'balls': 0, 'change': 1}
2023-03-28 11:38:54,095 : INFO : ball_device.bd_trough : 1 ball(s) missing from device. Mechanical eject? False
2023-03-28 11:38:54,095 : INFO : EventManager : Event: ======'balldevice_bd_trough_ball_missing'====== Args={'balls': 1}
2023-03-28 11:38:54,095 : INFO : EventManager : Event: ======'balldevice_ball_missing'====== Args={'balls': 1, 'name': 'bd_trough'}
2023-03-28 11:38:59,587 : INFO : ball_device.bd_plunger : State: failed_confirm
2023-03-28 11:38:59,587 : INFO : ball_device.bd_plunger : Got timeout (10.0s) before confirm from <playfield.playfield>
2023-03-28 11:38:59,696 : INFO : ball_device.bd_plunger : Got unknown balls. Assuming a ball returned.
2023-03-28 11:38:59,696 : INFO : EventManager : Event: ======'balldevice_bd_plunger_ball_eject_failed'====== Args={'target': <playfield.playfield>, 'balls': 1, 'retry': True, 'num_attempts': 1}
2023-03-28 11:38:59,697 : INFO : ball_device.bd_plunger : State: waiting_for_target_ready
2023-03-28 11:38:59,698 : INFO : EventManager : Event: ======'balldevice_bd_plunger_ball_eject_attempt'====== Args={'balls': 1, 'target': <playfield.playfield>, 'source': <ball_device.bd_plunger>, 'mechanical_eject': False, 'num_attempts': 1}
2023-03-28 11:38:59,698 : INFO : ball_device.bd_plunger : State: ejecting
2023-03-28 11:38:59,698 : INFO : ball_device.bd_plunger : Ejecting ball to <playfield.playfield>
2023-03-28 11:38:59,698 : INFO : EventManager : Event: ======'balldevice_bd_plunger_ejecting_ball'====== Args={'balls': 1, 'target': <playfield.playfield>, 'source': <ball_device.bd_plunger>, 'mechanical_eject': False, 'num_attempts': 1}
2023-03-28 11:38:59,699 : INFO : ball_device.bd_plunger : Wait for ball to leave device
2023-03-28 11:38:59,699 : INFO : coil.c_plunger : Pulsing Driver for 20ms (1.0 pulse_power)
2023-03-28 11:38:59,699 : INFO : SwitchController : <<<<<<< 's_plunger_lane' inactive >>>>>>>
2023-03-28 11:38:59,700 : INFO : EventManager : Event: ======'plunger_lane_released'====== Args={}
2023-03-28 11:38:59,700 : INFO : ball_device.bd_plunger : State: ball_left
2023-03-28 11:38:59,700 : INFO : ball_device.bd_plunger : Ball left
2023-03-28 11:38:59,700 : INFO : ball_device.bd_plunger : Wait for confirm with timeout 10.0
2023-03-28 11:39:05,839 : INFO : SwitchController : <<<<<<< 's_trough4' inactive >>>>>>>
2023-03-28 11:39:05,876 : INFO : SwitchController : <<<<<<< 's_trough1' active >>>>>>>
2023-03-28 11:39:06,434 : WARNING : SwitchController : Received duplicate switch state 0 for switch s_plunger_lane from the platform interface. Log Code: Log-SwitchController-1 (https://docs.missionpinball.org/en/0.56/logs/Log-SwitchController-1.html)
2023-03-28 11:39:06,582 : INFO : SwitchController : <<<<<<< 's_plunger_lane' active >>>>>>>
2023-03-28 11:39:06,843 : INFO : EventManager : Event: ======'plunger_lane_checked'====== Args={}
2023-03-28 11:39:09,719 : INFO : ball_device.bd_plunger : State: failed_confirm
2023-03-28 11:39:09,719 : INFO : ball_device.bd_plunger : Got timeout (10.0s) before confirm from <playfield.playfield>
2023-03-28 11:39:09,828 : INFO : ball_device.bd_plunger : Got unknown balls. Assuming a ball returned.
2023-03-28 11:39:09,829 : INFO : EventManager : Event: ======'balldevice_bd_plunger_ball_eject_failed'====== Args={'target': <playfield.playfield>, 'balls': 1, 'retry': True, 'num_attempts': 2}
2023-03-28 11:39:09,831 : INFO : ball_device.bd_plunger : State: waiting_for_target_ready
2023-03-28 11:39:09,831 : INFO : EventManager : Event: ======'balldevice_bd_plunger_ball_eject_attempt'====== Args={'balls': 1, 'target': <playfield.playfield>, 'source': <ball_device.bd_plunger>, 'mechanical_eject': False, 'num_attempts': 2}
2023-03-28 11:39:09,832 : INFO : ball_device.bd_plunger : State: ejecting
2023-03-28 11:39:09,832 : INFO : ball_device.bd_plunger : Ejecting ball to <playfield.playfield>
2023-03-28 11:39:09,833 : INFO : EventManager : Event: ======'balldevice_bd_plunger_ejecting_ball'====== Args={'balls': 1, 'target': <playfield.playfield>, 'source': <ball_device.bd_plunger>, 'mechanical_eject': False, 'num_attempts': 2}
2023-03-28 11:39:09,836 : INFO : ball_device.bd_plunger : Wait for ball to leave device
2023-03-28 11:39:09,836 : INFO : coil.c_plunger : Pulsing Driver for 20ms (1.0 pulse_power)
2023-03-28 11:39:09,837 : INFO : SwitchController : <<<<<<< 's_plunger_lane' inactive >>>>>>>
2023-03-28 11:39:09,837 : INFO : EventManager : Event: ======'plunger_lane_released'====== Args={}
2023-03-28 11:39:09,838 : INFO : ball_device.bd_plunger : State: ball_left
2023-03-28 11:39:09,839 : INFO : ball_device.bd_plunger : Ball left
2023-03-28 11:39:09,839 : INFO : ball_device.bd_plunger : Wait for confirm with timeout 10.0
2023-03-28 11:39:13,889 : WARNING : SwitchController : Received duplicate switch state 0 for switch s_plunger_lane from the platform interface. Log Code: Log-SwitchController-1 (https://docs.missionpinball.org/en/0.56/logs/Log-SwitchController-1.html)
2023-03-28 11:39:14,485 : INFO : SwitchController : <<<<<<< 's_right_slingshot' active >>>>>>>
2023-03-28 11:39:14,584 : INFO : SwitchController : <<<<<<< 's_right_slingshot' inactive >>>>>>>
2023-03-28 11:39:14,744 : INFO : SwitchController : <<<<<<< 's_left_slingshot' active >>>>>>>
2023-03-28 11:39:14,880 : INFO : SwitchController : <<<<<<< 's_left_slingshot' inactive >>>>>>>
2023-03-28 11:39:15,004 : INFO : SwitchController : <<<<<<< 's_right_slingshot' active >>>>>>>
2023-03-28 11:39:15,089 : INFO : SwitchController : <<<<<<< 's_right_slingshot' inactive >>>>>>>
2023-03-28 11:39:15,225 : INFO : SwitchController : <<<<<<< 's_left_slingshot' active >>>>>>>
2023-03-28 11:39:15,349 : INFO : SwitchController : <<<<<<< 's_left_slingshot' inactive >>>>>>>
2023-03-28 11:39:15,398 : INFO : SwitchController : <<<<<<< 's_right_slingshot' active >>>>>>>
2023-03-28 11:39:15,497 : INFO : SwitchController : <<<<<<< 's_right_slingshot' inactive >>>>>>>
2023-03-28 11:39:15,622 : INFO : SwitchController : <<<<<<< 's_left_slingshot' active >>>>>>>
2023-03-28 11:39:15,745 : INFO : SwitchController : <<<<<<< 's_left_slingshot' inactive >>>>>>>
2023-03-28 11:39:15,817 : INFO : SwitchController : <<<<<<< 's_right_slingshot' active >>>>>>>
2023-03-28 11:39:15,918 : INFO : SwitchController : <<<<<<< 's_right_slingshot' inactive >>>>>>>
2023-03-28 11:39:16,017 : INFO : SwitchController : <<<<<<< 's_left_slingshot' active >>>>>>>
2023-03-28 11:39:16,140 : INFO : SwitchController : <<<<<<< 's_left_slingshot' inactive >>>>>>>
2023-03-28 11:39:16,227 : INFO : SwitchController : <<<<<<< 's_right_slingshot' active >>>>>>>
2023-03-28 11:39:16,301 : INFO : SwitchController : <<<<<<< 's_right_slingshot' inactive >>>>>>>
2023-03-28 11:39:16,413 : INFO : SwitchController : <<<<<<< 's_left_slingshot' active >>>>>>>
2023-03-28 11:39:16,498 : INFO : SwitchController : <<<<<<< 's_left_slingshot' inactive >>>>>>>
2023-03-28 11:39:16,585 : INFO : SwitchController : <<<<<<< 's_right_slingshot' active >>>>>>>
2023-03-28 11:39:16,658 : INFO : SwitchController : <<<<<<< 's_right_slingshot' inactive >>>>>>>
2023-03-28 11:39:16,707 : INFO : SwitchController : <<<<<<< 's_left_slingshot' active >>>>>>>
2023-03-28 11:39:16,794 : INFO : SwitchController : <<<<<<< 's_left_slingshot' inactive >>>>>>>
2023-03-28 11:39:16,855 : INFO : SwitchController : <<<<<<< 's_right_slingshot' active >>>>>>>
2023-03-28 11:39:16,929 : INFO : SwitchController : <<<<<<< 's_right_slingshot' inactive >>>>>>>
2023-03-28 11:39:16,991 : INFO : SwitchController : <<<<<<< 's_left_slingshot' active >>>>>>>
2023-03-28 11:39:17,066 : INFO : SwitchController : <<<<<<< 's_left_slingshot' inactive >>>>>>>
2023-03-28 11:39:17,127 : INFO : SwitchController : <<<<<<< 's_right_slingshot' active >>>>>>>
2023-03-28 11:39:17,188 : INFO : SwitchController : <<<<<<< 's_right_slingshot' inactive >>>>>>>
2023-03-28 11:39:17,262 : INFO : SwitchController : <<<<<<< 's_left_slingshot' active >>>>>>>
2023-03-28 11:39:17,323 : INFO : SwitchController : <<<<<<< 's_left_slingshot' inactive >>>>>>>
2023-03-28 11:39:17,360 : INFO : SwitchController : <<<<<<< 's_right_slingshot' active >>>>>>>
2023-03-28 11:39:17,434 : INFO : SwitchController : <<<<<<< 's_right_slingshot' inactive >>>>>>>
2023-03-28 11:39:17,519 : INFO : SwitchController : <<<<<<< 's_left_slingshot' active >>>>>>>
2023-03-28 11:39:17,581 : INFO : SwitchController : <<<<<<< 's_left_slingshot' inactive >>>>>>>
2023-03-28 11:39:17,667 : INFO : SwitchController : <<<<<<< 's_right_slingshot' active >>>>>>>
2023-03-28 11:39:17,742 : INFO : SwitchController : <<<<<<< 's_right_slingshot' inactive >>>>>>>
2023-03-28 11:39:17,816 : INFO : SwitchController : <<<<<<< 's_left_slingshot' active >>>>>>>
2023-03-28 11:39:17,889 : INFO : SwitchController : <<<<<<< 's_left_slingshot' inactive >>>>>>>
2023-03-28 11:39:17,977 : INFO : SwitchController : <<<<<<< 's_right_slingshot' active >>>>>>>
2023-03-28 11:39:18,038 : INFO : SwitchController : <<<<<<< 's_right_slingshot' inactive >>>>>>>
2023-03-28 11:39:18,123 : INFO : SwitchController : <<<<<<< 's_left_slingshot' active >>>>>>>
2023-03-28 11:39:18,235 : INFO : SwitchController : <<<<<<< 's_left_slingshot' inactive >>>>>>>
2023-03-28 11:39:19,860 : INFO : ball_device.bd_plunger : State: failed_confirm
2023-03-28 11:39:19,860 : INFO : ball_device.bd_plunger : Got timeout (10.0s) before confirm from <playfield.playfield>
2023-03-28 11:39:19,970 : INFO : ball_device.bd_plunger : Confirming eject because target is playfield and ball did not return.
2023-03-28 11:39:19,970 : INFO : ball_device.bd_plunger : Eject successful
2023-03-28 11:39:19,970 : INFO : EventManager : Event: ======'balldevice_bd_plunger_ball_eject_success'====== Args={'balls': 1, 'target': <playfield.playfield>}
2023-03-28 11:39:19,970 : INFO : EventManager : Event: ======'balldevice_playfield_ball_enter'====== Args={'new_balls': 1, 'unclaimed_balls': 1, 'device': <playfield.playfield>}
2023-03-28 11:39:19,970 : INFO : EventManager : Event: ======'playfield_ball_count_change'====== Args={'balls': 1, 'change': 1}
2023-03-28 11:39:19,971 : INFO : EventManager : Event: ======'balldevice_bd_plunger_ball_count_changed'====== Args={'balls': 0}
2023-03-28 11:39:19,971 : INFO : ball_device.bd_plunger : State: idle
2023-03-28 11:39:26,521 : INFO : SwitchController : <<<<<<< 's_left_slingshot' active >>>>>>>
2023-03-28 11:39:26,633 : INFO : SwitchController : <<<<<<< 's_left_slingshot' inactive >>>>>>>
2023-03-28 11:39:31,532 : INFO : SwitchController : <<<<<<< 's_right_slingshot' active >>>>>>>
2023-03-28 11:39:31,655 : INFO : SwitchController : <<<<<<< 's_right_slingshot' inactive >>>>>>>
2023-03-28 11:39:33,605 : INFO : SwitchController : <<<<<<< 's_left_slingshot' active >>>>>>>
2023-03-28 11:39:33,679 : INFO : SwitchController : <<<<<<< 's_left_slingshot' inactive >>>>>>>
2023-03-28 11:39:34,751 : INFO : SwitchController : <<<<<<< 's_trough3' inactive >>>>>>>
2023-03-28 11:39:34,752 : INFO : SwitchController : <<<<<<< 's_trough2' inactive >>>>>>>
2023-03-28 11:39:34,752 : INFO : SwitchController : <<<<<<< 's_trough1' inactive >>>>>>>
2023-03-28 11:39:40,275 : INFO : EventManager : Event: ======'balldevice_bd_trough_ball_count_changed'====== Args={'balls': 0}
2023-03-28 11:39:40,276 : WARNING : ball_device.bd_trough : Ball disappeared while idle. This should not normally happen.
2023-03-28 11:39:40,276 : INFO : EventManager : Event: ======'balldevice_playfield_ball_enter'====== Args={'new_balls': 1, 'unclaimed_balls': 1, 'device': <playfield.playfield>}
2023-03-28 11:39:40,277 : INFO : EventManager : Event: ======'playfield_ball_count_change'====== Args={'balls': 2, 'change': 1}
2023-03-28 11:39:40,277 : INFO : ball_device.bd_trough : 1 ball(s) missing from device. Mechanical eject? False
2023-03-28 11:39:40,278 : INFO : EventManager : Event: ======'balldevice_bd_trough_ball_missing'====== Args={'balls': 1}
2023-03-28 11:39:40,278 : INFO : EventManager : Event: ======'balldevice_ball_missing'====== Args={'balls': 1, 'name': 'bd_trough'}
2023-03-28 11:39:40,279 : WARNING : ball_device.bd_trough : Ball disappeared while idle. This should not normally happen.
2023-03-28 11:39:40,279 : INFO : EventManager : Event: ======'balldevice_playfield_ball_enter'====== Args={'new_balls': 1, 'unclaimed_balls': 1, 'device': <playfield.playfield>}
2023-03-28 11:39:40,280 : INFO : EventManager : Event: ======'playfield_ball_count_change'====== Args={'balls': 3, 'change': 1}
2023-03-28 11:39:40,280 : INFO : ball_device.bd_trough : 1 ball(s) missing from device. Mechanical eject? False
2023-03-28 11:39:40,281 : INFO : EventManager : Event: ======'balldevice_bd_trough_ball_missing'====== Args={'balls': 1}
2023-03-28 11:39:40,281 : INFO : EventManager : Event: ======'balldevice_ball_missing'====== Args={'balls': 1, 'name': 'bd_trough'}
2023-03-28 11:39:40,282 : WARNING : ball_device.bd_trough : Ball disappeared while idle. This should not normally happen.
2023-03-28 11:39:40,282 : INFO : EventManager : Event: ======'balldevice_playfield_ball_enter'====== Args={'new_balls': 1, 'unclaimed_balls': 1, 'device': <playfield.playfield>}
2023-03-28 11:39:40,283 : INFO : EventManager : Event: ======'playfield_ball_count_change'====== Args={'balls': 4, 'change': 1}
2023-03-28 11:39:40,283 : INFO : ball_device.bd_trough : 1 ball(s) missing from device. Mechanical eject? False
2023-03-28 11:39:40,283 : INFO : EventManager : Event: ======'balldevice_bd_trough_ball_missing'====== Args={'balls': 1}
2023-03-28 11:39:40,285 : INFO : EventManager : Event: ======'balldevice_ball_missing'====== Args={'balls': 1, 'name': 'bd_trough'}
2023-03-28 11:39:41,667 : INFO : Machine : Shutting down...
2023-03-28 11:39:41,667 : INFO : EventManager : Event: ======'shutdown'====== Args={}
2023-03-28 11:39:41,682 : INFO : root : MPF run loop ended.
