2023-04-14 11:07:51,124 : kivy : Factory: 186 symbols loaded
2023-04-14 11:07:51,252 : kivy : ImageLoaderFFPy: Using ffpyplayer 4.3.2
2023-04-14 11:07:51,252 : kivy : Image: Providers: img_tex, img_dds, img_sdl2, img_ffpyplayer (img_pil ignored)
2023-04-14 11:07:51,298 : kivy : VideoGstplayer: Using Gstreamer 1.18.0.0
2023-04-14 11:07:51,298 : kivy : Video: Provider: gstplayer
2023-04-14 11:07:51,470 : kivy : Loading MPF-MC controller
2023-04-14 11:07:51,474 : YamlMultifileConfigLoader : Machine config file #1: config
2023-04-14 11:07:51,474 : ConfigProcessor : Config file in cache changed: C:\Users\digidev\source\Pinball_Three-Amigos\config\config
2023-04-14 11:07:51,475 : ConfigProcessor : Loading config from file c:\users\digidev\appdata\local\programs\python\python37\lib\site-packages\mpfmc\mcconfig.yaml.
2023-04-14 11:07:51,520 : ConfigProcessor : Loading config: c:\users\digidev\appdata\local\programs\python\python37\lib\site-packages\mpfmc\mcconfig.yaml
2023-04-14 11:07:51,521 : ConfigProcessor : Loading config from file C:\Users\digidev\source\Pinball_Three-Amigos\config\config.
2023-04-14 11:07:51,523 : ConfigProcessor : Loading config: C:\Users\digidev\source\Pinball_Three-Amigos\config\config
2023-04-14 11:07:51,555 : ConfigProcessor : Loading config: C:\Users\digidev\source\Pinball_Three-Amigos\config\hardware.yaml
2023-04-14 11:07:51,562 : ConfigProcessor : Loading config: C:\Users\digidev\source\Pinball_Three-Amigos\config\keyboard.yaml
2023-04-14 11:07:51,564 : ConfigProcessor : Config file cache created: C:\Users\digidev\AppData\Local\Temp\1322f858a8d936a9f32e7eaa793b1769.mpf_cache
2023-04-14 11:07:51,564 : ConfigProcessor : Loading config from cache: C:\Users\digidev\AppData\Local\Temp\e10c931dc18d80379143a09443f0855e.mpf_cache
2023-04-14 11:07:51,565 : ConfigProcessor : Loading config from cache: C:\Users\digidev\AppData\Local\Temp\dfc215c2101357f1268429d195cf05eb.mpf_cache
2023-04-14 11:07:51,565 : mpfmc : Mission Pinball Framework Media Controller v0.55.0
2023-04-14 11:07:51,565 : mpfmc : Mission Pinball Framework Game Engine v0.55.0
2023-04-14 11:07:51,566 : mpfmc : Machine path: C:\Users\digidev\source\Pinball_Three-Amigos
2023-04-14 11:07:51,566 : mpfmc : Starting clock at 60.0Hz
2023-04-14 11:07:51,581 : kivy : Text: Provider: sdl2
2023-04-14 11:07:51,636 : kivy : Window: Provider: sdl2
2023-04-14 11:07:51,749 : kivy : GL: Using the "OpenGL" graphics system
2023-04-14 11:07:51,751 : kivy : GL: GLEW initialization succeeded
2023-04-14 11:07:51,751 : kivy : GL: Backend used <glew>
2023-04-14 11:07:51,751 : kivy : GL: OpenGL version <b'4.3.0 - Build 20.19.15.4531'>
2023-04-14 11:07:51,752 : kivy : GL: OpenGL vendor <b'Intel'>
2023-04-14 11:07:51,752 : kivy : GL: OpenGL renderer <b'Intel(R) HD Graphics 4600'>
2023-04-14 11:07:51,752 : kivy : GL: OpenGL parsed version: 4, 3
2023-04-14 11:07:51,752 : kivy : GL: Shading version <b'4.30 - Build 20.19.15.4531'>
2023-04-14 11:07:51,752 : kivy : GL: Texture max size <16384>
2023-04-14 11:07:51,752 : kivy : GL: Texture max units <32>
2023-04-14 11:07:51,779 : kivy : Window: auto add sdl2 input provider
2023-04-14 11:07:51,779 : kivy : Window: virtual keyboard not allowed, single mode, not docked
2023-04-14 11:07:51,791 : SoundSystem : SoundSystem: Using default 'sound_system' settings
2023-04-14 11:07:52,058 : AudioInterface : Initialized
2023-04-14 11:07:52,058 : AudioInterface : Loaded SDL 2.0.12
2023-04-14 11:07:52,058 : AudioInterface : Loaded SDL_Mixer 2.0.4
2023-04-14 11:07:52,059 : AudioInterface : Loaded GStreamer 1.18.0.0
2023-04-14 11:07:52,059 : AudioInterface : Loaded GLib 2.62.6
2023-04-14 11:07:52,059 : AudioInterface : Settings requested - rate: 44100, channels: 1, buffer: 2048 samples
2023-04-14 11:07:52,059 : AudioInterface : Settings in use - rate: 44100, channels: 1, buffer: 2048 samples (4096 bytes @ 2 bytes per sample)
2023-04-14 11:07:52,059 : SoundSystem : No audio tracks are specified in your machine config file. a track named 'default' has been created.
2023-04-14 11:07:52,059 : SoundSystem : Setting master volume to 0.0
2023-04-14 11:07:52,059 : SoundSystem : master_volume in sound_system is deprecated and will be removed in the future.
2023-04-14 11:07:52,059 : AudioInterface : Enabling audio playback
2023-04-14 11:07:52,062 : kivy : Base: Start application main loop
2023-04-14 11:07:52,062 : EventManager : Event: ======'display_window_initialized'====== Args={}
2023-04-14 11:07:52,078 : mpfmc : Display: Setting 'window' as default display
2023-04-14 11:07:52,086 : mpfmc : ASPECT RATIO MISMATCH: The on-screen window is not the same aspect ratio as the display called 'window'. The logical display will be scaled from 1366x768 to the window size 800x600, and a black bar will make up the difference
2023-04-14 11:07:52,089 : EventManager : Event: ======'displays_initialized'====== Args={}
2023-04-14 11:07:52,090 : EventManager : Event: ======'slide_window_blank_created'====== Args={}
2023-04-14 11:07:52,090 : EventManager : Event: ======'display_window_ready'====== Args={}
2023-04-14 11:07:52,103 : EventManager : Event: ======'init_phase_1'====== Args={}
2023-04-14 11:07:52,107 : EventManager : Event: ======'mc_ready'====== Args={}
2023-04-14 11:07:52,107 : EventManager : Event: ======'init_phase_2'====== Args={}
2023-04-14 11:07:52,108 : EventManager : Event: ======'init_phase_3'====== Args={}
2023-04-14 11:07:52,109 : EventManager : Event: ======'init_phase_4'====== Args={}
2023-04-14 11:07:52,109 : EventManager : Event: ======'init_phase_5'====== Args={}
2023-04-14 11:07:52,129 : kivy : GL: NPOT texture support is available
2023-04-14 11:07:52,137 : kivy : GL: Unpack subimage support is available
2023-04-14 11:07:52,144 : EventManager : Event: ======'loading_assets'====== Args={'total': 1, 'loaded': 1, 'remaining': 0, 'percent': 100}
2023-04-14 11:07:52,145 : AssetManager : Asset loading took: 0.08495068550109863
2023-04-14 11:07:52,145 : EventManager : Event: ======'asset_loading_complete'====== Args={}
2023-04-14 11:07:52,145 : AssetManager : Loading assets: 1/1 (100%)
2023-04-14 11:07:52,145 : EventManager : Event: ======'init_done'====== Args={}
2023-04-14 11:07:52,145 : MPF-MC BCP Server : Starting up on localhost port 5050
2023-04-14 11:07:52,149 : MPF-MC BCP Server : Waiting for a connection...
2023-04-14 11:07:52,150 : mpfmc : SlidePlayer: Play called with settings={'slides': {welcome_slide-None-None: {'priority': None, 'target': None, 'background_color': [0.0, 0.0, 0.0, 1.0], 'show': True, 'force': False, 'expire': None, 'slide': None, 'tokens': {}, 'action': 'play', 'transition': None, 'transition_out': None}}}
2023-04-14 11:07:52,152 : EventManager : Event: ======'slide_welcome_slide_created'====== Args={}
2023-04-14 11:07:52,153 : EventManager : Event: ======'slide_welcome_slide_active'====== Args={}
2023-04-14 11:07:52,157 : EventManager : Event: ======'client_disconnected'====== Args={'host': '127.0.0.1', 'port': 5050}
2023-04-14 11:07:53,182 : MPF-MC BCP Server : Received connection from: 127.0.0.1:53614
2023-04-14 11:07:53,190 : EventManager : Event: ======'client_connected'====== Args={'host': '127.0.0.1', 'port': 53614}
2023-04-14 11:07:53,214 : EventManager : Event: ======'machine_var_credits_string'====== Args={'value': 'FREE PLAY', 'prev_value': None, 'change': True}
2023-04-14 11:07:53,214 : EventManager : Event: ======'machine_var_master_volume'====== Args={'value': 0.5, 'prev_value': None, 'change': True}
2023-04-14 11:07:53,214 : EventManager : Event: ======'machine_var_mpf_version'====== Args={'value': 'MPF v0.55.0', 'prev_value': None, 'change': True}
2023-04-14 11:07:53,214 : EventManager : Event: ======'machine_var_mpf_extended_version'====== Args={'value': 'MPF v0.55.0, Config version:5, Show version: 5, BCP version:1.1', 'prev_value': None, 'change': True}
2023-04-14 11:07:53,215 : EventManager : Event: ======'machine_var_python_version'====== Args={'value': '3.7.9', 'prev_value': None, 'change': True}
2023-04-14 11:07:53,215 : EventManager : Event: ======'machine_var_platform'====== Args={'value': 'Windows-10-10.0.19041-SP0', 'prev_value': None, 'change': True}
2023-04-14 11:07:53,215 : EventManager : Event: ======'machine_var_platform_system'====== Args={'value': 'Windows', 'prev_value': None, 'change': True}
2023-04-14 11:07:53,216 : EventManager : Event: ======'machine_var_platform_release'====== Args={'value': '10', 'prev_value': None, 'change': True}
2023-04-14 11:07:53,216 : EventManager : Event: ======'machine_var_platform_version'====== Args={'value': '10.0.19041', 'prev_value': None, 'change': True}
2023-04-14 11:07:53,216 : EventManager : Event: ======'machine_var_platform_machine'====== Args={'value': 'AMD64', 'prev_value': None, 'change': True}
2023-04-14 11:07:53,217 : EventManager : Event: ======'machine_var_mc_version'====== Args={'value': 'MPF-MC v0.55.0', 'prev_value': None, 'change': True}
2023-04-14 11:07:53,217 : EventManager : Event: ======'machine_var_mc_extended_version'====== Args={'value': 'MPF-MC v0.55.0 (config_version=5, BCP v1.1, Requires MPF v0.55.0-dev.49)', 'prev_value': None, 'change': True}
2023-04-14 11:07:53,218 : EventManager : Event: ======'machine_var_audits_switches_s_left_flipper'====== Args={'value': 0, 'prev_value': None, 'change': True}
2023-04-14 11:07:53,218 : EventManager : Event: ======'machine_var_audits_switches_s_right_flipper'====== Args={'value': 0, 'prev_value': None, 'change': True}
2023-04-14 11:07:53,218 : SoundSystem : Setting master volume to 0.5
2023-04-14 11:07:53,227 : EventManager : Event: ======'machine_var_audits_switches_s_trough1'====== Args={'value': 0, 'prev_value': None, 'change': True}
2023-04-14 11:07:53,227 : EventManager : Event: ======'machine_var_audits_switches_s_trough2'====== Args={'value': 0, 'prev_value': None, 'change': True}
2023-04-14 11:07:53,228 : EventManager : Event: ======'machine_var_audits_switches_s_trough3'====== Args={'value': 0, 'prev_value': None, 'change': True}
2023-04-14 11:07:53,228 : EventManager : Event: ======'machine_var_audits_switches_s_trough4'====== Args={'value': 0, 'prev_value': None, 'change': True}
2023-04-14 11:07:53,228 : EventManager : Event: ======'machine_var_audits_switches_s_trough_jam'====== Args={'value': 0, 'prev_value': None, 'change': True}
2023-04-14 11:07:53,229 : EventManager : Event: ======'machine_var_audits_switches_s_plunger_lane'====== Args={'value': 0, 'prev_value': None, 'change': True}
2023-04-14 11:07:53,229 : EventManager : Event: ======'machine_var_audits_switches_s_start'====== Args={'value': 0, 'prev_value': None, 'change': True}
2023-04-14 11:07:53,229 : EventManager : Event: ======'machine_var_audits_switches_s_left_slingshot'====== Args={'value': 0, 'prev_value': None, 'change': True}
2023-04-14 11:07:53,229 : EventManager : Event: ======'machine_var_audits_switches_s_right_slingshot'====== Args={'value': 0, 'prev_value': None, 'change': True}
2023-04-14 11:07:53,229 : EventManager : Event: ======'machine_var_audits_switches_s_drop_target_left'====== Args={'value': 0, 'prev_value': None, 'change': True}
2023-04-14 11:07:53,230 : EventManager : Event: ======'machine_var_audits_switches_s_drop_target_middle'====== Args={'value': 0, 'prev_value': None, 'change': True}
2023-04-14 11:07:53,230 : EventManager : Event: ======'machine_var_audits_switches_s_drop_target_right'====== Args={'value': 0, 'prev_value': None, 'change': True}
2023-04-14 11:07:53,230 : EventManager : Event: ======'machine_var_audits_switches_s_tilt'====== Args={'value': 0, 'prev_value': None, 'change': True}
2023-04-14 11:07:53,230 : EventManager : Event: ======'machine_var_audits_events_game_started'====== Args={'value': 0, 'prev_value': None, 'change': True}
2023-04-14 11:07:53,230 : EventManager : Event: ======'machine_var_audits_events_game_ended'====== Args={'value': 0, 'prev_value': None, 'change': True}
2023-04-14 11:07:53,231 : EventManager : Event: ======'machine_var_audits_player_score'====== Args={'value': {'top': [], 'average': 0, 'total': 0}, 'prev_value': None, 'change': True}
2023-04-14 11:07:53,239 : EventManager : Event: ======'slides_play'====== Args={'settings': {'welcome_slide': {'target': None, 'background_color': [0.0, 0.0, 0.0, 1.0], 'priority': None, 'show': True, 'force': False, 'expire': None, 'slide': None, 'tokens': {}, 'action': 'play'}}, 'context': '_global', 'calling_context': 'init_done', 'priority': 0}
2023-04-14 11:07:53,239 : EventManager : Event: ======'mc_reset_phase_1'====== Args={}
2023-04-14 11:07:53,239 : mpfmc : SlidePlayer: Play called with settings={'welcome_slide': {'target': None, 'background_color': [0.0, 0.0, 0.0, 1.0], 'priority': None, 'show': True, 'force': False, 'expire': None, 'slide': None, 'tokens': {}, 'action': 'play'}}
2023-04-14 11:07:53,240 : EventManager : Event: ======'slide_welcome_slide_removed'====== Args={}
2023-04-14 11:07:53,243 : EventManager : Event: ======'slide_welcome_slide_created'====== Args={}
2023-04-14 11:07:53,244 : EventManager : Event: ======'mc_reset_phase_2'====== Args={}
2023-04-14 11:07:53,244 : EventManager : Event: ======'mc_reset_phase_3'====== Args={}
2023-04-14 11:07:53,244 : EventManager : Event: ======'mc_reset_complete'====== Args={}
2023-04-14 11:07:53,245 : EventManager : Event: ======'slide_welcome_slide_active'====== Args={}
2023-04-14 11:07:53,262 : EventManager : Event: ======'slides_play'====== Args={'settings': {'attract_started': {'target': None, 'background_color': [0.0, 0.0, 0.0, 1.0], 'priority': None, 'show': True, 'force': False, 'expire': None, 'slide': None, 'tokens': {}, 'action': 'play'}}, 'context': '_global', 'calling_context': 'mode_attract_started', 'priority': 0}
2023-04-14 11:07:53,262 : mpfmc : SlidePlayer: Play called with settings={'attract_started': {'target': None, 'background_color': [0.0, 0.0, 0.0, 1.0], 'priority': None, 'show': True, 'force': False, 'expire': None, 'slide': None, 'tokens': {}, 'action': 'play'}}
2023-04-14 11:07:53,273 : EventManager : Event: ======'slide_attract_started_created'====== Args={}
2023-04-14 11:07:53,275 : EventManager : Event: ======'slide_attract_started_active'====== Args={}
2023-04-14 11:08:15,383 : kivy : Base: Leaving application in progress...
2023-04-14 11:08:15,383 : mpfmc : Stopping...
2023-04-14 11:08:15,383 : EventManager : Event: ======'shutdown'====== Args={}
2023-04-14 11:08:15,383 : AudioInterface : Disabling audio playback
2023-04-14 11:08:15,537 : mpfmc : Loop rate 51.76 Hz
2023-04-14 11:08:15,537 : kivy : MC run loop ended.
2023-04-14 11:08:15,538 : kivy : Stopping child threads... (3 remaining)
2023-04-14 11:08:16,271 : mpfmc : Stopping...
2023-04-14 11:08:16,271 : EventManager : Event: ======'shutdown'====== Args={}
2023-04-14 11:08:16,272 : mpfmc : Loop rate 50.18 Hz
2023-04-14 11:08:16,289 : MPF-MC BCP Server : Stopping BCP sending thread
2023-04-14 11:08:16,342 : kivy : All child threads stopped.
