2023-03-26 14:47:05,680 : INFO : root : Loading config.
2023-03-26 14:47:05,680 : INFO : YamlMultifileConfigLoader : Machine config file #1: config.yaml
2023-03-26 14:47:05,680 : INFO : ConfigProcessor : Loading config from cache: C:\Users\digidev\AppData\Local\Temp\207a4012de915441e2519cedb288d8b5.mpf_cache
2023-03-26 14:47:05,805 : INFO : ConfigProcessor : Loading config from cache: C:\Users\digidev\AppData\Local\Temp\ae663e8f24481bd52f7f5e9610d87d3b.mpf_cache
2023-03-26 14:47:05,805 : INFO : ConfigProcessor : Loading config from cache: C:\Users\digidev\AppData\Local\Temp\d7dbd5ece0283f90787e254e6a383d33.mpf_cache
2023-03-26 14:47:05,805 : INFO : Machine : Mission Pinball Framework Core Engine v0.56.0
2023-03-26 14:47:05,805 : INFO : Machine : Command line arguments: {'no_load_cache': False, 'create_config_cache': True, 'bcp': True, 'configfile': ['config.yaml'], 'force_assets_load': False, 'jsonlogging': False, 'logfile': 'logs\\2023-03-26-14-47-05-mpf-DESKTOP-JGO3PQG.log', 'pause': False, 'production': False, 'text_ui': True, 'loglevel': 15, 'consoleloglevel': 20, 'force_platform': None, 'syslog_address': None, 'mc_file_name': None, 'no_sound': False}
2023-03-26 14:47:05,805 : INFO : Machine : MPF path: C:\Users\digidev\.local\pipx\venvs\mpf\lib\site-packages\mpf
2023-03-26 14:47:05,805 : INFO : Machine : Machine path: C:\Users\digidev\source\Pinball_Three-Amigos
2023-03-26 14:47:05,805 : INFO : Machine : Platform: win32
2023-03-26 14:47:05,805 : INFO : Machine : Python executable location: C:\Users\digidev\.local\pipx\venvs\mpf\Scripts\python.exe
2023-03-26 14:47:05,805 : INFO : Machine : Python version: 3.9.13 (64-bit)
2023-03-26 14:47:05,805 : INFO : Machine : Initialise MPF.
2023-03-26 14:47:06,086 : INFO : EventManager : Event: ======'machine_var_credits_string'====== Args={'value': 'FREE PLAY', 'prev_value': None, 'change': True}
2023-03-26 14:47:06,149 : INFO : EventManager : Event: ======'machine_var_master_volume'====== Args={'value': 0.5, 'prev_value': None, 'change': True}
2023-03-26 14:47:06,149 : INFO : EventManager : Event: ======'machine_var_mpf_version'====== Args={'value': 'MPF v0.56.0', 'prev_value': None, 'change': True}
2023-03-26 14:47:06,149 : INFO : EventManager : Event: ======'machine_var_mpf_extended_version'====== Args={'value': 'MPF v0.56.0, Config version:5, Show version: 5, BCP version:1.1', 'prev_value': None, 'change': True}
2023-03-26 14:47:06,149 : INFO : EventManager : Event: ======'machine_var_python_version'====== Args={'value': '3.9.13', 'prev_value': None, 'change': True}
2023-03-26 14:47:06,164 : INFO : EventManager : Event: ======'machine_var_platform'====== Args={'value': 'Windows-10-10.0.19044-SP0', 'prev_value': None, 'change': True}
2023-03-26 14:47:06,164 : INFO : EventManager : Event: ======'machine_var_platform_system'====== Args={'value': 'Windows', 'prev_value': None, 'change': True}
2023-03-26 14:47:06,164 : INFO : EventManager : Event: ======'machine_var_platform_release'====== Args={'value': '10', 'prev_value': None, 'change': True}
2023-03-26 14:47:06,164 : INFO : EventManager : Event: ======'machine_var_platform_version'====== Args={'value': '10.0.19044', 'prev_value': None, 'change': True}
2023-03-26 14:47:06,164 : INFO : EventManager : Event: ======'machine_var_platform_machine'====== Args={'value': 'AMD64', 'prev_value': None, 'change': True}
2023-03-26 14:47:06,164 : INFO : EventManager : Event: ======'init_phase_1'====== Args={}
2023-03-26 14:47:06,180 : INFO : EventManager : Event: ======'drop_target_bank_dt_bank_up'====== Args={}
2023-03-26 14:47:06,180 : INFO : EventManager : Event: ======'init_phase_2'====== Args={}
2023-03-26 14:47:06,180 : INFO : EventManager : Event: ======'bcp_connection_attempt'====== Args={'name': 'local_display', 'host': 'localhost', 'port': 5050}
2023-03-26 14:47:06,196 : INFO : BCPClientSocket : Connecting BCP to 'local_display' at localhost:5050...
2023-03-26 14:47:21,330 : INFO : BCPClientSocket : Connected BCP to 'local_display' localhost:5050
2023-03-26 14:47:21,332 : INFO : EventManager : Event: ======'bcp_clients_connected'====== Args={}
2023-03-26 14:47:21,371 : INFO : ball_device.bd_trough : BCH: Initial count: 0
2023-03-26 14:47:21,374 : INFO : EventManager : Event: ======'machine_var_mc_version'====== Args={'value': 'MPF-MC v0.56.1', 'prev_value': None, 'change': True}
2023-03-26 14:47:21,375 : INFO : EventManager : Event: ======'machine_var_mc_extended_version'====== Args={'value': 'MPF-MC v0.56.1 (config_version=5, BCP v1.1,                      Requires MPF API compatibility v0.56.0 or newer)', 'prev_value': None, 'change': True}
2023-03-26 14:47:21,381 : INFO : ball_device.bd_trough : State: idle
2023-03-26 14:47:21,447 : INFO : ball_device.bd_plunger : BCH: Initial count: 0
2023-03-26 14:47:21,448 : INFO : ball_device.bd_plunger : State: idle
2023-03-26 14:47:21,473 : INFO : EventManager : Event: ======'init_phase_3'====== Args={}
2023-03-26 14:47:21,479 : INFO : EventManager : Event: ======'init_phase_4'====== Args={}
2023-03-26 14:47:21,480 : INFO : BallController : Initial balls found: 0
2023-03-26 14:47:21,484 : INFO : EventManager : Event: ======'machine_var_audits_switches_s_left_flipper'====== Args={'value': 0, 'prev_value': None, 'change': True}
2023-03-26 14:47:21,486 : INFO : EventManager : Event: ======'machine_var_audits_switches_s_right_flipper'====== Args={'value': 0, 'prev_value': None, 'change': True}
2023-03-26 14:47:21,487 : INFO : EventManager : Event: ======'machine_var_audits_switches_s_trough1'====== Args={'value': 0, 'prev_value': None, 'change': True}
2023-03-26 14:47:21,488 : INFO : EventManager : Event: ======'machine_var_audits_switches_s_trough2'====== Args={'value': 0, 'prev_value': None, 'change': True}
2023-03-26 14:47:21,489 : INFO : EventManager : Event: ======'machine_var_audits_switches_s_trough3'====== Args={'value': 0, 'prev_value': None, 'change': True}
2023-03-26 14:47:21,490 : INFO : EventManager : Event: ======'machine_var_audits_switches_s_trough4'====== Args={'value': 0, 'prev_value': None, 'change': True}
2023-03-26 14:47:21,491 : INFO : EventManager : Event: ======'machine_var_audits_switches_s_trough_jam'====== Args={'value': 0, 'prev_value': None, 'change': True}
2023-03-26 14:47:21,492 : INFO : EventManager : Event: ======'machine_var_audits_switches_s_plunger_lane'====== Args={'value': 0, 'prev_value': None, 'change': True}
2023-03-26 14:47:21,494 : INFO : EventManager : Event: ======'machine_var_audits_switches_s_start'====== Args={'value': 0, 'prev_value': None, 'change': True}
2023-03-26 14:47:21,495 : INFO : EventManager : Event: ======'machine_var_audits_switches_s_left_slingshot'====== Args={'value': 0, 'prev_value': None, 'change': True}
2023-03-26 14:47:21,496 : INFO : EventManager : Event: ======'machine_var_audits_switches_s_right_slingshot'====== Args={'value': 0, 'prev_value': None, 'change': True}
2023-03-26 14:47:21,497 : INFO : EventManager : Event: ======'machine_var_audits_switches_s_drop_target_left'====== Args={'value': 0, 'prev_value': None, 'change': True}
2023-03-26 14:47:21,498 : INFO : EventManager : Event: ======'machine_var_audits_switches_s_drop_target_middle'====== Args={'value': 0, 'prev_value': None, 'change': True}
2023-03-26 14:47:21,500 : INFO : EventManager : Event: ======'machine_var_audits_switches_s_drop_target_right'====== Args={'value': 0, 'prev_value': None, 'change': True}
2023-03-26 14:47:21,501 : INFO : EventManager : Event: ======'machine_var_audits_switches_s_tilt'====== Args={'value': 0, 'prev_value': None, 'change': True}
2023-03-26 14:47:21,502 : INFO : EventManager : Event: ======'machine_var_audits_events_game_started'====== Args={'value': 0, 'prev_value': None, 'change': True}
2023-03-26 14:47:21,503 : INFO : EventManager : Event: ======'machine_var_audits_events_game_ended'====== Args={'value': 0, 'prev_value': None, 'change': True}
2023-03-26 14:47:21,504 : INFO : EventManager : Event: ======'machine_var_audits_player_score'====== Args={'value': {'top': [], 'average': 0, 'total': 0}, 'prev_value': None, 'change': True}
2023-03-26 14:47:21,507 : INFO : EventManager : Event: ======'init_phase_5'====== Args={}
2023-03-26 14:47:21,595 : INFO : EventManager : Event: ======'init_done'====== Args={}
2023-03-26 14:47:21,595 : INFO : EventManager : Event: ======'machine_reset_phase_1'====== Args={}
2023-03-26 14:47:21,608 : INFO : EventManager : Event: ======'machine_reset_phase_2'====== Args={}
2023-03-26 14:47:21,608 : INFO : EventManager : Event: ======'machine_reset_phase_3'====== Args={}
2023-03-26 14:47:21,610 : INFO : EventManager : Event: ======'reset_complete'====== Args={}
2023-03-26 14:47:21,610 : INFO : EventManager : Event: ======'mode_attract_will_start'====== Args={}
2023-03-26 14:47:21,612 : INFO : EventManager : Event: ======'mode_attract_starting'====== Args={}
2023-03-26 14:47:21,612 : INFO : Mode.attract : Started. Priority: 10
2023-03-26 14:47:21,612 : INFO : EventManager : Event: ======'modes_active_modes_changed'====== Args={}
2023-03-26 14:47:21,613 : INFO : EventManager : Event: ======'mode_attract_started'====== Args={}
2023-03-26 14:47:21,614 : INFO : EventManager : Event: ======'collecting_balls_complete'====== Args={}
2023-03-26 14:47:21,729 : INFO : Machine : Starting the main run loop.
2023-03-26 14:47:30,443 : INFO : SwitchController : <<<<<<< 's_left_flipper' active >>>>>>>
2023-03-26 14:47:30,552 : INFO : SwitchController : <<<<<<< 's_left_flipper' inactive >>>>>>>
2023-03-26 14:47:31,119 : INFO : SwitchController : <<<<<<< 's_left_flipper' active >>>>>>>
2023-03-26 14:47:31,294 : INFO : SwitchController : <<<<<<< 's_left_flipper' inactive >>>>>>>
2023-03-26 14:47:31,552 : INFO : SwitchController : <<<<<<< 's_left_flipper' active >>>>>>>
2023-03-26 14:47:31,675 : INFO : SwitchController : <<<<<<< 's_left_flipper' inactive >>>>>>>
2023-03-26 14:47:32,160 : INFO : SwitchController : <<<<<<< 's_left_flipper' active >>>>>>>
2023-03-26 14:47:32,233 : INFO : SwitchController : <<<<<<< 's_left_flipper' inactive >>>>>>>
2023-03-26 14:47:32,344 : INFO : SwitchController : <<<<<<< 's_left_flipper' active >>>>>>>
2023-03-26 14:47:32,406 : INFO : SwitchController : <<<<<<< 's_left_flipper' inactive >>>>>>>
2023-03-26 14:47:35,198 : INFO : SwitchController : <<<<<<< 's_left_flipper' active >>>>>>>
2023-03-26 14:47:35,346 : INFO : SwitchController : <<<<<<< 's_left_flipper' inactive >>>>>>>
2023-03-26 14:47:35,493 : INFO : SwitchController : <<<<<<< 's_left_flipper' active >>>>>>>
2023-03-26 14:47:35,604 : INFO : SwitchController : <<<<<<< 's_left_flipper' inactive >>>>>>>
2023-03-26 14:47:36,793 : INFO : SwitchController : <<<<<<< 's_left_flipper' active >>>>>>>
2023-03-26 14:47:36,928 : INFO : SwitchController : <<<<<<< 's_left_flipper' inactive >>>>>>>
2023-03-26 14:47:37,350 : INFO : SwitchController : <<<<<<< 's_left_flipper' active >>>>>>>
2023-03-26 14:47:37,486 : INFO : SwitchController : <<<<<<< 's_left_flipper' inactive >>>>>>>
2023-03-26 14:47:37,846 : INFO : SwitchController : <<<<<<< 's_left_flipper' active >>>>>>>
2023-03-26 14:47:37,981 : INFO : SwitchController : <<<<<<< 's_left_flipper' inactive >>>>>>>
2023-03-26 14:47:38,316 : INFO : SwitchController : <<<<<<< 's_left_flipper' active >>>>>>>
2023-03-26 14:47:38,489 : INFO : SwitchController : <<<<<<< 's_left_flipper' inactive >>>>>>>
2023-03-26 14:47:45,192 : INFO : SwitchController : <<<<<<< 's_left_flipper' active >>>>>>>
2023-03-26 14:47:45,241 : INFO : SwitchController : <<<<<<< 's_left_flipper' inactive >>>>>>>
2023-03-26 14:47:45,337 : INFO : SwitchController : <<<<<<< 's_left_flipper' active >>>>>>>
2023-03-26 14:47:45,410 : INFO : SwitchController : <<<<<<< 's_left_flipper' inactive >>>>>>>
2023-03-26 14:47:45,618 : INFO : SwitchController : <<<<<<< 's_left_flipper' active >>>>>>>
2023-03-26 14:47:45,716 : INFO : SwitchController : <<<<<<< 's_left_flipper' inactive >>>>>>>
2023-03-26 14:47:46,638 : INFO : SwitchController : <<<<<<< 's_left_flipper' active >>>>>>>
2023-03-26 14:47:46,675 : INFO : SwitchController : <<<<<<< 's_left_flipper' inactive >>>>>>>
2023-03-26 14:47:46,916 : INFO : SwitchController : <<<<<<< 's_left_flipper' active >>>>>>>
2023-03-26 14:47:46,946 : INFO : SwitchController : <<<<<<< 's_left_flipper' inactive >>>>>>>
2023-03-26 14:47:47,044 : INFO : SwitchController : <<<<<<< 's_left_flipper' active >>>>>>>
2023-03-26 14:47:47,081 : INFO : SwitchController : <<<<<<< 's_left_flipper' inactive >>>>>>>
2023-03-26 14:47:47,204 : INFO : SwitchController : <<<<<<< 's_left_flipper' active >>>>>>>
2023-03-26 14:47:47,234 : INFO : SwitchController : <<<<<<< 's_left_flipper' inactive >>>>>>>
2023-03-26 14:47:47,565 : INFO : SwitchController : <<<<<<< 's_left_flipper' active >>>>>>>
2023-03-26 14:47:47,626 : INFO : SwitchController : <<<<<<< 's_left_flipper' inactive >>>>>>>
2023-03-26 14:47:48,158 : INFO : SwitchController : <<<<<<< 's_left_flipper' active >>>>>>>
2023-03-26 14:47:48,234 : INFO : SwitchController : <<<<<<< 's_left_flipper' inactive >>>>>>>
2023-03-26 14:47:48,306 : INFO : SwitchController : <<<<<<< 's_left_flipper' active >>>>>>>
2023-03-26 14:47:48,331 : INFO : SwitchController : <<<<<<< 's_left_flipper' inactive >>>>>>>
2023-03-26 14:47:48,887 : INFO : SwitchController : <<<<<<< 's_left_flipper' active >>>>>>>
2023-03-26 14:47:48,930 : INFO : SwitchController : <<<<<<< 's_left_flipper' inactive >>>>>>>
2023-03-26 14:47:49,041 : INFO : SwitchController : <<<<<<< 's_left_flipper' active >>>>>>>
2023-03-26 14:47:49,089 : INFO : SwitchController : <<<<<<< 's_left_flipper' inactive >>>>>>>
2023-03-26 14:47:49,188 : INFO : SwitchController : <<<<<<< 's_left_flipper' active >>>>>>>
2023-03-26 14:47:49,225 : INFO : SwitchController : <<<<<<< 's_left_flipper' inactive >>>>>>>
2023-03-26 14:47:49,323 : INFO : SwitchController : <<<<<<< 's_left_flipper' active >>>>>>>
2023-03-26 14:47:49,371 : INFO : SwitchController : <<<<<<< 's_left_flipper' inactive >>>>>>>
2023-03-26 14:47:49,470 : INFO : SwitchController : <<<<<<< 's_left_flipper' active >>>>>>>
2023-03-26 14:47:49,519 : INFO : SwitchController : <<<<<<< 's_left_flipper' inactive >>>>>>>
2023-03-26 14:47:50,198 : INFO : SwitchController : <<<<<<< 's_start' active >>>>>>>
2023-03-26 14:47:50,259 : INFO : SwitchController : <<<<<<< 's_start' inactive >>>>>>>
2023-03-26 14:47:50,260 : INFO : EventManager : Event: ======'request_to_start_game'====== Args={}
2023-03-26 14:47:50,260 : INFO : BallController : Known balls: 0
2023-03-26 14:47:50,261 : INFO : BallController : bd_trough contains 0 balls. Tags ['trough', 'home', 'drain']
2023-03-26 14:47:50,261 : INFO : BallController : bd_plunger contains 0 balls. Tags []
2023-03-26 14:47:50,261 : INFO : BallController : playfield contains 0 balls. Tags ['default']
2023-03-26 14:47:50,261 : WARNING : BallController : BallController denies game start. Not enough balls. 0 found. 1 required
2023-03-26 14:47:50,262 : INFO : BallController : Triggering ball search.
2023-03-26 14:47:50,262 : INFO : BallSearch.playfield : Starting ball search
2023-03-26 14:47:50,262 : INFO : EventManager : Event: ======'ball_search_started'====== Args={}
2023-03-26 14:47:50,262 : INFO : EventManager : Event: ======'ball_search_phase_1'====== Args={'iteration': 1}
2023-03-26 14:47:50,263 : INFO : coil.c_left_slingshot : Pulsing Driver for 5ms (1.0 pulse_power)
2023-03-26 14:47:50,506 : INFO : coil.c_right_slingshot : Pulsing Driver for 5ms (1.0 pulse_power)
2023-03-26 14:47:50,755 : INFO : coil.c_trough_eject : Pulsing Driver for 20ms (1.0 pulse_power)
2023-03-26 14:47:50,899 : INFO : SwitchController : <<<<<<< 's_start' active >>>>>>>
2023-03-26 14:47:51,020 : INFO : coil.c_plunger : Pulsing Driver for 20ms (1.0 pulse_power)
2023-03-26 14:47:51,117 : INFO : SwitchController : <<<<<<< 's_start' inactive >>>>>>>
2023-03-26 14:47:51,117 : INFO : EventManager : Event: ======'request_to_start_game'====== Args={}
2023-03-26 14:47:51,118 : INFO : BallController : Known balls: 0
2023-03-26 14:47:51,118 : INFO : BallController : bd_trough contains 0 balls. Tags ['trough', 'home', 'drain']
2023-03-26 14:47:51,118 : INFO : BallController : bd_plunger contains 0 balls. Tags []
2023-03-26 14:47:51,119 : INFO : BallController : playfield contains 0 balls. Tags ['default']
2023-03-26 14:47:51,119 : WARNING : BallController : BallController denies game start. Not enough balls. 0 found. 1 required
2023-03-26 14:47:51,119 : INFO : BallController : Triggering ball search.
2023-03-26 14:47:51,119 : INFO : BallSearch.playfield : Stopping ball search
2023-03-26 14:47:51,119 : INFO : EventManager : Event: ======'ball_search_stopped'====== Args={}
2023-03-26 14:47:51,120 : INFO : BallSearch.playfield : Starting ball search
2023-03-26 14:47:51,120 : INFO : EventManager : Event: ======'ball_search_started'====== Args={}
2023-03-26 14:47:51,120 : INFO : EventManager : Event: ======'ball_search_phase_1'====== Args={'iteration': 1}
2023-03-26 14:47:51,120 : INFO : coil.c_left_slingshot : Pulsing Driver for 5ms (1.0 pulse_power)
2023-03-26 14:47:51,363 : INFO : coil.c_right_slingshot : Pulsing Driver for 5ms (1.0 pulse_power)
2023-03-26 14:47:51,626 : INFO : coil.c_trough_eject : Pulsing Driver for 20ms (1.0 pulse_power)
2023-03-26 14:47:51,901 : INFO : coil.c_plunger : Pulsing Driver for 20ms (1.0 pulse_power)
2023-03-26 14:47:52,162 : INFO : EventManager : Event: ======'ball_search_phase_1'====== Args={'iteration': 2}
2023-03-26 14:47:52,162 : INFO : coil.c_left_slingshot : Pulsing Driver for 5ms (1.0 pulse_power)
2023-03-26 14:47:59,877 : INFO : SwitchController : <<<<<<< 's_trough1' active >>>>>>>
2023-03-26 14:47:59,939 : INFO : SwitchController : <<<<<<< 's_trough2' active >>>>>>>
2023-03-26 14:48:00,062 : INFO : SwitchController : <<<<<<< 's_trough3' active >>>>>>>
2023-03-26 14:48:00,259 : INFO : SwitchController : <<<<<<< 's_trough4' active >>>>>>>
2023-03-26 14:48:00,580 : INFO : EventManager : Event: ======'balldevice_bd_trough_ball_count_changed'====== Args={'balls': 4}
2023-03-26 14:48:00,580 : INFO : ball_device.bd_trough : Received unexpected ball
2023-03-26 14:48:00,580 : INFO : EventManager : Event: ======'balldevice_captured_from_playfield'====== Args={'balls': 1}
2023-03-26 14:48:00,581 : INFO : EventManager : Event: ======'sw_playfield_active'====== Args={'balls': 1}
2023-03-26 14:48:00,581 : INFO : EventManager : Event: ======'playfield_active'====== Args={}
2023-03-26 14:48:00,581 : INFO : EventManager : Event: ======'unexpected_ball_on_playfield'====== Args={}
2023-03-26 14:48:00,582 : INFO : BallSearch.playfield : Stopping ball search
2023-03-26 14:48:00,582 : INFO : EventManager : Event: ======'ball_search_stopped'====== Args={}
2023-03-26 14:48:00,582 : INFO : EventManager : Event: ======'playfield_ball_count_change'====== Args={'balls': -1, 'change': -1}
2023-03-26 14:48:00,583 : INFO : EventManager : Event: ======'balldevice_playfield_ball_enter'====== Args={'new_balls': 1, 'unclaimed_balls': 1, 'device': <playfield.playfield>}
2023-03-26 14:48:00,583 : INFO : EventManager : Event: ======'playfield_ball_count_change'====== Args={'balls': 0, 'change': 1}
2023-03-26 14:48:00,583 : INFO : BallController : Found a new ball which was captured from playfield. Known balls: 1
2023-03-26 14:48:00,584 : INFO : EventManager : Event: ======'found_new_ball'====== Args={}
2023-03-26 14:48:00,584 : INFO : EventManager : Event: ======'balldevice_bd_trough_ball_enter'====== Args={'new_balls': 1, 'unclaimed_balls': 1, 'new_available_balls': 1, 'device': <ball_device.bd_trough>}
2023-03-26 14:48:00,584 : INFO : EventManager : Event: ======'ball_drain'====== Args={'device': <ball_device.bd_trough>, 'balls': 1}
2023-03-26 14:48:00,585 : INFO : EventManager : Event: ======'balldevice_balls_available'====== Args={}
2023-03-26 14:48:00,585 : INFO : EventManager : Event: ======'balldevice_bd_trough_ball_entered'====== Args={'new_balls': 1, 'device': <ball_device.bd_trough>}
2023-03-26 14:48:00,585 : INFO : ball_device.bd_trough : Received unexpected ball
2023-03-26 14:48:00,585 : INFO : EventManager : Event: ======'balldevice_captured_from_playfield'====== Args={'balls': 1}
2023-03-26 14:48:00,586 : INFO : EventManager : Event: ======'sw_playfield_active'====== Args={'balls': 1}
2023-03-26 14:48:00,586 : INFO : EventManager : Event: ======'playfield_active'====== Args={}
2023-03-26 14:48:00,586 : INFO : EventManager : Event: ======'unexpected_ball_on_playfield'====== Args={}
2023-03-26 14:48:00,586 : INFO : EventManager : Event: ======'playfield_ball_count_change'====== Args={'balls': -1, 'change': -1}
2023-03-26 14:48:00,587 : INFO : EventManager : Event: ======'balldevice_playfield_ball_enter'====== Args={'new_balls': 1, 'unclaimed_balls': 1, 'device': <playfield.playfield>}
2023-03-26 14:48:00,587 : INFO : EventManager : Event: ======'playfield_ball_count_change'====== Args={'balls': 0, 'change': 1}
2023-03-26 14:48:00,587 : INFO : BallController : Found a new ball which was captured from playfield. Known balls: 2
2023-03-26 14:48:00,588 : INFO : EventManager : Event: ======'found_new_ball'====== Args={}
2023-03-26 14:48:00,588 : INFO : EventManager : Event: ======'balldevice_bd_trough_ball_enter'====== Args={'new_balls': 1, 'unclaimed_balls': 1, 'new_available_balls': 1, 'device': <ball_device.bd_trough>}
2023-03-26 14:48:00,588 : INFO : EventManager : Event: ======'ball_drain'====== Args={'device': <ball_device.bd_trough>, 'balls': 1}
2023-03-26 14:48:00,590 : INFO : EventManager : Event: ======'balldevice_balls_available'====== Args={}
2023-03-26 14:48:00,590 : INFO : EventManager : Event: ======'balldevice_bd_trough_ball_entered'====== Args={'new_balls': 1, 'device': <ball_device.bd_trough>}
2023-03-26 14:48:00,590 : INFO : ball_device.bd_trough : Received unexpected ball
2023-03-26 14:48:00,591 : INFO : EventManager : Event: ======'balldevice_captured_from_playfield'====== Args={'balls': 1}
2023-03-26 14:48:00,591 : INFO : EventManager : Event: ======'sw_playfield_active'====== Args={'balls': 1}
2023-03-26 14:48:00,591 : INFO : EventManager : Event: ======'playfield_active'====== Args={}
2023-03-26 14:48:00,591 : INFO : EventManager : Event: ======'unexpected_ball_on_playfield'====== Args={}
2023-03-26 14:48:00,592 : INFO : EventManager : Event: ======'playfield_ball_count_change'====== Args={'balls': -1, 'change': -1}
2023-03-26 14:48:00,592 : INFO : EventManager : Event: ======'balldevice_playfield_ball_enter'====== Args={'new_balls': 1, 'unclaimed_balls': 1, 'device': <playfield.playfield>}
2023-03-26 14:48:00,593 : INFO : EventManager : Event: ======'playfield_ball_count_change'====== Args={'balls': 0, 'change': 1}
2023-03-26 14:48:00,593 : INFO : BallController : Found a new ball which was captured from playfield. Known balls: 3
2023-03-26 14:48:00,593 : INFO : EventManager : Event: ======'found_new_ball'====== Args={}
2023-03-26 14:48:00,593 : INFO : EventManager : Event: ======'balldevice_bd_trough_ball_enter'====== Args={'new_balls': 1, 'unclaimed_balls': 1, 'new_available_balls': 1, 'device': <ball_device.bd_trough>}
2023-03-26 14:48:00,594 : INFO : EventManager : Event: ======'ball_drain'====== Args={'device': <ball_device.bd_trough>, 'balls': 1}
2023-03-26 14:48:00,594 : INFO : EventManager : Event: ======'balldevice_balls_available'====== Args={}
2023-03-26 14:48:00,594 : INFO : EventManager : Event: ======'balldevice_bd_trough_ball_entered'====== Args={'new_balls': 1, 'device': <ball_device.bd_trough>}
2023-03-26 14:48:00,595 : INFO : ball_device.bd_trough : Received unexpected ball
2023-03-26 14:48:00,595 : INFO : EventManager : Event: ======'balldevice_captured_from_playfield'====== Args={'balls': 1}
2023-03-26 14:48:00,596 : INFO : EventManager : Event: ======'sw_playfield_active'====== Args={'balls': 1}
2023-03-26 14:48:00,596 : INFO : EventManager : Event: ======'playfield_active'====== Args={}
2023-03-26 14:48:00,596 : INFO : EventManager : Event: ======'unexpected_ball_on_playfield'====== Args={}
2023-03-26 14:48:00,597 : INFO : EventManager : Event: ======'playfield_ball_count_change'====== Args={'balls': -1, 'change': -1}
2023-03-26 14:48:00,597 : INFO : EventManager : Event: ======'balldevice_playfield_ball_enter'====== Args={'new_balls': 1, 'unclaimed_balls': 1, 'device': <playfield.playfield>}
2023-03-26 14:48:00,598 : INFO : EventManager : Event: ======'playfield_ball_count_change'====== Args={'balls': 0, 'change': 1}
2023-03-26 14:48:00,598 : INFO : BallController : Found a new ball which was captured from playfield. Known balls: 4
2023-03-26 14:48:00,598 : INFO : EventManager : Event: ======'found_new_ball'====== Args={}
2023-03-26 14:48:00,598 : INFO : EventManager : Event: ======'balldevice_bd_trough_ball_enter'====== Args={'new_balls': 1, 'unclaimed_balls': 1, 'new_available_balls': 1, 'device': <ball_device.bd_trough>}
2023-03-26 14:48:00,599 : INFO : EventManager : Event: ======'ball_drain'====== Args={'device': <ball_device.bd_trough>, 'balls': 1}
2023-03-26 14:48:00,599 : INFO : EventManager : Event: ======'balldevice_balls_available'====== Args={}
2023-03-26 14:48:00,599 : INFO : EventManager : Event: ======'balldevice_bd_trough_ball_entered'====== Args={'new_balls': 1, 'device': <ball_device.bd_trough>}
2023-03-26 14:48:06,172 : INFO : SwitchController : <<<<<<< 's_trough1' inactive >>>>>>>
2023-03-26 14:48:06,198 : INFO : SwitchController : <<<<<<< 's_trough2' inactive >>>>>>>
2023-03-26 14:48:06,234 : INFO : SwitchController : <<<<<<< 's_trough3' inactive >>>>>>>
2023-03-26 14:48:06,260 : INFO : SwitchController : <<<<<<< 's_trough4' inactive >>>>>>>
2023-03-26 14:48:09,120 : INFO : SwitchController : <<<<<<< 's_trough1' active >>>>>>>
2023-03-26 14:48:09,205 : INFO : SwitchController : <<<<<<< 's_trough1' inactive >>>>>>>
2023-03-26 14:48:09,753 : INFO : SwitchController : <<<<<<< 's_trough1' active >>>>>>>
2023-03-26 14:48:09,838 : INFO : SwitchController : <<<<<<< 's_trough1' inactive >>>>>>>
2023-03-26 14:48:11,770 : INFO : EventManager : Event: ======'balldevice_bd_trough_ball_count_changed'====== Args={'balls': 0}
2023-03-26 14:48:11,771 : WARNING : ball_device.bd_trough : Ball disappeared while idle. This should not normally happen.
2023-03-26 14:48:11,771 : INFO : EventManager : Event: ======'balldevice_playfield_ball_enter'====== Args={'new_balls': 1, 'unclaimed_balls': 1, 'device': <playfield.playfield>}
2023-03-26 14:48:11,771 : INFO : EventManager : Event: ======'playfield_ball_count_change'====== Args={'balls': 1, 'change': 1}
2023-03-26 14:48:11,771 : INFO : ball_device.bd_trough : 1 ball(s) missing from device. Mechanical eject? False
2023-03-26 14:48:11,772 : INFO : EventManager : Event: ======'balldevice_bd_trough_ball_missing'====== Args={'balls': 1}
2023-03-26 14:48:11,772 : INFO : EventManager : Event: ======'balldevice_ball_missing'====== Args={'balls': 1, 'name': 'bd_trough'}
2023-03-26 14:48:11,772 : WARNING : ball_device.bd_trough : Ball disappeared while idle. This should not normally happen.
2023-03-26 14:48:11,773 : INFO : EventManager : Event: ======'balldevice_playfield_ball_enter'====== Args={'new_balls': 1, 'unclaimed_balls': 1, 'device': <playfield.playfield>}
2023-03-26 14:48:11,773 : INFO : EventManager : Event: ======'playfield_ball_count_change'====== Args={'balls': 2, 'change': 1}
2023-03-26 14:48:11,773 : INFO : ball_device.bd_trough : 1 ball(s) missing from device. Mechanical eject? False
2023-03-26 14:48:11,774 : INFO : EventManager : Event: ======'balldevice_bd_trough_ball_missing'====== Args={'balls': 1}
2023-03-26 14:48:11,774 : INFO : EventManager : Event: ======'balldevice_ball_missing'====== Args={'balls': 1, 'name': 'bd_trough'}
2023-03-26 14:48:11,774 : WARNING : ball_device.bd_trough : Ball disappeared while idle. This should not normally happen.
2023-03-26 14:48:11,775 : INFO : EventManager : Event: ======'balldevice_playfield_ball_enter'====== Args={'new_balls': 1, 'unclaimed_balls': 1, 'device': <playfield.playfield>}
2023-03-26 14:48:11,775 : INFO : EventManager : Event: ======'playfield_ball_count_change'====== Args={'balls': 3, 'change': 1}
2023-03-26 14:48:11,775 : INFO : ball_device.bd_trough : 1 ball(s) missing from device. Mechanical eject? False
2023-03-26 14:48:11,775 : INFO : EventManager : Event: ======'balldevice_bd_trough_ball_missing'====== Args={'balls': 1}
2023-03-26 14:48:11,776 : INFO : EventManager : Event: ======'balldevice_ball_missing'====== Args={'balls': 1, 'name': 'bd_trough'}
2023-03-26 14:48:11,776 : WARNING : ball_device.bd_trough : Ball disappeared while idle. This should not normally happen.
2023-03-26 14:48:11,777 : INFO : EventManager : Event: ======'balldevice_playfield_ball_enter'====== Args={'new_balls': 1, 'unclaimed_balls': 1, 'device': <playfield.playfield>}
2023-03-26 14:48:11,777 : INFO : EventManager : Event: ======'playfield_ball_count_change'====== Args={'balls': 4, 'change': 1}
2023-03-26 14:48:11,777 : INFO : ball_device.bd_trough : 1 ball(s) missing from device. Mechanical eject? False
2023-03-26 14:48:11,778 : INFO : EventManager : Event: ======'balldevice_bd_trough_ball_missing'====== Args={'balls': 1}
2023-03-26 14:48:11,778 : INFO : EventManager : Event: ======'balldevice_ball_missing'====== Args={'balls': 1, 'name': 'bd_trough'}
2023-03-26 14:48:11,990 : INFO : SwitchController : <<<<<<< 's_trough2' active >>>>>>>
2023-03-26 14:48:12,004 : INFO : SwitchController : <<<<<<< 's_trough1' active >>>>>>>
2023-03-26 14:48:12,033 : INFO : SwitchController : <<<<<<< 's_trough3' active >>>>>>>
2023-03-26 14:48:12,125 : INFO : SwitchController : <<<<<<< 's_trough4' active >>>>>>>
2023-03-26 14:48:12,428 : INFO : EventManager : Event: ======'balldevice_bd_trough_ball_count_changed'====== Args={'balls': 4}
2023-03-26 14:48:12,429 : INFO : ball_device.bd_trough : Received unexpected ball
2023-03-26 14:48:12,429 : INFO : EventManager : Event: ======'balldevice_captured_from_playfield'====== Args={'balls': 1}
2023-03-26 14:48:12,430 : INFO : EventManager : Event: ======'sw_playfield_active'====== Args={'balls': 1}
2023-03-26 14:48:12,430 : INFO : EventManager : Event: ======'playfield_ball_count_change'====== Args={'balls': 3, 'change': -1}
2023-03-26 14:48:12,431 : INFO : EventManager : Event: ======'balldevice_bd_trough_ball_enter'====== Args={'new_balls': 1, 'unclaimed_balls': 1, 'new_available_balls': 1, 'device': <ball_device.bd_trough>}
2023-03-26 14:48:12,431 : INFO : EventManager : Event: ======'ball_drain'====== Args={'device': <ball_device.bd_trough>, 'balls': 1}
2023-03-26 14:48:12,432 : INFO : EventManager : Event: ======'balldevice_balls_available'====== Args={}
2023-03-26 14:48:12,432 : INFO : EventManager : Event: ======'balldevice_bd_trough_ball_entered'====== Args={'new_balls': 1, 'device': <ball_device.bd_trough>}
2023-03-26 14:48:12,432 : INFO : ball_device.bd_trough : Received unexpected ball
2023-03-26 14:48:12,433 : INFO : EventManager : Event: ======'balldevice_captured_from_playfield'====== Args={'balls': 1}
2023-03-26 14:48:12,433 : INFO : EventManager : Event: ======'sw_playfield_active'====== Args={'balls': 1}
2023-03-26 14:48:12,433 : INFO : EventManager : Event: ======'playfield_ball_count_change'====== Args={'balls': 2, 'change': -1}
2023-03-26 14:48:12,434 : INFO : EventManager : Event: ======'balldevice_bd_trough_ball_enter'====== Args={'new_balls': 1, 'unclaimed_balls': 1, 'new_available_balls': 1, 'device': <ball_device.bd_trough>}
2023-03-26 14:48:12,434 : INFO : EventManager : Event: ======'ball_drain'====== Args={'device': <ball_device.bd_trough>, 'balls': 1}
2023-03-26 14:48:12,435 : INFO : EventManager : Event: ======'balldevice_balls_available'====== Args={}
2023-03-26 14:48:12,435 : INFO : EventManager : Event: ======'balldevice_bd_trough_ball_entered'====== Args={'new_balls': 1, 'device': <ball_device.bd_trough>}
2023-03-26 14:48:12,435 : INFO : ball_device.bd_trough : Received unexpected ball
2023-03-26 14:48:12,435 : INFO : EventManager : Event: ======'balldevice_captured_from_playfield'====== Args={'balls': 1}
2023-03-26 14:48:12,436 : INFO : EventManager : Event: ======'sw_playfield_active'====== Args={'balls': 1}
2023-03-26 14:48:12,436 : INFO : EventManager : Event: ======'playfield_ball_count_change'====== Args={'balls': 1, 'change': -1}
2023-03-26 14:48:12,437 : INFO : EventManager : Event: ======'balldevice_bd_trough_ball_enter'====== Args={'new_balls': 1, 'unclaimed_balls': 1, 'new_available_balls': 1, 'device': <ball_device.bd_trough>}
2023-03-26 14:48:12,437 : INFO : EventManager : Event: ======'ball_drain'====== Args={'device': <ball_device.bd_trough>, 'balls': 1}
2023-03-26 14:48:12,438 : INFO : EventManager : Event: ======'balldevice_balls_available'====== Args={}
2023-03-26 14:48:12,438 : INFO : EventManager : Event: ======'balldevice_bd_trough_ball_entered'====== Args={'new_balls': 1, 'device': <ball_device.bd_trough>}
2023-03-26 14:48:12,438 : INFO : ball_device.bd_trough : Received unexpected ball
2023-03-26 14:48:12,439 : INFO : EventManager : Event: ======'balldevice_captured_from_playfield'====== Args={'balls': 1}
2023-03-26 14:48:12,439 : INFO : EventManager : Event: ======'sw_playfield_active'====== Args={'balls': 1}
2023-03-26 14:48:12,439 : INFO : EventManager : Event: ======'playfield_ball_count_change'====== Args={'balls': 0, 'change': -1}
2023-03-26 14:48:12,440 : INFO : EventManager : Event: ======'balldevice_bd_trough_ball_enter'====== Args={'new_balls': 1, 'unclaimed_balls': 1, 'new_available_balls': 1, 'device': <ball_device.bd_trough>}
2023-03-26 14:48:12,441 : INFO : EventManager : Event: ======'ball_drain'====== Args={'device': <ball_device.bd_trough>, 'balls': 1}
2023-03-26 14:48:12,441 : INFO : EventManager : Event: ======'balldevice_balls_available'====== Args={}
2023-03-26 14:48:12,442 : INFO : EventManager : Event: ======'balldevice_bd_trough_ball_entered'====== Args={'new_balls': 1, 'device': <ball_device.bd_trough>}
2023-03-26 14:48:13,596 : INFO : SwitchController : <<<<<<< 's_trough4' inactive >>>>>>>
2023-03-26 14:48:13,597 : INFO : SwitchController : <<<<<<< 's_trough2' inactive >>>>>>>
2023-03-26 14:48:13,597 : INFO : SwitchController : <<<<<<< 's_trough1' inactive >>>>>>>
2023-03-26 14:48:13,635 : INFO : SwitchController : <<<<<<< 's_trough3' inactive >>>>>>>
2023-03-26 14:48:15,294 : INFO : SwitchController : <<<<<<< 's_trough1' active >>>>>>>
2023-03-26 14:48:15,404 : INFO : SwitchController : <<<<<<< 's_trough2' active >>>>>>>
2023-03-26 14:48:15,477 : INFO : SwitchController : <<<<<<< 's_trough3' active >>>>>>>
2023-03-26 14:48:15,724 : INFO : SwitchController : <<<<<<< 's_trough4' active >>>>>>>
2023-03-26 14:48:20,450 : INFO : SwitchController : <<<<<<< 's_trough3' inactive >>>>>>>
2023-03-26 14:48:20,488 : INFO : SwitchController : <<<<<<< 's_trough2' inactive >>>>>>>
2023-03-26 14:48:20,488 : INFO : SwitchController : <<<<<<< 's_trough1' inactive >>>>>>>
2023-03-26 14:48:20,531 : INFO : SwitchController : <<<<<<< 's_trough4' inactive >>>>>>>
2023-03-26 14:48:26,054 : INFO : EventManager : Event: ======'balldevice_bd_trough_ball_count_changed'====== Args={'balls': 0}
2023-03-26 14:48:26,055 : WARNING : ball_device.bd_trough : Ball disappeared while idle. This should not normally happen.
2023-03-26 14:48:26,055 : INFO : EventManager : Event: ======'balldevice_playfield_ball_enter'====== Args={'new_balls': 1, 'unclaimed_balls': 1, 'device': <playfield.playfield>}
2023-03-26 14:48:26,055 : INFO : EventManager : Event: ======'playfield_ball_count_change'====== Args={'balls': 1, 'change': 1}
2023-03-26 14:48:26,056 : INFO : ball_device.bd_trough : 1 ball(s) missing from device. Mechanical eject? False
2023-03-26 14:48:26,056 : INFO : EventManager : Event: ======'balldevice_bd_trough_ball_missing'====== Args={'balls': 1}
2023-03-26 14:48:26,056 : INFO : EventManager : Event: ======'balldevice_ball_missing'====== Args={'balls': 1, 'name': 'bd_trough'}
2023-03-26 14:48:26,057 : WARNING : ball_device.bd_trough : Ball disappeared while idle. This should not normally happen.
2023-03-26 14:48:26,058 : INFO : EventManager : Event: ======'balldevice_playfield_ball_enter'====== Args={'new_balls': 1, 'unclaimed_balls': 1, 'device': <playfield.playfield>}
2023-03-26 14:48:26,058 : INFO : EventManager : Event: ======'playfield_ball_count_change'====== Args={'balls': 2, 'change': 1}
2023-03-26 14:48:26,058 : INFO : ball_device.bd_trough : 1 ball(s) missing from device. Mechanical eject? False
2023-03-26 14:48:26,058 : INFO : EventManager : Event: ======'balldevice_bd_trough_ball_missing'====== Args={'balls': 1}
2023-03-26 14:48:26,059 : INFO : EventManager : Event: ======'balldevice_ball_missing'====== Args={'balls': 1, 'name': 'bd_trough'}
2023-03-26 14:48:26,060 : WARNING : ball_device.bd_trough : Ball disappeared while idle. This should not normally happen.
2023-03-26 14:48:26,060 : INFO : EventManager : Event: ======'balldevice_playfield_ball_enter'====== Args={'new_balls': 1, 'unclaimed_balls': 1, 'device': <playfield.playfield>}
2023-03-26 14:48:26,060 : INFO : EventManager : Event: ======'playfield_ball_count_change'====== Args={'balls': 3, 'change': 1}
2023-03-26 14:48:26,061 : INFO : ball_device.bd_trough : 1 ball(s) missing from device. Mechanical eject? False
2023-03-26 14:48:26,061 : INFO : EventManager : Event: ======'balldevice_bd_trough_ball_missing'====== Args={'balls': 1}
2023-03-26 14:48:26,061 : INFO : EventManager : Event: ======'balldevice_ball_missing'====== Args={'balls': 1, 'name': 'bd_trough'}
2023-03-26 14:48:26,062 : WARNING : ball_device.bd_trough : Ball disappeared while idle. This should not normally happen.
2023-03-26 14:48:26,062 : INFO : EventManager : Event: ======'balldevice_playfield_ball_enter'====== Args={'new_balls': 1, 'unclaimed_balls': 1, 'device': <playfield.playfield>}
2023-03-26 14:48:26,062 : INFO : EventManager : Event: ======'playfield_ball_count_change'====== Args={'balls': 4, 'change': 1}
2023-03-26 14:48:26,063 : INFO : ball_device.bd_trough : 1 ball(s) missing from device. Mechanical eject? False
2023-03-26 14:48:26,063 : INFO : EventManager : Event: ======'balldevice_bd_trough_ball_missing'====== Args={'balls': 1}
2023-03-26 14:48:26,063 : INFO : EventManager : Event: ======'balldevice_ball_missing'====== Args={'balls': 1, 'name': 'bd_trough'}
2023-03-26 14:48:34,223 : INFO : SwitchController : <<<<<<< 's_trough1' active >>>>>>>
2023-03-26 14:48:34,541 : INFO : EventManager : Event: ======'balldevice_bd_trough_ball_count_changed'====== Args={'balls': 1}
2023-03-26 14:48:34,542 : INFO : ball_device.bd_trough : Received unexpected ball
2023-03-26 14:48:34,542 : INFO : EventManager : Event: ======'balldevice_captured_from_playfield'====== Args={'balls': 1}
2023-03-26 14:48:34,543 : INFO : EventManager : Event: ======'sw_playfield_active'====== Args={'balls': 1}
2023-03-26 14:48:34,543 : INFO : EventManager : Event: ======'playfield_ball_count_change'====== Args={'balls': 3, 'change': -1}
2023-03-26 14:48:34,544 : INFO : EventManager : Event: ======'balldevice_bd_trough_ball_enter'====== Args={'new_balls': 1, 'unclaimed_balls': 1, 'new_available_balls': 1, 'device': <ball_device.bd_trough>}
2023-03-26 14:48:34,544 : INFO : EventManager : Event: ======'ball_drain'====== Args={'device': <ball_device.bd_trough>, 'balls': 1}
2023-03-26 14:48:34,545 : INFO : EventManager : Event: ======'balldevice_balls_available'====== Args={}
2023-03-26 14:48:34,545 : INFO : EventManager : Event: ======'balldevice_bd_trough_ball_entered'====== Args={'new_balls': 1, 'device': <ball_device.bd_trough>}
2023-03-26 14:48:35,087 : INFO : SwitchController : <<<<<<< 's_trough2' active >>>>>>>
2023-03-26 14:48:35,395 : INFO : EventManager : Event: ======'balldevice_bd_trough_ball_count_changed'====== Args={'balls': 2}
2023-03-26 14:48:35,395 : INFO : ball_device.bd_trough : Received unexpected ball
2023-03-26 14:48:35,395 : INFO : EventManager : Event: ======'balldevice_captured_from_playfield'====== Args={'balls': 1}
2023-03-26 14:48:35,396 : INFO : EventManager : Event: ======'sw_playfield_active'====== Args={'balls': 1}
2023-03-26 14:48:35,396 : INFO : EventManager : Event: ======'playfield_ball_count_change'====== Args={'balls': 2, 'change': -1}
2023-03-26 14:48:35,397 : INFO : EventManager : Event: ======'balldevice_bd_trough_ball_enter'====== Args={'new_balls': 1, 'unclaimed_balls': 1, 'new_available_balls': 1, 'device': <ball_device.bd_trough>}
2023-03-26 14:48:35,398 : INFO : EventManager : Event: ======'ball_drain'====== Args={'device': <ball_device.bd_trough>, 'balls': 1}
2023-03-26 14:48:35,398 : INFO : EventManager : Event: ======'balldevice_balls_available'====== Args={}
2023-03-26 14:48:35,399 : INFO : EventManager : Event: ======'balldevice_bd_trough_ball_entered'====== Args={'new_balls': 1, 'device': <ball_device.bd_trough>}
2023-03-26 14:48:37,117 : INFO : SwitchController : <<<<<<< 's_trough3' active >>>>>>>
2023-03-26 14:48:37,438 : INFO : EventManager : Event: ======'balldevice_bd_trough_ball_count_changed'====== Args={'balls': 3}
2023-03-26 14:48:37,439 : INFO : ball_device.bd_trough : Received unexpected ball
2023-03-26 14:48:37,439 : INFO : EventManager : Event: ======'balldevice_captured_from_playfield'====== Args={'balls': 1}
2023-03-26 14:48:37,440 : INFO : EventManager : Event: ======'sw_playfield_active'====== Args={'balls': 1}
2023-03-26 14:48:37,440 : INFO : EventManager : Event: ======'playfield_ball_count_change'====== Args={'balls': 1, 'change': -1}
2023-03-26 14:48:37,441 : INFO : EventManager : Event: ======'balldevice_bd_trough_ball_enter'====== Args={'new_balls': 1, 'unclaimed_balls': 1, 'new_available_balls': 1, 'device': <ball_device.bd_trough>}
2023-03-26 14:48:37,441 : INFO : EventManager : Event: ======'ball_drain'====== Args={'device': <ball_device.bd_trough>, 'balls': 1}
2023-03-26 14:48:37,442 : INFO : EventManager : Event: ======'balldevice_balls_available'====== Args={}
2023-03-26 14:48:37,442 : INFO : EventManager : Event: ======'balldevice_bd_trough_ball_entered'====== Args={'new_balls': 1, 'device': <ball_device.bd_trough>}
2023-03-26 14:48:39,619 : INFO : SwitchController : <<<<<<< 's_trough4' active >>>>>>>
2023-03-26 14:48:39,927 : INFO : EventManager : Event: ======'balldevice_bd_trough_ball_count_changed'====== Args={'balls': 4}
2023-03-26 14:48:39,927 : INFO : ball_device.bd_trough : Received unexpected ball
2023-03-26 14:48:39,928 : INFO : EventManager : Event: ======'balldevice_captured_from_playfield'====== Args={'balls': 1}
2023-03-26 14:48:39,928 : INFO : EventManager : Event: ======'sw_playfield_active'====== Args={'balls': 1}
2023-03-26 14:48:39,928 : INFO : EventManager : Event: ======'playfield_ball_count_change'====== Args={'balls': 0, 'change': -1}
2023-03-26 14:48:39,929 : INFO : EventManager : Event: ======'balldevice_bd_trough_ball_enter'====== Args={'new_balls': 1, 'unclaimed_balls': 1, 'new_available_balls': 1, 'device': <ball_device.bd_trough>}
2023-03-26 14:48:39,930 : INFO : EventManager : Event: ======'ball_drain'====== Args={'device': <ball_device.bd_trough>, 'balls': 1}
2023-03-26 14:48:39,930 : INFO : EventManager : Event: ======'balldevice_balls_available'====== Args={}
2023-03-26 14:48:39,930 : INFO : EventManager : Event: ======'balldevice_bd_trough_ball_entered'====== Args={'new_balls': 1, 'device': <ball_device.bd_trough>}
2023-03-26 14:48:48,244 : INFO : SwitchController : <<<<<<< 's_trough4' inactive >>>>>>>
2023-03-26 14:48:53,769 : INFO : EventManager : Event: ======'balldevice_bd_trough_ball_count_changed'====== Args={'balls': 3}
2023-03-26 14:48:53,769 : WARNING : ball_device.bd_trough : Ball disappeared while idle. This should not normally happen.
2023-03-26 14:48:53,769 : INFO : EventManager : Event: ======'balldevice_playfield_ball_enter'====== Args={'new_balls': 1, 'unclaimed_balls': 1, 'device': <playfield.playfield>}
2023-03-26 14:48:53,769 : INFO : EventManager : Event: ======'playfield_ball_count_change'====== Args={'balls': 1, 'change': 1}
2023-03-26 14:48:53,771 : INFO : ball_device.bd_trough : 1 ball(s) missing from device. Mechanical eject? False
2023-03-26 14:48:53,771 : INFO : EventManager : Event: ======'balldevice_bd_trough_ball_missing'====== Args={'balls': 1}
2023-03-26 14:48:53,771 : INFO : EventManager : Event: ======'balldevice_ball_missing'====== Args={'balls': 1, 'name': 'bd_trough'}
2023-03-26 14:49:01,323 : INFO : SwitchController : <<<<<<< 's_plunger_lane' active >>>>>>>
2023-03-26 14:49:01,585 : INFO : EventManager : Event: ======'plunger_lane_checked'====== Args={}
2023-03-26 14:49:01,631 : INFO : EventManager : Event: ======'balldevice_bd_plunger_ball_count_changed'====== Args={'balls': 1}
2023-03-26 14:49:01,632 : INFO : ball_device.bd_plunger : Received unexpected ball
2023-03-26 14:49:01,632 : INFO : EventManager : Event: ======'balldevice_captured_from_playfield'====== Args={'balls': 1}
2023-03-26 14:49:01,632 : INFO : EventManager : Event: ======'sw_playfield_active'====== Args={'balls': 1}
2023-03-26 14:49:01,633 : INFO : EventManager : Event: ======'playfield_ball_count_change'====== Args={'balls': 0, 'change': -1}
2023-03-26 14:49:01,634 : INFO : EventManager : Event: ======'balldevice_bd_plunger_ball_enter'====== Args={'new_balls': 1, 'unclaimed_balls': 1, 'new_available_balls': 1, 'device': <ball_device.bd_plunger>}
2023-03-26 14:49:01,634 : INFO : ball_device.bd_plunger : Ejecting 1 unexpected balls using path deque([<ball_device.bd_plunger>, <playfield.playfield>])
2023-03-26 14:49:01,635 : INFO : EventManager : Event: ======'balldevice_balls_available'====== Args={}
2023-03-26 14:49:01,635 : INFO : EventManager : Event: ======'balldevice_balls_available'====== Args={}
2023-03-26 14:49:01,635 : INFO : EventManager : Event: ======'balldevice_bd_plunger_ball_entered'====== Args={'new_balls': 1, 'device': <ball_device.bd_plunger>}
2023-03-26 14:49:01,637 : INFO : ball_device.bd_plunger : State: waiting_for_target_ready
2023-03-26 14:49:01,637 : INFO : EventManager : Event: ======'balldevice_bd_plunger_ball_eject_attempt'====== Args={'balls': 1, 'target': <playfield.playfield>, 'source': <ball_device.bd_plunger>, 'mechanical_eject': False, 'num_attempts': 0}
2023-03-26 14:49:01,638 : INFO : ball_device.bd_plunger : State: ejecting
2023-03-26 14:49:01,638 : INFO : ball_device.bd_plunger : Ejecting ball to <playfield.playfield>
2023-03-26 14:49:01,638 : INFO : EventManager : Event: ======'balldevice_bd_plunger_ejecting_ball'====== Args={'balls': 1, 'target': <playfield.playfield>, 'source': <ball_device.bd_plunger>, 'mechanical_eject': False, 'num_attempts': 0}
2023-03-26 14:49:01,640 : INFO : ball_device.bd_plunger : Wait for ball to leave device
2023-03-26 14:49:01,640 : INFO : coil.c_plunger : Pulsing Driver for 20ms (1.0 pulse_power)
2023-03-26 14:49:01,640 : INFO : SwitchController : <<<<<<< 's_plunger_lane' inactive >>>>>>>
2023-03-26 14:49:01,641 : INFO : EventManager : Event: ======'plunger_lane_released'====== Args={}
2023-03-26 14:49:01,667 : INFO : ball_device.bd_plunger : State: ball_left
2023-03-26 14:49:01,668 : INFO : ball_device.bd_plunger : Ball left
2023-03-26 14:49:01,668 : INFO : ball_device.bd_plunger : Wait for confirm with timeout 2.0
2023-03-26 14:49:02,271 : WARNING : SwitchController : Received duplicate switch state 0 for switch s_plunger_lane from the platform interface. Log Code: Log-SwitchController-1 (https://docs.missionpinball.org/en/0.56/logs/Log-SwitchController-1.html)
2023-03-26 14:49:02,544 : INFO : SwitchController : <<<<<<< 's_plunger_lane' active >>>>>>>
2023-03-26 14:49:02,802 : INFO : EventManager : Event: ======'plunger_lane_checked'====== Args={}
2023-03-26 14:49:03,673 : INFO : ball_device.bd_plunger : State: failed_confirm
2023-03-26 14:49:03,674 : INFO : ball_device.bd_plunger : Got timeout (2.0s) before confirm from <playfield.playfield>
2023-03-26 14:49:03,782 : INFO : ball_device.bd_plunger : Got unknown balls. Assuming a ball returned.
2023-03-26 14:49:03,783 : INFO : EventManager : Event: ======'balldevice_bd_plunger_ball_eject_failed'====== Args={'target': <playfield.playfield>, 'balls': 1, 'retry': True, 'num_attempts': 1}
2023-03-26 14:49:03,785 : INFO : ball_device.bd_plunger : State: waiting_for_target_ready
2023-03-26 14:49:03,785 : INFO : EventManager : Event: ======'balldevice_bd_plunger_ball_eject_attempt'====== Args={'balls': 1, 'target': <playfield.playfield>, 'source': <ball_device.bd_plunger>, 'mechanical_eject': False, 'num_attempts': 1}
2023-03-26 14:49:03,785 : INFO : ball_device.bd_plunger : State: ejecting
2023-03-26 14:49:03,786 : INFO : ball_device.bd_plunger : Ejecting ball to <playfield.playfield>
2023-03-26 14:49:03,786 : INFO : EventManager : Event: ======'balldevice_bd_plunger_ejecting_ball'====== Args={'balls': 1, 'target': <playfield.playfield>, 'source': <ball_device.bd_plunger>, 'mechanical_eject': False, 'num_attempts': 1}
2023-03-26 14:49:03,788 : INFO : ball_device.bd_plunger : Wait for ball to leave device
2023-03-26 14:49:03,788 : INFO : coil.c_plunger : Pulsing Driver for 20ms (1.0 pulse_power)
2023-03-26 14:49:03,788 : INFO : SwitchController : <<<<<<< 's_plunger_lane' inactive >>>>>>>
2023-03-26 14:49:03,789 : INFO : EventManager : Event: ======'plunger_lane_released'====== Args={}
2023-03-26 14:49:03,821 : INFO : ball_device.bd_plunger : State: ball_left
2023-03-26 14:49:03,821 : INFO : ball_device.bd_plunger : Ball left
2023-03-26 14:49:03,822 : INFO : ball_device.bd_plunger : Wait for confirm with timeout 2.0
2023-03-26 14:49:05,837 : INFO : ball_device.bd_plunger : State: failed_confirm
2023-03-26 14:49:05,838 : INFO : ball_device.bd_plunger : Got timeout (2.0s) before confirm from <playfield.playfield>
2023-03-26 14:49:05,931 : INFO : ball_device.bd_plunger : Confirming eject because target is playfield and ball did not return.
2023-03-26 14:49:05,932 : INFO : ball_device.bd_plunger : Eject successful
2023-03-26 14:49:05,932 : INFO : EventManager : Event: ======'balldevice_bd_plunger_ball_eject_success'====== Args={'balls': 1, 'target': <playfield.playfield>}
2023-03-26 14:49:05,933 : INFO : EventManager : Event: ======'balldevice_playfield_ball_enter'====== Args={'new_balls': 1, 'unclaimed_balls': 1, 'device': <playfield.playfield>}
2023-03-26 14:49:05,933 : INFO : EventManager : Event: ======'playfield_ball_count_change'====== Args={'balls': 1, 'change': 1}
2023-03-26 14:49:05,934 : INFO : EventManager : Event: ======'balldevice_bd_plunger_ball_count_changed'====== Args={'balls': 0}
2023-03-26 14:49:05,935 : INFO : ball_device.bd_plunger : State: idle
2023-03-26 14:49:13,553 : WARNING : SwitchController : Received duplicate switch state 0 for switch s_plunger_lane from the platform interface. Log Code: Log-SwitchController-1 (https://docs.missionpinball.org/en/0.56/logs/Log-SwitchController-1.html)
2023-03-26 14:49:25,945 : INFO : BallSearch.playfield : Starting ball search
2023-03-26 14:49:25,945 : INFO : EventManager : Event: ======'ball_search_started'====== Args={}
2023-03-26 14:49:25,945 : INFO : EventManager : Event: ======'ball_search_phase_1'====== Args={'iteration': 1}
2023-03-26 14:49:25,945 : INFO : coil.c_left_slingshot : Pulsing Driver for 5ms (1.0 pulse_power)
2023-03-26 14:49:26,194 : INFO : coil.c_right_slingshot : Pulsing Driver for 5ms (1.0 pulse_power)
2023-03-26 14:49:26,405 : INFO : SwitchController : <<<<<<< 's_trough1' inactive >>>>>>>
2023-03-26 14:49:26,461 : INFO : coil.c_plunger : Pulsing Driver for 20ms (1.0 pulse_power)
2023-03-26 14:49:26,466 : INFO : SwitchController : <<<<<<< 's_trough3' inactive >>>>>>>
2023-03-26 14:49:26,467 : INFO : SwitchController : <<<<<<< 's_trough2' inactive >>>>>>>
2023-03-26 14:49:26,527 : INFO : SwitchController : <<<<<<< 's_trough3' active >>>>>>>
2023-03-26 14:49:26,528 : INFO : SwitchController : <<<<<<< 's_trough3' inactive >>>>>>>
2023-03-26 14:49:26,722 : INFO : EventManager : Event: ======'ball_search_phase_1'====== Args={'iteration': 2}
2023-03-26 14:49:26,723 : INFO : coil.c_left_slingshot : Pulsing Driver for 5ms (1.0 pulse_power)
2023-03-26 14:49:32,043 : INFO : EventManager : Event: ======'balldevice_bd_trough_ball_count_changed'====== Args={'balls': 0}
2023-03-26 14:49:32,044 : WARNING : ball_device.bd_trough : Ball disappeared while idle. This should not normally happen.
2023-03-26 14:49:32,044 : INFO : EventManager : Event: ======'balldevice_playfield_ball_enter'====== Args={'new_balls': 1, 'unclaimed_balls': 1, 'device': <playfield.playfield>}
2023-03-26 14:49:32,044 : INFO : EventManager : Event: ======'playfield_ball_count_change'====== Args={'balls': 2, 'change': 1}
2023-03-26 14:49:32,045 : INFO : BallSearch.playfield : Stopping ball search
2023-03-26 14:49:32,045 : INFO : EventManager : Event: ======'ball_search_stopped'====== Args={}
2023-03-26 14:49:32,045 : INFO : ball_device.bd_trough : 1 ball(s) missing from device. Mechanical eject? False
2023-03-26 14:49:32,045 : INFO : EventManager : Event: ======'balldevice_bd_trough_ball_missing'====== Args={'balls': 1}
2023-03-26 14:49:32,046 : INFO : EventManager : Event: ======'balldevice_ball_missing'====== Args={'balls': 1, 'name': 'bd_trough'}
2023-03-26 14:49:32,046 : WARNING : ball_device.bd_trough : Ball disappeared while idle. This should not normally happen.
2023-03-26 14:49:32,046 : INFO : EventManager : Event: ======'balldevice_playfield_ball_enter'====== Args={'new_balls': 1, 'unclaimed_balls': 1, 'device': <playfield.playfield>}
2023-03-26 14:49:32,047 : INFO : EventManager : Event: ======'playfield_ball_count_change'====== Args={'balls': 3, 'change': 1}
2023-03-26 14:49:32,047 : INFO : ball_device.bd_trough : 1 ball(s) missing from device. Mechanical eject? False
2023-03-26 14:49:32,047 : INFO : EventManager : Event: ======'balldevice_bd_trough_ball_missing'====== Args={'balls': 1}
2023-03-26 14:49:32,048 : INFO : EventManager : Event: ======'balldevice_ball_missing'====== Args={'balls': 1, 'name': 'bd_trough'}
2023-03-26 14:49:32,048 : WARNING : ball_device.bd_trough : Ball disappeared while idle. This should not normally happen.
2023-03-26 14:49:32,048 : INFO : EventManager : Event: ======'balldevice_playfield_ball_enter'====== Args={'new_balls': 1, 'unclaimed_balls': 1, 'device': <playfield.playfield>}
2023-03-26 14:49:32,049 : INFO : EventManager : Event: ======'playfield_ball_count_change'====== Args={'balls': 4, 'change': 1}
2023-03-26 14:49:32,050 : INFO : ball_device.bd_trough : 1 ball(s) missing from device. Mechanical eject? False
2023-03-26 14:49:32,050 : INFO : EventManager : Event: ======'balldevice_bd_trough_ball_missing'====== Args={'balls': 1}
2023-03-26 14:49:32,051 : INFO : EventManager : Event: ======'balldevice_ball_missing'====== Args={'balls': 1, 'name': 'bd_trough'}
2023-03-26 14:49:46,052 : INFO : Machine : Shutting down...
2023-03-26 14:49:46,053 : INFO : EventManager : Event: ======'shutdown'====== Args={}
2023-03-26 14:49:46,090 : INFO : root : MPF run loop ended.
