2023-04-14 22:01:14,256 : kivy : Factory: 186 symbols loaded
2023-04-14 22:01:14,428 : kivy : ImageLoaderFFPy: Using ffpyplayer 4.3.2
2023-04-14 22:01:14,429 : kivy : Image: Providers: img_tex, img_dds, img_sdl2, img_pil, img_ffpyplayer 
2023-04-14 22:01:14,477 : kivy : VideoGstplayer: Using Gstreamer 1.18.0.0
2023-04-14 22:01:14,477 : kivy : Video: Provider: gstplayer
2023-04-14 22:01:14,657 : kivy : Loading MPF-MC controller
2023-04-14 22:01:14,661 : YamlMultifileConfigLoader : Machine config file #1: config
2023-04-14 22:01:14,662 : ConfigProcessor : Config file in cache changed: C:\Users\digidev\source\Pinball_Three-Amigos\config\config
2023-04-14 22:01:14,666 : ConfigProcessor : Loading config from file c:\users\digidev\appdata\local\programs\python\python37\lib\site-packages\mpfmc\mcconfig.yaml.
2023-04-14 22:01:14,702 : ConfigProcessor : Loading config: c:\users\digidev\appdata\local\programs\python\python37\lib\site-packages\mpfmc\mcconfig.yaml
2023-04-14 22:01:14,703 : ConfigProcessor : Loading config from file C:\Users\digidev\source\Pinball_Three-Amigos\config\config.
2023-04-14 22:01:14,704 : ConfigProcessor : Loading config: C:\Users\digidev\source\Pinball_Three-Amigos\config\config
2023-04-14 22:01:14,728 : ConfigProcessor : Loading config: C:\Users\digidev\source\Pinball_Three-Amigos\config\hardware.yaml
2023-04-14 22:01:14,734 : ConfigProcessor : Loading config: C:\Users\digidev\source\Pinball_Three-Amigos\config\keyboard.yaml
2023-04-14 22:01:14,736 : ConfigProcessor : Config file cache created: C:\Users\digidev\AppData\Local\Temp\1322f858a8d936a9f32e7eaa793b1769.mpf_cache
2023-04-14 22:01:14,736 : ConfigProcessor : Loading config from cache: C:\Users\digidev\AppData\Local\Temp\e10c931dc18d80379143a09443f0855e.mpf_cache
2023-04-14 22:01:14,737 : ConfigProcessor : Loading config from cache: C:\Users\digidev\AppData\Local\Temp\dfc215c2101357f1268429d195cf05eb.mpf_cache
2023-04-14 22:01:14,738 : mpfmc : Mission Pinball Framework Media Controller v0.55.0
2023-04-14 22:01:14,738 : mpfmc : Mission Pinball Framework Game Engine v0.55.0
2023-04-14 22:01:14,738 : mpfmc : Machine path: C:\Users\digidev\source\Pinball_Three-Amigos
2023-04-14 22:01:14,738 : mpfmc : Starting clock at 60.0Hz
2023-04-14 22:01:14,754 : kivy : Text: Provider: sdl2
2023-04-14 22:01:14,816 : kivy : Window: Provider: sdl2
2023-04-14 22:01:14,911 : kivy : GL: Using the "OpenGL" graphics system
2023-04-14 22:01:14,912 : kivy : GL: GLEW initialization succeeded
2023-04-14 22:01:14,913 : kivy : GL: Backend used <glew>
2023-04-14 22:01:14,913 : kivy : GL: OpenGL version <b'4.3.0 - Build 20.19.15.4531'>
2023-04-14 22:01:14,913 : kivy : GL: OpenGL vendor <b'Intel'>
2023-04-14 22:01:14,913 : kivy : GL: OpenGL renderer <b'Intel(R) HD Graphics 4600'>
2023-04-14 22:01:14,913 : kivy : GL: OpenGL parsed version: 4, 3
2023-04-14 22:01:14,913 : kivy : GL: Shading version <b'4.30 - Build 20.19.15.4531'>
2023-04-14 22:01:14,913 : kivy : GL: Texture max size <16384>
2023-04-14 22:01:14,914 : kivy : GL: Texture max units <32>
2023-04-14 22:01:14,939 : kivy : Window: auto add sdl2 input provider
2023-04-14 22:01:14,940 : kivy : Window: virtual keyboard not allowed, single mode, not docked
2023-04-14 22:01:14,951 : SoundSystem : SoundSystem: Using default 'sound_system' settings
2023-04-14 22:01:15,213 : AudioInterface : Initialized
2023-04-14 22:01:15,213 : AudioInterface : Loaded SDL 2.0.12
2023-04-14 22:01:15,213 : AudioInterface : Loaded SDL_Mixer 2.0.4
2023-04-14 22:01:15,213 : AudioInterface : Loaded GStreamer 1.18.0.0
2023-04-14 22:01:15,214 : AudioInterface : Loaded GLib 2.62.6
2023-04-14 22:01:15,214 : AudioInterface : Settings requested - rate: 44100, channels: 1, buffer: 2048 samples
2023-04-14 22:01:15,214 : AudioInterface : Settings in use - rate: 44100, channels: 1, buffer: 2048 samples (4096 bytes @ 2 bytes per sample)
2023-04-14 22:01:15,214 : SoundSystem : No audio tracks are specified in your machine config file. a track named 'default' has been created.
2023-04-14 22:01:15,214 : SoundSystem : Setting master volume to 0.0
2023-04-14 22:01:15,214 : SoundSystem : master_volume in sound_system is deprecated and will be removed in the future.
2023-04-14 22:01:15,214 : AudioInterface : Enabling audio playback
2023-04-14 22:01:15,216 : kivy : Base: Start application main loop
2023-04-14 22:01:15,217 : EventManager : Event: ======'display_window_initialized'====== Args={}
2023-04-14 22:01:15,234 : mpfmc : Display: Setting 'window' as default display
2023-04-14 22:01:15,242 : mpfmc : ASPECT RATIO MISMATCH: The on-screen window is not the same aspect ratio as the display called 'window'. The logical display will be scaled from 1366x768 to the window size 800x600, and a black bar will make up the difference
2023-04-14 22:01:15,244 : EventManager : Event: ======'displays_initialized'====== Args={}
2023-04-14 22:01:15,245 : EventManager : Event: ======'slide_window_blank_created'====== Args={}
2023-04-14 22:01:15,245 : EventManager : Event: ======'display_window_ready'====== Args={}
2023-04-14 22:01:15,256 : EventManager : Event: ======'init_phase_1'====== Args={}
2023-04-14 22:01:15,260 : EventManager : Event: ======'mc_ready'====== Args={}
2023-04-14 22:01:15,260 : EventManager : Event: ======'init_phase_2'====== Args={}
2023-04-14 22:01:15,261 : EventManager : Event: ======'init_phase_3'====== Args={}
2023-04-14 22:01:15,262 : EventManager : Event: ======'init_phase_4'====== Args={}
2023-04-14 22:01:15,262 : EventManager : Event: ======'init_phase_5'====== Args={}
2023-04-14 22:01:15,281 : kivy : GL: NPOT texture support is available
2023-04-14 22:01:15,289 : kivy : GL: Unpack subimage support is available
2023-04-14 22:01:15,297 : EventManager : Event: ======'loading_assets'====== Args={'total': 1, 'loaded': 1, 'remaining': 0, 'percent': 100}
2023-04-14 22:01:15,297 : AssetManager : Asset loading took: 0.08200955390930176
2023-04-14 22:01:15,297 : EventManager : Event: ======'asset_loading_complete'====== Args={}
2023-04-14 22:01:15,297 : AssetManager : Loading assets: 1/1 (100%)
2023-04-14 22:01:15,297 : EventManager : Event: ======'init_done'====== Args={}
2023-04-14 22:01:15,297 : MPF-MC BCP Server : Starting up on localhost port 5050
2023-04-14 22:01:15,301 : MPF-MC BCP Server : Waiting for a connection...
2023-04-14 22:01:15,301 : mpfmc : SlidePlayer: Play called with settings={'slides': {welcome_slide-None-None: {'priority': None, 'target': None, 'background_color': [0.0, 0.0, 0.0, 1.0], 'show': True, 'force': False, 'expire': None, 'slide': None, 'tokens': {}, 'action': 'play', 'transition': None, 'transition_out': None}}}
2023-04-14 22:01:15,304 : EventManager : Event: ======'slide_welcome_slide_created'====== Args={}
2023-04-14 22:01:15,304 : EventManager : Event: ======'slide_welcome_slide_active'====== Args={}
2023-04-14 22:01:15,308 : EventManager : Event: ======'client_disconnected'====== Args={'host': '127.0.0.1', 'port': 5050}
2023-04-14 22:01:16,409 : MPF-MC BCP Server : Received connection from: 127.0.0.1:61830
2023-04-14 22:01:16,414 : EventManager : Event: ======'client_connected'====== Args={'host': '127.0.0.1', 'port': 61830}
2023-04-14 22:01:16,427 : EventManager : Event: ======'machine_var_credits_string'====== Args={'value': 'FREE PLAY', 'prev_value': None, 'change': True}
2023-04-14 22:01:16,427 : EventManager : Event: ======'machine_var_master_volume'====== Args={'value': 0.5, 'prev_value': None, 'change': True}
2023-04-14 22:01:16,428 : EventManager : Event: ======'machine_var_mpf_version'====== Args={'value': 'MPF v0.55.0', 'prev_value': None, 'change': True}
2023-04-14 22:01:16,428 : EventManager : Event: ======'machine_var_mpf_extended_version'====== Args={'value': 'MPF v0.55.0, Config version:5, Show version: 5, BCP version:1.1', 'prev_value': None, 'change': True}
2023-04-14 22:01:16,428 : EventManager : Event: ======'machine_var_python_version'====== Args={'value': '3.7.9', 'prev_value': None, 'change': True}
2023-04-14 22:01:16,429 : EventManager : Event: ======'machine_var_platform'====== Args={'value': 'Windows-10-10.0.19041-SP0', 'prev_value': None, 'change': True}
2023-04-14 22:01:16,429 : EventManager : Event: ======'machine_var_platform_system'====== Args={'value': 'Windows', 'prev_value': None, 'change': True}
2023-04-14 22:01:16,430 : EventManager : Event: ======'machine_var_platform_release'====== Args={'value': '10', 'prev_value': None, 'change': True}
2023-04-14 22:01:16,430 : EventManager : Event: ======'machine_var_platform_version'====== Args={'value': '10.0.19041', 'prev_value': None, 'change': True}
2023-04-14 22:01:16,430 : EventManager : Event: ======'machine_var_platform_machine'====== Args={'value': 'AMD64', 'prev_value': None, 'change': True}
2023-04-14 22:01:16,431 : EventManager : Event: ======'machine_var_mc_version'====== Args={'value': 'MPF-MC v0.55.0', 'prev_value': None, 'change': True}
2023-04-14 22:01:16,431 : EventManager : Event: ======'machine_var_mc_extended_version'====== Args={'value': 'MPF-MC v0.55.0 (config_version=5, BCP v1.1, Requires MPF v0.55.0-dev.49)', 'prev_value': None, 'change': True}
2023-04-14 22:01:16,431 : SoundSystem : Setting master volume to 0.5
2023-04-14 22:01:16,563 : EventManager : Event: ======'machine_var_audits_switches_s_left_flipper'====== Args={'value': 0, 'prev_value': None, 'change': True}
2023-04-14 22:01:16,563 : EventManager : Event: ======'machine_var_audits_switches_s_right_flipper'====== Args={'value': 0, 'prev_value': None, 'change': True}
2023-04-14 22:01:16,563 : EventManager : Event: ======'machine_var_audits_switches_s_trough1'====== Args={'value': 0, 'prev_value': None, 'change': True}
2023-04-14 22:01:16,563 : EventManager : Event: ======'machine_var_audits_switches_s_trough2'====== Args={'value': 0, 'prev_value': None, 'change': True}
2023-04-14 22:01:16,563 : EventManager : Event: ======'machine_var_audits_switches_s_trough3'====== Args={'value': 0, 'prev_value': None, 'change': True}
2023-04-14 22:01:16,563 : EventManager : Event: ======'machine_var_audits_switches_s_trough4'====== Args={'value': 0, 'prev_value': None, 'change': True}
2023-04-14 22:01:16,563 : EventManager : Event: ======'machine_var_audits_switches_s_trough_jam'====== Args={'value': 0, 'prev_value': None, 'change': True}
2023-04-14 22:01:16,563 : EventManager : Event: ======'machine_var_audits_switches_s_plunger_lane'====== Args={'value': 0, 'prev_value': None, 'change': True}
2023-04-14 22:01:16,563 : EventManager : Event: ======'machine_var_audits_switches_s_start'====== Args={'value': 0, 'prev_value': None, 'change': True}
2023-04-14 22:01:16,564 : EventManager : Event: ======'machine_var_audits_switches_s_left_slingshot'====== Args={'value': 0, 'prev_value': None, 'change': True}
2023-04-14 22:01:16,564 : EventManager : Event: ======'machine_var_audits_switches_s_right_slingshot'====== Args={'value': 0, 'prev_value': None, 'change': True}
2023-04-14 22:01:16,564 : EventManager : Event: ======'machine_var_audits_switches_s_drop_target_left'====== Args={'value': 0, 'prev_value': None, 'change': True}
2023-04-14 22:01:16,564 : EventManager : Event: ======'machine_var_audits_switches_s_drop_target_middle'====== Args={'value': 0, 'prev_value': None, 'change': True}
2023-04-14 22:01:16,564 : EventManager : Event: ======'machine_var_audits_switches_s_drop_target_right'====== Args={'value': 0, 'prev_value': None, 'change': True}
2023-04-14 22:01:16,564 : EventManager : Event: ======'machine_var_audits_switches_s_tilt'====== Args={'value': 0, 'prev_value': None, 'change': True}
2023-04-14 22:01:16,564 : EventManager : Event: ======'machine_var_audits_events_game_started'====== Args={'value': 0, 'prev_value': None, 'change': True}
2023-04-14 22:01:16,564 : EventManager : Event: ======'machine_var_audits_events_game_ended'====== Args={'value': 0, 'prev_value': None, 'change': True}
2023-04-14 22:01:16,564 : EventManager : Event: ======'machine_var_audits_player_score'====== Args={'value': {'top': [], 'average': 0, 'total': 0}, 'prev_value': None, 'change': True}
2023-04-14 22:01:16,564 : EventManager : Event: ======'slides_play'====== Args={'settings': {'welcome_slide': {'target': None, 'background_color': [0.0, 0.0, 0.0, 1.0], 'priority': None, 'show': True, 'force': False, 'expire': None, 'slide': None, 'tokens': {}, 'action': 'play'}}, 'context': '_global', 'calling_context': 'init_done', 'priority': 0}
2023-04-14 22:01:16,564 : EventManager : Event: ======'mc_reset_phase_1'====== Args={}
2023-04-14 22:01:16,565 : mpfmc : SlidePlayer: Play called with settings={'welcome_slide': {'target': None, 'background_color': [0.0, 0.0, 0.0, 1.0], 'priority': None, 'show': True, 'force': False, 'expire': None, 'slide': None, 'tokens': {}, 'action': 'play'}}
2023-04-14 22:01:16,565 : EventManager : Event: ======'slide_welcome_slide_removed'====== Args={}
2023-04-14 22:01:16,567 : EventManager : Event: ======'slide_welcome_slide_created'====== Args={}
2023-04-14 22:01:16,567 : EventManager : Event: ======'mc_reset_phase_2'====== Args={}
2023-04-14 22:01:16,567 : EventManager : Event: ======'mc_reset_phase_3'====== Args={}
2023-04-14 22:01:16,567 : EventManager : Event: ======'mc_reset_complete'====== Args={}
2023-04-14 22:01:16,567 : EventManager : Event: ======'slide_welcome_slide_active'====== Args={}
2023-04-14 22:01:16,582 : EventManager : Event: ======'slides_play'====== Args={'settings': {'attract_started': {'target': None, 'background_color': [0.0, 0.0, 0.0, 1.0], 'priority': None, 'show': True, 'force': False, 'expire': None, 'slide': None, 'tokens': {}, 'action': 'play'}}, 'context': '_global', 'calling_context': 'mode_attract_started', 'priority': 0}
2023-04-14 22:01:16,852 : mpfmc : SlidePlayer: Play called with settings={'attract_started': {'target': None, 'background_color': [0.0, 0.0, 0.0, 1.0], 'priority': None, 'show': True, 'force': False, 'expire': None, 'slide': None, 'tokens': {}, 'action': 'play'}}
2023-04-14 22:01:16,867 : EventManager : Event: ======'slide_attract_started_created'====== Args={}
2023-04-14 22:01:16,870 : EventManager : Event: ======'slide_attract_started_active'====== Args={}
2023-04-14 22:01:44,488 : kivy : Base: Leaving application in progress...
2023-04-14 22:01:44,717 : mpfmc : Stopping...
2023-04-14 22:01:44,717 : EventManager : Event: ======'shutdown'====== Args={}
2023-04-14 22:01:44,717 : AudioInterface : Disabling audio playback
2023-04-14 22:01:44,717 : mpfmc : Loop rate 78.23 Hz
2023-04-14 22:01:44,717 : kivy : MC run loop ended.
2023-04-14 22:01:44,717 : kivy : Stopping child threads... (3 remaining)
2023-04-14 22:01:45,713 : MPF-MC BCP Server : Stopping BCP sending thread
2023-04-14 22:01:45,713 : mpfmc : Stopping...
2023-04-14 22:01:45,713 : EventManager : Event: ======'shutdown'====== Args={}
2023-04-14 22:01:45,713 : mpfmc : Loop rate 75.68 Hz
2023-04-14 22:01:45,807 : kivy : All child threads stopped.
