2023-03-26 15:29:14,248 : kivy : Factory: 189 symbols loaded
2023-03-26 15:29:14,433 : kivy : ImageLoaderFFPy: Using ffpyplayer 4.3.5
2023-03-26 15:29:14,433 : kivy : Image: Providers: img_tex, img_dds, img_sdl2, img_pil, img_ffpyplayer 
2023-03-26 15:29:14,490 : kivy : VideoGstplayer: Using Gstreamer 1.18.5.0
2023-03-26 15:29:14,490 : kivy : Video: Provider: gstplayer
2023-03-26 15:29:14,672 : kivy : Loading MPF-MC controller
2023-03-26 15:29:14,677 : YamlMultifileConfigLoader : Machine config file #1: config
2023-03-26 15:29:14,678 : ConfigProcessor : Config file in cache changed: C:\Users\digidev\source\Pinball_Three-Amigos\config\config
2023-03-26 15:29:14,679 : ConfigProcessor : Loading config from file C:\Users\digidev\.local\pipx\venvs\mpf\lib\site-packages\mpfmc\mcconfig.yaml.
2023-03-26 15:29:14,720 : ConfigProcessor : Loading config: C:\Users\digidev\.local\pipx\venvs\mpf\lib\site-packages\mpfmc\mcconfig.yaml
2023-03-26 15:29:14,720 : ConfigProcessor : Loading config from file C:\Users\digidev\source\Pinball_Three-Amigos\config\config.
2023-03-26 15:29:14,723 : ConfigProcessor : Loading config: C:\Users\digidev\source\Pinball_Three-Amigos\config\config
2023-03-26 15:29:14,763 : ConfigProcessor : Loading config: C:\Users\digidev\source\Pinball_Three-Amigos\config\hardware.yaml
2023-03-26 15:29:14,769 : ConfigProcessor : Loading config: C:\Users\digidev\source\Pinball_Three-Amigos\config\keyboard.yaml
2023-03-26 15:29:14,771 : ConfigProcessor : Config file cache created: C:\Users\digidev\AppData\Local\Temp\cb5b51b22bd45492aca32735a8adc5f5.mpf_cache
2023-03-26 15:29:14,772 : ConfigProcessor : Loading config from cache: C:\Users\digidev\AppData\Local\Temp\ae663e8f24481bd52f7f5e9610d87d3b.mpf_cache
2023-03-26 15:29:14,774 : ConfigProcessor : Loading config from cache: C:\Users\digidev\AppData\Local\Temp\d7dbd5ece0283f90787e254e6a383d33.mpf_cache
2023-03-26 15:29:14,774 : mpfmc : Mission Pinball Framework Media Controller v0.56.1
2023-03-26 15:29:14,775 : mpfmc : Mission Pinball Framework Game Engine v0.56.0
2023-03-26 15:29:14,775 : mpfmc : Machine path: C:\Users\digidev\source\Pinball_Three-Amigos
2023-03-26 15:29:14,776 : mpfmc : Starting clock at 60.0Hz
2023-03-26 15:29:14,798 : kivy : Text: Provider: sdl2
2023-03-26 15:29:14,867 : kivy : Window: Provider: sdl2
2023-03-26 15:29:14,985 : kivy : GL: Using the "OpenGL" graphics system
2023-03-26 15:29:14,987 : kivy : GL: GLEW initialization succeeded
2023-03-26 15:29:14,988 : kivy : GL: Backend used <glew>
2023-03-26 15:29:14,990 : kivy : GL: OpenGL version <b'4.3.0 - Build 20.19.15.4531'>
2023-03-26 15:29:14,990 : kivy : GL: OpenGL vendor <b'Intel'>
2023-03-26 15:29:14,991 : kivy : GL: OpenGL renderer <b'Intel(R) HD Graphics 4600'>
2023-03-26 15:29:14,991 : kivy : GL: OpenGL parsed version: 4, 3
2023-03-26 15:29:14,992 : kivy : GL: Shading version <b'4.30 - Build 20.19.15.4531'>
2023-03-26 15:29:14,992 : kivy : GL: Texture max size <16384>
2023-03-26 15:29:14,993 : kivy : GL: Texture max units <32>
2023-03-26 15:29:15,024 : kivy : Window: auto add sdl2 input provider
2023-03-26 15:29:15,025 : kivy : Window: virtual keyboard not allowed, single mode, not docked
2023-03-26 15:29:15,039 : SoundSystem : SoundSystem: Using default 'sound_system' settings
2023-03-26 15:29:15,341 : AudioInterface : Initialized
2023-03-26 15:29:15,342 : AudioInterface : Loaded SDL 2.0.20
2023-03-26 15:29:15,343 : AudioInterface : Loaded SDL_Mixer 2.0.4
2023-03-26 15:29:15,345 : AudioInterface : Loaded GStreamer 1.18.5.0
2023-03-26 15:29:15,346 : AudioInterface : Loaded GLib 2.62.6
2023-03-26 15:29:15,346 : AudioInterface : Settings requested - rate: 44100, channels: 1, buffer: 2048 samples
2023-03-26 15:29:15,346 : AudioInterface : Settings in use - rate: 44100, channels: 1, buffer: 2048 samples (4096 bytes @ 2 bytes per sample)
2023-03-26 15:29:15,347 : SoundSystem : No audio tracks are specified in your machine config file. a track named 'default' has been created.
2023-03-26 15:29:15,347 : SoundSystem : Setting master volume to 0.0
2023-03-26 15:29:15,348 : SoundSystem : master_volume in sound_system is deprecated and will be removed in the future.
2023-03-26 15:29:15,348 : AudioInterface : Enabling audio playback
2023-03-26 15:29:15,351 : kivy : Base: Start application main loop
2023-03-26 15:29:15,352 : EventManager : Event: ======'display_default_initialized'====== Args={}
2023-03-26 15:29:15,377 : mpfmc : Display: Setting 'default' as default display
2023-03-26 15:29:15,389 : EventManager : Event: ======'displays_initialized'====== Args={}
2023-03-26 15:29:15,392 : EventManager : Event: ======'slide_default_blank_created'====== Args={}
2023-03-26 15:29:15,392 : EventManager : Event: ======'display_default_ready'====== Args={}
2023-03-26 15:29:15,407 : EventManager : Event: ======'init_phase_1'====== Args={}
2023-03-26 15:29:15,412 : EventManager : Event: ======'mc_ready'====== Args={}
2023-03-26 15:29:15,413 : EventManager : Event: ======'init_phase_2'====== Args={}
2023-03-26 15:29:15,415 : EventManager : Event: ======'init_phase_3'====== Args={}
2023-03-26 15:29:15,416 : EventManager : Event: ======'init_phase_4'====== Args={}
2023-03-26 15:29:15,416 : EventManager : Event: ======'init_phase_5'====== Args={}
2023-03-26 15:29:15,417 : EventManager : Event: ======'init_done'====== Args={}
2023-03-26 15:29:15,418 : MPF-MC BCP Server : Starting up on localhost port 5050
2023-03-26 15:29:15,422 : MPF-MC BCP Server : Waiting for a connection...
2023-03-26 15:29:15,431 : EventManager : Event: ======'client_disconnected'====== Args={'host': '127.0.0.1', 'port': 5050}
2023-03-26 15:29:16,297 : MPF-MC BCP Server : Received connection from: 127.0.0.1:60362
2023-03-26 15:29:16,299 : EventManager : Event: ======'client_connected'====== Args={'host': '127.0.0.1', 'port': 60362}
2023-03-26 15:29:16,366 : EventManager : Event: ======'machine_var_credits_string'====== Args={'value': 'FREE PLAY', 'prev_value': None, 'change': True}
2023-03-26 15:29:16,367 : EventManager : Event: ======'machine_var_master_volume'====== Args={'value': 0.5, 'prev_value': None, 'change': True}
2023-03-26 15:29:16,371 : EventManager : Event: ======'machine_var_mpf_version'====== Args={'value': 'MPF v0.56.0', 'prev_value': None, 'change': True}
2023-03-26 15:29:16,374 : EventManager : Event: ======'machine_var_mpf_extended_version'====== Args={'value': 'MPF v0.56.0, Config version:5, Show version: 5, BCP version:1.1', 'prev_value': None, 'change': True}
2023-03-26 15:29:16,381 : EventManager : Event: ======'machine_var_python_version'====== Args={'value': '3.9.13', 'prev_value': None, 'change': True}
2023-03-26 15:29:16,383 : EventManager : Event: ======'machine_var_platform'====== Args={'value': 'Windows-10-10.0.19044-SP0', 'prev_value': None, 'change': True}
2023-03-26 15:29:16,385 : EventManager : Event: ======'machine_var_platform_system'====== Args={'value': 'Windows', 'prev_value': None, 'change': True}
2023-03-26 15:29:16,390 : EventManager : Event: ======'machine_var_platform_release'====== Args={'value': '10', 'prev_value': None, 'change': True}
2023-03-26 15:29:16,400 : EventManager : Event: ======'machine_var_platform_version'====== Args={'value': '10.0.19044', 'prev_value': None, 'change': True}
2023-03-26 15:29:16,402 : EventManager : Event: ======'machine_var_platform_machine'====== Args={'value': 'AMD64', 'prev_value': None, 'change': True}
2023-03-26 15:29:16,404 : EventManager : Event: ======'machine_var_mc_version'====== Args={'value': 'MPF-MC v0.56.1', 'prev_value': None, 'change': True}
2023-03-26 15:29:16,406 : EventManager : Event: ======'machine_var_mc_extended_version'====== Args={'value': 'MPF-MC v0.56.1 (config_version=5, BCP v1.1,                      Requires MPF API compatibility v0.56.0 or newer)', 'prev_value': None, 'change': True}
2023-03-26 15:29:16,407 : EventManager : Event: ======'machine_var_audits_switches_s_left_flipper'====== Args={'value': 0, 'prev_value': None, 'change': True}
2023-03-26 15:29:16,414 : EventManager : Event: ======'machine_var_audits_switches_s_right_flipper'====== Args={'value': 0, 'prev_value': None, 'change': True}
2023-03-26 15:29:16,415 : EventManager : Event: ======'machine_var_audits_switches_s_trough1'====== Args={'value': 0, 'prev_value': None, 'change': True}
2023-03-26 15:29:16,417 : EventManager : Event: ======'machine_var_audits_switches_s_trough2'====== Args={'value': 0, 'prev_value': None, 'change': True}
2023-03-26 15:29:16,419 : EventManager : Event: ======'machine_var_audits_switches_s_trough3'====== Args={'value': 0, 'prev_value': None, 'change': True}
2023-03-26 15:29:16,421 : EventManager : Event: ======'machine_var_audits_switches_s_trough4'====== Args={'value': 0, 'prev_value': None, 'change': True}
2023-03-26 15:29:16,422 : EventManager : Event: ======'machine_var_audits_switches_s_trough_jam'====== Args={'value': 0, 'prev_value': None, 'change': True}
2023-03-26 15:29:16,429 : EventManager : Event: ======'machine_var_audits_switches_s_plunger_lane'====== Args={'value': 0, 'prev_value': None, 'change': True}
2023-03-26 15:29:16,431 : EventManager : Event: ======'machine_var_audits_switches_s_start'====== Args={'value': 0, 'prev_value': None, 'change': True}
2023-03-26 15:29:16,433 : EventManager : Event: ======'machine_var_audits_switches_s_left_slingshot'====== Args={'value': 0, 'prev_value': None, 'change': True}
2023-03-26 15:29:16,434 : EventManager : Event: ======'machine_var_audits_switches_s_right_slingshot'====== Args={'value': 0, 'prev_value': None, 'change': True}
2023-03-26 15:29:16,436 : EventManager : Event: ======'machine_var_audits_switches_s_drop_target_left'====== Args={'value': 0, 'prev_value': None, 'change': True}
2023-03-26 15:29:16,438 : EventManager : Event: ======'machine_var_audits_switches_s_drop_target_middle'====== Args={'value': 0, 'prev_value': None, 'change': True}
2023-03-26 15:29:16,444 : EventManager : Event: ======'machine_var_audits_switches_s_drop_target_right'====== Args={'value': 0, 'prev_value': None, 'change': True}
2023-03-26 15:29:16,446 : EventManager : Event: ======'machine_var_audits_switches_s_tilt'====== Args={'value': 0, 'prev_value': None, 'change': True}
2023-03-26 15:29:16,446 : EventManager : Event: ======'machine_var_audits_events_game_started'====== Args={'value': 0, 'prev_value': None, 'change': True}
2023-03-26 15:29:16,447 : EventManager : Event: ======'machine_var_audits_events_game_ended'====== Args={'value': 0, 'prev_value': None, 'change': True}
2023-03-26 15:29:16,447 : EventManager : Event: ======'machine_var_audits_player_score'====== Args={'value': {'top': [], 'average': 0, 'total': 0}, 'prev_value': None, 'change': True}
2023-03-26 15:29:16,448 : EventManager : Event: ======'mc_reset_phase_1'====== Args={}
2023-03-26 15:29:16,449 : SoundSystem : Setting master volume to 0.5
2023-03-26 15:29:16,450 : EventManager : Event: ======'mc_reset_phase_2'====== Args={}
2023-03-26 15:29:16,450 : EventManager : Event: ======'mc_reset_phase_3'====== Args={}
2023-03-26 15:29:16,451 : EventManager : Event: ======'mc_reset_complete'====== Args={}
2023-03-26 15:29:33,213 : kivy : Base: Leaving application in progress...
2023-03-26 15:29:33,215 : mpfmc : Stopping...
2023-03-26 15:29:33,215 : EventManager : Event: ======'shutdown'====== Args={}
2023-03-26 15:29:33,216 : AudioInterface : Disabling audio playback
2023-03-26 15:29:33,339 : mpfmc : Loop rate 65.27 Hz
2023-03-26 15:29:33,341 : kivy : MC run loop ended.
2023-03-26 15:29:33,345 : kivy : Stopping child threads... (3 remaining)
2023-03-26 15:29:33,464 : mpfmc : Stopping...
2023-03-26 15:29:33,464 : MPF-MC BCP Server : Stopping BCP sending thread
2023-03-26 15:29:33,465 : EventManager : Event: ======'shutdown'====== Args={}
2023-03-26 15:29:33,475 : mpfmc : Loop rate 64.78 Hz
2023-03-26 15:29:33,547 : kivy : All child threads stopped.
