2023-03-26 14:47:06,664 : kivy : Factory: 189 symbols loaded
2023-03-26 14:47:09,489 : kivy : ImageLoaderFFPy: Using ffpyplayer 4.3.5
2023-03-26 14:47:09,489 : kivy : Image: Providers: img_tex, img_dds, img_sdl2, img_pil, img_ffpyplayer 
2023-03-26 14:47:10,426 : kivy : VideoGstplayer: Using Gstreamer 1.18.5.0
2023-03-26 14:47:10,427 : kivy : Video: Provider: gstplayer
2023-03-26 14:47:11,353 : kivy : Loading MPF-MC controller
2023-03-26 14:47:11,364 : YamlMultifileConfigLoader : Machine config file #1: config
2023-03-26 14:47:11,365 : ConfigProcessor : Loading config from file C:\Users\digidev\.local\pipx\venvs\mpf\lib\site-packages\mpfmc\mcconfig.yaml.
2023-03-26 14:47:11,431 : ConfigProcessor : Loading config: C:\Users\digidev\.local\pipx\venvs\mpf\lib\site-packages\mpfmc\mcconfig.yaml
2023-03-26 14:47:11,432 : ConfigProcessor : Loading config from file C:\Users\digidev\source\Pinball_Three-Amigos\config\config.
2023-03-26 14:47:11,434 : ConfigProcessor : Loading config: C:\Users\digidev\source\Pinball_Three-Amigos\config\config
2023-03-26 14:47:11,471 : ConfigProcessor : Loading config: C:\Users\digidev\source\Pinball_Three-Amigos\config\hardware.yaml
2023-03-26 14:47:11,476 : ConfigProcessor : Loading config: C:\Users\digidev\source\Pinball_Three-Amigos\config\keyboard.yaml
2023-03-26 14:47:11,477 : ConfigProcessor : Config file cache created: C:\Users\digidev\AppData\Local\Temp\cb5b51b22bd45492aca32735a8adc5f5.mpf_cache
2023-03-26 14:47:11,478 : ConfigProcessor : Loading config from cache: C:\Users\digidev\AppData\Local\Temp\ae663e8f24481bd52f7f5e9610d87d3b.mpf_cache
2023-03-26 14:47:11,479 : ConfigProcessor : Loading config from cache: C:\Users\digidev\AppData\Local\Temp\d7dbd5ece0283f90787e254e6a383d33.mpf_cache
2023-03-26 14:47:11,480 : mpfmc : Mission Pinball Framework Media Controller v0.56.1
2023-03-26 14:47:11,480 : mpfmc : Mission Pinball Framework Game Engine v0.56.0
2023-03-26 14:47:11,480 : mpfmc : Machine path: C:\Users\digidev\source\Pinball_Three-Amigos
2023-03-26 14:47:11,480 : mpfmc : Starting clock at 60.0Hz
2023-03-26 14:47:11,816 : kivy : Text: Provider: sdl2
2023-03-26 14:47:12,458 : kivy : Window: Provider: sdl2
2023-03-26 14:47:13,907 : kivy : GL: Using the "OpenGL" graphics system
2023-03-26 14:47:13,913 : kivy : GL: GLEW initialization succeeded
2023-03-26 14:47:13,914 : kivy : GL: Backend used <glew>
2023-03-26 14:47:13,914 : kivy : GL: OpenGL version <b'4.3.0 - Build 20.19.15.4531'>
2023-03-26 14:47:13,914 : kivy : GL: OpenGL vendor <b'Intel'>
2023-03-26 14:47:13,915 : kivy : GL: OpenGL renderer <b'Intel(R) HD Graphics 4600'>
2023-03-26 14:47:13,915 : kivy : GL: OpenGL parsed version: 4, 3
2023-03-26 14:47:13,915 : kivy : GL: Shading version <b'4.30 - Build 20.19.15.4531'>
2023-03-26 14:47:13,916 : kivy : GL: Texture max size <16384>
2023-03-26 14:47:13,916 : kivy : GL: Texture max units <32>
2023-03-26 14:47:14,247 : kivy : Window: auto add sdl2 input provider
2023-03-26 14:47:14,248 : kivy : Window: virtual keyboard not allowed, single mode, not docked
2023-03-26 14:47:14,361 : SoundSystem : SoundSystem: Using default 'sound_system' settings
2023-03-26 14:47:20,920 : AudioInterface : Initialized
2023-03-26 14:47:20,921 : AudioInterface : Loaded SDL 2.0.20
2023-03-26 14:47:20,921 : AudioInterface : Loaded SDL_Mixer 2.0.4
2023-03-26 14:47:20,921 : AudioInterface : Loaded GStreamer 1.18.5.0
2023-03-26 14:47:20,931 : AudioInterface : Loaded GLib 2.62.6
2023-03-26 14:47:20,931 : AudioInterface : Settings requested - rate: 44100, channels: 1, buffer: 2048 samples
2023-03-26 14:47:20,931 : AudioInterface : Settings in use - rate: 44100, channels: 1, buffer: 2048 samples (4096 bytes @ 2 bytes per sample)
2023-03-26 14:47:20,931 : SoundSystem : No audio tracks are specified in your machine config file. a track named 'default' has been created.
2023-03-26 14:47:20,931 : SoundSystem : Setting master volume to 0.0
2023-03-26 14:47:20,931 : SoundSystem : master_volume in sound_system is deprecated and will be removed in the future.
2023-03-26 14:47:20,932 : AudioInterface : Enabling audio playback
2023-03-26 14:47:20,935 : kivy : Base: Start application main loop
2023-03-26 14:47:20,936 : EventManager : Event: ======'display_default_initialized'====== Args={}
2023-03-26 14:47:21,075 : mpfmc : Display: Setting 'default' as default display
2023-03-26 14:47:21,132 : EventManager : Event: ======'displays_initialized'====== Args={}
2023-03-26 14:47:21,136 : EventManager : Event: ======'slide_default_blank_created'====== Args={}
2023-03-26 14:47:21,136 : EventManager : Event: ======'display_default_ready'====== Args={}
2023-03-26 14:47:21,250 : EventManager : Event: ======'init_phase_1'====== Args={}
2023-03-26 14:47:21,258 : EventManager : Event: ======'mc_ready'====== Args={}
2023-03-26 14:47:21,259 : EventManager : Event: ======'init_phase_2'====== Args={}
2023-03-26 14:47:21,263 : EventManager : Event: ======'init_phase_3'====== Args={}
2023-03-26 14:47:21,265 : EventManager : Event: ======'init_phase_4'====== Args={}
2023-03-26 14:47:21,266 : EventManager : Event: ======'init_phase_5'====== Args={}
2023-03-26 14:47:21,266 : EventManager : Event: ======'init_done'====== Args={}
2023-03-26 14:47:21,267 : MPF-MC BCP Server : Starting up on localhost port 5050
2023-03-26 14:47:21,277 : MPF-MC BCP Server : Waiting for a connection...
2023-03-26 14:47:21,335 : MPF-MC BCP Server : Received connection from: 127.0.0.1:57481
2023-03-26 14:47:21,341 : EventManager : Event: ======'client_disconnected'====== Args={'host': '127.0.0.1', 'port': 5050}
2023-03-26 14:47:21,342 : EventManager : Event: ======'client_connected'====== Args={'host': '127.0.0.1', 'port': 57481}
2023-03-26 14:47:21,390 : EventManager : Event: ======'machine_var_credits_string'====== Args={'value': 'FREE PLAY', 'prev_value': None, 'change': True}
2023-03-26 14:47:21,391 : EventManager : Event: ======'machine_var_master_volume'====== Args={'value': 0.5, 'prev_value': None, 'change': True}
2023-03-26 14:47:21,391 : EventManager : Event: ======'machine_var_mpf_version'====== Args={'value': 'MPF v0.56.0', 'prev_value': None, 'change': True}
2023-03-26 14:47:21,391 : EventManager : Event: ======'machine_var_mpf_extended_version'====== Args={'value': 'MPF v0.56.0, Config version:5, Show version: 5, BCP version:1.1', 'prev_value': None, 'change': True}
2023-03-26 14:47:21,392 : EventManager : Event: ======'machine_var_python_version'====== Args={'value': '3.9.13', 'prev_value': None, 'change': True}
2023-03-26 14:47:21,392 : EventManager : Event: ======'machine_var_platform'====== Args={'value': 'Windows-10-10.0.19044-SP0', 'prev_value': None, 'change': True}
2023-03-26 14:47:21,392 : EventManager : Event: ======'machine_var_platform_system'====== Args={'value': 'Windows', 'prev_value': None, 'change': True}
2023-03-26 14:47:21,393 : EventManager : Event: ======'machine_var_platform_release'====== Args={'value': '10', 'prev_value': None, 'change': True}
2023-03-26 14:47:21,394 : EventManager : Event: ======'machine_var_platform_version'====== Args={'value': '10.0.19044', 'prev_value': None, 'change': True}
2023-03-26 14:47:21,394 : EventManager : Event: ======'machine_var_platform_machine'====== Args={'value': 'AMD64', 'prev_value': None, 'change': True}
2023-03-26 14:47:21,394 : EventManager : Event: ======'machine_var_mc_version'====== Args={'value': 'MPF-MC v0.56.1', 'prev_value': None, 'change': True}
2023-03-26 14:47:21,395 : EventManager : Event: ======'machine_var_mc_extended_version'====== Args={'value': 'MPF-MC v0.56.1 (config_version=5, BCP v1.1,                      Requires MPF API compatibility v0.56.0 or newer)', 'prev_value': None, 'change': True}
2023-03-26 14:47:21,395 : SoundSystem : Setting master volume to 0.5
2023-03-26 14:47:21,487 : EventManager : Event: ======'machine_var_audits_switches_s_left_flipper'====== Args={'value': 0, 'prev_value': None, 'change': True}
2023-03-26 14:47:21,511 : EventManager : Event: ======'machine_var_audits_switches_s_right_flipper'====== Args={'value': 0, 'prev_value': None, 'change': True}
2023-03-26 14:47:21,512 : EventManager : Event: ======'machine_var_audits_switches_s_trough1'====== Args={'value': 0, 'prev_value': None, 'change': True}
2023-03-26 14:47:21,512 : EventManager : Event: ======'machine_var_audits_switches_s_trough2'====== Args={'value': 0, 'prev_value': None, 'change': True}
2023-03-26 14:47:21,513 : EventManager : Event: ======'machine_var_audits_switches_s_trough3'====== Args={'value': 0, 'prev_value': None, 'change': True}
2023-03-26 14:47:21,514 : EventManager : Event: ======'machine_var_audits_switches_s_trough4'====== Args={'value': 0, 'prev_value': None, 'change': True}
2023-03-26 14:47:21,514 : EventManager : Event: ======'machine_var_audits_switches_s_trough_jam'====== Args={'value': 0, 'prev_value': None, 'change': True}
2023-03-26 14:47:21,515 : EventManager : Event: ======'machine_var_audits_switches_s_plunger_lane'====== Args={'value': 0, 'prev_value': None, 'change': True}
2023-03-26 14:47:21,515 : EventManager : Event: ======'machine_var_audits_switches_s_start'====== Args={'value': 0, 'prev_value': None, 'change': True}
2023-03-26 14:47:21,516 : EventManager : Event: ======'machine_var_audits_switches_s_left_slingshot'====== Args={'value': 0, 'prev_value': None, 'change': True}
2023-03-26 14:47:21,516 : EventManager : Event: ======'machine_var_audits_switches_s_right_slingshot'====== Args={'value': 0, 'prev_value': None, 'change': True}
2023-03-26 14:47:21,516 : EventManager : Event: ======'machine_var_audits_switches_s_drop_target_left'====== Args={'value': 0, 'prev_value': None, 'change': True}
2023-03-26 14:47:21,517 : EventManager : Event: ======'machine_var_audits_switches_s_drop_target_middle'====== Args={'value': 0, 'prev_value': None, 'change': True}
2023-03-26 14:47:21,517 : EventManager : Event: ======'machine_var_audits_switches_s_drop_target_right'====== Args={'value': 0, 'prev_value': None, 'change': True}
2023-03-26 14:47:21,518 : EventManager : Event: ======'machine_var_audits_switches_s_tilt'====== Args={'value': 0, 'prev_value': None, 'change': True}
2023-03-26 14:47:21,518 : EventManager : Event: ======'machine_var_audits_events_game_started'====== Args={'value': 0, 'prev_value': None, 'change': True}
2023-03-26 14:47:21,518 : EventManager : Event: ======'machine_var_audits_events_game_ended'====== Args={'value': 0, 'prev_value': None, 'change': True}
2023-03-26 14:47:21,519 : EventManager : Event: ======'machine_var_audits_player_score'====== Args={'value': {'top': [], 'average': 0, 'total': 0}, 'prev_value': None, 'change': True}
2023-03-26 14:47:21,605 : EventManager : Event: ======'mc_reset_phase_1'====== Args={}
2023-03-26 14:47:21,605 : EventManager : Event: ======'mc_reset_phase_2'====== Args={}
2023-03-26 14:47:21,606 : EventManager : Event: ======'mc_reset_phase_3'====== Args={}
2023-03-26 14:47:21,606 : EventManager : Event: ======'mc_reset_complete'====== Args={}
2023-03-26 14:49:45,801 : kivy : Base: Leaving application in progress...
2023-03-26 14:49:45,802 : mpfmc : Stopping...
2023-03-26 14:49:45,802 : EventManager : Event: ======'shutdown'====== Args={}
2023-03-26 14:49:45,802 : AudioInterface : Disabling audio playback
2023-03-26 14:49:46,049 : MPF-MC BCP Server : Stopping BCP sending thread
2023-03-26 14:49:46,050 : mpfmc : Stopping...
2023-03-26 14:49:46,051 : mpfmc : Loop rate 76.16 Hz
2023-03-26 14:49:46,053 : EventManager : Event: ======'shutdown'====== Args={}
2023-03-26 14:49:46,054 : kivy : MC run loop ended.
2023-03-26 14:49:46,055 : mpfmc : Loop rate 76.16 Hz
2023-03-26 14:49:46,056 : kivy : Stopping child threads... (2 remaining)
2023-03-26 14:49:46,158 : kivy : All child threads stopped.
