2023-03-28 12:13:47,096 : kivy : Factory: 189 symbols loaded
2023-03-28 12:13:47,329 : kivy : ImageLoaderFFPy: Using ffpyplayer 4.3.5
2023-03-28 12:13:47,330 : kivy : Image: Providers: img_tex, img_dds, img_sdl2, img_pil, img_ffpyplayer 
2023-03-28 12:13:47,388 : kivy : VideoGstplayer: Using Gstreamer 1.18.5.0
2023-03-28 12:13:47,388 : kivy : Video: Provider: gstplayer
2023-03-28 12:13:47,565 : kivy : Loading MPF-MC controller
2023-03-28 12:13:47,570 : YamlMultifileConfigLoader : Machine config file #1: config
2023-03-28 12:13:47,572 : ConfigProcessor : Config file in cache changed: C:\Users\digidev\source\Pinball_Three-Amigos\config\config
2023-03-28 12:13:47,587 : ConfigProcessor : Loading config from file C:\Users\digidev\.local\pipx\venvs\mpf\lib\site-packages\mpfmc\mcconfig.yaml.
2023-03-28 12:13:47,632 : ConfigProcessor : Loading config: C:\Users\digidev\.local\pipx\venvs\mpf\lib\site-packages\mpfmc\mcconfig.yaml
2023-03-28 12:13:47,633 : ConfigProcessor : Loading config from file C:\Users\digidev\source\Pinball_Three-Amigos\config\config.
2023-03-28 12:13:47,638 : ConfigProcessor : Loading config: C:\Users\digidev\source\Pinball_Three-Amigos\config\config
2023-03-28 12:13:47,697 : ConfigProcessor : Loading config: C:\Users\digidev\source\Pinball_Three-Amigos\config\hardware.yaml
2023-03-28 12:13:47,705 : ConfigProcessor : Loading config: C:\Users\digidev\source\Pinball_Three-Amigos\config\keyboard.yaml
2023-03-28 12:13:47,708 : ConfigProcessor : Config file cache created: C:\Users\digidev\AppData\Local\Temp\cb5b51b22bd45492aca32735a8adc5f5.mpf_cache
2023-03-28 12:13:47,709 : ConfigProcessor : Loading config from cache: C:\Users\digidev\AppData\Local\Temp\ae663e8f24481bd52f7f5e9610d87d3b.mpf_cache
2023-03-28 12:13:47,712 : ConfigProcessor : Loading config from cache: C:\Users\digidev\AppData\Local\Temp\d7dbd5ece0283f90787e254e6a383d33.mpf_cache
2023-03-28 12:13:47,714 : mpfmc : Mission Pinball Framework Media Controller v0.56.1
2023-03-28 12:13:47,718 : mpfmc : Mission Pinball Framework Game Engine v0.56.0
2023-03-28 12:13:47,719 : mpfmc : Machine path: C:\Users\digidev\source\Pinball_Three-Amigos
2023-03-28 12:13:47,719 : mpfmc : Starting clock at 60.0Hz
2023-03-28 12:13:47,746 : kivy : Text: Provider: sdl2
2023-03-28 12:13:47,804 : kivy : Window: Provider: sdl2
2023-03-28 12:13:47,957 : kivy : GL: Using the "OpenGL" graphics system
2023-03-28 12:13:47,959 : kivy : GL: GLEW initialization succeeded
2023-03-28 12:13:47,960 : kivy : GL: Backend used <glew>
2023-03-28 12:13:47,967 : kivy : GL: OpenGL version <b'4.3.0 - Build 20.19.15.4531'>
2023-03-28 12:13:47,967 : kivy : GL: OpenGL vendor <b'Intel'>
2023-03-28 12:13:47,968 : kivy : GL: OpenGL renderer <b'Intel(R) HD Graphics 4600'>
2023-03-28 12:13:47,969 : kivy : GL: OpenGL parsed version: 4, 3
2023-03-28 12:13:47,969 : kivy : GL: Shading version <b'4.30 - Build 20.19.15.4531'>
2023-03-28 12:13:47,969 : kivy : GL: Texture max size <16384>
2023-03-28 12:13:47,970 : kivy : GL: Texture max units <32>
2023-03-28 12:13:48,003 : kivy : Window: auto add sdl2 input provider
2023-03-28 12:13:48,004 : kivy : Window: virtual keyboard not allowed, single mode, not docked
2023-03-28 12:13:48,019 : SoundSystem : SoundSystem: Using default 'sound_system' settings
2023-03-28 12:13:48,349 : AudioInterface : Initialized
2023-03-28 12:13:48,349 : AudioInterface : Loaded SDL 2.0.20
2023-03-28 12:13:48,351 : AudioInterface : Loaded SDL_Mixer 2.0.4
2023-03-28 12:13:48,357 : AudioInterface : Loaded GStreamer 1.18.5.0
2023-03-28 12:13:48,357 : AudioInterface : Loaded GLib 2.62.6
2023-03-28 12:13:48,358 : AudioInterface : Settings requested - rate: 44100, channels: 1, buffer: 2048 samples
2023-03-28 12:13:48,358 : AudioInterface : Settings in use - rate: 44100, channels: 1, buffer: 2048 samples (4096 bytes @ 2 bytes per sample)
2023-03-28 12:13:48,359 : SoundSystem : No audio tracks are specified in your machine config file. a track named 'default' has been created.
2023-03-28 12:13:48,360 : SoundSystem : Setting master volume to 0.0
2023-03-28 12:13:48,360 : SoundSystem : master_volume in sound_system is deprecated and will be removed in the future.
2023-03-28 12:13:48,361 : AudioInterface : Enabling audio playback
2023-03-28 12:13:48,368 : kivy : Base: Start application main loop
2023-03-28 12:13:48,369 : EventManager : Event: ======'display_window_initialized'====== Args={}
2023-03-28 12:13:48,391 : mpfmc : Display: Setting 'window' as default display
2023-03-28 12:13:48,404 : mpfmc : ASPECT RATIO MISMATCH: The on-screen window is not the same aspect ratio as the display called 'window'. The logical display will be scaled from 1366x768 to the window size 800x600, and a black bar will make up the difference
2023-03-28 12:13:48,406 : EventManager : Event: ======'displays_initialized'====== Args={}
2023-03-28 12:13:48,408 : EventManager : Event: ======'slide_window_blank_created'====== Args={}
2023-03-28 12:13:48,408 : EventManager : Event: ======'display_window_ready'====== Args={}
2023-03-28 12:13:48,425 : EventManager : Event: ======'init_phase_1'====== Args={}
2023-03-28 12:13:48,430 : EventManager : Event: ======'mc_ready'====== Args={}
2023-03-28 12:13:48,430 : EventManager : Event: ======'init_phase_2'====== Args={}
2023-03-28 12:13:48,432 : EventManager : Event: ======'init_phase_3'====== Args={}
2023-03-28 12:13:48,434 : EventManager : Event: ======'init_phase_4'====== Args={}
2023-03-28 12:13:48,434 : EventManager : Event: ======'init_phase_5'====== Args={}
2023-03-28 12:13:48,455 : kivy : GL: NPOT texture support is available
2023-03-28 12:13:48,463 : kivy : GL: Unpack subimage support is available
2023-03-28 12:13:48,473 : EventManager : Event: ======'loading_assets'====== Args={'total': 1, 'loaded': 1, 'remaining': 0, 'percent': 100}
2023-03-28 12:13:48,474 : AssetManager : Asset loading took: 0.11093783378601074
2023-03-28 12:13:48,474 : EventManager : Event: ======'asset_loading_complete'====== Args={}
2023-03-28 12:13:48,482 : AssetManager : Loading assets: 1/1 (100%)
2023-03-28 12:13:48,482 : EventManager : Event: ======'init_done'====== Args={}
2023-03-28 12:13:48,483 : MPF-MC BCP Server : Starting up on localhost port 5050
2023-03-28 12:13:48,490 : MPF-MC BCP Server : Waiting for a connection...
2023-03-28 12:13:48,490 : mpfmc : SlidePlayer: Play called with settings={'slides': {welcome_slide-None-None: {'priority': None, 'target': None, 'background_color': [0.0, 0.0, 0.0, 1.0], 'show': True, 'force': False, 'expire': None, 'slide': None, 'tokens': {}, 'action': 'play', 'transition': None, 'transition_out': None}}}
2023-03-28 12:13:48,497 : EventManager : Event: ======'slide_welcome_slide_created'====== Args={}
2023-03-28 12:13:48,498 : EventManager : Event: ======'slide_welcome_slide_active'====== Args={}
2023-03-28 12:13:48,506 : EventManager : Event: ======'client_disconnected'====== Args={'host': '127.0.0.1', 'port': 5050}
2023-03-28 12:13:49,161 : MPF-MC BCP Server : Received connection from: 127.0.0.1:59435
2023-03-28 12:13:49,165 : EventManager : Event: ======'client_connected'====== Args={'host': '127.0.0.1', 'port': 59435}
2023-03-28 12:13:49,180 : EventManager : Event: ======'machine_var_credits_string'====== Args={'value': 'FREE PLAY', 'prev_value': None, 'change': True}
2023-03-28 12:13:49,181 : EventManager : Event: ======'machine_var_master_volume'====== Args={'value': 0.5, 'prev_value': None, 'change': True}
2023-03-28 12:13:49,183 : EventManager : Event: ======'machine_var_mpf_version'====== Args={'value': 'MPF v0.56.0', 'prev_value': None, 'change': True}
2023-03-28 12:13:49,187 : EventManager : Event: ======'machine_var_mpf_extended_version'====== Args={'value': 'MPF v0.56.0, Config version:5, Show version: 5, BCP version:1.1', 'prev_value': None, 'change': True}
2023-03-28 12:13:49,190 : EventManager : Event: ======'machine_var_python_version'====== Args={'value': '3.9.13', 'prev_value': None, 'change': True}
2023-03-28 12:13:49,201 : EventManager : Event: ======'machine_var_platform'====== Args={'value': 'Windows-10-10.0.19044-SP0', 'prev_value': None, 'change': True}
2023-03-28 12:13:49,203 : EventManager : Event: ======'machine_var_platform_system'====== Args={'value': 'Windows', 'prev_value': None, 'change': True}
2023-03-28 12:13:49,205 : EventManager : Event: ======'machine_var_platform_release'====== Args={'value': '10', 'prev_value': None, 'change': True}
2023-03-28 12:13:49,206 : EventManager : Event: ======'machine_var_platform_version'====== Args={'value': '10.0.19044', 'prev_value': None, 'change': True}
2023-03-28 12:13:49,209 : EventManager : Event: ======'machine_var_platform_machine'====== Args={'value': 'AMD64', 'prev_value': None, 'change': True}
2023-03-28 12:13:49,210 : EventManager : Event: ======'machine_var_mc_version'====== Args={'value': 'MPF-MC v0.56.1', 'prev_value': None, 'change': True}
2023-03-28 12:13:49,211 : EventManager : Event: ======'machine_var_mc_extended_version'====== Args={'value': 'MPF-MC v0.56.1 (config_version=5, BCP v1.1,                      Requires MPF API compatibility v0.56.0 or newer)', 'prev_value': None, 'change': True}
2023-03-28 12:13:49,212 : SoundSystem : Setting master volume to 0.5
2023-03-28 12:13:49,227 : EventManager : Event: ======'machine_var_audits_switches_s_left_flipper'====== Args={'value': 0, 'prev_value': None, 'change': True}
2023-03-28 12:13:49,234 : EventManager : Event: ======'machine_var_audits_switches_s_right_flipper'====== Args={'value': 0, 'prev_value': None, 'change': True}
2023-03-28 12:13:49,235 : EventManager : Event: ======'machine_var_audits_switches_s_trough1'====== Args={'value': 0, 'prev_value': None, 'change': True}
2023-03-28 12:13:49,236 : EventManager : Event: ======'machine_var_audits_switches_s_trough2'====== Args={'value': 0, 'prev_value': None, 'change': True}
2023-03-28 12:13:49,237 : EventManager : Event: ======'machine_var_audits_switches_s_trough3'====== Args={'value': 0, 'prev_value': None, 'change': True}
2023-03-28 12:13:49,248 : EventManager : Event: ======'machine_var_audits_switches_s_trough4'====== Args={'value': 0, 'prev_value': None, 'change': True}
2023-03-28 12:13:49,249 : EventManager : Event: ======'machine_var_audits_switches_s_trough_jam'====== Args={'value': 0, 'prev_value': None, 'change': True}
2023-03-28 12:13:49,250 : EventManager : Event: ======'machine_var_audits_switches_s_plunger_lane'====== Args={'value': 0, 'prev_value': None, 'change': True}
2023-03-28 12:13:49,252 : EventManager : Event: ======'machine_var_audits_switches_s_start'====== Args={'value': 0, 'prev_value': None, 'change': True}
2023-03-28 12:13:49,253 : EventManager : Event: ======'machine_var_audits_switches_s_left_slingshot'====== Args={'value': 0, 'prev_value': None, 'change': True}
2023-03-28 12:13:49,254 : EventManager : Event: ======'machine_var_audits_switches_s_right_slingshot'====== Args={'value': 0, 'prev_value': None, 'change': True}
2023-03-28 12:13:49,265 : EventManager : Event: ======'machine_var_audits_switches_s_drop_target_left'====== Args={'value': 0, 'prev_value': None, 'change': True}
2023-03-28 12:13:49,267 : EventManager : Event: ======'machine_var_audits_switches_s_drop_target_middle'====== Args={'value': 0, 'prev_value': None, 'change': True}
2023-03-28 12:13:49,268 : EventManager : Event: ======'machine_var_audits_switches_s_drop_target_right'====== Args={'value': 0, 'prev_value': None, 'change': True}
2023-03-28 12:13:49,269 : EventManager : Event: ======'machine_var_audits_switches_s_tilt'====== Args={'value': 0, 'prev_value': None, 'change': True}
2023-03-28 12:13:49,273 : EventManager : Event: ======'machine_var_audits_events_game_started'====== Args={'value': 0, 'prev_value': None, 'change': True}
2023-03-28 12:13:49,278 : EventManager : Event: ======'machine_var_audits_events_game_ended'====== Args={'value': 0, 'prev_value': None, 'change': True}
2023-03-28 12:13:49,281 : EventManager : Event: ======'machine_var_audits_player_score'====== Args={'value': {'top': [], 'average': 0, 'total': 0}, 'prev_value': None, 'change': True}
2023-03-28 12:13:49,282 : EventManager : Event: ======'slides_play'====== Args={'settings': {'welcome_slide': {'target': None, 'background_color': [0.0, 0.0, 0.0, 1.0], 'priority': None, 'show': True, 'force': False, 'expire': None, 'slide': None, 'tokens': {}, 'action': 'play'}}, 'context': '_global', 'calling_context': 'init_done', 'priority': 0}
2023-03-28 12:13:49,283 : EventManager : Event: ======'mc_reset_phase_1'====== Args={}
2023-03-28 12:13:49,284 : mpfmc : SlidePlayer: Play called with settings={'welcome_slide': {'target': None, 'background_color': [0.0, 0.0, 0.0, 1.0], 'priority': None, 'show': True, 'force': False, 'expire': None, 'slide': None, 'tokens': {}, 'action': 'play'}}
2023-03-28 12:13:49,285 : EventManager : Event: ======'slide_welcome_slide_removed'====== Args={}
2023-03-28 12:13:49,289 : EventManager : Event: ======'slide_welcome_slide_created'====== Args={}
2023-03-28 12:13:49,298 : EventManager : Event: ======'mc_reset_phase_2'====== Args={}
2023-03-28 12:13:49,299 : EventManager : Event: ======'mc_reset_phase_3'====== Args={}
2023-03-28 12:13:49,299 : EventManager : Event: ======'mc_reset_complete'====== Args={}
2023-03-28 12:13:49,300 : EventManager : Event: ======'slide_welcome_slide_active'====== Args={}
2023-03-28 12:13:49,322 : EventManager : Event: ======'slides_play'====== Args={'settings': {'attract_started': {'target': None, 'background_color': [0.0, 0.0, 0.0, 1.0], 'priority': None, 'show': True, 'force': False, 'expire': None, 'slide': None, 'tokens': {}, 'action': 'play'}}, 'context': '_global', 'calling_context': 'mode_attract_started', 'priority': 0}
2023-03-28 12:13:49,331 : mpfmc : SlidePlayer: Play called with settings={'attract_started': {'target': None, 'background_color': [0.0, 0.0, 0.0, 1.0], 'priority': None, 'show': True, 'force': False, 'expire': None, 'slide': None, 'tokens': {}, 'action': 'play'}}
2023-03-28 12:13:49,339 : EventManager : Event: ======'slide_attract_started_created'====== Args={}
2023-03-28 12:13:49,343 : EventManager : Event: ======'slide_attract_started_active'====== Args={}
2023-03-28 12:13:50,362 : kivy : Base: Leaving application in progress...
2023-03-28 12:13:50,582 : mpfmc : Stopping...
2023-03-28 12:13:50,583 : EventManager : Event: ======'shutdown'====== Args={}
2023-03-28 12:13:50,585 : AudioInterface : Disabling audio playback
2023-03-28 12:13:50,586 : mpfmc : Loop rate 64.91 Hz
2023-03-28 12:13:50,591 : kivy : MC run loop ended.
2023-03-28 12:13:50,591 : kivy : Stopping child threads... (3 remaining)
2023-03-28 12:13:51,311 : mpfmc : Stopping...
2023-03-28 12:13:51,312 : EventManager : Event: ======'shutdown'====== Args={}
2023-03-28 12:13:51,320 : mpfmc : Loop rate 48.78 Hz
2023-03-28 12:13:51,345 : MPF-MC BCP Server : Stopping BCP sending thread
2023-03-28 12:13:51,595 : kivy : All child threads stopped.
