2023-03-28 11:29:13,791 : kivy : Factory: 189 symbols loaded
2023-03-28 11:29:14,034 : kivy : ImageLoaderFFPy: Using ffpyplayer 4.3.5
2023-03-28 11:29:14,035 : kivy : Image: Providers: img_tex, img_dds, img_sdl2, img_pil, img_ffpyplayer 
2023-03-28 11:29:14,094 : kivy : VideoGstplayer: Using Gstreamer 1.18.5.0
2023-03-28 11:29:14,094 : kivy : Video: Provider: gstplayer
2023-03-28 11:29:14,269 : kivy : Loading MPF-MC controller
2023-03-28 11:29:14,274 : YamlMultifileConfigLoader : Machine config file #1: config
2023-03-28 11:29:14,275 : ConfigProcessor : Config file in cache changed: C:\Users\digidev\source\Pinball_Three-Amigos\config\config
2023-03-28 11:29:14,279 : ConfigProcessor : Loading config from file C:\Users\digidev\.local\pipx\venvs\mpf\lib\site-packages\mpfmc\mcconfig.yaml.
2023-03-28 11:29:14,318 : ConfigProcessor : Loading config: C:\Users\digidev\.local\pipx\venvs\mpf\lib\site-packages\mpfmc\mcconfig.yaml
2023-03-28 11:29:14,318 : ConfigProcessor : Loading config from file C:\Users\digidev\source\Pinball_Three-Amigos\config\config.
2023-03-28 11:29:14,323 : ConfigProcessor : Loading config: C:\Users\digidev\source\Pinball_Three-Amigos\config\config
2023-03-28 11:29:14,373 : ConfigProcessor : Loading config: C:\Users\digidev\source\Pinball_Three-Amigos\config\hardware.yaml
2023-03-28 11:29:14,380 : ConfigProcessor : Loading config: C:\Users\digidev\source\Pinball_Three-Amigos\config\keyboard.yaml
2023-03-28 11:29:14,382 : ConfigProcessor : Config file cache created: C:\Users\digidev\AppData\Local\Temp\cb5b51b22bd45492aca32735a8adc5f5.mpf_cache
2023-03-28 11:29:14,383 : ConfigProcessor : Loading config from cache: C:\Users\digidev\AppData\Local\Temp\ae663e8f24481bd52f7f5e9610d87d3b.mpf_cache
2023-03-28 11:29:14,384 : ConfigProcessor : Loading config from cache: C:\Users\digidev\AppData\Local\Temp\d7dbd5ece0283f90787e254e6a383d33.mpf_cache
2023-03-28 11:29:14,385 : mpfmc : Mission Pinball Framework Media Controller v0.56.1
2023-03-28 11:29:14,385 : mpfmc : Mission Pinball Framework Game Engine v0.56.0
2023-03-28 11:29:14,386 : mpfmc : Machine path: C:\Users\digidev\source\Pinball_Three-Amigos
2023-03-28 11:29:14,386 : mpfmc : Starting clock at 60.0Hz
2023-03-28 11:29:14,407 : kivy : Text: Provider: sdl2
2023-03-28 11:29:14,467 : kivy : Window: Provider: sdl2
2023-03-28 11:29:14,582 : kivy : GL: Using the "OpenGL" graphics system
2023-03-28 11:29:14,583 : kivy : GL: GLEW initialization succeeded
2023-03-28 11:29:14,585 : kivy : GL: Backend used <glew>
2023-03-28 11:29:14,590 : kivy : GL: OpenGL version <b'4.3.0 - Build 20.19.15.4531'>
2023-03-28 11:29:14,591 : kivy : GL: OpenGL vendor <b'Intel'>
2023-03-28 11:29:14,591 : kivy : GL: OpenGL renderer <b'Intel(R) HD Graphics 4600'>
2023-03-28 11:29:14,591 : kivy : GL: OpenGL parsed version: 4, 3
2023-03-28 11:29:14,592 : kivy : GL: Shading version <b'4.30 - Build 20.19.15.4531'>
2023-03-28 11:29:14,593 : kivy : GL: Texture max size <16384>
2023-03-28 11:29:14,593 : kivy : GL: Texture max units <32>
2023-03-28 11:29:14,625 : kivy : Window: auto add sdl2 input provider
2023-03-28 11:29:14,628 : kivy : Window: virtual keyboard not allowed, single mode, not docked
2023-03-28 11:29:14,643 : SoundSystem : SoundSystem: Using default 'sound_system' settings
2023-03-28 11:29:14,957 : AudioInterface : Initialized
2023-03-28 11:29:14,958 : AudioInterface : Loaded SDL 2.0.20
2023-03-28 11:29:14,964 : AudioInterface : Loaded SDL_Mixer 2.0.4
2023-03-28 11:29:14,965 : AudioInterface : Loaded GStreamer 1.18.5.0
2023-03-28 11:29:14,965 : AudioInterface : Loaded GLib 2.62.6
2023-03-28 11:29:14,966 : AudioInterface : Settings requested - rate: 44100, channels: 1, buffer: 2048 samples
2023-03-28 11:29:14,966 : AudioInterface : Settings in use - rate: 44100, channels: 1, buffer: 2048 samples (4096 bytes @ 2 bytes per sample)
2023-03-28 11:29:14,967 : SoundSystem : No audio tracks are specified in your machine config file. a track named 'default' has been created.
2023-03-28 11:29:14,967 : SoundSystem : Setting master volume to 0.0
2023-03-28 11:29:14,968 : SoundSystem : master_volume in sound_system is deprecated and will be removed in the future.
2023-03-28 11:29:14,968 : AudioInterface : Enabling audio playback
2023-03-28 11:29:14,971 : kivy : Base: Start application main loop
2023-03-28 11:29:14,972 : EventManager : Event: ======'display_window_initialized'====== Args={}
2023-03-28 11:29:14,995 : mpfmc : Display: Setting 'window' as default display
2023-03-28 11:29:15,004 : mpfmc : ASPECT RATIO MISMATCH: The on-screen window is not the same aspect ratio as the display called 'window'. The logical display will be scaled from 1366x768 to the window size 800x600, and a black bar will make up the difference
2023-03-28 11:29:15,006 : EventManager : Event: ======'displays_initialized'====== Args={}
2023-03-28 11:29:15,008 : EventManager : Event: ======'slide_window_blank_created'====== Args={}
2023-03-28 11:29:15,008 : EventManager : Event: ======'display_window_ready'====== Args={}
2023-03-28 11:29:15,027 : EventManager : Event: ======'init_phase_1'====== Args={}
2023-03-28 11:29:15,031 : EventManager : Event: ======'mc_ready'====== Args={}
2023-03-28 11:29:15,031 : EventManager : Event: ======'init_phase_2'====== Args={}
2023-03-28 11:29:15,033 : EventManager : Event: ======'init_phase_3'====== Args={}
2023-03-28 11:29:15,034 : EventManager : Event: ======'init_phase_4'====== Args={}
2023-03-28 11:29:15,034 : EventManager : Event: ======'init_phase_5'====== Args={}
2023-03-28 11:29:15,055 : kivy : GL: NPOT texture support is available
2023-03-28 11:29:15,065 : kivy : GL: Unpack subimage support is available
2023-03-28 11:29:15,071 : EventManager : Event: ======'loading_assets'====== Args={'total': 1, 'loaded': 1, 'remaining': 0, 'percent': 100}
2023-03-28 11:29:15,071 : AssetManager : Asset loading took: 0.10194635391235352
2023-03-28 11:29:15,072 : EventManager : Event: ======'asset_loading_complete'====== Args={}
2023-03-28 11:29:15,072 : AssetManager : Loading assets: 1/1 (100%)
2023-03-28 11:29:15,073 : EventManager : Event: ======'init_done'====== Args={}
2023-03-28 11:29:15,076 : MPF-MC BCP Server : Starting up on localhost port 5050
2023-03-28 11:29:15,086 : MPF-MC BCP Server : Waiting for a connection...
2023-03-28 11:29:15,086 : mpfmc : SlidePlayer: Play called with settings={'slides': {welcome_slide-None-None: {'priority': None, 'target': None, 'background_color': [0.0, 0.0, 0.0, 1.0], 'show': True, 'force': False, 'expire': None, 'slide': None, 'tokens': {}, 'action': 'play', 'transition': None, 'transition_out': None}}}
2023-03-28 11:29:15,089 : EventManager : Event: ======'slide_welcome_slide_created'====== Args={}
2023-03-28 11:29:15,091 : EventManager : Event: ======'slide_welcome_slide_active'====== Args={}
2023-03-28 11:29:15,095 : EventManager : Event: ======'client_disconnected'====== Args={'host': '127.0.0.1', 'port': 5050}
2023-03-28 11:29:16,042 : MPF-MC BCP Server : Received connection from: 127.0.0.1:59298
2023-03-28 11:29:16,043 : EventManager : Event: ======'client_connected'====== Args={'host': '127.0.0.1', 'port': 59298}
2023-03-28 11:29:16,102 : EventManager : Event: ======'machine_var_credits_string'====== Args={'value': 'FREE PLAY', 'prev_value': None, 'change': True}
2023-03-28 11:29:16,113 : EventManager : Event: ======'machine_var_master_volume'====== Args={'value': 0.5, 'prev_value': None, 'change': True}
2023-03-28 11:29:16,115 : EventManager : Event: ======'machine_var_mpf_version'====== Args={'value': 'MPF v0.56.0', 'prev_value': None, 'change': True}
2023-03-28 11:29:16,116 : EventManager : Event: ======'machine_var_mpf_extended_version'====== Args={'value': 'MPF v0.56.0, Config version:5, Show version: 5, BCP version:1.1', 'prev_value': None, 'change': True}
2023-03-28 11:29:16,117 : EventManager : Event: ======'machine_var_python_version'====== Args={'value': '3.9.13', 'prev_value': None, 'change': True}
2023-03-28 11:29:16,125 : EventManager : Event: ======'machine_var_platform'====== Args={'value': 'Windows-10-10.0.19044-SP0', 'prev_value': None, 'change': True}
2023-03-28 11:29:16,128 : EventManager : Event: ======'machine_var_platform_system'====== Args={'value': 'Windows', 'prev_value': None, 'change': True}
2023-03-28 11:29:16,129 : EventManager : Event: ======'machine_var_platform_release'====== Args={'value': '10', 'prev_value': None, 'change': True}
2023-03-28 11:29:16,130 : EventManager : Event: ======'machine_var_platform_version'====== Args={'value': '10.0.19044', 'prev_value': None, 'change': True}
2023-03-28 11:29:16,131 : EventManager : Event: ======'machine_var_platform_machine'====== Args={'value': 'AMD64', 'prev_value': None, 'change': True}
2023-03-28 11:29:16,132 : EventManager : Event: ======'machine_var_mc_version'====== Args={'value': 'MPF-MC v0.56.1', 'prev_value': None, 'change': True}
2023-03-28 11:29:16,141 : EventManager : Event: ======'machine_var_mc_extended_version'====== Args={'value': 'MPF-MC v0.56.1 (config_version=5, BCP v1.1,                      Requires MPF API compatibility v0.56.0 or newer)', 'prev_value': None, 'change': True}
2023-03-28 11:29:16,142 : EventManager : Event: ======'machine_var_audits_switches_s_left_flipper'====== Args={'value': 0, 'prev_value': None, 'change': True}
2023-03-28 11:29:16,145 : EventManager : Event: ======'machine_var_audits_switches_s_right_flipper'====== Args={'value': 0, 'prev_value': None, 'change': True}
2023-03-28 11:29:16,146 : EventManager : Event: ======'machine_var_audits_switches_s_trough1'====== Args={'value': 0, 'prev_value': None, 'change': True}
2023-03-28 11:29:16,147 : EventManager : Event: ======'machine_var_audits_switches_s_trough2'====== Args={'value': 0, 'prev_value': None, 'change': True}
2023-03-28 11:29:16,148 : EventManager : Event: ======'machine_var_audits_switches_s_trough3'====== Args={'value': 0, 'prev_value': None, 'change': True}
2023-03-28 11:29:16,152 : EventManager : Event: ======'machine_var_audits_switches_s_trough4'====== Args={'value': 0, 'prev_value': None, 'change': True}
2023-03-28 11:29:16,158 : EventManager : Event: ======'machine_var_audits_switches_s_trough_jam'====== Args={'value': 0, 'prev_value': None, 'change': True}
2023-03-28 11:29:16,158 : EventManager : Event: ======'machine_var_audits_switches_s_plunger_lane'====== Args={'value': 0, 'prev_value': None, 'change': True}
2023-03-28 11:29:16,160 : EventManager : Event: ======'machine_var_audits_switches_s_start'====== Args={'value': 0, 'prev_value': None, 'change': True}
2023-03-28 11:29:16,161 : EventManager : Event: ======'machine_var_audits_switches_s_left_slingshot'====== Args={'value': 0, 'prev_value': None, 'change': True}
2023-03-28 11:29:16,162 : EventManager : Event: ======'machine_var_audits_switches_s_right_slingshot'====== Args={'value': 0, 'prev_value': None, 'change': True}
2023-03-28 11:29:16,162 : EventManager : Event: ======'machine_var_audits_switches_s_drop_target_left'====== Args={'value': 0, 'prev_value': None, 'change': True}
2023-03-28 11:29:16,163 : EventManager : Event: ======'machine_var_audits_switches_s_drop_target_middle'====== Args={'value': 0, 'prev_value': None, 'change': True}
2023-03-28 11:29:16,163 : EventManager : Event: ======'machine_var_audits_switches_s_drop_target_right'====== Args={'value': 0, 'prev_value': None, 'change': True}
2023-03-28 11:29:16,164 : EventManager : Event: ======'machine_var_audits_switches_s_tilt'====== Args={'value': 0, 'prev_value': None, 'change': True}
2023-03-28 11:29:16,165 : EventManager : Event: ======'machine_var_audits_events_game_started'====== Args={'value': 0, 'prev_value': None, 'change': True}
2023-03-28 11:29:16,168 : EventManager : Event: ======'machine_var_audits_events_game_ended'====== Args={'value': 0, 'prev_value': None, 'change': True}
2023-03-28 11:29:16,173 : EventManager : Event: ======'machine_var_audits_player_score'====== Args={'value': {'top': [], 'average': 0, 'total': 0}, 'prev_value': None, 'change': True}
2023-03-28 11:29:16,174 : EventManager : Event: ======'slides_play'====== Args={'settings': {'welcome_slide': {'target': None, 'background_color': [0.0, 0.0, 0.0, 1.0], 'priority': None, 'show': True, 'force': False, 'expire': None, 'slide': None, 'tokens': {}, 'action': 'play'}}, 'context': '_global', 'calling_context': 'init_done', 'priority': 0}
2023-03-28 11:29:16,175 : EventManager : Event: ======'mc_reset_phase_1'====== Args={}
2023-03-28 11:29:16,176 : SoundSystem : Setting master volume to 0.5
2023-03-28 11:29:16,177 : mpfmc : SlidePlayer: Play called with settings={'welcome_slide': {'target': None, 'background_color': [0.0, 0.0, 0.0, 1.0], 'priority': None, 'show': True, 'force': False, 'expire': None, 'slide': None, 'tokens': {}, 'action': 'play'}}
2023-03-28 11:29:16,178 : EventManager : Event: ======'slide_welcome_slide_removed'====== Args={}
2023-03-28 11:29:16,181 : EventManager : Event: ======'slide_welcome_slide_created'====== Args={}
2023-03-28 11:29:16,185 : EventManager : Event: ======'mc_reset_phase_2'====== Args={}
2023-03-28 11:29:16,190 : EventManager : Event: ======'mc_reset_phase_3'====== Args={}
2023-03-28 11:29:16,190 : EventManager : Event: ======'mc_reset_complete'====== Args={}
2023-03-28 11:29:16,192 : EventManager : Event: ======'slide_welcome_slide_active'====== Args={}
2023-03-28 11:29:16,208 : EventManager : Event: ======'slides_play'====== Args={'settings': {'attract_started': {'target': None, 'background_color': [0.0, 0.0, 0.0, 1.0], 'priority': None, 'show': True, 'force': False, 'expire': None, 'slide': None, 'tokens': {}, 'action': 'play'}}, 'context': '_global', 'calling_context': 'mode_attract_started', 'priority': 0}
2023-03-28 11:29:16,213 : mpfmc : SlidePlayer: Play called with settings={'attract_started': {'target': None, 'background_color': [0.0, 0.0, 0.0, 1.0], 'priority': None, 'show': True, 'force': False, 'expire': None, 'slide': None, 'tokens': {}, 'action': 'play'}}
2023-03-28 11:29:16,223 : EventManager : Event: ======'slide_attract_started_created'====== Args={}
2023-03-28 11:29:16,226 : EventManager : Event: ======'slide_attract_started_active'====== Args={}
2023-03-28 11:29:33,804 : kivy : Base: Leaving application in progress...
2023-03-28 11:29:34,026 : mpfmc : Stopping...
2023-03-28 11:29:34,026 : EventManager : Event: ======'shutdown'====== Args={}
2023-03-28 11:29:34,028 : AudioInterface : Disabling audio playback
2023-03-28 11:29:34,033 : mpfmc : Loop rate 78.74 Hz
2023-03-28 11:29:34,034 : kivy : MC run loop ended.
2023-03-28 11:29:34,034 : kivy : Stopping child threads... (3 remaining)
2023-03-28 11:29:34,036 : MPF-MC BCP Server : Stopping BCP sending thread
2023-03-28 11:29:34,211 : mpfmc : Stopping...
2023-03-28 11:29:34,212 : EventManager : Event: ======'shutdown'====== Args={}
2023-03-28 11:29:34,221 : mpfmc : Loop rate 77.98 Hz
2023-03-28 11:29:34,236 : kivy : All child threads stopped.
