2023-03-28 11:43:46,737 : kivy : Factory: 189 symbols loaded
2023-03-28 11:43:46,928 : kivy : ImageLoaderFFPy: Using ffpyplayer 4.3.5
2023-03-28 11:43:46,928 : kivy : Image: Providers: img_tex, img_dds, img_sdl2, img_pil, img_ffpyplayer 
2023-03-28 11:43:46,986 : kivy : VideoGstplayer: Using Gstreamer 1.18.5.0
2023-03-28 11:43:46,987 : kivy : Video: Provider: gstplayer
2023-03-28 11:43:47,157 : kivy : Loading MPF-MC controller
2023-03-28 11:43:47,220 : YamlMultifileConfigLoader : Machine config file #1: config
2023-03-28 11:43:47,222 : ConfigProcessor : Config file in cache changed: C:\Users\digidev\source\Pinball_Three-Amigos\config\config
2023-03-28 11:43:47,227 : ConfigProcessor : Loading config from file C:\Users\digidev\.local\pipx\venvs\mpf\lib\site-packages\mpfmc\mcconfig.yaml.
2023-03-28 11:43:47,286 : ConfigProcessor : Loading config: C:\Users\digidev\.local\pipx\venvs\mpf\lib\site-packages\mpfmc\mcconfig.yaml
2023-03-28 11:43:47,287 : ConfigProcessor : Loading config from file C:\Users\digidev\source\Pinball_Three-Amigos\config\config.
2023-03-28 11:43:47,291 : ConfigProcessor : Loading config: C:\Users\digidev\source\Pinball_Three-Amigos\config\config
2023-03-28 11:43:47,342 : ConfigProcessor : Loading config: C:\Users\digidev\source\Pinball_Three-Amigos\config\hardware.yaml
2023-03-28 11:43:47,348 : ConfigProcessor : Loading config: C:\Users\digidev\source\Pinball_Three-Amigos\config\keyboard.yaml
2023-03-28 11:43:47,351 : ConfigProcessor : Config file cache created: C:\Users\digidev\AppData\Local\Temp\cb5b51b22bd45492aca32735a8adc5f5.mpf_cache
2023-03-28 11:43:47,352 : ConfigProcessor : Loading config from cache: C:\Users\digidev\AppData\Local\Temp\ae663e8f24481bd52f7f5e9610d87d3b.mpf_cache
2023-03-28 11:43:47,353 : ConfigProcessor : Loading config from cache: C:\Users\digidev\AppData\Local\Temp\d7dbd5ece0283f90787e254e6a383d33.mpf_cache
2023-03-28 11:43:47,354 : mpfmc : Mission Pinball Framework Media Controller v0.56.1
2023-03-28 11:43:47,354 : mpfmc : Mission Pinball Framework Game Engine v0.56.0
2023-03-28 11:43:47,354 : mpfmc : Machine path: C:\Users\digidev\source\Pinball_Three-Amigos
2023-03-28 11:43:47,355 : mpfmc : Starting clock at 60.0Hz
2023-03-28 11:43:47,376 : kivy : Text: Provider: sdl2
2023-03-28 11:43:47,446 : kivy : Window: Provider: sdl2
2023-03-28 11:43:47,567 : kivy : GL: Using the "OpenGL" graphics system
2023-03-28 11:43:47,568 : kivy : GL: GLEW initialization succeeded
2023-03-28 11:43:47,569 : kivy : GL: Backend used <glew>
2023-03-28 11:43:47,574 : kivy : GL: OpenGL version <b'4.3.0 - Build 20.19.15.4531'>
2023-03-28 11:43:47,575 : kivy : GL: OpenGL vendor <b'Intel'>
2023-03-28 11:43:47,575 : kivy : GL: OpenGL renderer <b'Intel(R) HD Graphics 4600'>
2023-03-28 11:43:47,576 : kivy : GL: OpenGL parsed version: 4, 3
2023-03-28 11:43:47,576 : kivy : GL: Shading version <b'4.30 - Build 20.19.15.4531'>
2023-03-28 11:43:47,577 : kivy : GL: Texture max size <16384>
2023-03-28 11:43:47,577 : kivy : GL: Texture max units <32>
2023-03-28 11:43:47,609 : kivy : Window: auto add sdl2 input provider
2023-03-28 11:43:47,610 : kivy : Window: virtual keyboard not allowed, single mode, not docked
2023-03-28 11:43:47,624 : SoundSystem : SoundSystem: Using default 'sound_system' settings
2023-03-28 11:43:47,936 : AudioInterface : Initialized
2023-03-28 11:43:47,937 : AudioInterface : Loaded SDL 2.0.20
2023-03-28 11:43:47,939 : AudioInterface : Loaded SDL_Mixer 2.0.4
2023-03-28 11:43:47,944 : AudioInterface : Loaded GStreamer 1.18.5.0
2023-03-28 11:43:47,945 : AudioInterface : Loaded GLib 2.62.6
2023-03-28 11:43:47,946 : AudioInterface : Settings requested - rate: 44100, channels: 1, buffer: 2048 samples
2023-03-28 11:43:47,946 : AudioInterface : Settings in use - rate: 44100, channels: 1, buffer: 2048 samples (4096 bytes @ 2 bytes per sample)
2023-03-28 11:43:47,949 : SoundSystem : No audio tracks are specified in your machine config file. a track named 'default' has been created.
2023-03-28 11:43:47,949 : SoundSystem : Setting master volume to 0.0
2023-03-28 11:43:47,950 : SoundSystem : master_volume in sound_system is deprecated and will be removed in the future.
2023-03-28 11:43:47,950 : AudioInterface : Enabling audio playback
2023-03-28 11:43:47,954 : kivy : Base: Start application main loop
2023-03-28 11:43:47,956 : EventManager : Event: ======'display_window_initialized'====== Args={}
2023-03-28 11:43:47,985 : mpfmc : Display: Setting 'window' as default display
2023-03-28 11:43:47,994 : mpfmc : ASPECT RATIO MISMATCH: The on-screen window is not the same aspect ratio as the display called 'window'. The logical display will be scaled from 1366x768 to the window size 800x600, and a black bar will make up the difference
2023-03-28 11:43:47,997 : EventManager : Event: ======'displays_initialized'====== Args={}
2023-03-28 11:43:47,998 : EventManager : Event: ======'slide_window_blank_created'====== Args={}
2023-03-28 11:43:47,999 : EventManager : Event: ======'display_window_ready'====== Args={}
2023-03-28 11:43:48,013 : EventManager : Event: ======'init_phase_1'====== Args={}
2023-03-28 11:43:48,017 : EventManager : Event: ======'mc_ready'====== Args={}
2023-03-28 11:43:48,020 : EventManager : Event: ======'init_phase_2'====== Args={}
2023-03-28 11:43:48,022 : EventManager : Event: ======'init_phase_3'====== Args={}
2023-03-28 11:43:48,027 : EventManager : Event: ======'init_phase_4'====== Args={}
2023-03-28 11:43:48,027 : EventManager : Event: ======'init_phase_5'====== Args={}
2023-03-28 11:43:48,048 : kivy : GL: NPOT texture support is available
2023-03-28 11:43:48,059 : kivy : GL: Unpack subimage support is available
2023-03-28 11:43:48,068 : EventManager : Event: ======'loading_assets'====== Args={'total': 1, 'loaded': 1, 'remaining': 0, 'percent': 100}
2023-03-28 11:43:48,068 : AssetManager : Asset loading took: 0.11700153350830078
2023-03-28 11:43:48,069 : EventManager : Event: ======'asset_loading_complete'====== Args={}
2023-03-28 11:43:48,074 : AssetManager : Loading assets: 1/1 (100%)
2023-03-28 11:43:48,075 : EventManager : Event: ======'init_done'====== Args={}
2023-03-28 11:43:48,076 : MPF-MC BCP Server : Starting up on localhost port 5050
2023-03-28 11:43:48,083 : MPF-MC BCP Server : Waiting for a connection...
2023-03-28 11:43:48,083 : mpfmc : SlidePlayer: Play called with settings={'slides': {welcome_slide-None-None: {'priority': None, 'target': None, 'background_color': [0.0, 0.0, 0.0, 1.0], 'show': True, 'force': False, 'expire': None, 'slide': None, 'tokens': {}, 'action': 'play', 'transition': None, 'transition_out': None}}}
2023-03-28 11:43:48,089 : EventManager : Event: ======'slide_welcome_slide_created'====== Args={}
2023-03-28 11:43:48,090 : EventManager : Event: ======'slide_welcome_slide_active'====== Args={}
2023-03-28 11:43:48,094 : EventManager : Event: ======'client_disconnected'====== Args={'host': '127.0.0.1', 'port': 5050}
2023-03-28 11:43:48,792 : MPF-MC BCP Server : Received connection from: 127.0.0.1:59369
2023-03-28 11:43:48,793 : EventManager : Event: ======'client_connected'====== Args={'host': '127.0.0.1', 'port': 59369}
2023-03-28 11:43:48,828 : EventManager : Event: ======'machine_var_credits_string'====== Args={'value': 'FREE PLAY', 'prev_value': None, 'change': True}
2023-03-28 11:43:48,829 : EventManager : Event: ======'machine_var_master_volume'====== Args={'value': 0.5, 'prev_value': None, 'change': True}
2023-03-28 11:43:48,831 : EventManager : Event: ======'machine_var_mpf_version'====== Args={'value': 'MPF v0.56.0', 'prev_value': None, 'change': True}
2023-03-28 11:43:48,832 : EventManager : Event: ======'machine_var_mpf_extended_version'====== Args={'value': 'MPF v0.56.0, Config version:5, Show version: 5, BCP version:1.1', 'prev_value': None, 'change': True}
2023-03-28 11:43:48,833 : EventManager : Event: ======'machine_var_python_version'====== Args={'value': '3.9.13', 'prev_value': None, 'change': True}
2023-03-28 11:43:48,833 : EventManager : Event: ======'machine_var_platform'====== Args={'value': 'Windows-10-10.0.19044-SP0', 'prev_value': None, 'change': True}
2023-03-28 11:43:48,834 : EventManager : Event: ======'machine_var_platform_system'====== Args={'value': 'Windows', 'prev_value': None, 'change': True}
2023-03-28 11:43:48,835 : EventManager : Event: ======'machine_var_platform_release'====== Args={'value': '10', 'prev_value': None, 'change': True}
2023-03-28 11:43:48,837 : EventManager : Event: ======'machine_var_platform_version'====== Args={'value': '10.0.19044', 'prev_value': None, 'change': True}
2023-03-28 11:43:48,837 : EventManager : Event: ======'machine_var_platform_machine'====== Args={'value': 'AMD64', 'prev_value': None, 'change': True}
2023-03-28 11:43:48,839 : EventManager : Event: ======'machine_var_mc_version'====== Args={'value': 'MPF-MC v0.56.1', 'prev_value': None, 'change': True}
2023-03-28 11:43:48,849 : EventManager : Event: ======'machine_var_mc_extended_version'====== Args={'value': 'MPF-MC v0.56.1 (config_version=5, BCP v1.1,                      Requires MPF API compatibility v0.56.0 or newer)', 'prev_value': None, 'change': True}
2023-03-28 11:43:48,851 : EventManager : Event: ======'machine_var_audits_switches_s_left_flipper'====== Args={'value': 0, 'prev_value': None, 'change': True}
2023-03-28 11:43:48,852 : EventManager : Event: ======'machine_var_audits_switches_s_right_flipper'====== Args={'value': 0, 'prev_value': None, 'change': True}
2023-03-28 11:43:48,853 : EventManager : Event: ======'machine_var_audits_switches_s_trough1'====== Args={'value': 0, 'prev_value': None, 'change': True}
2023-03-28 11:43:48,862 : EventManager : Event: ======'machine_var_audits_switches_s_trough2'====== Args={'value': 0, 'prev_value': None, 'change': True}
2023-03-28 11:43:48,865 : EventManager : Event: ======'machine_var_audits_switches_s_trough3'====== Args={'value': 0, 'prev_value': None, 'change': True}
2023-03-28 11:43:48,866 : EventManager : Event: ======'machine_var_audits_switches_s_trough4'====== Args={'value': 0, 'prev_value': None, 'change': True}
2023-03-28 11:43:48,867 : EventManager : Event: ======'machine_var_audits_switches_s_trough_jam'====== Args={'value': 0, 'prev_value': None, 'change': True}
2023-03-28 11:43:48,868 : EventManager : Event: ======'machine_var_audits_switches_s_plunger_lane'====== Args={'value': 0, 'prev_value': None, 'change': True}
2023-03-28 11:43:48,869 : EventManager : Event: ======'machine_var_audits_switches_s_start'====== Args={'value': 0, 'prev_value': None, 'change': True}
2023-03-28 11:43:48,873 : EventManager : Event: ======'machine_var_audits_switches_s_left_slingshot'====== Args={'value': 0, 'prev_value': None, 'change': True}
2023-03-28 11:43:48,879 : EventManager : Event: ======'machine_var_audits_switches_s_right_slingshot'====== Args={'value': 0, 'prev_value': None, 'change': True}
2023-03-28 11:43:48,881 : EventManager : Event: ======'machine_var_audits_switches_s_drop_target_left'====== Args={'value': 0, 'prev_value': None, 'change': True}
2023-03-28 11:43:48,882 : EventManager : Event: ======'machine_var_audits_switches_s_drop_target_middle'====== Args={'value': 0, 'prev_value': None, 'change': True}
2023-03-28 11:43:48,883 : EventManager : Event: ======'machine_var_audits_switches_s_drop_target_right'====== Args={'value': 0, 'prev_value': None, 'change': True}
2023-03-28 11:43:48,884 : EventManager : Event: ======'machine_var_audits_switches_s_tilt'====== Args={'value': 0, 'prev_value': None, 'change': True}
2023-03-28 11:43:48,893 : EventManager : Event: ======'machine_var_audits_events_game_started'====== Args={'value': 0, 'prev_value': None, 'change': True}
2023-03-28 11:43:48,894 : EventManager : Event: ======'machine_var_audits_events_game_ended'====== Args={'value': 0, 'prev_value': None, 'change': True}
2023-03-28 11:43:48,895 : EventManager : Event: ======'machine_var_audits_player_score'====== Args={'value': {'top': [], 'average': 0, 'total': 0}, 'prev_value': None, 'change': True}
2023-03-28 11:43:48,897 : EventManager : Event: ======'slides_play'====== Args={'settings': {'welcome_slide': {'target': None, 'background_color': [0.0, 0.0, 0.0, 1.0], 'priority': None, 'show': True, 'force': False, 'expire': None, 'slide': None, 'tokens': {}, 'action': 'play'}}, 'context': '_global', 'calling_context': 'init_done', 'priority': 0}
2023-03-28 11:43:48,898 : EventManager : Event: ======'mc_reset_phase_1'====== Args={}
2023-03-28 11:43:48,899 : SoundSystem : Setting master volume to 0.5
2023-03-28 11:43:48,899 : mpfmc : SlidePlayer: Play called with settings={'welcome_slide': {'target': None, 'background_color': [0.0, 0.0, 0.0, 1.0], 'priority': None, 'show': True, 'force': False, 'expire': None, 'slide': None, 'tokens': {}, 'action': 'play'}}
2023-03-28 11:43:48,900 : EventManager : Event: ======'slide_welcome_slide_removed'====== Args={}
2023-03-28 11:43:48,903 : EventManager : Event: ======'slide_welcome_slide_created'====== Args={}
2023-03-28 11:43:48,910 : EventManager : Event: ======'mc_reset_phase_2'====== Args={}
2023-03-28 11:43:48,911 : EventManager : Event: ======'mc_reset_phase_3'====== Args={}
2023-03-28 11:43:48,912 : EventManager : Event: ======'mc_reset_complete'====== Args={}
2023-03-28 11:43:48,913 : EventManager : Event: ======'slide_welcome_slide_active'====== Args={}
2023-03-28 11:43:48,920 : EventManager : Event: ======'slides_play'====== Args={'settings': {'attract_started': {'target': None, 'background_color': [0.0, 0.0, 0.0, 1.0], 'priority': None, 'show': True, 'force': False, 'expire': None, 'slide': None, 'tokens': {}, 'action': 'play'}}, 'context': '_global', 'calling_context': 'mode_attract_started', 'priority': 0}
2023-03-28 11:43:48,928 : mpfmc : SlidePlayer: Play called with settings={'attract_started': {'target': None, 'background_color': [0.0, 0.0, 0.0, 1.0], 'priority': None, 'show': True, 'force': False, 'expire': None, 'slide': None, 'tokens': {}, 'action': 'play'}}
2023-03-28 11:43:48,937 : EventManager : Event: ======'slide_attract_started_created'====== Args={}
2023-03-28 11:43:48,942 : EventManager : Event: ======'slide_attract_started_active'====== Args={}
2023-03-28 11:44:11,106 : kivy : Base: Leaving application in progress...
2023-03-28 11:44:11,350 : mpfmc : Stopping...
2023-03-28 11:44:11,350 : EventManager : Event: ======'shutdown'====== Args={}
2023-03-28 11:44:11,359 : AudioInterface : Disabling audio playback
2023-03-28 11:44:11,359 : mpfmc : Loop rate 68.7 Hz
2023-03-28 11:44:11,360 : kivy : MC run loop ended.
2023-03-28 11:44:11,361 : kivy : Stopping child threads... (3 remaining)
2023-03-28 11:44:11,931 : mpfmc : Stopping...
2023-03-28 11:44:11,932 : EventManager : Event: ======'shutdown'====== Args={}
2023-03-28 11:44:11,941 : mpfmc : Loop rate 67.03 Hz
2023-03-28 11:44:12,009 : MPF-MC BCP Server : Stopping BCP sending thread
2023-03-28 11:44:12,077 : kivy : All child threads stopped.
