2023-04-13 22:10:23,714 : kivy : Factory: 186 symbols loaded
2023-04-13 22:10:23,853 : kivy : ImageLoaderFFPy: Using ffpyplayer 4.3.2
2023-04-13 22:10:23,853 : kivy : Image: Providers: img_tex, img_dds, img_sdl2, img_ffpyplayer (img_pil ignored)
2023-04-13 22:10:23,900 : kivy : VideoGstplayer: Using Gstreamer 1.18.0.0
2023-04-13 22:10:23,900 : kivy : Video: Provider: gstplayer
2023-04-13 22:10:24,055 : kivy : Loading MPF-MC controller
2023-04-13 22:10:24,071 : YamlMultifileConfigLoader : Machine config file #1: config
2023-04-13 22:10:24,072 : ConfigProcessor : Config file in cache changed: C:\Users\digidev\source\Pinball_Three-Amigos\config\config
2023-04-13 22:10:24,073 : ConfigProcessor : Loading config from file c:\users\digidev\appdata\local\programs\python\python37\lib\site-packages\mpfmc\mcconfig.yaml.
2023-04-13 22:10:24,108 : ConfigProcessor : Loading config: c:\users\digidev\appdata\local\programs\python\python37\lib\site-packages\mpfmc\mcconfig.yaml
2023-04-13 22:10:24,109 : ConfigProcessor : Loading config from file C:\Users\digidev\source\Pinball_Three-Amigos\config\config.
2023-04-13 22:10:24,111 : ConfigProcessor : Loading config: C:\Users\digidev\source\Pinball_Three-Amigos\config\config
2023-04-13 22:10:24,134 : ConfigProcessor : Loading config: C:\Users\digidev\source\Pinball_Three-Amigos\config\hardware.yaml
2023-04-13 22:10:24,140 : ConfigProcessor : Loading config: C:\Users\digidev\source\Pinball_Three-Amigos\config\keyboard.yaml
2023-04-13 22:10:24,141 : ConfigProcessor : Config file cache created: C:\Users\digidev\AppData\Local\Temp\1322f858a8d936a9f32e7eaa793b1769.mpf_cache
2023-04-13 22:10:24,142 : ConfigProcessor : Loading config from cache: C:\Users\digidev\AppData\Local\Temp\e10c931dc18d80379143a09443f0855e.mpf_cache
2023-04-13 22:10:24,142 : ConfigProcessor : Loading config from cache: C:\Users\digidev\AppData\Local\Temp\dfc215c2101357f1268429d195cf05eb.mpf_cache
2023-04-13 22:10:24,143 : mpfmc : Mission Pinball Framework Media Controller v0.55.0
2023-04-13 22:10:24,143 : mpfmc : Mission Pinball Framework Game Engine v0.55.0
2023-04-13 22:10:24,143 : mpfmc : Machine path: C:\Users\digidev\source\Pinball_Three-Amigos
2023-04-13 22:10:24,143 : mpfmc : Starting clock at 60.0Hz
2023-04-13 22:10:24,160 : kivy : Text: Provider: sdl2
2023-04-13 22:10:24,213 : kivy : Window: Provider: sdl2
2023-04-13 22:10:24,310 : kivy : GL: Using the "OpenGL" graphics system
2023-04-13 22:10:24,311 : kivy : GL: GLEW initialization succeeded
2023-04-13 22:10:24,312 : kivy : GL: Backend used <glew>
2023-04-13 22:10:24,312 : kivy : GL: OpenGL version <b'4.3.0 - Build 20.19.15.4531'>
2023-04-13 22:10:24,312 : kivy : GL: OpenGL vendor <b'Intel'>
2023-04-13 22:10:24,312 : kivy : GL: OpenGL renderer <b'Intel(R) HD Graphics 4600'>
2023-04-13 22:10:24,312 : kivy : GL: OpenGL parsed version: 4, 3
2023-04-13 22:10:24,312 : kivy : GL: Shading version <b'4.30 - Build 20.19.15.4531'>
2023-04-13 22:10:24,312 : kivy : GL: Texture max size <16384>
2023-04-13 22:10:24,312 : kivy : GL: Texture max units <32>
2023-04-13 22:10:24,338 : kivy : Window: auto add sdl2 input provider
2023-04-13 22:10:24,339 : kivy : Window: virtual keyboard not allowed, single mode, not docked
2023-04-13 22:10:24,348 : SoundSystem : SoundSystem: Using default 'sound_system' settings
2023-04-13 22:10:24,617 : AudioInterface : Initialized
2023-04-13 22:10:24,617 : AudioInterface : Loaded SDL 2.0.12
2023-04-13 22:10:24,617 : AudioInterface : Loaded SDL_Mixer 2.0.4
2023-04-13 22:10:24,617 : AudioInterface : Loaded GStreamer 1.18.0.0
2023-04-13 22:10:24,618 : AudioInterface : Loaded GLib 2.62.6
2023-04-13 22:10:24,618 : AudioInterface : Settings requested - rate: 44100, channels: 1, buffer: 2048 samples
2023-04-13 22:10:24,618 : AudioInterface : Settings in use - rate: 44100, channels: 1, buffer: 2048 samples (4096 bytes @ 2 bytes per sample)
2023-04-13 22:10:24,618 : SoundSystem : No audio tracks are specified in your machine config file. a track named 'default' has been created.
2023-04-13 22:10:24,618 : SoundSystem : Setting master volume to 0.0
2023-04-13 22:10:24,618 : SoundSystem : master_volume in sound_system is deprecated and will be removed in the future.
2023-04-13 22:10:24,618 : AudioInterface : Enabling audio playback
2023-04-13 22:10:24,620 : kivy : Base: Start application main loop
2023-04-13 22:10:24,621 : EventManager : Event: ======'display_window_initialized'====== Args={}
2023-04-13 22:10:24,635 : mpfmc : Display: Setting 'window' as default display
2023-04-13 22:10:24,643 : mpfmc : ASPECT RATIO MISMATCH: The on-screen window is not the same aspect ratio as the display called 'window'. The logical display will be scaled from 1366x768 to the window size 800x600, and a black bar will make up the difference
2023-04-13 22:10:24,645 : EventManager : Event: ======'displays_initialized'====== Args={}
2023-04-13 22:10:24,646 : EventManager : Event: ======'slide_window_blank_created'====== Args={}
2023-04-13 22:10:24,646 : EventManager : Event: ======'display_window_ready'====== Args={}
2023-04-13 22:10:24,658 : EventManager : Event: ======'init_phase_1'====== Args={}
2023-04-13 22:10:24,662 : EventManager : Event: ======'mc_ready'====== Args={}
2023-04-13 22:10:24,663 : EventManager : Event: ======'init_phase_2'====== Args={}
2023-04-13 22:10:24,664 : EventManager : Event: ======'init_phase_3'====== Args={}
2023-04-13 22:10:24,664 : EventManager : Event: ======'init_phase_4'====== Args={}
2023-04-13 22:10:24,665 : EventManager : Event: ======'init_phase_5'====== Args={}
2023-04-13 22:10:24,684 : kivy : GL: NPOT texture support is available
2023-04-13 22:10:24,692 : kivy : GL: Unpack subimage support is available
2023-04-13 22:10:24,697 : EventManager : Event: ======'loading_assets'====== Args={'total': 1, 'loaded': 1, 'remaining': 0, 'percent': 100}
2023-04-13 22:10:24,698 : AssetManager : Asset loading took: 0.07895565032958984
2023-04-13 22:10:24,698 : EventManager : Event: ======'asset_loading_complete'====== Args={}
2023-04-13 22:10:24,698 : AssetManager : Loading assets: 1/1 (100%)
2023-04-13 22:10:24,698 : EventManager : Event: ======'init_done'====== Args={}
2023-04-13 22:10:24,698 : MPF-MC BCP Server : Starting up on localhost port 5050
2023-04-13 22:10:24,702 : MPF-MC BCP Server : Waiting for a connection...
2023-04-13 22:10:24,702 : mpfmc : SlidePlayer: Play called with settings={'slides': {welcome_slide-None-None: {'priority': None, 'target': None, 'background_color': [0.0, 0.0, 0.0, 1.0], 'show': True, 'force': False, 'expire': None, 'slide': None, 'tokens': {}, 'action': 'play', 'transition': None, 'transition_out': None}}}
2023-04-13 22:10:24,704 : EventManager : Event: ======'slide_welcome_slide_created'====== Args={}
2023-04-13 22:10:24,705 : EventManager : Event: ======'slide_welcome_slide_active'====== Args={}
2023-04-13 22:10:24,708 : EventManager : Event: ======'client_disconnected'====== Args={'host': '127.0.0.1', 'port': 5050}
2023-04-13 22:10:36,792 : kivy : Base: Leaving application in progress...
2023-04-13 22:10:36,792 : mpfmc : Stopping...
2023-04-13 22:10:36,792 : EventManager : Event: ======'shutdown'====== Args={}
2023-04-13 22:10:36,793 : AudioInterface : Disabling audio playback
2023-04-13 22:10:36,941 : mpfmc : Loop rate 39.52 Hz
2023-04-13 22:10:36,942 : kivy : MC run loop ended.
2023-04-13 22:10:36,942 : kivy : Stopping child threads... (3 remaining)
2023-04-13 22:10:37,707 : MPF-MC BCP Server : Stopping BCP sending thread
2023-04-13 22:10:37,709 : MPF-MC BCP Server : Stopping BCP listener thread
2023-04-13 22:10:37,744 : kivy : All child threads stopped.
