2023-03-26 14:49:53,189 : INFO : root : Loading config.
2023-03-26 14:49:53,189 : INFO : YamlMultifileConfigLoader : Machine config file #1: config.yaml
2023-03-26 14:49:53,205 : INFO : ConfigProcessor : Loading config from cache: C:\Users\digidev\AppData\Local\Temp\207a4012de915441e2519cedb288d8b5.mpf_cache
2023-03-26 14:49:53,205 : WARNING : ConfigProcessor : Config file in cache changed: C:\Users\digidev\source\Pinball_Three-Amigos\config\keyboard.yaml
2023-03-26 14:49:53,205 : INFO : ConfigProcessor : Loading config from file C:\Users\digidev\.local\pipx\venvs\mpf\lib\site-packages\mpf\mpfconfig.yaml.
2023-03-26 14:49:53,283 : INFO : ConfigProcessor : Loading config: C:\Users\digidev\.local\pipx\venvs\mpf\lib\site-packages\mpf\mpfconfig.yaml
2023-03-26 14:49:53,283 : INFO : ConfigProcessor : Loading config from file C:\Users\digidev\source\Pinball_Three-Amigos\config\config.yaml.
2023-03-26 14:49:53,283 : INFO : ConfigProcessor : Loading config: C:\Users\digidev\source\Pinball_Three-Amigos\config\config.yaml
2023-03-26 14:49:53,314 : INFO : ConfigProcessor : Loading config: C:\Users\digidev\source\Pinball_Three-Amigos\config\hardware.yaml
2023-03-26 14:49:53,330 : INFO : ConfigProcessor : Loading config: C:\Users\digidev\source\Pinball_Three-Amigos\config\keyboard.yaml
2023-03-26 14:49:53,330 : INFO : ConfigProcessor : Config file cache created: C:\Users\digidev\AppData\Local\Temp\207a4012de915441e2519cedb288d8b5.mpf_cache
2023-03-26 14:49:53,439 : INFO : ConfigProcessor : Loading config from cache: C:\Users\digidev\AppData\Local\Temp\ae663e8f24481bd52f7f5e9610d87d3b.mpf_cache
2023-03-26 14:49:53,439 : INFO : ConfigProcessor : Loading config from cache: C:\Users\digidev\AppData\Local\Temp\d7dbd5ece0283f90787e254e6a383d33.mpf_cache
2023-03-26 14:49:53,439 : INFO : Machine : Mission Pinball Framework Core Engine v0.56.0
2023-03-26 14:49:53,439 : INFO : Machine : Command line arguments: {'no_load_cache': False, 'create_config_cache': True, 'bcp': True, 'configfile': ['config.yaml'], 'force_assets_load': False, 'jsonlogging': False, 'logfile': 'logs\\2023-03-26-14-49-53-mpf-DESKTOP-JGO3PQG.log', 'pause': False, 'production': False, 'text_ui': True, 'loglevel': 15, 'consoleloglevel': 20, 'force_platform': None, 'syslog_address': None, 'mc_file_name': None, 'no_sound': False}
2023-03-26 14:49:53,439 : INFO : Machine : MPF path: C:\Users\digidev\.local\pipx\venvs\mpf\lib\site-packages\mpf
2023-03-26 14:49:53,439 : INFO : Machine : Machine path: C:\Users\digidev\source\Pinball_Three-Amigos
2023-03-26 14:49:53,439 : INFO : Machine : Platform: win32
2023-03-26 14:49:53,439 : INFO : Machine : Python executable location: C:\Users\digidev\.local\pipx\venvs\mpf\Scripts\python.exe
2023-03-26 14:49:53,439 : INFO : Machine : Python version: 3.9.13 (64-bit)
2023-03-26 14:49:53,439 : INFO : Machine : Initialise MPF.
2023-03-26 14:49:53,716 : INFO : EventManager : Event: ======'machine_var_credits_string'====== Args={'value': 'FREE PLAY', 'prev_value': None, 'change': True}
2023-03-26 14:49:53,779 : INFO : EventManager : Event: ======'machine_var_master_volume'====== Args={'value': 0.5, 'prev_value': None, 'change': True}
2023-03-26 14:49:53,779 : INFO : EventManager : Event: ======'machine_var_mpf_version'====== Args={'value': 'MPF v0.56.0', 'prev_value': None, 'change': True}
2023-03-26 14:49:53,779 : INFO : EventManager : Event: ======'machine_var_mpf_extended_version'====== Args={'value': 'MPF v0.56.0, Config version:5, Show version: 5, BCP version:1.1', 'prev_value': None, 'change': True}
2023-03-26 14:49:53,779 : INFO : EventManager : Event: ======'machine_var_python_version'====== Args={'value': '3.9.13', 'prev_value': None, 'change': True}
2023-03-26 14:49:53,794 : INFO : EventManager : Event: ======'machine_var_platform'====== Args={'value': 'Windows-10-10.0.19044-SP0', 'prev_value': None, 'change': True}
2023-03-26 14:49:53,794 : INFO : EventManager : Event: ======'machine_var_platform_system'====== Args={'value': 'Windows', 'prev_value': None, 'change': True}
2023-03-26 14:49:53,794 : INFO : EventManager : Event: ======'machine_var_platform_release'====== Args={'value': '10', 'prev_value': None, 'change': True}
2023-03-26 14:49:53,794 : INFO : EventManager : Event: ======'machine_var_platform_version'====== Args={'value': '10.0.19044', 'prev_value': None, 'change': True}
2023-03-26 14:49:53,794 : INFO : EventManager : Event: ======'machine_var_platform_machine'====== Args={'value': 'AMD64', 'prev_value': None, 'change': True}
2023-03-26 14:49:53,794 : INFO : EventManager : Event: ======'init_phase_1'====== Args={}
2023-03-26 14:49:53,814 : INFO : EventManager : Event: ======'drop_target_bank_dt_bank_up'====== Args={}
2023-03-26 14:49:53,814 : INFO : EventManager : Event: ======'init_phase_2'====== Args={}
2023-03-26 14:49:53,817 : INFO : EventManager : Event: ======'bcp_connection_attempt'====== Args={'name': 'local_display', 'host': 'localhost', 'port': 5050}
2023-03-26 14:49:53,819 : INFO : BCPClientSocket : Connecting BCP to 'local_display' at localhost:5050...
2023-03-26 14:49:55,868 : INFO : BCPClientSocket : Connected BCP to 'local_display' localhost:5050
2023-03-26 14:49:55,870 : INFO : EventManager : Event: ======'bcp_clients_connected'====== Args={}
2023-03-26 14:49:55,903 : INFO : ball_device.bd_trough : BCH: Initial count: 0
2023-03-26 14:49:55,907 : INFO : EventManager : Event: ======'machine_var_mc_version'====== Args={'value': 'MPF-MC v0.56.1', 'prev_value': None, 'change': True}
2023-03-26 14:49:55,908 : INFO : EventManager : Event: ======'machine_var_mc_extended_version'====== Args={'value': 'MPF-MC v0.56.1 (config_version=5, BCP v1.1,                      Requires MPF API compatibility v0.56.0 or newer)', 'prev_value': None, 'change': True}
2023-03-26 14:49:55,913 : INFO : ball_device.bd_trough : State: idle
2023-03-26 14:49:55,990 : INFO : ball_device.bd_plunger : BCH: Initial count: 0
2023-03-26 14:49:55,991 : INFO : ball_device.bd_plunger : State: idle
2023-03-26 14:49:56,015 : INFO : EventManager : Event: ======'init_phase_3'====== Args={}
2023-03-26 14:49:56,021 : INFO : EventManager : Event: ======'init_phase_4'====== Args={}
2023-03-26 14:49:56,022 : INFO : BallController : Initial balls found: 0
2023-03-26 14:49:56,026 : INFO : EventManager : Event: ======'machine_var_audits_switches_s_left_flipper'====== Args={'value': 0, 'prev_value': None, 'change': True}
2023-03-26 14:49:56,029 : INFO : EventManager : Event: ======'machine_var_audits_switches_s_right_flipper'====== Args={'value': 0, 'prev_value': None, 'change': True}
2023-03-26 14:49:56,030 : INFO : EventManager : Event: ======'machine_var_audits_switches_s_trough1'====== Args={'value': 0, 'prev_value': None, 'change': True}
2023-03-26 14:49:56,030 : INFO : EventManager : Event: ======'machine_var_audits_switches_s_trough2'====== Args={'value': 0, 'prev_value': None, 'change': True}
2023-03-26 14:49:56,031 : INFO : EventManager : Event: ======'machine_var_audits_switches_s_trough3'====== Args={'value': 0, 'prev_value': None, 'change': True}
2023-03-26 14:49:56,031 : INFO : EventManager : Event: ======'machine_var_audits_switches_s_trough4'====== Args={'value': 0, 'prev_value': None, 'change': True}
2023-03-26 14:49:56,032 : INFO : EventManager : Event: ======'machine_var_audits_switches_s_trough_jam'====== Args={'value': 0, 'prev_value': None, 'change': True}
2023-03-26 14:49:56,033 : INFO : EventManager : Event: ======'machine_var_audits_switches_s_plunger_lane'====== Args={'value': 0, 'prev_value': None, 'change': True}
2023-03-26 14:49:56,033 : INFO : EventManager : Event: ======'machine_var_audits_switches_s_start'====== Args={'value': 0, 'prev_value': None, 'change': True}
2023-03-26 14:49:56,034 : INFO : EventManager : Event: ======'machine_var_audits_switches_s_left_slingshot'====== Args={'value': 0, 'prev_value': None, 'change': True}
2023-03-26 14:49:56,034 : INFO : EventManager : Event: ======'machine_var_audits_switches_s_right_slingshot'====== Args={'value': 0, 'prev_value': None, 'change': True}
2023-03-26 14:49:56,035 : INFO : EventManager : Event: ======'machine_var_audits_switches_s_drop_target_left'====== Args={'value': 0, 'prev_value': None, 'change': True}
2023-03-26 14:49:56,036 : INFO : EventManager : Event: ======'machine_var_audits_switches_s_drop_target_middle'====== Args={'value': 0, 'prev_value': None, 'change': True}
2023-03-26 14:49:56,036 : INFO : EventManager : Event: ======'machine_var_audits_switches_s_drop_target_right'====== Args={'value': 0, 'prev_value': None, 'change': True}
2023-03-26 14:49:56,037 : INFO : EventManager : Event: ======'machine_var_audits_switches_s_tilt'====== Args={'value': 0, 'prev_value': None, 'change': True}
2023-03-26 14:49:56,038 : INFO : EventManager : Event: ======'machine_var_audits_events_game_started'====== Args={'value': 0, 'prev_value': None, 'change': True}
2023-03-26 14:49:56,039 : INFO : EventManager : Event: ======'machine_var_audits_events_game_ended'====== Args={'value': 0, 'prev_value': None, 'change': True}
2023-03-26 14:49:56,040 : INFO : EventManager : Event: ======'machine_var_audits_player_score'====== Args={'value': {'top': [], 'average': 0, 'total': 0}, 'prev_value': None, 'change': True}
2023-03-26 14:49:56,042 : INFO : EventManager : Event: ======'init_phase_5'====== Args={}
2023-03-26 14:49:56,129 : INFO : EventManager : Event: ======'init_done'====== Args={}
2023-03-26 14:49:56,129 : INFO : EventManager : Event: ======'machine_reset_phase_1'====== Args={}
2023-03-26 14:49:56,136 : INFO : EventManager : Event: ======'machine_reset_phase_2'====== Args={}
2023-03-26 14:49:56,136 : INFO : EventManager : Event: ======'machine_reset_phase_3'====== Args={}
2023-03-26 14:49:56,138 : INFO : EventManager : Event: ======'reset_complete'====== Args={}
2023-03-26 14:49:56,138 : INFO : EventManager : Event: ======'mode_attract_will_start'====== Args={}
2023-03-26 14:49:56,140 : INFO : EventManager : Event: ======'mode_attract_starting'====== Args={}
2023-03-26 14:49:56,141 : INFO : Mode.attract : Started. Priority: 10
2023-03-26 14:49:56,141 : INFO : EventManager : Event: ======'modes_active_modes_changed'====== Args={}
2023-03-26 14:49:56,141 : INFO : EventManager : Event: ======'mode_attract_started'====== Args={}
2023-03-26 14:49:56,142 : INFO : EventManager : Event: ======'collecting_balls_complete'====== Args={}
2023-03-26 14:49:56,251 : INFO : Machine : Starting the main run loop.
2023-03-26 14:50:07,965 : INFO : SwitchController : <<<<<<< 's_left_flipper' active >>>>>>>
2023-03-26 14:50:08,062 : INFO : SwitchController : <<<<<<< 's_left_flipper' inactive >>>>>>>
2023-03-26 14:50:08,159 : INFO : SwitchController : <<<<<<< 's_left_flipper' active >>>>>>>
2023-03-26 14:50:08,222 : INFO : SwitchController : <<<<<<< 's_left_flipper' inactive >>>>>>>
2023-03-26 14:50:08,392 : INFO : SwitchController : <<<<<<< 's_left_flipper' active >>>>>>>
2023-03-26 14:50:08,424 : INFO : SwitchController : <<<<<<< 's_left_flipper' inactive >>>>>>>
2023-03-26 14:50:08,626 : INFO : SwitchController : <<<<<<< 's_right_flipper' active >>>>>>>
2023-03-26 14:50:08,676 : INFO : SwitchController : <<<<<<< 's_right_flipper' inactive >>>>>>>
2023-03-26 14:50:08,798 : INFO : SwitchController : <<<<<<< 's_right_flipper' active >>>>>>>
2023-03-26 14:50:08,896 : INFO : SwitchController : <<<<<<< 's_right_flipper' inactive >>>>>>>
2023-03-26 14:50:09,018 : INFO : SwitchController : <<<<<<< 's_right_flipper' active >>>>>>>
2023-03-26 14:50:09,089 : INFO : SwitchController : <<<<<<< 's_right_flipper' inactive >>>>>>>
2023-03-26 14:50:09,365 : INFO : SwitchController : <<<<<<< 's_left_flipper' active >>>>>>>
2023-03-26 14:50:09,501 : INFO : SwitchController : <<<<<<< 's_left_flipper' inactive >>>>>>>
2023-03-26 14:50:09,786 : INFO : SwitchController : <<<<<<< 's_right_flipper' active >>>>>>>
2023-03-26 14:50:09,948 : INFO : SwitchController : <<<<<<< 's_right_flipper' inactive >>>>>>>
2023-03-26 14:50:10,097 : INFO : SwitchController : <<<<<<< 's_left_flipper' active >>>>>>>
2023-03-26 14:50:10,333 : INFO : SwitchController : <<<<<<< 's_left_flipper' inactive >>>>>>>
2023-03-26 14:50:10,370 : INFO : SwitchController : <<<<<<< 's_right_flipper' active >>>>>>>
2023-03-26 14:50:10,581 : INFO : SwitchController : <<<<<<< 's_right_flipper' inactive >>>>>>>
2023-03-26 14:50:10,666 : INFO : SwitchController : <<<<<<< 's_left_flipper' active >>>>>>>
2023-03-26 14:50:10,876 : INFO : SwitchController : <<<<<<< 's_right_flipper' active >>>>>>>
2023-03-26 14:50:10,876 : INFO : EventManager : Event: ======'flipper_cancel'====== Args={'triggering_group': 2, 'triggering_switch': 's_right_flipper'}
2023-03-26 14:50:10,937 : INFO : SwitchController : <<<<<<< 's_left_flipper' inactive >>>>>>>
2023-03-26 14:50:10,938 : INFO : EventManager : Event: ======'both_flippers_one'====== Args={'triggering_group': 1, 'triggering_switch': 's_left_flipper'}
2023-03-26 14:50:11,010 : INFO : SwitchController : <<<<<<< 's_right_flipper' inactive >>>>>>>
2023-03-26 14:50:11,011 : INFO : EventManager : Event: ======'both_flippers_inactive'====== Args={'triggering_group': 2, 'triggering_switch': 's_right_flipper'}
2023-03-26 14:50:11,258 : INFO : SwitchController : <<<<<<< 's_left_flipper' active >>>>>>>
2023-03-26 14:50:11,431 : INFO : SwitchController : <<<<<<< 's_right_flipper' active >>>>>>>
2023-03-26 14:50:11,432 : INFO : EventManager : Event: ======'flipper_cancel'====== Args={'triggering_group': 2, 'triggering_switch': 's_right_flipper'}
2023-03-26 14:50:11,432 : INFO : SwitchController : <<<<<<< 's_left_flipper' inactive >>>>>>>
2023-03-26 14:50:11,432 : INFO : EventManager : Event: ======'both_flippers_one'====== Args={'triggering_group': 1, 'triggering_switch': 's_left_flipper'}
2023-03-26 14:50:11,590 : INFO : SwitchController : <<<<<<< 's_right_flipper' inactive >>>>>>>
2023-03-26 14:50:11,591 : INFO : EventManager : Event: ======'both_flippers_inactive'====== Args={'triggering_group': 2, 'triggering_switch': 's_right_flipper'}
2023-03-26 14:50:11,725 : INFO : SwitchController : <<<<<<< 's_left_flipper' active >>>>>>>
2023-03-26 14:50:11,875 : INFO : SwitchController : <<<<<<< 's_right_flipper' active >>>>>>>
2023-03-26 14:50:11,876 : INFO : EventManager : Event: ======'flipper_cancel'====== Args={'triggering_group': 2, 'triggering_switch': 's_right_flipper'}
2023-03-26 14:50:11,876 : INFO : SwitchController : <<<<<<< 's_left_flipper' inactive >>>>>>>
2023-03-26 14:50:11,877 : INFO : EventManager : Event: ======'both_flippers_one'====== Args={'triggering_group': 1, 'triggering_switch': 's_left_flipper'}
2023-03-26 14:50:12,046 : INFO : SwitchController : <<<<<<< 's_right_flipper' inactive >>>>>>>
2023-03-26 14:50:12,047 : INFO : EventManager : Event: ======'both_flippers_inactive'====== Args={'triggering_group': 2, 'triggering_switch': 's_right_flipper'}
2023-03-26 14:50:12,219 : INFO : SwitchController : <<<<<<< 's_right_flipper' active >>>>>>>
2023-03-26 14:50:12,268 : INFO : SwitchController : <<<<<<< 's_right_flipper' inactive >>>>>>>
2023-03-26 14:50:12,391 : INFO : SwitchController : <<<<<<< 's_right_flipper' active >>>>>>>
2023-03-26 14:50:12,428 : INFO : SwitchController : <<<<<<< 's_right_flipper' inactive >>>>>>>
2023-03-26 14:50:12,612 : INFO : SwitchController : <<<<<<< 's_left_flipper' active >>>>>>>
2023-03-26 14:50:12,675 : INFO : SwitchController : <<<<<<< 's_left_flipper' inactive >>>>>>>
2023-03-26 14:50:12,714 : INFO : SwitchController : <<<<<<< 's_left_flipper' active >>>>>>>
2023-03-26 14:50:12,760 : INFO : SwitchController : <<<<<<< 's_left_flipper' inactive >>>>>>>
2023-03-26 14:50:12,834 : INFO : SwitchController : <<<<<<< 's_left_flipper' active >>>>>>>
2023-03-26 14:50:12,919 : INFO : SwitchController : <<<<<<< 's_left_flipper' inactive >>>>>>>
2023-03-26 14:50:13,042 : INFO : SwitchController : <<<<<<< 's_right_flipper' active >>>>>>>
2023-03-26 14:50:13,140 : INFO : SwitchController : <<<<<<< 's_right_flipper' inactive >>>>>>>
2023-03-26 14:50:13,226 : INFO : SwitchController : <<<<<<< 's_right_flipper' active >>>>>>>
2023-03-26 14:50:13,275 : INFO : SwitchController : <<<<<<< 's_right_flipper' inactive >>>>>>>
2023-03-26 14:50:13,386 : INFO : SwitchController : <<<<<<< 's_right_flipper' active >>>>>>>
2023-03-26 14:50:13,434 : INFO : SwitchController : <<<<<<< 's_right_flipper' inactive >>>>>>>
2023-03-26 14:50:13,483 : INFO : SwitchController : <<<<<<< 's_right_flipper' active >>>>>>>
2023-03-26 14:50:13,539 : INFO : SwitchController : <<<<<<< 's_right_flipper' inactive >>>>>>>
2023-03-26 14:50:13,719 : INFO : SwitchController : <<<<<<< 's_left_flipper' active >>>>>>>
2023-03-26 14:50:13,805 : INFO : SwitchController : <<<<<<< 's_left_flipper' inactive >>>>>>>
2023-03-26 14:50:13,916 : INFO : SwitchController : <<<<<<< 's_left_flipper' active >>>>>>>
2023-03-26 14:50:13,943 : INFO : SwitchController : <<<<<<< 's_left_flipper' inactive >>>>>>>
2023-03-26 14:50:14,089 : INFO : SwitchController : <<<<<<< 's_left_flipper' active >>>>>>>
2023-03-26 14:50:14,151 : INFO : SwitchController : <<<<<<< 's_left_flipper' inactive >>>>>>>
2023-03-26 14:50:14,250 : INFO : SwitchController : <<<<<<< 's_left_flipper' active >>>>>>>
2023-03-26 14:50:14,287 : INFO : SwitchController : <<<<<<< 's_left_flipper' inactive >>>>>>>
2023-03-26 14:50:14,336 : INFO : SwitchController : <<<<<<< 's_right_flipper' active >>>>>>>
2023-03-26 14:50:14,386 : INFO : SwitchController : <<<<<<< 's_right_flipper' inactive >>>>>>>
2023-03-26 14:50:14,484 : INFO : SwitchController : <<<<<<< 's_right_flipper' active >>>>>>>
2023-03-26 14:50:14,558 : INFO : SwitchController : <<<<<<< 's_right_flipper' inactive >>>>>>>
2023-03-26 14:50:14,768 : INFO : SwitchController : <<<<<<< 's_drop_target_left' active >>>>>>>
2023-03-26 14:50:14,769 : INFO : EventManager : Event: ======'playfield_active'====== Args={}
2023-03-26 14:50:14,769 : INFO : EventManager : Event: ======'unexpected_ball_on_playfield'====== Args={}
2023-03-26 14:50:14,769 : INFO : EventManager : Event: ======'drop_target_dt_1_left_down'====== Args={'device': <drop_target.dt_1_left>}
2023-03-26 14:50:14,770 : INFO : EventManager : Event: ======'drop_target_bank_dt_bank_mixed'====== Args={'prev_value': <DropTargetBankState.UP: 'up'>, 'down': 1}
2023-03-26 14:50:14,867 : INFO : SwitchController : <<<<<<< 's_drop_target_left' inactive >>>>>>>
2023-03-26 14:50:14,868 : INFO : EventManager : Event: ======'playfield_active'====== Args={}
2023-03-26 14:50:14,868 : INFO : EventManager : Event: ======'unexpected_ball_on_playfield'====== Args={}
2023-03-26 14:50:14,868 : INFO : EventManager : Event: ======'drop_target_dt_1_left_up'====== Args={'device': <drop_target.dt_1_left>}
2023-03-26 14:50:14,869 : INFO : EventManager : Event: ======'drop_target_bank_dt_bank_up'====== Args={}
2023-03-26 14:50:15,152 : INFO : SwitchController : <<<<<<< 's_drop_target_left' active >>>>>>>
2023-03-26 14:50:15,153 : INFO : EventManager : Event: ======'playfield_active'====== Args={}
2023-03-26 14:50:15,153 : INFO : EventManager : Event: ======'unexpected_ball_on_playfield'====== Args={}
2023-03-26 14:50:15,153 : INFO : EventManager : Event: ======'drop_target_dt_1_left_down'====== Args={'device': <drop_target.dt_1_left>}
2023-03-26 14:50:15,154 : INFO : EventManager : Event: ======'drop_target_bank_dt_bank_mixed'====== Args={'prev_value': <DropTargetBankState.UP: 'up'>, 'down': 1}
2023-03-26 14:50:15,251 : INFO : SwitchController : <<<<<<< 's_drop_target_left' inactive >>>>>>>
2023-03-26 14:50:15,252 : INFO : EventManager : Event: ======'playfield_active'====== Args={}
2023-03-26 14:50:15,252 : INFO : EventManager : Event: ======'unexpected_ball_on_playfield'====== Args={}
2023-03-26 14:50:15,252 : INFO : EventManager : Event: ======'drop_target_dt_1_left_up'====== Args={'device': <drop_target.dt_1_left>}
2023-03-26 14:50:15,253 : INFO : EventManager : Event: ======'drop_target_bank_dt_bank_up'====== Args={}
2023-03-26 14:50:15,609 : INFO : SwitchController : <<<<<<< 's_drop_target_left' active >>>>>>>
2023-03-26 14:50:15,609 : INFO : EventManager : Event: ======'playfield_active'====== Args={}
2023-03-26 14:50:15,610 : INFO : EventManager : Event: ======'unexpected_ball_on_playfield'====== Args={}
2023-03-26 14:50:15,610 : INFO : EventManager : Event: ======'drop_target_dt_1_left_down'====== Args={'device': <drop_target.dt_1_left>}
2023-03-26 14:50:15,610 : INFO : EventManager : Event: ======'drop_target_bank_dt_bank_mixed'====== Args={'prev_value': <DropTargetBankState.UP: 'up'>, 'down': 1}
2023-03-26 14:50:15,708 : INFO : SwitchController : <<<<<<< 's_drop_target_left' inactive >>>>>>>
2023-03-26 14:50:15,709 : INFO : EventManager : Event: ======'playfield_active'====== Args={}
2023-03-26 14:50:15,709 : INFO : EventManager : Event: ======'unexpected_ball_on_playfield'====== Args={}
2023-03-26 14:50:15,709 : INFO : EventManager : Event: ======'drop_target_dt_1_left_up'====== Args={'device': <drop_target.dt_1_left>}
2023-03-26 14:50:15,710 : INFO : EventManager : Event: ======'drop_target_bank_dt_bank_up'====== Args={}
2023-03-26 14:50:17,171 : INFO : SwitchController : <<<<<<< 's_drop_target_left' active >>>>>>>
2023-03-26 14:50:17,171 : INFO : EventManager : Event: ======'playfield_active'====== Args={}
2023-03-26 14:50:17,172 : INFO : EventManager : Event: ======'unexpected_ball_on_playfield'====== Args={}
2023-03-26 14:50:17,172 : INFO : EventManager : Event: ======'drop_target_dt_1_left_down'====== Args={'device': <drop_target.dt_1_left>}
2023-03-26 14:50:17,172 : INFO : EventManager : Event: ======'drop_target_bank_dt_bank_mixed'====== Args={'prev_value': <DropTargetBankState.UP: 'up'>, 'down': 1}
2023-03-26 14:50:17,750 : INFO : SwitchController : <<<<<<< 's_drop_target_left' inactive >>>>>>>
2023-03-26 14:50:17,751 : INFO : EventManager : Event: ======'playfield_active'====== Args={}
2023-03-26 14:50:17,751 : INFO : EventManager : Event: ======'unexpected_ball_on_playfield'====== Args={}
2023-03-26 14:50:17,751 : INFO : EventManager : Event: ======'drop_target_dt_1_left_up'====== Args={'device': <drop_target.dt_1_left>}
2023-03-26 14:50:17,752 : INFO : EventManager : Event: ======'drop_target_bank_dt_bank_up'====== Args={}
2023-03-26 14:50:18,348 : INFO : SwitchController : <<<<<<< 's_drop_target_left' active >>>>>>>
2023-03-26 14:50:18,348 : INFO : EventManager : Event: ======'playfield_active'====== Args={}
2023-03-26 14:50:18,349 : INFO : EventManager : Event: ======'unexpected_ball_on_playfield'====== Args={}
2023-03-26 14:50:18,349 : INFO : EventManager : Event: ======'drop_target_dt_1_left_down'====== Args={'device': <drop_target.dt_1_left>}
2023-03-26 14:50:18,349 : INFO : EventManager : Event: ======'drop_target_bank_dt_bank_mixed'====== Args={'prev_value': <DropTargetBankState.UP: 'up'>, 'down': 1}
2023-03-26 14:50:18,721 : INFO : SwitchController : <<<<<<< 's_start' active >>>>>>>
2023-03-26 14:50:19,391 : INFO : SwitchController : <<<<<<< 's_start' inactive >>>>>>>
2023-03-26 14:50:19,391 : INFO : EventManager : Event: ======'request_to_start_game'====== Args={}
2023-03-26 14:50:19,392 : INFO : BallController : Known balls: 0
2023-03-26 14:50:19,392 : INFO : BallController : bd_trough contains 0 balls. Tags ['trough', 'home', 'drain']
2023-03-26 14:50:19,392 : INFO : BallController : bd_plunger contains 0 balls. Tags []
2023-03-26 14:50:19,393 : INFO : BallController : playfield contains 0 balls. Tags ['default']
2023-03-26 14:50:19,393 : WARNING : BallController : BallController denies game start. Not enough balls. 0 found. 1 required
2023-03-26 14:50:19,393 : INFO : BallController : Triggering ball search.
2023-03-26 14:50:19,393 : INFO : BallSearch.playfield : Starting ball search
2023-03-26 14:50:19,393 : INFO : EventManager : Event: ======'ball_search_started'====== Args={}
2023-03-26 14:50:19,394 : INFO : EventManager : Event: ======'ball_search_phase_1'====== Args={'iteration': 1}
2023-03-26 14:50:19,394 : INFO : coil.c_left_slingshot : Pulsing Driver for 5ms (1.0 pulse_power)
2023-03-26 14:50:19,556 : INFO : SwitchController : <<<<<<< 's_drop_target_left' inactive >>>>>>>
2023-03-26 14:50:19,557 : INFO : EventManager : Event: ======'playfield_active'====== Args={}
2023-03-26 14:50:19,557 : INFO : EventManager : Event: ======'unexpected_ball_on_playfield'====== Args={}
2023-03-26 14:50:19,557 : INFO : BallSearch.playfield : Stopping ball search
2023-03-26 14:50:19,557 : INFO : EventManager : Event: ======'ball_search_stopped'====== Args={}
2023-03-26 14:50:19,558 : INFO : EventManager : Event: ======'drop_target_dt_1_left_up'====== Args={'device': <drop_target.dt_1_left>}
2023-03-26 14:50:19,558 : INFO : EventManager : Event: ======'drop_target_bank_dt_bank_up'====== Args={}
2023-03-26 14:50:19,817 : INFO : SwitchController : <<<<<<< 's_drop_target_left' active >>>>>>>
2023-03-26 14:50:19,818 : INFO : EventManager : Event: ======'playfield_active'====== Args={}
2023-03-26 14:50:19,818 : INFO : EventManager : Event: ======'unexpected_ball_on_playfield'====== Args={}
2023-03-26 14:50:19,818 : INFO : EventManager : Event: ======'drop_target_dt_1_left_down'====== Args={'device': <drop_target.dt_1_left>}
2023-03-26 14:50:19,819 : INFO : EventManager : Event: ======'drop_target_bank_dt_bank_mixed'====== Args={'prev_value': <DropTargetBankState.UP: 'up'>, 'down': 1}
2023-03-26 14:50:20,268 : INFO : SwitchController : <<<<<<< 's_drop_target_left' inactive >>>>>>>
2023-03-26 14:50:20,268 : INFO : EventManager : Event: ======'playfield_active'====== Args={}
2023-03-26 14:50:20,269 : INFO : EventManager : Event: ======'unexpected_ball_on_playfield'====== Args={}
2023-03-26 14:50:20,269 : INFO : EventManager : Event: ======'drop_target_dt_1_left_up'====== Args={'device': <drop_target.dt_1_left>}
2023-03-26 14:50:20,270 : INFO : EventManager : Event: ======'drop_target_bank_dt_bank_up'====== Args={}
2023-03-26 14:50:20,589 : INFO : SwitchController : <<<<<<< 's_drop_target_middle' active >>>>>>>
2023-03-26 14:50:20,589 : INFO : EventManager : Event: ======'playfield_active'====== Args={}
2023-03-26 14:50:20,589 : INFO : EventManager : Event: ======'unexpected_ball_on_playfield'====== Args={}
2023-03-26 14:50:20,590 : INFO : EventManager : Event: ======'drop_target_dt_2_middle_down'====== Args={'device': <drop_target.dt_2_middle>}
2023-03-26 14:50:20,590 : INFO : EventManager : Event: ======'drop_target_bank_dt_bank_mixed'====== Args={'prev_value': <DropTargetBankState.UP: 'up'>, 'down': 1}
2023-03-26 14:50:20,958 : INFO : SwitchController : <<<<<<< 's_drop_target_middle' inactive >>>>>>>
2023-03-26 14:50:20,959 : INFO : EventManager : Event: ======'playfield_active'====== Args={}
2023-03-26 14:50:20,959 : INFO : EventManager : Event: ======'unexpected_ball_on_playfield'====== Args={}
2023-03-26 14:50:20,960 : INFO : EventManager : Event: ======'drop_target_dt_2_middle_up'====== Args={'device': <drop_target.dt_2_middle>}
2023-03-26 14:50:20,960 : INFO : EventManager : Event: ======'drop_target_bank_dt_bank_up'====== Args={}
2023-03-26 14:50:21,219 : INFO : SwitchController : <<<<<<< 's_drop_target_right' active >>>>>>>
2023-03-26 14:50:21,219 : INFO : EventManager : Event: ======'playfield_active'====== Args={}
2023-03-26 14:50:21,220 : INFO : EventManager : Event: ======'unexpected_ball_on_playfield'====== Args={}
2023-03-26 14:50:21,220 : INFO : EventManager : Event: ======'drop_target_dt_3_right_down'====== Args={'device': <drop_target.dt_3_right>}
2023-03-26 14:50:21,221 : INFO : EventManager : Event: ======'drop_target_bank_dt_bank_mixed'====== Args={'prev_value': <DropTargetBankState.UP: 'up'>, 'down': 1}
2023-03-26 14:50:21,650 : INFO : SwitchController : <<<<<<< 's_drop_target_right' inactive >>>>>>>
2023-03-26 14:50:21,651 : INFO : EventManager : Event: ======'playfield_active'====== Args={}
2023-03-26 14:50:21,651 : INFO : EventManager : Event: ======'unexpected_ball_on_playfield'====== Args={}
2023-03-26 14:50:21,651 : INFO : EventManager : Event: ======'drop_target_dt_3_right_up'====== Args={'device': <drop_target.dt_3_right>}
2023-03-26 14:50:21,652 : INFO : EventManager : Event: ======'drop_target_bank_dt_bank_up'====== Args={}
2023-03-26 14:50:21,923 : INFO : SwitchController : <<<<<<< 's_drop_target_left' active >>>>>>>
2023-03-26 14:50:21,923 : INFO : EventManager : Event: ======'playfield_active'====== Args={}
2023-03-26 14:50:21,924 : INFO : EventManager : Event: ======'unexpected_ball_on_playfield'====== Args={}
2023-03-26 14:50:21,924 : INFO : EventManager : Event: ======'drop_target_dt_1_left_down'====== Args={'device': <drop_target.dt_1_left>}
2023-03-26 14:50:21,925 : INFO : EventManager : Event: ======'drop_target_bank_dt_bank_mixed'====== Args={'prev_value': <DropTargetBankState.UP: 'up'>, 'down': 1}
2023-03-26 14:50:22,033 : INFO : SwitchController : <<<<<<< 's_drop_target_middle' active >>>>>>>
2023-03-26 14:50:22,033 : INFO : EventManager : Event: ======'playfield_active'====== Args={}
2023-03-26 14:50:22,034 : INFO : EventManager : Event: ======'unexpected_ball_on_playfield'====== Args={}
2023-03-26 14:50:22,034 : INFO : EventManager : Event: ======'drop_target_dt_2_middle_down'====== Args={'device': <drop_target.dt_2_middle>}
2023-03-26 14:50:22,035 : INFO : EventManager : Event: ======'drop_target_bank_dt_bank_mixed'====== Args={'prev_value': <DropTargetBankState.MIXED: 'mixed'>, 'down': 2}
2023-03-26 14:50:22,318 : INFO : SwitchController : <<<<<<< 's_drop_target_right' active >>>>>>>
2023-03-26 14:50:22,318 : INFO : EventManager : Event: ======'playfield_active'====== Args={}
2023-03-26 14:50:22,319 : INFO : EventManager : Event: ======'unexpected_ball_on_playfield'====== Args={}
2023-03-26 14:50:22,319 : INFO : EventManager : Event: ======'drop_target_dt_3_right_down'====== Args={'device': <drop_target.dt_3_right>}
2023-03-26 14:50:22,320 : INFO : EventManager : Event: ======'drop_target_bank_dt_bank_down'====== Args={}
2023-03-26 14:50:23,332 : INFO : drop_target_bank.dt_bank : 3 targets are down. Will reset those.
2023-03-26 14:50:23,332 : INFO : coil.c_drop_target_reset : Pulsing Driver for 60ms (1.0 pulse_power)
2023-03-26 14:50:23,394 : INFO : SwitchController : <<<<<<< 's_drop_target_left' inactive >>>>>>>
2023-03-26 14:50:23,395 : INFO : SwitchController : <<<<<<< 's_drop_target_middle' inactive >>>>>>>
2023-03-26 14:50:23,395 : INFO : SwitchController : <<<<<<< 's_drop_target_right' inactive >>>>>>>
2023-03-26 14:50:23,845 : INFO : EventManager : Event: ======'drop_target_dt_2_middle_up'====== Args={'device': <drop_target.dt_2_middle>}
2023-03-26 14:50:23,846 : INFO : EventManager : Event: ======'drop_target_dt_3_right_up'====== Args={'device': <drop_target.dt_3_right>}
2023-03-26 14:50:23,846 : INFO : EventManager : Event: ======'drop_target_dt_1_left_up'====== Args={'device': <drop_target.dt_1_left>}
2023-03-26 14:50:23,847 : INFO : EventManager : Event: ======'drop_target_bank_dt_bank_up'====== Args={}
2023-03-26 14:50:24,162 : WARNING : SwitchController : Received duplicate switch state 0 for switch s_drop_target_right from the platform interface. Log Code: Log-SwitchController-1 (https://docs.missionpinball.org/en/0.56/logs/Log-SwitchController-1.html)
2023-03-26 14:50:24,163 : WARNING : SwitchController : Received duplicate switch state 0 for switch s_drop_target_middle from the platform interface. Log Code: Log-SwitchController-1 (https://docs.missionpinball.org/en/0.56/logs/Log-SwitchController-1.html)
2023-03-26 14:50:24,163 : WARNING : SwitchController : Received duplicate switch state 0 for switch s_drop_target_left from the platform interface. Log Code: Log-SwitchController-1 (https://docs.missionpinball.org/en/0.56/logs/Log-SwitchController-1.html)
2023-03-26 14:50:24,644 : INFO : SwitchController : <<<<<<< 's_drop_target_left' active >>>>>>>
2023-03-26 14:50:24,645 : INFO : EventManager : Event: ======'playfield_active'====== Args={}
2023-03-26 14:50:24,645 : INFO : EventManager : Event: ======'unexpected_ball_on_playfield'====== Args={}
2023-03-26 14:50:24,645 : INFO : EventManager : Event: ======'drop_target_dt_1_left_down'====== Args={'device': <drop_target.dt_1_left>}
2023-03-26 14:50:24,646 : INFO : EventManager : Event: ======'drop_target_bank_dt_bank_mixed'====== Args={'prev_value': <DropTargetBankState.UP: 'up'>, 'down': 1}
2023-03-26 14:50:24,742 : INFO : SwitchController : <<<<<<< 's_drop_target_middle' active >>>>>>>
2023-03-26 14:50:24,743 : INFO : EventManager : Event: ======'playfield_active'====== Args={}
2023-03-26 14:50:24,743 : INFO : EventManager : Event: ======'unexpected_ball_on_playfield'====== Args={}
2023-03-26 14:50:24,743 : INFO : EventManager : Event: ======'drop_target_dt_2_middle_down'====== Args={'device': <drop_target.dt_2_middle>}
2023-03-26 14:50:24,744 : INFO : EventManager : Event: ======'drop_target_bank_dt_bank_mixed'====== Args={'prev_value': <DropTargetBankState.MIXED: 'mixed'>, 'down': 2}
2023-03-26 14:50:24,915 : INFO : SwitchController : <<<<<<< 's_drop_target_right' active >>>>>>>
2023-03-26 14:50:24,915 : INFO : EventManager : Event: ======'playfield_active'====== Args={}
2023-03-26 14:50:24,916 : INFO : EventManager : Event: ======'unexpected_ball_on_playfield'====== Args={}
2023-03-26 14:50:24,916 : INFO : EventManager : Event: ======'drop_target_dt_3_right_down'====== Args={'device': <drop_target.dt_3_right>}
2023-03-26 14:50:24,917 : INFO : EventManager : Event: ======'drop_target_bank_dt_bank_down'====== Args={}
2023-03-26 14:50:25,928 : INFO : drop_target_bank.dt_bank : 3 targets are down. Will reset those.
2023-03-26 14:50:25,928 : INFO : coil.c_drop_target_reset : Pulsing Driver for 60ms (1.0 pulse_power)
2023-03-26 14:50:25,989 : INFO : SwitchController : <<<<<<< 's_drop_target_left' inactive >>>>>>>
2023-03-26 14:50:25,990 : INFO : SwitchController : <<<<<<< 's_drop_target_middle' inactive >>>>>>>
2023-03-26 14:50:25,990 : INFO : SwitchController : <<<<<<< 's_drop_target_right' inactive >>>>>>>
2023-03-26 14:50:26,444 : INFO : EventManager : Event: ======'drop_target_dt_1_left_up'====== Args={'device': <drop_target.dt_1_left>}
2023-03-26 14:50:26,445 : INFO : EventManager : Event: ======'drop_target_bank_dt_bank_mixed'====== Args={'prev_value': <DropTargetBankState.DOWN: 'down'>, 'down': 2}
2023-03-26 14:50:26,445 : INFO : EventManager : Event: ======'drop_target_dt_2_middle_up'====== Args={'device': <drop_target.dt_2_middle>}
2023-03-26 14:50:26,445 : INFO : EventManager : Event: ======'drop_target_bank_dt_bank_mixed'====== Args={'prev_value': <DropTargetBankState.MIXED: 'mixed'>, 'down': 1}
2023-03-26 14:50:26,446 : INFO : EventManager : Event: ======'drop_target_dt_3_right_up'====== Args={'device': <drop_target.dt_3_right>}
2023-03-26 14:50:26,446 : INFO : EventManager : Event: ======'drop_target_bank_dt_bank_up'====== Args={}
2023-03-26 14:50:26,622 : WARNING : SwitchController : Received duplicate switch state 0 for switch s_drop_target_right from the platform interface. Log Code: Log-SwitchController-1 (https://docs.missionpinball.org/en/0.56/logs/Log-SwitchController-1.html)
2023-03-26 14:50:26,623 : WARNING : SwitchController : Received duplicate switch state 0 for switch s_drop_target_middle from the platform interface. Log Code: Log-SwitchController-1 (https://docs.missionpinball.org/en/0.56/logs/Log-SwitchController-1.html)
2023-03-26 14:50:26,623 : WARNING : SwitchController : Received duplicate switch state 0 for switch s_drop_target_left from the platform interface. Log Code: Log-SwitchController-1 (https://docs.missionpinball.org/en/0.56/logs/Log-SwitchController-1.html)
2023-03-26 14:50:27,105 : INFO : SwitchController : <<<<<<< 's_drop_target_right' active >>>>>>>
2023-03-26 14:50:27,105 : INFO : EventManager : Event: ======'playfield_active'====== Args={}
2023-03-26 14:50:27,106 : INFO : EventManager : Event: ======'unexpected_ball_on_playfield'====== Args={}
2023-03-26 14:50:27,106 : INFO : EventManager : Event: ======'drop_target_dt_3_right_down'====== Args={'device': <drop_target.dt_3_right>}
2023-03-26 14:50:27,106 : INFO : EventManager : Event: ======'drop_target_bank_dt_bank_mixed'====== Args={'prev_value': <DropTargetBankState.UP: 'up'>, 'down': 1}
2023-03-26 14:50:27,204 : INFO : SwitchController : <<<<<<< 's_drop_target_middle' active >>>>>>>
2023-03-26 14:50:27,205 : INFO : EventManager : Event: ======'playfield_active'====== Args={}
2023-03-26 14:50:27,205 : INFO : EventManager : Event: ======'unexpected_ball_on_playfield'====== Args={}
2023-03-26 14:50:27,205 : INFO : EventManager : Event: ======'drop_target_dt_2_middle_down'====== Args={'device': <drop_target.dt_2_middle>}
2023-03-26 14:50:27,206 : INFO : EventManager : Event: ======'drop_target_bank_dt_bank_mixed'====== Args={'prev_value': <DropTargetBankState.MIXED: 'mixed'>, 'down': 2}
2023-03-26 14:50:30,922 : INFO : SwitchController : <<<<<<< 's_drop_target_left' active >>>>>>>
2023-03-26 14:50:30,923 : INFO : EventManager : Event: ======'playfield_active'====== Args={}
2023-03-26 14:50:30,923 : INFO : EventManager : Event: ======'unexpected_ball_on_playfield'====== Args={}
2023-03-26 14:50:30,923 : INFO : EventManager : Event: ======'drop_target_dt_1_left_down'====== Args={'device': <drop_target.dt_1_left>}
2023-03-26 14:50:30,924 : INFO : EventManager : Event: ======'drop_target_bank_dt_bank_down'====== Args={}
2023-03-26 14:50:31,938 : INFO : drop_target_bank.dt_bank : 3 targets are down. Will reset those.
2023-03-26 14:50:31,939 : INFO : coil.c_drop_target_reset : Pulsing Driver for 60ms (1.0 pulse_power)
2023-03-26 14:50:32,000 : INFO : SwitchController : <<<<<<< 's_drop_target_left' inactive >>>>>>>
2023-03-26 14:50:32,001 : INFO : SwitchController : <<<<<<< 's_drop_target_middle' inactive >>>>>>>
2023-03-26 14:50:32,001 : INFO : SwitchController : <<<<<<< 's_drop_target_right' inactive >>>>>>>
2023-03-26 14:50:32,440 : INFO : EventManager : Event: ======'drop_target_dt_1_left_up'====== Args={'device': <drop_target.dt_1_left>}
2023-03-26 14:50:32,441 : INFO : EventManager : Event: ======'drop_target_dt_2_middle_up'====== Args={'device': <drop_target.dt_2_middle>}
2023-03-26 14:50:32,441 : INFO : EventManager : Event: ======'drop_target_dt_3_right_up'====== Args={'device': <drop_target.dt_3_right>}
2023-03-26 14:50:32,441 : INFO : EventManager : Event: ======'drop_target_bank_dt_bank_up'====== Args={}
2023-03-26 14:50:33,576 : WARNING : SwitchController : Received duplicate switch state 0 for switch s_drop_target_left from the platform interface. Log Code: Log-SwitchController-1 (https://docs.missionpinball.org/en/0.56/logs/Log-SwitchController-1.html)
2023-03-26 14:50:33,613 : WARNING : SwitchController : Received duplicate switch state 0 for switch s_drop_target_right from the platform interface. Log Code: Log-SwitchController-1 (https://docs.missionpinball.org/en/0.56/logs/Log-SwitchController-1.html)
2023-03-26 14:50:33,614 : WARNING : SwitchController : Received duplicate switch state 0 for switch s_drop_target_middle from the platform interface. Log Code: Log-SwitchController-1 (https://docs.missionpinball.org/en/0.56/logs/Log-SwitchController-1.html)
2023-03-26 14:50:35,955 : INFO : SwitchController : <<<<<<< 's_drop_target_left' active >>>>>>>
2023-03-26 14:50:35,956 : INFO : EventManager : Event: ======'playfield_active'====== Args={}
2023-03-26 14:50:35,956 : INFO : EventManager : Event: ======'unexpected_ball_on_playfield'====== Args={}
2023-03-26 14:50:35,956 : INFO : EventManager : Event: ======'drop_target_dt_1_left_down'====== Args={'device': <drop_target.dt_1_left>}
2023-03-26 14:50:35,957 : INFO : EventManager : Event: ======'drop_target_bank_dt_bank_mixed'====== Args={'prev_value': <DropTargetBankState.UP: 'up'>, 'down': 1}
2023-03-26 14:50:36,116 : INFO : SwitchController : <<<<<<< 's_drop_target_right' active >>>>>>>
2023-03-26 14:50:36,116 : INFO : EventManager : Event: ======'playfield_active'====== Args={}
2023-03-26 14:50:36,116 : INFO : EventManager : Event: ======'unexpected_ball_on_playfield'====== Args={}
2023-03-26 14:50:36,116 : INFO : EventManager : Event: ======'drop_target_dt_3_right_down'====== Args={'device': <drop_target.dt_3_right>}
2023-03-26 14:50:36,118 : INFO : EventManager : Event: ======'drop_target_bank_dt_bank_mixed'====== Args={'prev_value': <DropTargetBankState.MIXED: 'mixed'>, 'down': 2}
2023-03-26 14:50:40,415 : INFO : SwitchController : <<<<<<< 's_drop_target_left' inactive >>>>>>>
2023-03-26 14:50:40,415 : INFO : EventManager : Event: ======'playfield_active'====== Args={}
2023-03-26 14:50:40,416 : INFO : EventManager : Event: ======'unexpected_ball_on_playfield'====== Args={}
2023-03-26 14:50:40,416 : INFO : EventManager : Event: ======'drop_target_dt_1_left_up'====== Args={'device': <drop_target.dt_1_left>}
2023-03-26 14:50:40,416 : INFO : EventManager : Event: ======'drop_target_bank_dt_bank_mixed'====== Args={'prev_value': <DropTargetBankState.MIXED: 'mixed'>, 'down': 1}
2023-03-26 14:50:40,450 : INFO : SwitchController : <<<<<<< 's_drop_target_right' inactive >>>>>>>
2023-03-26 14:50:40,451 : INFO : EventManager : Event: ======'playfield_active'====== Args={}
2023-03-26 14:50:40,451 : INFO : EventManager : Event: ======'unexpected_ball_on_playfield'====== Args={}
2023-03-26 14:50:40,451 : INFO : EventManager : Event: ======'drop_target_dt_3_right_up'====== Args={'device': <drop_target.dt_3_right>}
2023-03-26 14:50:40,452 : INFO : EventManager : Event: ======'drop_target_bank_dt_bank_up'====== Args={}
2023-03-26 14:50:43,334 : INFO : SwitchController : <<<<<<< 's_drop_target_middle' active >>>>>>>
2023-03-26 14:50:43,335 : INFO : EventManager : Event: ======'playfield_active'====== Args={}
2023-03-26 14:50:43,335 : INFO : EventManager : Event: ======'unexpected_ball_on_playfield'====== Args={}
2023-03-26 14:50:43,335 : INFO : EventManager : Event: ======'drop_target_dt_2_middle_down'====== Args={'device': <drop_target.dt_2_middle>}
2023-03-26 14:50:43,336 : INFO : EventManager : Event: ======'drop_target_bank_dt_bank_mixed'====== Args={'prev_value': <DropTargetBankState.UP: 'up'>, 'down': 1}
2023-03-26 14:50:43,336 : INFO : SwitchController : <<<<<<< 's_drop_target_left' active >>>>>>>
2023-03-26 14:50:43,336 : INFO : EventManager : Event: ======'playfield_active'====== Args={}
2023-03-26 14:50:43,337 : INFO : EventManager : Event: ======'unexpected_ball_on_playfield'====== Args={}
2023-03-26 14:50:43,337 : INFO : EventManager : Event: ======'drop_target_dt_1_left_down'====== Args={'device': <drop_target.dt_1_left>}
2023-03-26 14:50:43,337 : INFO : EventManager : Event: ======'drop_target_bank_dt_bank_mixed'====== Args={'prev_value': <DropTargetBankState.MIXED: 'mixed'>, 'down': 2}
2023-03-26 14:50:43,376 : INFO : SwitchController : <<<<<<< 's_drop_target_right' active >>>>>>>
2023-03-26 14:50:43,376 : INFO : EventManager : Event: ======'playfield_active'====== Args={}
2023-03-26 14:50:43,376 : INFO : EventManager : Event: ======'unexpected_ball_on_playfield'====== Args={}
2023-03-26 14:50:43,377 : INFO : EventManager : Event: ======'drop_target_dt_3_right_down'====== Args={'device': <drop_target.dt_3_right>}
2023-03-26 14:50:43,377 : INFO : EventManager : Event: ======'drop_target_bank_dt_bank_down'====== Args={}
2023-03-26 14:50:44,390 : INFO : drop_target_bank.dt_bank : 3 targets are down. Will reset those.
2023-03-26 14:50:44,390 : INFO : coil.c_drop_target_reset : Pulsing Driver for 60ms (1.0 pulse_power)
2023-03-26 14:50:44,453 : INFO : SwitchController : <<<<<<< 's_drop_target_left' inactive >>>>>>>
2023-03-26 14:50:44,454 : INFO : SwitchController : <<<<<<< 's_drop_target_middle' inactive >>>>>>>
2023-03-26 14:50:44,454 : INFO : SwitchController : <<<<<<< 's_drop_target_right' inactive >>>>>>>
2023-03-26 14:50:44,905 : INFO : EventManager : Event: ======'drop_target_dt_1_left_up'====== Args={'device': <drop_target.dt_1_left>}
2023-03-26 14:50:44,906 : INFO : EventManager : Event: ======'drop_target_dt_2_middle_up'====== Args={'device': <drop_target.dt_2_middle>}
2023-03-26 14:50:44,906 : INFO : EventManager : Event: ======'drop_target_bank_dt_bank_mixed'====== Args={'prev_value': <DropTargetBankState.DOWN: 'down'>, 'down': 1}
2023-03-26 14:50:44,907 : INFO : EventManager : Event: ======'drop_target_dt_3_right_up'====== Args={'device': <drop_target.dt_3_right>}
2023-03-26 14:50:44,907 : INFO : EventManager : Event: ======'drop_target_bank_dt_bank_up'====== Args={}
2023-03-26 14:50:44,951 : WARNING : SwitchController : Received duplicate switch state 0 for switch s_drop_target_middle from the platform interface. Log Code: Log-SwitchController-1 (https://docs.missionpinball.org/en/0.56/logs/Log-SwitchController-1.html)
2023-03-26 14:50:44,987 : WARNING : SwitchController : Received duplicate switch state 0 for switch s_drop_target_left from the platform interface. Log Code: Log-SwitchController-1 (https://docs.missionpinball.org/en/0.56/logs/Log-SwitchController-1.html)
2023-03-26 14:50:45,012 : WARNING : SwitchController : Received duplicate switch state 0 for switch s_drop_target_right from the platform interface. Log Code: Log-SwitchController-1 (https://docs.missionpinball.org/en/0.56/logs/Log-SwitchController-1.html)
2023-03-26 14:50:49,704 : INFO : SwitchController : <<<<<<< 's_left_flipper' active >>>>>>>
2023-03-26 14:50:49,814 : INFO : SwitchController : <<<<<<< 's_left_flipper' inactive >>>>>>>
2023-03-26 14:50:50,025 : INFO : SwitchController : <<<<<<< 's_right_flipper' active >>>>>>>
2023-03-26 14:50:50,124 : INFO : SwitchController : <<<<<<< 's_right_flipper' inactive >>>>>>>
2023-03-26 14:50:50,222 : INFO : SwitchController : <<<<<<< 's_left_flipper' active >>>>>>>
2023-03-26 14:50:50,308 : INFO : SwitchController : <<<<<<< 's_left_flipper' inactive >>>>>>>
2023-03-26 14:50:50,431 : INFO : SwitchController : <<<<<<< 's_right_flipper' active >>>>>>>
2023-03-26 14:50:50,567 : INFO : SwitchController : <<<<<<< 's_right_flipper' inactive >>>>>>>
2023-03-26 14:50:50,606 : INFO : SwitchController : <<<<<<< 's_left_flipper' active >>>>>>>
2023-03-26 14:50:50,776 : INFO : SwitchController : <<<<<<< 's_left_flipper' inactive >>>>>>>
2023-03-26 14:50:51,484 : INFO : SwitchController : <<<<<<< 's_start' active >>>>>>>
2023-03-26 14:50:52,352 : INFO : SwitchController : <<<<<<< 's_start' inactive >>>>>>>
2023-03-26 14:50:52,352 : INFO : EventManager : Event: ======'request_to_start_game'====== Args={}
2023-03-26 14:50:52,353 : INFO : BallController : Known balls: 0
2023-03-26 14:50:52,353 : INFO : BallController : bd_trough contains 0 balls. Tags ['trough', 'home', 'drain']
2023-03-26 14:50:52,353 : INFO : BallController : bd_plunger contains 0 balls. Tags []
2023-03-26 14:50:52,354 : INFO : BallController : playfield contains 0 balls. Tags ['default']
2023-03-26 14:50:52,354 : WARNING : BallController : BallController denies game start. Not enough balls. 0 found. 1 required
2023-03-26 14:50:52,354 : INFO : BallController : Triggering ball search.
2023-03-26 14:50:52,354 : INFO : BallSearch.playfield : Starting ball search
2023-03-26 14:50:52,354 : INFO : EventManager : Event: ======'ball_search_started'====== Args={}
2023-03-26 14:50:52,355 : INFO : EventManager : Event: ======'ball_search_phase_1'====== Args={'iteration': 1}
2023-03-26 14:50:52,355 : INFO : coil.c_left_slingshot : Pulsing Driver for 5ms (1.0 pulse_power)
2023-03-26 14:50:52,619 : INFO : coil.c_right_slingshot : Pulsing Driver for 5ms (1.0 pulse_power)
2023-03-26 14:50:52,884 : INFO : coil.c_trough_eject : Pulsing Driver for 20ms (1.0 pulse_power)
2023-03-26 14:50:53,150 : INFO : coil.c_plunger : Pulsing Driver for 20ms (1.0 pulse_power)
2023-03-26 14:50:53,294 : INFO : SwitchController : <<<<<<< 's_start' active >>>>>>>
2023-03-26 14:50:53,399 : INFO : EventManager : Event: ======'ball_search_phase_1'====== Args={'iteration': 2}
2023-03-26 14:50:53,399 : INFO : coil.c_left_slingshot : Pulsing Driver for 5ms (1.0 pulse_power)
2023-03-26 14:50:53,417 : INFO : SwitchController : <<<<<<< 's_start' inactive >>>>>>>
2023-03-26 14:50:53,418 : INFO : EventManager : Event: ======'request_to_start_game'====== Args={}
2023-03-26 14:50:53,418 : INFO : BallController : Known balls: 0
2023-03-26 14:50:53,419 : INFO : BallController : bd_trough contains 0 balls. Tags ['trough', 'home', 'drain']
2023-03-26 14:50:53,419 : INFO : BallController : bd_plunger contains 0 balls. Tags []
2023-03-26 14:50:53,419 : INFO : BallController : playfield contains 0 balls. Tags ['default']
2023-03-26 14:50:53,419 : WARNING : BallController : BallController denies game start. Not enough balls. 0 found. 1 required
2023-03-26 14:50:53,419 : INFO : BallController : Triggering ball search.
2023-03-26 14:50:53,420 : INFO : BallSearch.playfield : Stopping ball search
2023-03-26 14:50:53,420 : INFO : EventManager : Event: ======'ball_search_stopped'====== Args={}
2023-03-26 14:50:53,420 : INFO : BallSearch.playfield : Starting ball search
2023-03-26 14:50:53,420 : INFO : EventManager : Event: ======'ball_search_started'====== Args={}
2023-03-26 14:50:53,420 : INFO : EventManager : Event: ======'ball_search_phase_1'====== Args={'iteration': 1}
2023-03-26 14:50:53,421 : INFO : coil.c_left_slingshot : Pulsing Driver for 5ms (1.0 pulse_power)
2023-03-26 14:50:53,680 : INFO : coil.c_right_slingshot : Pulsing Driver for 5ms (1.0 pulse_power)
2023-03-26 14:50:53,944 : INFO : coil.c_trough_eject : Pulsing Driver for 20ms (1.0 pulse_power)
2023-03-26 14:50:54,208 : INFO : coil.c_plunger : Pulsing Driver for 20ms (1.0 pulse_power)
2023-03-26 14:50:54,474 : INFO : EventManager : Event: ======'ball_search_phase_1'====== Args={'iteration': 2}
2023-03-26 14:50:54,474 : INFO : coil.c_left_slingshot : Pulsing Driver for 5ms (1.0 pulse_power)
2023-03-26 14:51:01,574 : INFO : Machine : Shutting down...
2023-03-26 14:51:01,574 : INFO : EventManager : Event: ======'shutdown'====== Args={}
2023-03-26 14:51:01,582 : INFO : root : MPF run loop ended.
