2023-03-28 11:36:26,351 : kivy : Factory: 189 symbols loaded
2023-03-28 11:36:26,557 : kivy : ImageLoaderFFPy: Using ffpyplayer 4.3.5
2023-03-28 11:36:26,558 : kivy : Image: Providers: img_tex, img_dds, img_sdl2, img_pil, img_ffpyplayer 
2023-03-28 11:36:26,618 : kivy : VideoGstplayer: Using Gstreamer 1.18.5.0
2023-03-28 11:36:26,618 : kivy : Video: Provider: gstplayer
2023-03-28 11:36:26,791 : kivy : Loading MPF-MC controller
2023-03-28 11:36:26,797 : YamlMultifileConfigLoader : Machine config file #1: config
2023-03-28 11:36:26,798 : ConfigProcessor : Config file in cache changed: C:\Users\digidev\source\Pinball_Three-Amigos\config\config
2023-03-28 11:36:26,802 : ConfigProcessor : Loading config from file C:\Users\digidev\.local\pipx\venvs\mpf\lib\site-packages\mpfmc\mcconfig.yaml.
2023-03-28 11:36:26,849 : ConfigProcessor : Loading config: C:\Users\digidev\.local\pipx\venvs\mpf\lib\site-packages\mpfmc\mcconfig.yaml
2023-03-28 11:36:26,849 : ConfigProcessor : Loading config from file C:\Users\digidev\source\Pinball_Three-Amigos\config\config.
2023-03-28 11:36:26,853 : ConfigProcessor : Loading config: C:\Users\digidev\source\Pinball_Three-Amigos\config\config
2023-03-28 11:36:26,899 : ConfigProcessor : Loading config: C:\Users\digidev\source\Pinball_Three-Amigos\config\hardware.yaml
2023-03-28 11:36:26,906 : ConfigProcessor : Loading config: C:\Users\digidev\source\Pinball_Three-Amigos\config\keyboard.yaml
2023-03-28 11:36:26,908 : ConfigProcessor : Config file cache created: C:\Users\digidev\AppData\Local\Temp\cb5b51b22bd45492aca32735a8adc5f5.mpf_cache
2023-03-28 11:36:26,910 : ConfigProcessor : Loading config from cache: C:\Users\digidev\AppData\Local\Temp\ae663e8f24481bd52f7f5e9610d87d3b.mpf_cache
2023-03-28 11:36:26,911 : ConfigProcessor : Loading config from cache: C:\Users\digidev\AppData\Local\Temp\d7dbd5ece0283f90787e254e6a383d33.mpf_cache
2023-03-28 11:36:26,912 : mpfmc : Mission Pinball Framework Media Controller v0.56.1
2023-03-28 11:36:26,912 : mpfmc : Mission Pinball Framework Game Engine v0.56.0
2023-03-28 11:36:26,913 : mpfmc : Machine path: C:\Users\digidev\source\Pinball_Three-Amigos
2023-03-28 11:36:26,913 : mpfmc : Starting clock at 60.0Hz
2023-03-28 11:36:26,935 : kivy : Text: Provider: sdl2
2023-03-28 11:36:26,996 : kivy : Window: Provider: sdl2
2023-03-28 11:36:27,109 : kivy : GL: Using the "OpenGL" graphics system
2023-03-28 11:36:27,111 : kivy : GL: GLEW initialization succeeded
2023-03-28 11:36:27,112 : kivy : GL: Backend used <glew>
2023-03-28 11:36:27,117 : kivy : GL: OpenGL version <b'4.3.0 - Build 20.19.15.4531'>
2023-03-28 11:36:27,118 : kivy : GL: OpenGL vendor <b'Intel'>
2023-03-28 11:36:27,118 : kivy : GL: OpenGL renderer <b'Intel(R) HD Graphics 4600'>
2023-03-28 11:36:27,119 : kivy : GL: OpenGL parsed version: 4, 3
2023-03-28 11:36:27,119 : kivy : GL: Shading version <b'4.30 - Build 20.19.15.4531'>
2023-03-28 11:36:27,119 : kivy : GL: Texture max size <16384>
2023-03-28 11:36:27,120 : kivy : GL: Texture max units <32>
2023-03-28 11:36:27,152 : kivy : Window: auto add sdl2 input provider
2023-03-28 11:36:27,154 : kivy : Window: virtual keyboard not allowed, single mode, not docked
2023-03-28 11:36:27,170 : SoundSystem : SoundSystem: Using default 'sound_system' settings
2023-03-28 11:36:27,496 : AudioInterface : Initialized
2023-03-28 11:36:27,496 : AudioInterface : Loaded SDL 2.0.20
2023-03-28 11:36:27,498 : AudioInterface : Loaded SDL_Mixer 2.0.4
2023-03-28 11:36:27,503 : AudioInterface : Loaded GStreamer 1.18.5.0
2023-03-28 11:36:27,504 : AudioInterface : Loaded GLib 2.62.6
2023-03-28 11:36:27,505 : AudioInterface : Settings requested - rate: 44100, channels: 1, buffer: 2048 samples
2023-03-28 11:36:27,505 : AudioInterface : Settings in use - rate: 44100, channels: 1, buffer: 2048 samples (4096 bytes @ 2 bytes per sample)
2023-03-28 11:36:27,506 : SoundSystem : No audio tracks are specified in your machine config file. a track named 'default' has been created.
2023-03-28 11:36:27,506 : SoundSystem : Setting master volume to 0.0
2023-03-28 11:36:27,507 : SoundSystem : master_volume in sound_system is deprecated and will be removed in the future.
2023-03-28 11:36:27,508 : AudioInterface : Enabling audio playback
2023-03-28 11:36:27,512 : kivy : Base: Start application main loop
2023-03-28 11:36:27,514 : EventManager : Event: ======'display_window_initialized'====== Args={}
2023-03-28 11:36:27,537 : mpfmc : Display: Setting 'window' as default display
2023-03-28 11:36:27,549 : mpfmc : ASPECT RATIO MISMATCH: The on-screen window is not the same aspect ratio as the display called 'window'. The logical display will be scaled from 1366x768 to the window size 800x600, and a black bar will make up the difference
2023-03-28 11:36:27,551 : EventManager : Event: ======'displays_initialized'====== Args={}
2023-03-28 11:36:27,553 : EventManager : Event: ======'slide_window_blank_created'====== Args={}
2023-03-28 11:36:27,555 : EventManager : Event: ======'display_window_ready'====== Args={}
2023-03-28 11:36:27,572 : EventManager : Event: ======'init_phase_1'====== Args={}
2023-03-28 11:36:27,578 : EventManager : Event: ======'mc_ready'====== Args={}
2023-03-28 11:36:27,579 : EventManager : Event: ======'init_phase_2'====== Args={}
2023-03-28 11:36:27,586 : EventManager : Event: ======'init_phase_3'====== Args={}
2023-03-28 11:36:27,588 : EventManager : Event: ======'init_phase_4'====== Args={}
2023-03-28 11:36:27,588 : EventManager : Event: ======'init_phase_5'====== Args={}
2023-03-28 11:36:27,609 : kivy : GL: NPOT texture support is available
2023-03-28 11:36:27,619 : kivy : GL: Unpack subimage support is available
2023-03-28 11:36:27,627 : EventManager : Event: ======'loading_assets'====== Args={'total': 1, 'loaded': 1, 'remaining': 0, 'percent': 100}
2023-03-28 11:36:27,627 : AssetManager : Asset loading took: 0.11801409721374512
2023-03-28 11:36:27,633 : EventManager : Event: ======'asset_loading_complete'====== Args={}
2023-03-28 11:36:27,634 : AssetManager : Loading assets: 1/1 (100%)
2023-03-28 11:36:27,634 : EventManager : Event: ======'init_done'====== Args={}
2023-03-28 11:36:27,635 : MPF-MC BCP Server : Starting up on localhost port 5050
2023-03-28 11:36:27,641 : MPF-MC BCP Server : Waiting for a connection...
2023-03-28 11:36:27,641 : mpfmc : SlidePlayer: Play called with settings={'slides': {welcome_slide-None-None: {'priority': None, 'target': None, 'background_color': [0.0, 0.0, 0.0, 1.0], 'show': True, 'force': False, 'expire': None, 'slide': None, 'tokens': {}, 'action': 'play', 'transition': None, 'transition_out': None}}}
2023-03-28 11:36:27,649 : EventManager : Event: ======'slide_welcome_slide_created'====== Args={}
2023-03-28 11:36:27,650 : EventManager : Event: ======'slide_welcome_slide_active'====== Args={}
2023-03-28 11:36:27,654 : EventManager : Event: ======'client_disconnected'====== Args={'host': '127.0.0.1', 'port': 5050}
2023-03-28 11:36:28,437 : MPF-MC BCP Server : Received connection from: 127.0.0.1:59333
2023-03-28 11:36:28,443 : EventManager : Event: ======'client_connected'====== Args={'host': '127.0.0.1', 'port': 59333}
2023-03-28 11:36:28,503 : EventManager : Event: ======'machine_var_credits_string'====== Args={'value': 'FREE PLAY', 'prev_value': None, 'change': True}
2023-03-28 11:36:28,510 : EventManager : Event: ======'machine_var_master_volume'====== Args={'value': 0.5, 'prev_value': None, 'change': True}
2023-03-28 11:36:28,511 : EventManager : Event: ======'machine_var_mpf_version'====== Args={'value': 'MPF v0.56.0', 'prev_value': None, 'change': True}
2023-03-28 11:36:28,513 : EventManager : Event: ======'machine_var_mpf_extended_version'====== Args={'value': 'MPF v0.56.0, Config version:5, Show version: 5, BCP version:1.1', 'prev_value': None, 'change': True}
2023-03-28 11:36:28,514 : EventManager : Event: ======'machine_var_python_version'====== Args={'value': '3.9.13', 'prev_value': None, 'change': True}
2023-03-28 11:36:28,515 : EventManager : Event: ======'machine_var_platform'====== Args={'value': 'Windows-10-10.0.19044-SP0', 'prev_value': None, 'change': True}
2023-03-28 11:36:28,516 : EventManager : Event: ======'machine_var_platform_system'====== Args={'value': 'Windows', 'prev_value': None, 'change': True}
2023-03-28 11:36:28,518 : EventManager : Event: ======'machine_var_platform_release'====== Args={'value': '10', 'prev_value': None, 'change': True}
2023-03-28 11:36:28,519 : EventManager : Event: ======'machine_var_platform_version'====== Args={'value': '10.0.19044', 'prev_value': None, 'change': True}
2023-03-28 11:36:28,520 : EventManager : Event: ======'machine_var_platform_machine'====== Args={'value': 'AMD64', 'prev_value': None, 'change': True}
2023-03-28 11:36:28,521 : EventManager : Event: ======'machine_var_mc_version'====== Args={'value': 'MPF-MC v0.56.1', 'prev_value': None, 'change': True}
2023-03-28 11:36:28,522 : EventManager : Event: ======'machine_var_mc_extended_version'====== Args={'value': 'MPF-MC v0.56.1 (config_version=5, BCP v1.1,                      Requires MPF API compatibility v0.56.0 or newer)', 'prev_value': None, 'change': True}
2023-03-28 11:36:28,523 : EventManager : Event: ======'machine_var_audits_switches_s_left_flipper'====== Args={'value': 0, 'prev_value': None, 'change': True}
2023-03-28 11:36:28,524 : EventManager : Event: ======'machine_var_audits_switches_s_right_flipper'====== Args={'value': 0, 'prev_value': None, 'change': True}
2023-03-28 11:36:28,526 : EventManager : Event: ======'machine_var_audits_switches_s_trough1'====== Args={'value': 0, 'prev_value': None, 'change': True}
2023-03-28 11:36:28,528 : EventManager : Event: ======'machine_var_audits_switches_s_trough2'====== Args={'value': 0, 'prev_value': None, 'change': True}
2023-03-28 11:36:28,528 : EventManager : Event: ======'machine_var_audits_switches_s_trough3'====== Args={'value': 0, 'prev_value': None, 'change': True}
2023-03-28 11:36:28,529 : EventManager : Event: ======'machine_var_audits_switches_s_trough4'====== Args={'value': 0, 'prev_value': None, 'change': True}
2023-03-28 11:36:28,530 : EventManager : Event: ======'machine_var_audits_switches_s_trough_jam'====== Args={'value': 0, 'prev_value': None, 'change': True}
2023-03-28 11:36:28,537 : EventManager : Event: ======'machine_var_audits_switches_s_plunger_lane'====== Args={'value': 0, 'prev_value': None, 'change': True}
2023-03-28 11:36:28,539 : EventManager : Event: ======'machine_var_audits_switches_s_start'====== Args={'value': 0, 'prev_value': None, 'change': True}
2023-03-28 11:36:28,540 : EventManager : Event: ======'machine_var_audits_switches_s_left_slingshot'====== Args={'value': 0, 'prev_value': None, 'change': True}
2023-03-28 11:36:28,541 : EventManager : Event: ======'machine_var_audits_switches_s_right_slingshot'====== Args={'value': 0, 'prev_value': None, 'change': True}
2023-03-28 11:36:28,542 : EventManager : Event: ======'machine_var_audits_switches_s_drop_target_left'====== Args={'value': 0, 'prev_value': None, 'change': True}
2023-03-28 11:36:28,542 : EventManager : Event: ======'machine_var_audits_switches_s_drop_target_middle'====== Args={'value': 0, 'prev_value': None, 'change': True}
2023-03-28 11:36:28,543 : EventManager : Event: ======'machine_var_audits_switches_s_drop_target_right'====== Args={'value': 0, 'prev_value': None, 'change': True}
2023-03-28 11:36:28,544 : EventManager : Event: ======'machine_var_audits_switches_s_tilt'====== Args={'value': 0, 'prev_value': None, 'change': True}
2023-03-28 11:36:28,544 : EventManager : Event: ======'machine_var_audits_events_game_started'====== Args={'value': 0, 'prev_value': None, 'change': True}
2023-03-28 11:36:28,544 : EventManager : Event: ======'machine_var_audits_events_game_ended'====== Args={'value': 0, 'prev_value': None, 'change': True}
2023-03-28 11:36:28,545 : EventManager : Event: ======'machine_var_audits_player_score'====== Args={'value': {'top': [], 'average': 0, 'total': 0}, 'prev_value': None, 'change': True}
2023-03-28 11:36:28,546 : EventManager : Event: ======'slides_play'====== Args={'settings': {'welcome_slide': {'target': None, 'background_color': [0.0, 0.0, 0.0, 1.0], 'priority': None, 'show': True, 'force': False, 'expire': None, 'slide': None, 'tokens': {}, 'action': 'play'}}, 'context': '_global', 'calling_context': 'init_done', 'priority': 0}
2023-03-28 11:36:28,554 : EventManager : Event: ======'mc_reset_phase_1'====== Args={}
2023-03-28 11:36:28,555 : SoundSystem : Setting master volume to 0.5
2023-03-28 11:36:28,555 : mpfmc : SlidePlayer: Play called with settings={'welcome_slide': {'target': None, 'background_color': [0.0, 0.0, 0.0, 1.0], 'priority': None, 'show': True, 'force': False, 'expire': None, 'slide': None, 'tokens': {}, 'action': 'play'}}
2023-03-28 11:36:28,556 : EventManager : Event: ======'slide_welcome_slide_removed'====== Args={}
2023-03-28 11:36:28,560 : EventManager : Event: ======'slide_welcome_slide_created'====== Args={}
2023-03-28 11:36:28,560 : EventManager : Event: ======'mc_reset_phase_2'====== Args={}
2023-03-28 11:36:28,561 : EventManager : Event: ======'mc_reset_phase_3'====== Args={}
2023-03-28 11:36:28,562 : EventManager : Event: ======'mc_reset_complete'====== Args={}
2023-03-28 11:36:28,563 : EventManager : Event: ======'slide_welcome_slide_active'====== Args={}
2023-03-28 11:36:28,583 : EventManager : Event: ======'slides_play'====== Args={'settings': {'attract_started': {'target': None, 'background_color': [0.0, 0.0, 0.0, 1.0], 'priority': None, 'show': True, 'force': False, 'expire': None, 'slide': None, 'tokens': {}, 'action': 'play'}}, 'context': '_global', 'calling_context': 'mode_attract_started', 'priority': 0}
2023-03-28 11:36:28,588 : mpfmc : SlidePlayer: Play called with settings={'attract_started': {'target': None, 'background_color': [0.0, 0.0, 0.0, 1.0], 'priority': None, 'show': True, 'force': False, 'expire': None, 'slide': None, 'tokens': {}, 'action': 'play'}}
2023-03-28 11:36:28,596 : EventManager : Event: ======'slide_attract_started_created'====== Args={}
2023-03-28 11:36:28,603 : EventManager : Event: ======'slide_attract_started_active'====== Args={}
2023-03-28 11:39:41,051 : kivy : Base: Leaving application in progress...
2023-03-28 11:39:41,258 : mpfmc : Stopping...
2023-03-28 11:39:41,259 : EventManager : Event: ======'shutdown'====== Args={}
2023-03-28 11:39:41,261 : AudioInterface : Disabling audio playback
2023-03-28 11:39:41,266 : mpfmc : Loop rate 80.56 Hz
2023-03-28 11:39:41,267 : kivy : MC run loop ended.
2023-03-28 11:39:41,268 : kivy : Stopping child threads... (3 remaining)
2023-03-28 11:39:41,666 : mpfmc : Stopping...
2023-03-28 11:39:41,667 : EventManager : Event: ======'shutdown'====== Args={}
2023-03-28 11:39:41,675 : mpfmc : Loop rate 80.39 Hz
2023-03-28 11:39:41,752 : MPF-MC BCP Server : Stopping BCP sending thread
2023-03-28 11:39:41,772 : kivy : All child threads stopped.
